<?xml version="1.0" encoding="UTF-8"?>
<testsuite xmlns:xsi="http://www.w3.org/2001/XMLSchema-instance" xsi:noNamespaceSchemaLocation="https://maven.apache.org/surefire/maven-surefire-plugin/xsd/surefire-test-report-3.0.xsd" version="3.0" name="TestSuite" time="31.953" tests="2" errors="0" skipped="0" failures="0">
  <properties>
    <property name="sun.desktop" value="windows"/>
    <property name="awt.toolkit" value="sun.awt.windows.WToolkit"/>
    <property name="java.specification.version" value="11"/>
    <property name="webdriver.chrome.driver" value="./Drivers\chromedriver_104.exe"/>
    <property name="sun.cpu.isalist" value="amd64"/>
    <property name="sun.jnu.encoding" value="Cp1252"/>
    <property name="java.class.path" value="D:\Selenium\Selenium_WorkSpace\inetBanking\target\test-classes;D:\Selenium\Selenium_WorkSpace\inetBanking\target\classes;C:\Users\Heet Patel\.m2\repository\org\seleniumhq\selenium\selenium-java\3.0.1\selenium-java-3.0.1.jar;C:\Users\Heet Patel\.m2\repository\org\seleniumhq\selenium\selenium-chrome-driver\3.0.1\selenium-chrome-driver-3.0.1.jar;C:\Users\Heet Patel\.m2\repository\org\seleniumhq\selenium\selenium-remote-driver\3.0.1\selenium-remote-driver-3.0.1.jar;C:\Users\Heet Patel\.m2\repository\org\seleniumhq\selenium\selenium-api\3.0.1\selenium-api-3.0.1.jar;C:\Users\Heet Patel\.m2\repository\cglib\cglib-nodep\3.2.4\cglib-nodep-3.2.4.jar;C:\Users\Heet Patel\.m2\repository\org\apache\commons\commons-exec\1.3\commons-exec-1.3.jar;C:\Users\Heet Patel\.m2\repository\com\google\guava\guava\19.0\guava-19.0.jar;C:\Users\Heet Patel\.m2\repository\net\java\dev\jna\jna-platform\4.1.0\jna-platform-4.1.0.jar;C:\Users\Heet Patel\.m2\repository\net\java\dev\jna\jna\4.1.0\jna-4.1.0.jar;C:\Users\Heet Patel\.m2\repository\org\seleniumhq\selenium\selenium-edge-driver\3.0.1\selenium-edge-driver-3.0.1.jar;C:\Users\Heet Patel\.m2\repository\org\seleniumhq\selenium\selenium-firefox-driver\3.0.1\selenium-firefox-driver-3.0.1.jar;C:\Users\Heet Patel\.m2\repository\org\seleniumhq\selenium\selenium-ie-driver\3.0.1\selenium-ie-driver-3.0.1.jar;C:\Users\Heet Patel\.m2\repository\org\seleniumhq\selenium\selenium-opera-driver\3.0.1\selenium-opera-driver-3.0.1.jar;C:\Users\Heet Patel\.m2\repository\org\seleniumhq\selenium\selenium-safari-driver\3.0.1\selenium-safari-driver-3.0.1.jar;C:\Users\Heet Patel\.m2\repository\io\netty\netty\3.5.7.Final\netty-3.5.7.Final.jar;C:\Users\Heet Patel\.m2\repository\org\seleniumhq\selenium\selenium-support\3.0.1\selenium-support-3.0.1.jar;C:\Users\Heet Patel\.m2\repository\junit\junit\4.12\junit-4.12.jar;C:\Users\Heet Patel\.m2\repository\org\hamcrest\hamcrest-core\1.3\hamcrest-core-1.3.jar;C:\Users\Heet Patel\.m2\repository\net\sourceforge\htmlunit\htmlunit\2.23\htmlunit-2.23.jar;C:\Users\Heet Patel\.m2\repository\xalan\xalan\2.7.2\xalan-2.7.2.jar;C:\Users\Heet Patel\.m2\repository\xalan\serializer\2.7.2\serializer-2.7.2.jar;C:\Users\Heet Patel\.m2\repository\org\apache\httpcomponents\httpclient\4.5.2\httpclient-4.5.2.jar;C:\Users\Heet Patel\.m2\repository\org\apache\httpcomponents\httpcore\4.4.4\httpcore-4.4.4.jar;C:\Users\Heet Patel\.m2\repository\org\apache\httpcomponents\httpmime\4.5.2\httpmime-4.5.2.jar;C:\Users\Heet Patel\.m2\repository\commons-codec\commons-codec\1.10\commons-codec-1.10.jar;C:\Users\Heet Patel\.m2\repository\net\sourceforge\htmlunit\htmlunit-core-js\2.23\htmlunit-core-js-2.23.jar;C:\Users\Heet Patel\.m2\repository\net\sourceforge\htmlunit\neko-htmlunit\2.23\neko-htmlunit-2.23.jar;C:\Users\Heet Patel\.m2\repository\xerces\xercesImpl\2.11.0\xercesImpl-2.11.0.jar;C:\Users\Heet Patel\.m2\repository\net\sourceforge\cssparser\cssparser\0.9.20\cssparser-0.9.20.jar;C:\Users\Heet Patel\.m2\repository\org\w3c\css\sac\1.3\sac-1.3.jar;C:\Users\Heet Patel\.m2\repository\com\codeborne\phantomjsdriver\1.3.0\phantomjsdriver-1.3.0.jar;C:\Users\Heet Patel\.m2\repository\org\eclipse\jetty\websocket\websocket-client\9.2.15.v20160210\websocket-client-9.2.15.v20160210.jar;C:\Users\Heet Patel\.m2\repository\org\eclipse\jetty\jetty-util\9.2.15.v20160210\jetty-util-9.2.15.v20160210.jar;C:\Users\Heet Patel\.m2\repository\org\eclipse\jetty\jetty-io\9.2.15.v20160210\jetty-io-9.2.15.v20160210.jar;C:\Users\Heet Patel\.m2\repository\org\eclipse\jetty\websocket\websocket-common\9.2.15.v20160210\websocket-common-9.2.15.v20160210.jar;C:\Users\Heet Patel\.m2\repository\org\eclipse\jetty\websocket\websocket-api\9.2.15.v20160210\websocket-api-9.2.15.v20160210.jar;C:\Users\Heet Patel\.m2\repository\org\testng\testng\7.6.1\testng-7.6.1.jar;C:\Users\Heet Patel\.m2\repository\com\google\code\findbugs\jsr305\3.0.2\jsr305-3.0.2.jar;C:\Users\Heet Patel\.m2\repository\org\slf4j\slf4j-api\1.7.36\slf4j-api-1.7.36.jar;C:\Users\Heet Patel\.m2\repository\com\beust\jcommander\1.82\jcommander-1.82.jar;C:\Users\Heet Patel\.m2\repository\org\webjars\jquery\3.6.0\jquery-3.6.0.jar;C:\Users\Heet Patel\.m2\repository\org\apache\poi\poi\3.6\poi-3.6.jar;C:\Users\Heet Patel\.m2\repository\commons-logging\commons-logging\1.1\commons-logging-1.1.jar;C:\Users\Heet Patel\.m2\repository\logkit\logkit\1.0.1\logkit-1.0.1.jar;C:\Users\Heet Patel\.m2\repository\avalon-framework\avalon-framework\4.1.3\avalon-framework-4.1.3.jar;C:\Users\Heet Patel\.m2\repository\javax\servlet\servlet-api\2.3\servlet-api-2.3.jar;C:\Users\Heet Patel\.m2\repository\org\apache\poi\poi-ooxml-schemas\3.6\poi-ooxml-schemas-3.6.jar;C:\Users\Heet Patel\.m2\repository\org\apache\xmlbeans\xmlbeans\2.3.0\xmlbeans-2.3.0.jar;C:\Users\Heet Patel\.m2\repository\stax\stax-api\1.0.1\stax-api-1.0.1.jar;C:\Users\Heet Patel\.m2\repository\org\apache\geronimo\specs\geronimo-stax-api_1.0_spec\1.0\geronimo-stax-api_1.0_spec-1.0.jar;C:\Users\Heet Patel\.m2\repository\org\apache\poi\poi-ooxml\3.6\poi-ooxml-3.6.jar;C:\Users\Heet Patel\.m2\repository\dom4j\dom4j\1.6.1\dom4j-1.6.1.jar;C:\Users\Heet Patel\.m2\repository\xml-apis\xml-apis\1.0.b2\xml-apis-1.0.b2.jar;C:\Users\Heet Patel\.m2\repository\com\aventstack\extentreports\5.0.9\extentreports-5.0.9.jar;C:\Users\Heet Patel\.m2\repository\io\reactivex\rxjava3\rxjava\3.0.4\rxjava-3.0.4.jar;C:\Users\Heet Patel\.m2\repository\org\reactivestreams\reactive-streams\1.0.3\reactive-streams-1.0.3.jar;C:\Users\Heet Patel\.m2\repository\org\freemarker\freemarker\2.3.30\freemarker-2.3.30.jar;C:\Users\Heet Patel\.m2\repository\org\projectlombok\lombok\1.18.12\lombok-1.18.12.jar;C:\Users\Heet Patel\.m2\repository\com\google\code\gson\gson\2.8.6\gson-2.8.6.jar;C:\Users\Heet Patel\.m2\repository\org\apache\commons\commons-lang3\3.12.0\commons-lang3-3.12.0.jar;C:\Users\Heet Patel\.m2\repository\commons-io\commons-io\1.3.2\commons-io-1.3.2.jar;C:\Users\Heet Patel\.m2\repository\log4j\log4j\1.2.17\log4j-1.2.17.jar;C:\Users\Heet Patel\.m2\repository\com\relevantcodes\extentreports\2.41.2\extentreports-2.41.2.jar;C:\Users\Heet Patel\.m2\repository\org\jsoup\jsoup\1.8.3\jsoup-1.8.3.jar;C:\Users\Heet Patel\.m2\repository\org\xerial\sqlite-jdbc\3.8.11.1\sqlite-jdbc-3.8.11.1.jar;C:\Users\Heet Patel\.m2\repository\org\mongodb\mongodb-driver\3.0.4\mongodb-driver-3.0.4.jar;C:\Users\Heet Patel\.m2\repository\org\mongodb\bson\3.0.4\bson-3.0.4.jar;C:\Users\Heet Patel\.m2\repository\org\mongodb\mongodb-driver-core\3.0.4\mongodb-driver-core-3.0.4.jar;"/>
    <property name="java.vm.vendor" value="Oracle Corporation"/>
    <property name="sun.arch.data.model" value="64"/>
    <property name="user.variant" value=""/>
    <property name="java.vendor.url" value="https://openjdk.java.net/"/>
    <property name="user.timezone" value="America/New_York"/>
    <property name="java.vm.specification.version" value="11"/>
    <property name="os.name" value="Windows 10"/>
    <property name="sun.java.launcher" value="SUN_STANDARD"/>
    <property name="user.country" value="CA"/>
    <property name="sun.boot.library.path" value="C:\Program Files\Java\jdk-11.0.12\bin"/>
    <property name="sun.java.command" value="C:\Users\Heet Patel\AppData\Local\Temp\surefire8586329803796870401\surefirebooter13669761826138655953.jar C:\Users\Heet Patel\AppData\Local\Temp\surefire8586329803796870401 2022-08-31T22-17-59_678-jvmRun1 surefire13251558757240277743tmp surefire_04652443401232633986tmp"/>
    <property name="jdk.debug" value="release"/>
    <property name="surefire.test.class.path" value="D:\Selenium\Selenium_WorkSpace\inetBanking\target\test-classes;D:\Selenium\Selenium_WorkSpace\inetBanking\target\classes;C:\Users\Heet Patel\.m2\repository\org\seleniumhq\selenium\selenium-java\3.0.1\selenium-java-3.0.1.jar;C:\Users\Heet Patel\.m2\repository\org\seleniumhq\selenium\selenium-chrome-driver\3.0.1\selenium-chrome-driver-3.0.1.jar;C:\Users\Heet Patel\.m2\repository\org\seleniumhq\selenium\selenium-remote-driver\3.0.1\selenium-remote-driver-3.0.1.jar;C:\Users\Heet Patel\.m2\repository\org\seleniumhq\selenium\selenium-api\3.0.1\selenium-api-3.0.1.jar;C:\Users\Heet Patel\.m2\repository\cglib\cglib-nodep\3.2.4\cglib-nodep-3.2.4.jar;C:\Users\Heet Patel\.m2\repository\org\apache\commons\commons-exec\1.3\commons-exec-1.3.jar;C:\Users\Heet Patel\.m2\repository\com\google\guava\guava\19.0\guava-19.0.jar;C:\Users\Heet Patel\.m2\repository\net\java\dev\jna\jna-platform\4.1.0\jna-platform-4.1.0.jar;C:\Users\Heet Patel\.m2\repository\net\java\dev\jna\jna\4.1.0\jna-4.1.0.jar;C:\Users\Heet Patel\.m2\repository\org\seleniumhq\selenium\selenium-edge-driver\3.0.1\selenium-edge-driver-3.0.1.jar;C:\Users\Heet Patel\.m2\repository\org\seleniumhq\selenium\selenium-firefox-driver\3.0.1\selenium-firefox-driver-3.0.1.jar;C:\Users\Heet Patel\.m2\repository\org\seleniumhq\selenium\selenium-ie-driver\3.0.1\selenium-ie-driver-3.0.1.jar;C:\Users\Heet Patel\.m2\repository\org\seleniumhq\selenium\selenium-opera-driver\3.0.1\selenium-opera-driver-3.0.1.jar;C:\Users\Heet Patel\.m2\repository\org\seleniumhq\selenium\selenium-safari-driver\3.0.1\selenium-safari-driver-3.0.1.jar;C:\Users\Heet Patel\.m2\repository\io\netty\netty\3.5.7.Final\netty-3.5.7.Final.jar;C:\Users\Heet Patel\.m2\repository\org\seleniumhq\selenium\selenium-support\3.0.1\selenium-support-3.0.1.jar;C:\Users\Heet Patel\.m2\repository\junit\junit\4.12\junit-4.12.jar;C:\Users\Heet Patel\.m2\repository\org\hamcrest\hamcrest-core\1.3\hamcrest-core-1.3.jar;C:\Users\Heet Patel\.m2\repository\net\sourceforge\htmlunit\htmlunit\2.23\htmlunit-2.23.jar;C:\Users\Heet Patel\.m2\repository\xalan\xalan\2.7.2\xalan-2.7.2.jar;C:\Users\Heet Patel\.m2\repository\xalan\serializer\2.7.2\serializer-2.7.2.jar;C:\Users\Heet Patel\.m2\repository\org\apache\httpcomponents\httpclient\4.5.2\httpclient-4.5.2.jar;C:\Users\Heet Patel\.m2\repository\org\apache\httpcomponents\httpcore\4.4.4\httpcore-4.4.4.jar;C:\Users\Heet Patel\.m2\repository\org\apache\httpcomponents\httpmime\4.5.2\httpmime-4.5.2.jar;C:\Users\Heet Patel\.m2\repository\commons-codec\commons-codec\1.10\commons-codec-1.10.jar;C:\Users\Heet Patel\.m2\repository\net\sourceforge\htmlunit\htmlunit-core-js\2.23\htmlunit-core-js-2.23.jar;C:\Users\Heet Patel\.m2\repository\net\sourceforge\htmlunit\neko-htmlunit\2.23\neko-htmlunit-2.23.jar;C:\Users\Heet Patel\.m2\repository\xerces\xercesImpl\2.11.0\xercesImpl-2.11.0.jar;C:\Users\Heet Patel\.m2\repository\net\sourceforge\cssparser\cssparser\0.9.20\cssparser-0.9.20.jar;C:\Users\Heet Patel\.m2\repository\org\w3c\css\sac\1.3\sac-1.3.jar;C:\Users\Heet Patel\.m2\repository\com\codeborne\phantomjsdriver\1.3.0\phantomjsdriver-1.3.0.jar;C:\Users\Heet Patel\.m2\repository\org\eclipse\jetty\websocket\websocket-client\9.2.15.v20160210\websocket-client-9.2.15.v20160210.jar;C:\Users\Heet Patel\.m2\repository\org\eclipse\jetty\jetty-util\9.2.15.v20160210\jetty-util-9.2.15.v20160210.jar;C:\Users\Heet Patel\.m2\repository\org\eclipse\jetty\jetty-io\9.2.15.v20160210\jetty-io-9.2.15.v20160210.jar;C:\Users\Heet Patel\.m2\repository\org\eclipse\jetty\websocket\websocket-common\9.2.15.v20160210\websocket-common-9.2.15.v20160210.jar;C:\Users\Heet Patel\.m2\repository\org\eclipse\jetty\websocket\websocket-api\9.2.15.v20160210\websocket-api-9.2.15.v20160210.jar;C:\Users\Heet Patel\.m2\repository\org\testng\testng\7.6.1\testng-7.6.1.jar;C:\Users\Heet Patel\.m2\repository\com\google\code\findbugs\jsr305\3.0.2\jsr305-3.0.2.jar;C:\Users\Heet Patel\.m2\repository\org\slf4j\slf4j-api\1.7.36\slf4j-api-1.7.36.jar;C:\Users\Heet Patel\.m2\repository\com\beust\jcommander\1.82\jcommander-1.82.jar;C:\Users\Heet Patel\.m2\repository\org\webjars\jquery\3.6.0\jquery-3.6.0.jar;C:\Users\Heet Patel\.m2\repository\org\apache\poi\poi\3.6\poi-3.6.jar;C:\Users\Heet Patel\.m2\repository\commons-logging\commons-logging\1.1\commons-logging-1.1.jar;C:\Users\Heet Patel\.m2\repository\logkit\logkit\1.0.1\logkit-1.0.1.jar;C:\Users\Heet Patel\.m2\repository\avalon-framework\avalon-framework\4.1.3\avalon-framework-4.1.3.jar;C:\Users\Heet Patel\.m2\repository\javax\servlet\servlet-api\2.3\servlet-api-2.3.jar;C:\Users\Heet Patel\.m2\repository\org\apache\poi\poi-ooxml-schemas\3.6\poi-ooxml-schemas-3.6.jar;C:\Users\Heet Patel\.m2\repository\org\apache\xmlbeans\xmlbeans\2.3.0\xmlbeans-2.3.0.jar;C:\Users\Heet Patel\.m2\repository\stax\stax-api\1.0.1\stax-api-1.0.1.jar;C:\Users\Heet Patel\.m2\repository\org\apache\geronimo\specs\geronimo-stax-api_1.0_spec\1.0\geronimo-stax-api_1.0_spec-1.0.jar;C:\Users\Heet Patel\.m2\repository\org\apache\poi\poi-ooxml\3.6\poi-ooxml-3.6.jar;C:\Users\Heet Patel\.m2\repository\dom4j\dom4j\1.6.1\dom4j-1.6.1.jar;C:\Users\Heet Patel\.m2\repository\xml-apis\xml-apis\1.0.b2\xml-apis-1.0.b2.jar;C:\Users\Heet Patel\.m2\repository\com\aventstack\extentreports\5.0.9\extentreports-5.0.9.jar;C:\Users\Heet Patel\.m2\repository\io\reactivex\rxjava3\rxjava\3.0.4\rxjava-3.0.4.jar;C:\Users\Heet Patel\.m2\repository\org\reactivestreams\reactive-streams\1.0.3\reactive-streams-1.0.3.jar;C:\Users\Heet Patel\.m2\repository\org\freemarker\freemarker\2.3.30\freemarker-2.3.30.jar;C:\Users\Heet Patel\.m2\repository\org\projectlombok\lombok\1.18.12\lombok-1.18.12.jar;C:\Users\Heet Patel\.m2\repository\com\google\code\gson\gson\2.8.6\gson-2.8.6.jar;C:\Users\Heet Patel\.m2\repository\org\apache\commons\commons-lang3\3.12.0\commons-lang3-3.12.0.jar;C:\Users\Heet Patel\.m2\repository\commons-io\commons-io\1.3.2\commons-io-1.3.2.jar;C:\Users\Heet Patel\.m2\repository\log4j\log4j\1.2.17\log4j-1.2.17.jar;C:\Users\Heet Patel\.m2\repository\com\relevantcodes\extentreports\2.41.2\extentreports-2.41.2.jar;C:\Users\Heet Patel\.m2\repository\org\jsoup\jsoup\1.8.3\jsoup-1.8.3.jar;C:\Users\Heet Patel\.m2\repository\org\xerial\sqlite-jdbc\3.8.11.1\sqlite-jdbc-3.8.11.1.jar;C:\Users\Heet Patel\.m2\repository\org\mongodb\mongodb-driver\3.0.4\mongodb-driver-3.0.4.jar;C:\Users\Heet Patel\.m2\repository\org\mongodb\bson\3.0.4\bson-3.0.4.jar;C:\Users\Heet Patel\.m2\repository\org\mongodb\mongodb-driver-core\3.0.4\mongodb-driver-core-3.0.4.jar;"/>
    <property name="sun.cpu.endian" value="little"/>
    <property name="user.home" value="C:\Users\Heet Patel"/>
    <property name="user.language" value="en"/>
    <property name="java.specification.vendor" value="Oracle Corporation"/>
    <property name="java.version.date" value="2021-07-20"/>
    <property name="java.home" value="C:\Program Files\Java\jdk-11.0.12"/>
    <property name="file.separator" value="\"/>
    <property name="basedir" value="D:\Selenium\Selenium_WorkSpace\inetBanking"/>
    <property name="java.vm.compressedOopsMode" value="Zero based"/>
    <property name="line.separator" value="&#10;"/>
    <property name="java.specification.name" value="Java Platform API Specification"/>
    <property name="java.vm.specification.vendor" value="Oracle Corporation"/>
    <property name="java.awt.graphicsenv" value="sun.awt.Win32GraphicsEnvironment"/>
    <property name="surefire.real.class.path" value="C:\Users\Heet Patel\AppData\Local\Temp\surefire8586329803796870401\surefirebooter13669761826138655953.jar"/>
    <property name="user.script" value=""/>
    <property name="sun.management.compiler" value="HotSpot 64-Bit Tiered Compilers"/>
    <property name="java.runtime.version" value="11.0.12+8-LTS-237"/>
    <property name="user.name" value="Heet Patel"/>
    <property name="path.separator" value=";"/>
    <property name="os.version" value="10.0"/>
    <property name="java.runtime.name" value="Java(TM) SE Runtime Environment"/>
    <property name="file.encoding" value="Cp1252"/>
    <property name="jnidispatch.path" value="C:\Users\HEETPA~1\AppData\Local\Temp\jna-1661038038\jna7667872018953303539.dll"/>
    <property name="java.vm.name" value="Java HotSpot(TM) 64-Bit Server VM"/>
    <property name="java.vendor.version" value="18.9"/>
    <property name="localRepository" value="C:\Users\Heet Patel\.m2\repository"/>
    <property name="java.vendor.url.bug" value="https://bugreport.java.com/bugreport/"/>
    <property name="java.io.tmpdir" value="C:\Users\HEETPA~1\AppData\Local\Temp\"/>
    <property name="java.version" value="11.0.12"/>
    <property name="user.dir" value="D:\Selenium\Selenium_WorkSpace\inetBanking"/>
    <property name="os.arch" value="amd64"/>
    <property name="java.vm.specification.name" value="Java Virtual Machine Specification"/>
    <property name="java.awt.printerjob" value="sun.awt.windows.WPrinterJob"/>
    <property name="sun.os.patch.level" value=""/>
    <property name="java.library.path" value="C:\Program Files\Java\jdk-11.0.12\bin;C:\WINDOWS\Sun\Java\bin;C:\WINDOWS\system32;C:\WINDOWS;C:\apache-maven-3.8.2/bin;C:\Program Files\Java\jdk-11.0.12/bin;C:\Program Files\Java\jdk-11.0.12/bin;C:\Program Files\Common Files\Oracle\Java\javapath;C:\Windows\system32;C:\Windows;C:\Windows\System32\Wbem;C:\Windows\System32\WindowsPowerShell\v1.0\;C:\Windows\System32\OpenSSH\;C:\Program Files (x86)\NVIDIA Corporation\PhysX\Common;C:\Program Files\Git\cmd;C:\Program Files (x86)\nodejs\;C:\apache-ant-1.10.11\bin;C:\WINDOWS\system32;C:\WINDOWS;C:\WINDOWS\System32\Wbem;C:\WINDOWS\System32\WindowsPowerShell\v1.0\;C:\WINDOWS\System32\OpenSSH\;C:\Program Files\Java\jdk-11.0.12\bin\;C:\Program Files\dotnet\;C:\Users\Heet Patel\AppData\Local\Microsoft\WindowsApps;C:\Users\Heet Patel\AppData\Local\Programs\Microsoft VS Code\bin;C:\Users\Heet Patel\AppData\Roaming\npm;C:\Users\Heet Patel\AppData\Local\GitHubDesktop\bin;C:\Program Files\heroku\bin;C:\apache-maven-3.8.2\bin;;."/>
    <property name="java.vendor" value="Oracle Corporation"/>
    <property name="java.vm.info" value="mixed mode"/>
    <property name="java.vm.version" value="11.0.12+8-LTS-237"/>
    <property name="sun.io.unicode.encoding" value="UnicodeLittle"/>
    <property name="java.class.version" value="55.0"/>
  </properties>
  <testcase name="loginTest" classname="com.inetBanking.testCases.TC_LoginTest_001" time="2.77">
    <system-out><![CDATA[08-31-2022 22:18:02 RequestAddCookies.java DEBUG [Forwarding newSession on session null to remote] protocol.RequestAddCookies 122 - CookieSpec selected: default
08-31-2022 22:18:02 RequestAuthCache.java DEBUG [Forwarding newSession on session null to remote] protocol.RequestAuthCache 76 - Auth cache not set in the context
08-31-2022 22:18:02 PoolingHttpClientConnectionManager.java DEBUG [Forwarding newSession on session null to remote] conn.PoolingHttpClientConnectionManager 249 - Connection request: [route: {}->http://localhost:34933][total kept alive: 0; route allocated: 0 of 2000; total allocated: 0 of 2000]
08-31-2022 22:18:02 PoolingHttpClientConnectionManager.java DEBUG [Forwarding newSession on session null to remote] conn.PoolingHttpClientConnectionManager 282 - Connection leased: [id: 0][route: {}->http://localhost:34933][total kept alive: 0; route allocated: 1 of 2000; total allocated: 1 of 2000]
08-31-2022 22:18:02 MainClientExec.java DEBUG [Forwarding newSession on session null to remote] execchain.MainClientExec 234 - Opening connection {}->http://localhost:34933
08-31-2022 22:18:02 DefaultHttpClientConnectionOperator.java DEBUG [Forwarding newSession on session null to remote] conn.DefaultHttpClientConnectionOperator 138 - Connecting to localhost/127.0.0.1:34933
08-31-2022 22:18:02 DefaultHttpClientConnectionOperator.java DEBUG [Forwarding newSession on session null to remote] conn.DefaultHttpClientConnectionOperator 145 - Connection established 127.0.0.1:49771<->127.0.0.1:34933
08-31-2022 22:18:02 LoggingManagedHttpClientConnection.java DEBUG [Forwarding newSession on session null to remote] conn.DefaultManagedHttpClientConnection 90 - http-outgoing-0: set socket timeout to 10800000
08-31-2022 22:18:02 MainClientExec.java DEBUG [Forwarding newSession on session null to remote] execchain.MainClientExec 255 - Executing request POST /session HTTP/1.1
08-31-2022 22:18:02 MainClientExec.java DEBUG [Forwarding newSession on session null to remote] execchain.MainClientExec 260 - Target auth state: UNCHALLENGED
08-31-2022 22:18:02 MainClientExec.java DEBUG [Forwarding newSession on session null to remote] execchain.MainClientExec 266 - Proxy auth state: UNCHALLENGED
08-31-2022 22:18:02 LoggingManagedHttpClientConnection.java DEBUG [Forwarding newSession on session null to remote] http.headers 135 - http-outgoing-0 >> POST /session HTTP/1.1
08-31-2022 22:18:02 LoggingManagedHttpClientConnection.java DEBUG [Forwarding newSession on session null to remote] http.headers 138 - http-outgoing-0 >> Content-Type: application/json; charset=utf-8
08-31-2022 22:18:02 LoggingManagedHttpClientConnection.java DEBUG [Forwarding newSession on session null to remote] http.headers 138 - http-outgoing-0 >> Content-Length: 317
08-31-2022 22:18:02 LoggingManagedHttpClientConnection.java DEBUG [Forwarding newSession on session null to remote] http.headers 138 - http-outgoing-0 >> Host: localhost:34933
08-31-2022 22:18:02 LoggingManagedHttpClientConnection.java DEBUG [Forwarding newSession on session null to remote] http.headers 138 - http-outgoing-0 >> Connection: Keep-Alive
08-31-2022 22:18:02 LoggingManagedHttpClientConnection.java DEBUG [Forwarding newSession on session null to remote] http.headers 138 - http-outgoing-0 >> User-Agent: Apache-HttpClient/4.5.2 (Java/11.0.12)
08-31-2022 22:18:02 LoggingManagedHttpClientConnection.java DEBUG [Forwarding newSession on session null to remote] http.headers 138 - http-outgoing-0 >> Accept-Encoding: gzip,deflate
08-31-2022 22:18:02 Wire.java DEBUG [Forwarding newSession on session null to remote] http.wire 72 - http-outgoing-0 >> "POST /session HTTP/1.1[\r][\n]"
08-31-2022 22:18:02 Wire.java DEBUG [Forwarding newSession on session null to remote] http.wire 72 - http-outgoing-0 >> "Content-Type: application/json; charset=utf-8[\r][\n]"
08-31-2022 22:18:02 Wire.java DEBUG [Forwarding newSession on session null to remote] http.wire 72 - http-outgoing-0 >> "Content-Length: 317[\r][\n]"
08-31-2022 22:18:02 Wire.java DEBUG [Forwarding newSession on session null to remote] http.wire 72 - http-outgoing-0 >> "Host: localhost:34933[\r][\n]"
08-31-2022 22:18:02 Wire.java DEBUG [Forwarding newSession on session null to remote] http.wire 72 - http-outgoing-0 >> "Connection: Keep-Alive[\r][\n]"
08-31-2022 22:18:02 Wire.java DEBUG [Forwarding newSession on session null to remote] http.wire 72 - http-outgoing-0 >> "User-Agent: Apache-HttpClient/4.5.2 (Java/11.0.12)[\r][\n]"
08-31-2022 22:18:02 Wire.java DEBUG [Forwarding newSession on session null to remote] http.wire 72 - http-outgoing-0 >> "Accept-Encoding: gzip,deflate[\r][\n]"
08-31-2022 22:18:02 Wire.java DEBUG [Forwarding newSession on session null to remote] http.wire 72 - http-outgoing-0 >> "[\r][\n]"
08-31-2022 22:18:02 Wire.java DEBUG [Forwarding newSession on session null to remote] http.wire 86 - http-outgoing-0 >> "{"capabilities": {"desiredCapabilities": {"browserName":"chrome","chromeOptions":{"args":[],"extensions":[]},"version":"","platform":"ANY"},"requiredCapabilities": {}},"desiredCapabilities": {"browserName":"chrome","chromeOptions":{"args":[],"extensions":[]},"version":"","platform":"ANY"},"requiredCapabilities": {}}"
08-31-2022 22:18:03 Wire.java DEBUG [Forwarding newSession on session null to remote] http.wire 72 - http-outgoing-0 << "HTTP/1.1 200 OK[\r][\n]"
08-31-2022 22:18:03 Wire.java DEBUG [Forwarding newSession on session null to remote] http.wire 72 - http-outgoing-0 << "Content-Length:795[\r][\n]"
08-31-2022 22:18:03 Wire.java DEBUG [Forwarding newSession on session null to remote] http.wire 72 - http-outgoing-0 << "Content-Type:application/json; charset=utf-8[\r][\n]"
08-31-2022 22:18:03 Wire.java DEBUG [Forwarding newSession on session null to remote] http.wire 72 - http-outgoing-0 << "cache-control:no-cache[\r][\n]"
08-31-2022 22:18:03 Wire.java DEBUG [Forwarding newSession on session null to remote] http.wire 72 - http-outgoing-0 << "[\r][\n]"
08-31-2022 22:18:03 Wire.java DEBUG [Forwarding newSession on session null to remote] http.wire 86 - http-outgoing-0 << "{"value":{"capabilities":{"acceptInsecureCerts":false,"browserName":"chrome","browserVersion":"104.0.5112.102","chrome":{"chromedriverVersion":"104.0.5112.79 (3cf3e8c8a07d104b9e1260c910efb8f383285dc5-refs/branch-heads/5112@{#1307})","userDataDir":"C:\\Users\\HEETPA~1\\AppData\\Local\\Temp\\scoped_dir32676_1413126622"},"goog:chromeOptions":{"debuggerAddress":"localhost:49772"},"networkConnectionEnabled":false,"pageLoadStrategy":"normal","platformName":"windows","proxy":{},"setWindowRect":true,"strictFileInteractability":false,"timeouts":{"implicit":0,"pageLoad":300000,"script":30000},"unhandledPromptBehavior":"dismiss and notify","webauthn:extension:credBlob":true,"webauthn:extension:largeBlob":true,"webauthn:virtualAuthenticators":true},"sessionId":"0a5f7c285bb960469cb58d28c7a51427"}}"
08-31-2022 22:18:03 LoggingManagedHttpClientConnection.java DEBUG [Forwarding newSession on session null to remote] http.headers 124 - http-outgoing-0 << HTTP/1.1 200 OK
08-31-2022 22:18:03 LoggingManagedHttpClientConnection.java DEBUG [Forwarding newSession on session null to remote] http.headers 127 - http-outgoing-0 << Content-Length:795
08-31-2022 22:18:03 LoggingManagedHttpClientConnection.java DEBUG [Forwarding newSession on session null to remote] http.headers 127 - http-outgoing-0 << Content-Type:application/json; charset=utf-8
08-31-2022 22:18:03 LoggingManagedHttpClientConnection.java DEBUG [Forwarding newSession on session null to remote] http.headers 127 - http-outgoing-0 << cache-control:no-cache
08-31-2022 22:18:03 MainClientExec.java DEBUG [Forwarding newSession on session null to remote] execchain.MainClientExec 284 - Connection can be kept alive indefinitely
08-31-2022 22:18:03 PoolingHttpClientConnectionManager.java DEBUG [Forwarding newSession on session null to remote] conn.PoolingHttpClientConnectionManager 314 - Connection [id: 0][route: {}->http://localhost:34933] can be kept alive indefinitely
08-31-2022 22:18:03 PoolingHttpClientConnectionManager.java DEBUG [Forwarding newSession on session null to remote] conn.PoolingHttpClientConnectionManager 320 - Connection released: [id: 0][route: {}->http://localhost:34933][total kept alive: 1; route allocated: 1 of 2000; total allocated: 1 of 2000]
08-31-2022 22:18:03 RequestAddCookies.java DEBUG [Forwarding newSession on session null to remote] protocol.RequestAddCookies 122 - CookieSpec selected: default
08-31-2022 22:18:03 RequestAuthCache.java DEBUG [Forwarding newSession on session null to remote] protocol.RequestAuthCache 76 - Auth cache not set in the context
08-31-2022 22:18:03 PoolingHttpClientConnectionManager.java DEBUG [Forwarding newSession on session null to remote] conn.PoolingHttpClientConnectionManager 249 - Connection request: [route: {}->http://localhost:34933][total kept alive: 1; route allocated: 1 of 2000; total allocated: 1 of 2000]
08-31-2022 22:18:03 PoolingHttpClientConnectionManager.java DEBUG [Forwarding newSession on session null to remote] conn.PoolingHttpClientConnectionManager 282 - Connection leased: [id: 0][route: {}->http://localhost:34933][total kept alive: 0; route allocated: 1 of 2000; total allocated: 1 of 2000]
08-31-2022 22:18:03 MainClientExec.java DEBUG [Forwarding newSession on session null to remote] execchain.MainClientExec 207 - Stale connection check
08-31-2022 22:18:03 Wire.java DEBUG [Forwarding newSession on session null to remote] http.wire 86 - http-outgoing-0 << "[read] I/O error: Read timed out"
08-31-2022 22:18:03 LoggingManagedHttpClientConnection.java DEBUG [Forwarding newSession on session null to remote] conn.DefaultManagedHttpClientConnection 90 - http-outgoing-0: set socket timeout to 10800000
08-31-2022 22:18:03 MainClientExec.java DEBUG [Forwarding newSession on session null to remote] execchain.MainClientExec 255 - Executing request POST /session HTTP/1.1
08-31-2022 22:18:03 MainClientExec.java DEBUG [Forwarding newSession on session null to remote] execchain.MainClientExec 260 - Target auth state: UNCHALLENGED
08-31-2022 22:18:03 MainClientExec.java DEBUG [Forwarding newSession on session null to remote] execchain.MainClientExec 266 - Proxy auth state: UNCHALLENGED
08-31-2022 22:18:03 LoggingManagedHttpClientConnection.java DEBUG [Forwarding newSession on session null to remote] http.headers 135 - http-outgoing-0 >> POST /session HTTP/1.1
08-31-2022 22:18:03 LoggingManagedHttpClientConnection.java DEBUG [Forwarding newSession on session null to remote] http.headers 138 - http-outgoing-0 >> Content-Type: application/json; charset=utf-8
08-31-2022 22:18:03 LoggingManagedHttpClientConnection.java DEBUG [Forwarding newSession on session null to remote] http.headers 138 - http-outgoing-0 >> Content-Length: 150
08-31-2022 22:18:03 LoggingManagedHttpClientConnection.java DEBUG [Forwarding newSession on session null to remote] http.headers 138 - http-outgoing-0 >> Host: localhost:34933
08-31-2022 22:18:03 LoggingManagedHttpClientConnection.java DEBUG [Forwarding newSession on session null to remote] http.headers 138 - http-outgoing-0 >> Connection: Keep-Alive
08-31-2022 22:18:03 LoggingManagedHttpClientConnection.java DEBUG [Forwarding newSession on session null to remote] http.headers 138 - http-outgoing-0 >> User-Agent: Apache-HttpClient/4.5.2 (Java/11.0.12)
08-31-2022 22:18:03 LoggingManagedHttpClientConnection.java DEBUG [Forwarding newSession on session null to remote] http.headers 138 - http-outgoing-0 >> Accept-Encoding: gzip,deflate
08-31-2022 22:18:03 Wire.java DEBUG [Forwarding newSession on session null to remote] http.wire 72 - http-outgoing-0 >> "POST /session HTTP/1.1[\r][\n]"
08-31-2022 22:18:03 Wire.java DEBUG [Forwarding newSession on session null to remote] http.wire 72 - http-outgoing-0 >> "Content-Type: application/json; charset=utf-8[\r][\n]"
08-31-2022 22:18:03 Wire.java DEBUG [Forwarding newSession on session null to remote] http.wire 72 - http-outgoing-0 >> "Content-Length: 150[\r][\n]"
08-31-2022 22:18:03 Wire.java DEBUG [Forwarding newSession on session null to remote] http.wire 72 - http-outgoing-0 >> "Host: localhost:34933[\r][\n]"
08-31-2022 22:18:03 Wire.java DEBUG [Forwarding newSession on session null to remote] http.wire 72 - http-outgoing-0 >> "Connection: Keep-Alive[\r][\n]"
08-31-2022 22:18:03 Wire.java DEBUG [Forwarding newSession on session null to remote] http.wire 72 - http-outgoing-0 >> "User-Agent: Apache-HttpClient/4.5.2 (Java/11.0.12)[\r][\n]"
08-31-2022 22:18:03 Wire.java DEBUG [Forwarding newSession on session null to remote] http.wire 72 - http-outgoing-0 >> "Accept-Encoding: gzip,deflate[\r][\n]"
08-31-2022 22:18:03 Wire.java DEBUG [Forwarding newSession on session null to remote] http.wire 72 - http-outgoing-0 >> "[\r][\n]"
08-31-2022 22:18:03 Wire.java DEBUG [Forwarding newSession on session null to remote] http.wire 86 - http-outgoing-0 >> "{"desiredCapabilities": {"browserName":"chrome","chromeOptions":{"args":[],"extensions":[]},"version":"","platform":"ANY"},"requiredCapabilities": {}}"
08-31-2022 22:18:04 Wire.java DEBUG [Forwarding newSession on session null to remote] http.wire 72 - http-outgoing-0 << "HTTP/1.1 200 OK[\r][\n]"
08-31-2022 22:18:04 Wire.java DEBUG [Forwarding newSession on session null to remote] http.wire 72 - http-outgoing-0 << "Content-Length:1114[\r][\n]"
08-31-2022 22:18:04 Wire.java DEBUG [Forwarding newSession on session null to remote] http.wire 72 - http-outgoing-0 << "Content-Type:application/json; charset=utf-8[\r][\n]"
08-31-2022 22:18:04 Wire.java DEBUG [Forwarding newSession on session null to remote] http.wire 72 - http-outgoing-0 << "[\r][\n]"
08-31-2022 22:18:04 Wire.java DEBUG [Forwarding newSession on session null to remote] http.wire 86 - http-outgoing-0 << "{"sessionId":"2f97338cb9353a784934608e0e0e9c2e","status":0,"value":{"acceptInsecureCerts":false,"acceptSslCerts":false,"browserConnectionEnabled":false,"browserName":"chrome","chrome":{"chromedriverVersion":"104.0.5112.79 (3cf3e8c8a07d104b9e1260c910efb8f383285dc5-refs/branch-heads/5112@{#1307})","userDataDir":"C:\\Users\\HEETPA~1\\AppData\\Local\\Temp\\scoped_dir32676_307040386"},"cssSelectorsEnabled":true,"databaseEnabled":false,"goog:chromeOptions":{"debuggerAddress":"localhost:49778"},"handlesAlerts":true,"hasTouchScreen":false,"javascriptEnabled":true,"locationContextEnabled":true,"mobileEmulationEnabled":false,"nativeEvents":true,"networkConnectionEnabled":false,"pageLoadStrategy":"normal","platform":"Windows","proxy":{},"rotatable":false,"setWindowRect":true,"strictFileInteractability":false,"takesHeapSnapshot":true,"takesScreenshot":true,"timeouts":{"implicit":0,"pageLoad":300000,"script":30000},"unexpectedAlertBehaviour":"ignore","version":"104.0.5112.102","webStorageEnabled":true,"webauthn:extension:credBlob":true,"webauthn:extension:largeBlob":true,"webauthn:virtualAuthenticators":true}}"
08-31-2022 22:18:04 LoggingManagedHttpClientConnection.java DEBUG [Forwarding newSession on session null to remote] http.headers 124 - http-outgoing-0 << HTTP/1.1 200 OK
08-31-2022 22:18:04 LoggingManagedHttpClientConnection.java DEBUG [Forwarding newSession on session null to remote] http.headers 127 - http-outgoing-0 << Content-Length:1114
08-31-2022 22:18:04 LoggingManagedHttpClientConnection.java DEBUG [Forwarding newSession on session null to remote] http.headers 127 - http-outgoing-0 << Content-Type:application/json; charset=utf-8
08-31-2022 22:18:04 MainClientExec.java DEBUG [Forwarding newSession on session null to remote] execchain.MainClientExec 284 - Connection can be kept alive indefinitely
08-31-2022 22:18:04 PoolingHttpClientConnectionManager.java DEBUG [Forwarding newSession on session null to remote] conn.PoolingHttpClientConnectionManager 314 - Connection [id: 0][route: {}->http://localhost:34933] can be kept alive indefinitely
08-31-2022 22:18:04 PoolingHttpClientConnectionManager.java DEBUG [Forwarding newSession on session null to remote] conn.PoolingHttpClientConnectionManager 320 - Connection released: [id: 0][route: {}->http://localhost:34933][total kept alive: 1; route allocated: 1 of 2000; total allocated: 1 of 2000]
08-31-2022 22:18:04 RequestAddCookies.java DEBUG [Forwarding setTimeout on session 2f97338cb9353a784934608e0e0e9c2e to remote] protocol.RequestAddCookies 122 - CookieSpec selected: default
08-31-2022 22:18:04 RequestAuthCache.java DEBUG [Forwarding setTimeout on session 2f97338cb9353a784934608e0e0e9c2e to remote] protocol.RequestAuthCache 76 - Auth cache not set in the context
08-31-2022 22:18:04 PoolingHttpClientConnectionManager.java DEBUG [Forwarding setTimeout on session 2f97338cb9353a784934608e0e0e9c2e to remote] conn.PoolingHttpClientConnectionManager 249 - Connection request: [route: {}->http://localhost:34933][total kept alive: 1; route allocated: 1 of 2000; total allocated: 1 of 2000]
08-31-2022 22:18:04 PoolingHttpClientConnectionManager.java DEBUG [Forwarding setTimeout on session 2f97338cb9353a784934608e0e0e9c2e to remote] conn.PoolingHttpClientConnectionManager 282 - Connection leased: [id: 0][route: {}->http://localhost:34933][total kept alive: 0; route allocated: 1 of 2000; total allocated: 1 of 2000]
08-31-2022 22:18:04 MainClientExec.java DEBUG [Forwarding setTimeout on session 2f97338cb9353a784934608e0e0e9c2e to remote] execchain.MainClientExec 207 - Stale connection check
08-31-2022 22:18:04 Wire.java DEBUG [Forwarding setTimeout on session 2f97338cb9353a784934608e0e0e9c2e to remote] http.wire 86 - http-outgoing-0 << "[read] I/O error: Read timed out"
08-31-2022 22:18:04 LoggingManagedHttpClientConnection.java DEBUG [Forwarding setTimeout on session 2f97338cb9353a784934608e0e0e9c2e to remote] conn.DefaultManagedHttpClientConnection 90 - http-outgoing-0: set socket timeout to 10800000
08-31-2022 22:18:04 MainClientExec.java DEBUG [Forwarding setTimeout on session 2f97338cb9353a784934608e0e0e9c2e to remote] execchain.MainClientExec 255 - Executing request POST /session/2f97338cb9353a784934608e0e0e9c2e/timeouts HTTP/1.1
08-31-2022 22:18:04 MainClientExec.java DEBUG [Forwarding setTimeout on session 2f97338cb9353a784934608e0e0e9c2e to remote] execchain.MainClientExec 260 - Target auth state: UNCHALLENGED
08-31-2022 22:18:04 MainClientExec.java DEBUG [Forwarding setTimeout on session 2f97338cb9353a784934608e0e0e9c2e to remote] execchain.MainClientExec 266 - Proxy auth state: UNCHALLENGED
08-31-2022 22:18:04 LoggingManagedHttpClientConnection.java DEBUG [Forwarding setTimeout on session 2f97338cb9353a784934608e0e0e9c2e to remote] http.headers 135 - http-outgoing-0 >> POST /session/2f97338cb9353a784934608e0e0e9c2e/timeouts HTTP/1.1
08-31-2022 22:18:04 LoggingManagedHttpClientConnection.java DEBUG [Forwarding setTimeout on session 2f97338cb9353a784934608e0e0e9c2e to remote] http.headers 138 - http-outgoing-0 >> Content-Type: application/json; charset=utf-8
08-31-2022 22:18:04 LoggingManagedHttpClientConnection.java DEBUG [Forwarding setTimeout on session 2f97338cb9353a784934608e0e0e9c2e to remote] http.headers 138 - http-outgoing-0 >> Content-Length: 30
08-31-2022 22:18:04 LoggingManagedHttpClientConnection.java DEBUG [Forwarding setTimeout on session 2f97338cb9353a784934608e0e0e9c2e to remote] http.headers 138 - http-outgoing-0 >> Host: localhost:34933
08-31-2022 22:18:04 LoggingManagedHttpClientConnection.java DEBUG [Forwarding setTimeout on session 2f97338cb9353a784934608e0e0e9c2e to remote] http.headers 138 - http-outgoing-0 >> Connection: Keep-Alive
08-31-2022 22:18:04 LoggingManagedHttpClientConnection.java DEBUG [Forwarding setTimeout on session 2f97338cb9353a784934608e0e0e9c2e to remote] http.headers 138 - http-outgoing-0 >> User-Agent: Apache-HttpClient/4.5.2 (Java/11.0.12)
08-31-2022 22:18:04 LoggingManagedHttpClientConnection.java DEBUG [Forwarding setTimeout on session 2f97338cb9353a784934608e0e0e9c2e to remote] http.headers 138 - http-outgoing-0 >> Accept-Encoding: gzip,deflate
08-31-2022 22:18:04 Wire.java DEBUG [Forwarding setTimeout on session 2f97338cb9353a784934608e0e0e9c2e to remote] http.wire 72 - http-outgoing-0 >> "POST /session/2f97338cb9353a784934608e0e0e9c2e/timeouts HTTP/1.1[\r][\n]"
08-31-2022 22:18:04 Wire.java DEBUG [Forwarding setTimeout on session 2f97338cb9353a784934608e0e0e9c2e to remote] http.wire 72 - http-outgoing-0 >> "Content-Type: application/json; charset=utf-8[\r][\n]"
08-31-2022 22:18:04 Wire.java DEBUG [Forwarding setTimeout on session 2f97338cb9353a784934608e0e0e9c2e to remote] http.wire 72 - http-outgoing-0 >> "Content-Length: 30[\r][\n]"
08-31-2022 22:18:04 Wire.java DEBUG [Forwarding setTimeout on session 2f97338cb9353a784934608e0e0e9c2e to remote] http.wire 72 - http-outgoing-0 >> "Host: localhost:34933[\r][\n]"
08-31-2022 22:18:04 Wire.java DEBUG [Forwarding setTimeout on session 2f97338cb9353a784934608e0e0e9c2e to remote] http.wire 72 - http-outgoing-0 >> "Connection: Keep-Alive[\r][\n]"
08-31-2022 22:18:04 Wire.java DEBUG [Forwarding setTimeout on session 2f97338cb9353a784934608e0e0e9c2e to remote] http.wire 72 - http-outgoing-0 >> "User-Agent: Apache-HttpClient/4.5.2 (Java/11.0.12)[\r][\n]"
08-31-2022 22:18:04 Wire.java DEBUG [Forwarding setTimeout on session 2f97338cb9353a784934608e0e0e9c2e to remote] http.wire 72 - http-outgoing-0 >> "Accept-Encoding: gzip,deflate[\r][\n]"
08-31-2022 22:18:04 Wire.java DEBUG [Forwarding setTimeout on session 2f97338cb9353a784934608e0e0e9c2e to remote] http.wire 72 - http-outgoing-0 >> "[\r][\n]"
08-31-2022 22:18:04 Wire.java DEBUG [Forwarding setTimeout on session 2f97338cb9353a784934608e0e0e9c2e to remote] http.wire 86 - http-outgoing-0 >> "{"type":"implicit","ms":10000}"
08-31-2022 22:18:04 Wire.java DEBUG [Forwarding setTimeout on session 2f97338cb9353a784934608e0e0e9c2e to remote] http.wire 72 - http-outgoing-0 << "HTTP/1.1 200 OK[\r][\n]"
08-31-2022 22:18:04 Wire.java DEBUG [Forwarding setTimeout on session 2f97338cb9353a784934608e0e0e9c2e to remote] http.wire 72 - http-outgoing-0 << "Content-Length:72[\r][\n]"
08-31-2022 22:18:04 Wire.java DEBUG [Forwarding setTimeout on session 2f97338cb9353a784934608e0e0e9c2e to remote] http.wire 72 - http-outgoing-0 << "Content-Type:application/json; charset=utf-8[\r][\n]"
08-31-2022 22:18:04 Wire.java DEBUG [Forwarding setTimeout on session 2f97338cb9353a784934608e0e0e9c2e to remote] http.wire 72 - http-outgoing-0 << "[\r][\n]"
08-31-2022 22:18:04 Wire.java DEBUG [Forwarding setTimeout on session 2f97338cb9353a784934608e0e0e9c2e to remote] http.wire 86 - http-outgoing-0 << "{"sessionId":"2f97338cb9353a784934608e0e0e9c2e","status":0,"value":null}"
08-31-2022 22:18:04 LoggingManagedHttpClientConnection.java DEBUG [Forwarding setTimeout on session 2f97338cb9353a784934608e0e0e9c2e to remote] http.headers 124 - http-outgoing-0 << HTTP/1.1 200 OK
08-31-2022 22:18:04 LoggingManagedHttpClientConnection.java DEBUG [Forwarding setTimeout on session 2f97338cb9353a784934608e0e0e9c2e to remote] http.headers 127 - http-outgoing-0 << Content-Length:72
08-31-2022 22:18:04 LoggingManagedHttpClientConnection.java DEBUG [Forwarding setTimeout on session 2f97338cb9353a784934608e0e0e9c2e to remote] http.headers 127 - http-outgoing-0 << Content-Type:application/json; charset=utf-8
08-31-2022 22:18:04 MainClientExec.java DEBUG [Forwarding setTimeout on session 2f97338cb9353a784934608e0e0e9c2e to remote] execchain.MainClientExec 284 - Connection can be kept alive indefinitely
08-31-2022 22:18:04 PoolingHttpClientConnectionManager.java DEBUG [Forwarding setTimeout on session 2f97338cb9353a784934608e0e0e9c2e to remote] conn.PoolingHttpClientConnectionManager 314 - Connection [id: 0][route: {}->http://localhost:34933] can be kept alive indefinitely
08-31-2022 22:18:04 PoolingHttpClientConnectionManager.java DEBUG [Forwarding setTimeout on session 2f97338cb9353a784934608e0e0e9c2e to remote] conn.PoolingHttpClientConnectionManager 320 - Connection released: [id: 0][route: {}->http://localhost:34933][total kept alive: 1; route allocated: 1 of 2000; total allocated: 1 of 2000]
08-31-2022 22:18:04 RequestAddCookies.java DEBUG [Forwarding get on session 2f97338cb9353a784934608e0e0e9c2e to remote] protocol.RequestAddCookies 122 - CookieSpec selected: default
08-31-2022 22:18:04 RequestAuthCache.java DEBUG [Forwarding get on session 2f97338cb9353a784934608e0e0e9c2e to remote] protocol.RequestAuthCache 76 - Auth cache not set in the context
08-31-2022 22:18:04 PoolingHttpClientConnectionManager.java DEBUG [Forwarding get on session 2f97338cb9353a784934608e0e0e9c2e to remote] conn.PoolingHttpClientConnectionManager 249 - Connection request: [route: {}->http://localhost:34933][total kept alive: 1; route allocated: 1 of 2000; total allocated: 1 of 2000]
08-31-2022 22:18:04 PoolingHttpClientConnectionManager.java DEBUG [Forwarding get on session 2f97338cb9353a784934608e0e0e9c2e to remote] conn.PoolingHttpClientConnectionManager 282 - Connection leased: [id: 0][route: {}->http://localhost:34933][total kept alive: 0; route allocated: 1 of 2000; total allocated: 1 of 2000]
08-31-2022 22:18:04 MainClientExec.java DEBUG [Forwarding get on session 2f97338cb9353a784934608e0e0e9c2e to remote] execchain.MainClientExec 207 - Stale connection check
08-31-2022 22:18:04 Wire.java DEBUG [Forwarding get on session 2f97338cb9353a784934608e0e0e9c2e to remote] http.wire 86 - http-outgoing-0 << "[read] I/O error: Read timed out"
08-31-2022 22:18:04 LoggingManagedHttpClientConnection.java DEBUG [Forwarding get on session 2f97338cb9353a784934608e0e0e9c2e to remote] conn.DefaultManagedHttpClientConnection 90 - http-outgoing-0: set socket timeout to 10800000
08-31-2022 22:18:04 MainClientExec.java DEBUG [Forwarding get on session 2f97338cb9353a784934608e0e0e9c2e to remote] execchain.MainClientExec 255 - Executing request POST /session/2f97338cb9353a784934608e0e0e9c2e/url HTTP/1.1
08-31-2022 22:18:04 MainClientExec.java DEBUG [Forwarding get on session 2f97338cb9353a784934608e0e0e9c2e to remote] execchain.MainClientExec 260 - Target auth state: UNCHALLENGED
08-31-2022 22:18:04 MainClientExec.java DEBUG [Forwarding get on session 2f97338cb9353a784934608e0e0e9c2e to remote] execchain.MainClientExec 266 - Proxy auth state: UNCHALLENGED
08-31-2022 22:18:04 LoggingManagedHttpClientConnection.java DEBUG [Forwarding get on session 2f97338cb9353a784934608e0e0e9c2e to remote] http.headers 135 - http-outgoing-0 >> POST /session/2f97338cb9353a784934608e0e0e9c2e/url HTTP/1.1
08-31-2022 22:18:04 LoggingManagedHttpClientConnection.java DEBUG [Forwarding get on session 2f97338cb9353a784934608e0e0e9c2e to remote] http.headers 138 - http-outgoing-0 >> Content-Type: application/json; charset=utf-8
08-31-2022 22:18:04 LoggingManagedHttpClientConnection.java DEBUG [Forwarding get on session 2f97338cb9353a784934608e0e0e9c2e to remote] http.headers 138 - http-outgoing-0 >> Content-Length: 37
08-31-2022 22:18:04 LoggingManagedHttpClientConnection.java DEBUG [Forwarding get on session 2f97338cb9353a784934608e0e0e9c2e to remote] http.headers 138 - http-outgoing-0 >> Host: localhost:34933
08-31-2022 22:18:04 LoggingManagedHttpClientConnection.java DEBUG [Forwarding get on session 2f97338cb9353a784934608e0e0e9c2e to remote] http.headers 138 - http-outgoing-0 >> Connection: Keep-Alive
08-31-2022 22:18:04 LoggingManagedHttpClientConnection.java DEBUG [Forwarding get on session 2f97338cb9353a784934608e0e0e9c2e to remote] http.headers 138 - http-outgoing-0 >> User-Agent: Apache-HttpClient/4.5.2 (Java/11.0.12)
08-31-2022 22:18:04 LoggingManagedHttpClientConnection.java DEBUG [Forwarding get on session 2f97338cb9353a784934608e0e0e9c2e to remote] http.headers 138 - http-outgoing-0 >> Accept-Encoding: gzip,deflate
08-31-2022 22:18:04 Wire.java DEBUG [Forwarding get on session 2f97338cb9353a784934608e0e0e9c2e to remote] http.wire 72 - http-outgoing-0 >> "POST /session/2f97338cb9353a784934608e0e0e9c2e/url HTTP/1.1[\r][\n]"
08-31-2022 22:18:04 Wire.java DEBUG [Forwarding get on session 2f97338cb9353a784934608e0e0e9c2e to remote] http.wire 72 - http-outgoing-0 >> "Content-Type: application/json; charset=utf-8[\r][\n]"
08-31-2022 22:18:04 Wire.java DEBUG [Forwarding get on session 2f97338cb9353a784934608e0e0e9c2e to remote] http.wire 72 - http-outgoing-0 >> "Content-Length: 37[\r][\n]"
08-31-2022 22:18:04 Wire.java DEBUG [Forwarding get on session 2f97338cb9353a784934608e0e0e9c2e to remote] http.wire 72 - http-outgoing-0 >> "Host: localhost:34933[\r][\n]"
08-31-2022 22:18:04 Wire.java DEBUG [Forwarding get on session 2f97338cb9353a784934608e0e0e9c2e to remote] http.wire 72 - http-outgoing-0 >> "Connection: Keep-Alive[\r][\n]"
08-31-2022 22:18:04 Wire.java DEBUG [Forwarding get on session 2f97338cb9353a784934608e0e0e9c2e to remote] http.wire 72 - http-outgoing-0 >> "User-Agent: Apache-HttpClient/4.5.2 (Java/11.0.12)[\r][\n]"
08-31-2022 22:18:04 Wire.java DEBUG [Forwarding get on session 2f97338cb9353a784934608e0e0e9c2e to remote] http.wire 72 - http-outgoing-0 >> "Accept-Encoding: gzip,deflate[\r][\n]"
08-31-2022 22:18:04 Wire.java DEBUG [Forwarding get on session 2f97338cb9353a784934608e0e0e9c2e to remote] http.wire 72 - http-outgoing-0 >> "[\r][\n]"
08-31-2022 22:18:04 Wire.java DEBUG [Forwarding get on session 2f97338cb9353a784934608e0e0e9c2e to remote] http.wire 86 - http-outgoing-0 >> "{"url":"https://demo.guru99.com/V4/"}"
08-31-2022 22:18:10 Wire.java DEBUG [Forwarding get on session 2f97338cb9353a784934608e0e0e9c2e to remote] http.wire 72 - http-outgoing-0 << "HTTP/1.1 200 OK[\r][\n]"
08-31-2022 22:18:10 Wire.java DEBUG [Forwarding get on session 2f97338cb9353a784934608e0e0e9c2e to remote] http.wire 72 - http-outgoing-0 << "Content-Length:72[\r][\n]"
08-31-2022 22:18:10 Wire.java DEBUG [Forwarding get on session 2f97338cb9353a784934608e0e0e9c2e to remote] http.wire 72 - http-outgoing-0 << "Content-Type:application/json; charset=utf-8[\r][\n]"
08-31-2022 22:18:10 Wire.java DEBUG [Forwarding get on session 2f97338cb9353a784934608e0e0e9c2e to remote] http.wire 72 - http-outgoing-0 << "[\r][\n]"
08-31-2022 22:18:10 Wire.java DEBUG [Forwarding get on session 2f97338cb9353a784934608e0e0e9c2e to remote] http.wire 86 - http-outgoing-0 << "{"sessionId":"2f97338cb9353a784934608e0e0e9c2e","status":0,"value":null}"
08-31-2022 22:18:10 LoggingManagedHttpClientConnection.java DEBUG [Forwarding get on session 2f97338cb9353a784934608e0e0e9c2e to remote] http.headers 124 - http-outgoing-0 << HTTP/1.1 200 OK
08-31-2022 22:18:10 LoggingManagedHttpClientConnection.java DEBUG [Forwarding get on session 2f97338cb9353a784934608e0e0e9c2e to remote] http.headers 127 - http-outgoing-0 << Content-Length:72
08-31-2022 22:18:10 LoggingManagedHttpClientConnection.java DEBUG [Forwarding get on session 2f97338cb9353a784934608e0e0e9c2e to remote] http.headers 127 - http-outgoing-0 << Content-Type:application/json; charset=utf-8
08-31-2022 22:18:10 MainClientExec.java DEBUG [Forwarding get on session 2f97338cb9353a784934608e0e0e9c2e to remote] execchain.MainClientExec 284 - Connection can be kept alive indefinitely
08-31-2022 22:18:10 PoolingHttpClientConnectionManager.java DEBUG [Forwarding get on session 2f97338cb9353a784934608e0e0e9c2e to remote] conn.PoolingHttpClientConnectionManager 314 - Connection [id: 0][route: {}->http://localhost:34933] can be kept alive indefinitely
08-31-2022 22:18:10 PoolingHttpClientConnectionManager.java DEBUG [Forwarding get on session 2f97338cb9353a784934608e0e0e9c2e to remote] conn.PoolingHttpClientConnectionManager 320 - Connection released: [id: 0][route: {}->http://localhost:34933][total kept alive: 1; route allocated: 1 of 2000; total allocated: 1 of 2000]
08-31-2022 22:18:10 TC_LoginTest_001.java INFO  [main] e-Banking 18 - URL is opened
08-31-2022 22:18:10 RequestAddCookies.java DEBUG [Forwarding findElement on session 2f97338cb9353a784934608e0e0e9c2e to remote] protocol.RequestAddCookies 122 - CookieSpec selected: default
08-31-2022 22:18:10 RequestAuthCache.java DEBUG [Forwarding findElement on session 2f97338cb9353a784934608e0e0e9c2e to remote] protocol.RequestAuthCache 76 - Auth cache not set in the context
08-31-2022 22:18:10 PoolingHttpClientConnectionManager.java DEBUG [Forwarding findElement on session 2f97338cb9353a784934608e0e0e9c2e to remote] conn.PoolingHttpClientConnectionManager 249 - Connection request: [route: {}->http://localhost:34933][total kept alive: 1; route allocated: 1 of 2000; total allocated: 1 of 2000]
08-31-2022 22:18:10 PoolingHttpClientConnectionManager.java DEBUG [Forwarding findElement on session 2f97338cb9353a784934608e0e0e9c2e to remote] conn.PoolingHttpClientConnectionManager 282 - Connection leased: [id: 0][route: {}->http://localhost:34933][total kept alive: 0; route allocated: 1 of 2000; total allocated: 1 of 2000]
08-31-2022 22:18:10 MainClientExec.java DEBUG [Forwarding findElement on session 2f97338cb9353a784934608e0e0e9c2e to remote] execchain.MainClientExec 207 - Stale connection check
08-31-2022 22:18:10 Wire.java DEBUG [Forwarding findElement on session 2f97338cb9353a784934608e0e0e9c2e to remote] http.wire 86 - http-outgoing-0 << "[read] I/O error: Read timed out"
08-31-2022 22:18:10 LoggingManagedHttpClientConnection.java DEBUG [Forwarding findElement on session 2f97338cb9353a784934608e0e0e9c2e to remote] conn.DefaultManagedHttpClientConnection 90 - http-outgoing-0: set socket timeout to 10800000
08-31-2022 22:18:10 MainClientExec.java DEBUG [Forwarding findElement on session 2f97338cb9353a784934608e0e0e9c2e to remote] execchain.MainClientExec 255 - Executing request POST /session/2f97338cb9353a784934608e0e0e9c2e/element HTTP/1.1
08-31-2022 22:18:10 MainClientExec.java DEBUG [Forwarding findElement on session 2f97338cb9353a784934608e0e0e9c2e to remote] execchain.MainClientExec 260 - Target auth state: UNCHALLENGED
08-31-2022 22:18:10 MainClientExec.java DEBUG [Forwarding findElement on session 2f97338cb9353a784934608e0e0e9c2e to remote] execchain.MainClientExec 266 - Proxy auth state: UNCHALLENGED
08-31-2022 22:18:10 LoggingManagedHttpClientConnection.java DEBUG [Forwarding findElement on session 2f97338cb9353a784934608e0e0e9c2e to remote] http.headers 135 - http-outgoing-0 >> POST /session/2f97338cb9353a784934608e0e0e9c2e/element HTTP/1.1
08-31-2022 22:18:10 LoggingManagedHttpClientConnection.java DEBUG [Forwarding findElement on session 2f97338cb9353a784934608e0e0e9c2e to remote] http.headers 138 - http-outgoing-0 >> Content-Type: application/json; charset=utf-8
08-31-2022 22:18:10 LoggingManagedHttpClientConnection.java DEBUG [Forwarding findElement on session 2f97338cb9353a784934608e0e0e9c2e to remote] http.headers 138 - http-outgoing-0 >> Content-Length: 30
08-31-2022 22:18:10 LoggingManagedHttpClientConnection.java DEBUG [Forwarding findElement on session 2f97338cb9353a784934608e0e0e9c2e to remote] http.headers 138 - http-outgoing-0 >> Host: localhost:34933
08-31-2022 22:18:10 LoggingManagedHttpClientConnection.java DEBUG [Forwarding findElement on session 2f97338cb9353a784934608e0e0e9c2e to remote] http.headers 138 - http-outgoing-0 >> Connection: Keep-Alive
08-31-2022 22:18:10 LoggingManagedHttpClientConnection.java DEBUG [Forwarding findElement on session 2f97338cb9353a784934608e0e0e9c2e to remote] http.headers 138 - http-outgoing-0 >> User-Agent: Apache-HttpClient/4.5.2 (Java/11.0.12)
08-31-2022 22:18:10 LoggingManagedHttpClientConnection.java DEBUG [Forwarding findElement on session 2f97338cb9353a784934608e0e0e9c2e to remote] http.headers 138 - http-outgoing-0 >> Accept-Encoding: gzip,deflate
08-31-2022 22:18:10 Wire.java DEBUG [Forwarding findElement on session 2f97338cb9353a784934608e0e0e9c2e to remote] http.wire 72 - http-outgoing-0 >> "POST /session/2f97338cb9353a784934608e0e0e9c2e/element HTTP/1.1[\r][\n]"
08-31-2022 22:18:10 Wire.java DEBUG [Forwarding findElement on session 2f97338cb9353a784934608e0e0e9c2e to remote] http.wire 72 - http-outgoing-0 >> "Content-Type: application/json; charset=utf-8[\r][\n]"
08-31-2022 22:18:10 Wire.java DEBUG [Forwarding findElement on session 2f97338cb9353a784934608e0e0e9c2e to remote] http.wire 72 - http-outgoing-0 >> "Content-Length: 30[\r][\n]"
08-31-2022 22:18:10 Wire.java DEBUG [Forwarding findElement on session 2f97338cb9353a784934608e0e0e9c2e to remote] http.wire 72 - http-outgoing-0 >> "Host: localhost:34933[\r][\n]"
08-31-2022 22:18:10 Wire.java DEBUG [Forwarding findElement on session 2f97338cb9353a784934608e0e0e9c2e to remote] http.wire 72 - http-outgoing-0 >> "Connection: Keep-Alive[\r][\n]"
08-31-2022 22:18:10 Wire.java DEBUG [Forwarding findElement on session 2f97338cb9353a784934608e0e0e9c2e to remote] http.wire 72 - http-outgoing-0 >> "User-Agent: Apache-HttpClient/4.5.2 (Java/11.0.12)[\r][\n]"
08-31-2022 22:18:10 Wire.java DEBUG [Forwarding findElement on session 2f97338cb9353a784934608e0e0e9c2e to remote] http.wire 72 - http-outgoing-0 >> "Accept-Encoding: gzip,deflate[\r][\n]"
08-31-2022 22:18:10 Wire.java DEBUG [Forwarding findElement on session 2f97338cb9353a784934608e0e0e9c2e to remote] http.wire 72 - http-outgoing-0 >> "[\r][\n]"
08-31-2022 22:18:10 Wire.java DEBUG [Forwarding findElement on session 2f97338cb9353a784934608e0e0e9c2e to remote] http.wire 86 - http-outgoing-0 >> "{"using":"name","value":"uid"}"
08-31-2022 22:18:10 Wire.java DEBUG [Forwarding findElement on session 2f97338cb9353a784934608e0e0e9c2e to remote] http.wire 72 - http-outgoing-0 << "HTTP/1.1 200 OK[\r][\n]"
08-31-2022 22:18:10 Wire.java DEBUG [Forwarding findElement on session 2f97338cb9353a784934608e0e0e9c2e to remote] http.wire 72 - http-outgoing-0 << "Content-Length:102[\r][\n]"
08-31-2022 22:18:10 Wire.java DEBUG [Forwarding findElement on session 2f97338cb9353a784934608e0e0e9c2e to remote] http.wire 72 - http-outgoing-0 << "Content-Type:application/json; charset=utf-8[\r][\n]"
08-31-2022 22:18:10 Wire.java DEBUG [Forwarding findElement on session 2f97338cb9353a784934608e0e0e9c2e to remote] http.wire 72 - http-outgoing-0 << "[\r][\n]"
08-31-2022 22:18:10 Wire.java DEBUG [Forwarding findElement on session 2f97338cb9353a784934608e0e0e9c2e to remote] http.wire 86 - http-outgoing-0 << "{"sessionId":"2f97338cb9353a784934608e0e0e9c2e","status":0,"value":{"ELEMENT":"0.4288142205450427-1"}}"
08-31-2022 22:18:10 LoggingManagedHttpClientConnection.java DEBUG [Forwarding findElement on session 2f97338cb9353a784934608e0e0e9c2e to remote] http.headers 124 - http-outgoing-0 << HTTP/1.1 200 OK
08-31-2022 22:18:10 LoggingManagedHttpClientConnection.java DEBUG [Forwarding findElement on session 2f97338cb9353a784934608e0e0e9c2e to remote] http.headers 127 - http-outgoing-0 << Content-Length:102
08-31-2022 22:18:10 LoggingManagedHttpClientConnection.java DEBUG [Forwarding findElement on session 2f97338cb9353a784934608e0e0e9c2e to remote] http.headers 127 - http-outgoing-0 << Content-Type:application/json; charset=utf-8
08-31-2022 22:18:10 MainClientExec.java DEBUG [Forwarding findElement on session 2f97338cb9353a784934608e0e0e9c2e to remote] execchain.MainClientExec 284 - Connection can be kept alive indefinitely
08-31-2022 22:18:10 PoolingHttpClientConnectionManager.java DEBUG [Forwarding findElement on session 2f97338cb9353a784934608e0e0e9c2e to remote] conn.PoolingHttpClientConnectionManager 314 - Connection [id: 0][route: {}->http://localhost:34933] can be kept alive indefinitely
08-31-2022 22:18:10 PoolingHttpClientConnectionManager.java DEBUG [Forwarding findElement on session 2f97338cb9353a784934608e0e0e9c2e to remote] conn.PoolingHttpClientConnectionManager 320 - Connection released: [id: 0][route: {}->http://localhost:34933][total kept alive: 1; route allocated: 1 of 2000; total allocated: 1 of 2000]
08-31-2022 22:18:10 RequestAddCookies.java DEBUG [Forwarding sendKeysToElement on session 2f97338cb9353a784934608e0e0e9c2e to remote] protocol.RequestAddCookies 122 - CookieSpec selected: default
08-31-2022 22:18:10 RequestAuthCache.java DEBUG [Forwarding sendKeysToElement on session 2f97338cb9353a784934608e0e0e9c2e to remote] protocol.RequestAuthCache 76 - Auth cache not set in the context
08-31-2022 22:18:10 PoolingHttpClientConnectionManager.java DEBUG [Forwarding sendKeysToElement on session 2f97338cb9353a784934608e0e0e9c2e to remote] conn.PoolingHttpClientConnectionManager 249 - Connection request: [route: {}->http://localhost:34933][total kept alive: 1; route allocated: 1 of 2000; total allocated: 1 of 2000]
08-31-2022 22:18:10 PoolingHttpClientConnectionManager.java DEBUG [Forwarding sendKeysToElement on session 2f97338cb9353a784934608e0e0e9c2e to remote] conn.PoolingHttpClientConnectionManager 282 - Connection leased: [id: 0][route: {}->http://localhost:34933][total kept alive: 0; route allocated: 1 of 2000; total allocated: 1 of 2000]
08-31-2022 22:18:10 MainClientExec.java DEBUG [Forwarding sendKeysToElement on session 2f97338cb9353a784934608e0e0e9c2e to remote] execchain.MainClientExec 207 - Stale connection check
08-31-2022 22:18:10 Wire.java DEBUG [Forwarding sendKeysToElement on session 2f97338cb9353a784934608e0e0e9c2e to remote] http.wire 86 - http-outgoing-0 << "[read] I/O error: Read timed out"
08-31-2022 22:18:10 LoggingManagedHttpClientConnection.java DEBUG [Forwarding sendKeysToElement on session 2f97338cb9353a784934608e0e0e9c2e to remote] conn.DefaultManagedHttpClientConnection 90 - http-outgoing-0: set socket timeout to 10800000
08-31-2022 22:18:10 MainClientExec.java DEBUG [Forwarding sendKeysToElement on session 2f97338cb9353a784934608e0e0e9c2e to remote] execchain.MainClientExec 255 - Executing request POST /session/2f97338cb9353a784934608e0e0e9c2e/element/0.4288142205450427-1/value HTTP/1.1
08-31-2022 22:18:10 MainClientExec.java DEBUG [Forwarding sendKeysToElement on session 2f97338cb9353a784934608e0e0e9c2e to remote] execchain.MainClientExec 260 - Target auth state: UNCHALLENGED
08-31-2022 22:18:10 MainClientExec.java DEBUG [Forwarding sendKeysToElement on session 2f97338cb9353a784934608e0e0e9c2e to remote] execchain.MainClientExec 266 - Proxy auth state: UNCHALLENGED
08-31-2022 22:18:10 LoggingManagedHttpClientConnection.java DEBUG [Forwarding sendKeysToElement on session 2f97338cb9353a784934608e0e0e9c2e to remote] http.headers 135 - http-outgoing-0 >> POST /session/2f97338cb9353a784934608e0e0e9c2e/element/0.4288142205450427-1/value HTTP/1.1
08-31-2022 22:18:10 LoggingManagedHttpClientConnection.java DEBUG [Forwarding sendKeysToElement on session 2f97338cb9353a784934608e0e0e9c2e to remote] http.headers 138 - http-outgoing-0 >> Content-Type: application/json; charset=utf-8
08-31-2022 22:18:10 LoggingManagedHttpClientConnection.java DEBUG [Forwarding sendKeysToElement on session 2f97338cb9353a784934608e0e0e9c2e to remote] http.headers 138 - http-outgoing-0 >> Content-Length: 51
08-31-2022 22:18:10 LoggingManagedHttpClientConnection.java DEBUG [Forwarding sendKeysToElement on session 2f97338cb9353a784934608e0e0e9c2e to remote] http.headers 138 - http-outgoing-0 >> Host: localhost:34933
08-31-2022 22:18:10 LoggingManagedHttpClientConnection.java DEBUG [Forwarding sendKeysToElement on session 2f97338cb9353a784934608e0e0e9c2e to remote] http.headers 138 - http-outgoing-0 >> Connection: Keep-Alive
08-31-2022 22:18:10 LoggingManagedHttpClientConnection.java DEBUG [Forwarding sendKeysToElement on session 2f97338cb9353a784934608e0e0e9c2e to remote] http.headers 138 - http-outgoing-0 >> User-Agent: Apache-HttpClient/4.5.2 (Java/11.0.12)
08-31-2022 22:18:10 LoggingManagedHttpClientConnection.java DEBUG [Forwarding sendKeysToElement on session 2f97338cb9353a784934608e0e0e9c2e to remote] http.headers 138 - http-outgoing-0 >> Accept-Encoding: gzip,deflate
08-31-2022 22:18:10 Wire.java DEBUG [Forwarding sendKeysToElement on session 2f97338cb9353a784934608e0e0e9c2e to remote] http.wire 72 - http-outgoing-0 >> "POST /session/2f97338cb9353a784934608e0e0e9c2e/element/0.4288142205450427-1/value HTTP/1.1[\r][\n]"
08-31-2022 22:18:10 Wire.java DEBUG [Forwarding sendKeysToElement on session 2f97338cb9353a784934608e0e0e9c2e to remote] http.wire 72 - http-outgoing-0 >> "Content-Type: application/json; charset=utf-8[\r][\n]"
08-31-2022 22:18:10 Wire.java DEBUG [Forwarding sendKeysToElement on session 2f97338cb9353a784934608e0e0e9c2e to remote] http.wire 72 - http-outgoing-0 >> "Content-Length: 51[\r][\n]"
08-31-2022 22:18:10 Wire.java DEBUG [Forwarding sendKeysToElement on session 2f97338cb9353a784934608e0e0e9c2e to remote] http.wire 72 - http-outgoing-0 >> "Host: localhost:34933[\r][\n]"
08-31-2022 22:18:10 Wire.java DEBUG [Forwarding sendKeysToElement on session 2f97338cb9353a784934608e0e0e9c2e to remote] http.wire 72 - http-outgoing-0 >> "Connection: Keep-Alive[\r][\n]"
08-31-2022 22:18:10 Wire.java DEBUG [Forwarding sendKeysToElement on session 2f97338cb9353a784934608e0e0e9c2e to remote] http.wire 72 - http-outgoing-0 >> "User-Agent: Apache-HttpClient/4.5.2 (Java/11.0.12)[\r][\n]"
08-31-2022 22:18:10 Wire.java DEBUG [Forwarding sendKeysToElement on session 2f97338cb9353a784934608e0e0e9c2e to remote] http.wire 72 - http-outgoing-0 >> "Accept-Encoding: gzip,deflate[\r][\n]"
08-31-2022 22:18:10 Wire.java DEBUG [Forwarding sendKeysToElement on session 2f97338cb9353a784934608e0e0e9c2e to remote] http.wire 72 - http-outgoing-0 >> "[\r][\n]"
08-31-2022 22:18:10 Wire.java DEBUG [Forwarding sendKeysToElement on session 2f97338cb9353a784934608e0e0e9c2e to remote] http.wire 86 - http-outgoing-0 >> "{"id":"0.4288142205450427-1","value":["mngr26593"]}"
08-31-2022 22:18:10 Wire.java DEBUG [Forwarding sendKeysToElement on session 2f97338cb9353a784934608e0e0e9c2e to remote] http.wire 72 - http-outgoing-0 << "HTTP/1.1 200 OK[\r][\n]"
08-31-2022 22:18:10 Wire.java DEBUG [Forwarding sendKeysToElement on session 2f97338cb9353a784934608e0e0e9c2e to remote] http.wire 72 - http-outgoing-0 << "Content-Length:72[\r][\n]"
08-31-2022 22:18:10 Wire.java DEBUG [Forwarding sendKeysToElement on session 2f97338cb9353a784934608e0e0e9c2e to remote] http.wire 72 - http-outgoing-0 << "Content-Type:application/json; charset=utf-8[\r][\n]"
08-31-2022 22:18:10 Wire.java DEBUG [Forwarding sendKeysToElement on session 2f97338cb9353a784934608e0e0e9c2e to remote] http.wire 72 - http-outgoing-0 << "[\r][\n]"
08-31-2022 22:18:10 Wire.java DEBUG [Forwarding sendKeysToElement on session 2f97338cb9353a784934608e0e0e9c2e to remote] http.wire 86 - http-outgoing-0 << "{"sessionId":"2f97338cb9353a784934608e0e0e9c2e","status":0,"value":null}"
08-31-2022 22:18:10 LoggingManagedHttpClientConnection.java DEBUG [Forwarding sendKeysToElement on session 2f97338cb9353a784934608e0e0e9c2e to remote] http.headers 124 - http-outgoing-0 << HTTP/1.1 200 OK
08-31-2022 22:18:10 LoggingManagedHttpClientConnection.java DEBUG [Forwarding sendKeysToElement on session 2f97338cb9353a784934608e0e0e9c2e to remote] http.headers 127 - http-outgoing-0 << Content-Length:72
08-31-2022 22:18:10 LoggingManagedHttpClientConnection.java DEBUG [Forwarding sendKeysToElement on session 2f97338cb9353a784934608e0e0e9c2e to remote] http.headers 127 - http-outgoing-0 << Content-Type:application/json; charset=utf-8
08-31-2022 22:18:10 MainClientExec.java DEBUG [Forwarding sendKeysToElement on session 2f97338cb9353a784934608e0e0e9c2e to remote] execchain.MainClientExec 284 - Connection can be kept alive indefinitely
08-31-2022 22:18:10 PoolingHttpClientConnectionManager.java DEBUG [Forwarding sendKeysToElement on session 2f97338cb9353a784934608e0e0e9c2e to remote] conn.PoolingHttpClientConnectionManager 314 - Connection [id: 0][route: {}->http://localhost:34933] can be kept alive indefinitely
08-31-2022 22:18:10 PoolingHttpClientConnectionManager.java DEBUG [Forwarding sendKeysToElement on session 2f97338cb9353a784934608e0e0e9c2e to remote] conn.PoolingHttpClientConnectionManager 320 - Connection released: [id: 0][route: {}->http://localhost:34933][total kept alive: 1; route allocated: 1 of 2000; total allocated: 1 of 2000]
08-31-2022 22:18:10 TC_LoginTest_001.java INFO  [main] e-Banking 23 - UserName is Entered
08-31-2022 22:18:10 RequestAddCookies.java DEBUG [Forwarding findElement on session 2f97338cb9353a784934608e0e0e9c2e to remote] protocol.RequestAddCookies 122 - CookieSpec selected: default
08-31-2022 22:18:10 RequestAuthCache.java DEBUG [Forwarding findElement on session 2f97338cb9353a784934608e0e0e9c2e to remote] protocol.RequestAuthCache 76 - Auth cache not set in the context
08-31-2022 22:18:10 PoolingHttpClientConnectionManager.java DEBUG [Forwarding findElement on session 2f97338cb9353a784934608e0e0e9c2e to remote] conn.PoolingHttpClientConnectionManager 249 - Connection request: [route: {}->http://localhost:34933][total kept alive: 1; route allocated: 1 of 2000; total allocated: 1 of 2000]
08-31-2022 22:18:10 PoolingHttpClientConnectionManager.java DEBUG [Forwarding findElement on session 2f97338cb9353a784934608e0e0e9c2e to remote] conn.PoolingHttpClientConnectionManager 282 - Connection leased: [id: 0][route: {}->http://localhost:34933][total kept alive: 0; route allocated: 1 of 2000; total allocated: 1 of 2000]
08-31-2022 22:18:10 MainClientExec.java DEBUG [Forwarding findElement on session 2f97338cb9353a784934608e0e0e9c2e to remote] execchain.MainClientExec 207 - Stale connection check
08-31-2022 22:18:10 Wire.java DEBUG [Forwarding findElement on session 2f97338cb9353a784934608e0e0e9c2e to remote] http.wire 86 - http-outgoing-0 << "[read] I/O error: Read timed out"
08-31-2022 22:18:10 LoggingManagedHttpClientConnection.java DEBUG [Forwarding findElement on session 2f97338cb9353a784934608e0e0e9c2e to remote] conn.DefaultManagedHttpClientConnection 90 - http-outgoing-0: set socket timeout to 10800000
08-31-2022 22:18:10 MainClientExec.java DEBUG [Forwarding findElement on session 2f97338cb9353a784934608e0e0e9c2e to remote] execchain.MainClientExec 255 - Executing request POST /session/2f97338cb9353a784934608e0e0e9c2e/element HTTP/1.1
08-31-2022 22:18:10 MainClientExec.java DEBUG [Forwarding findElement on session 2f97338cb9353a784934608e0e0e9c2e to remote] execchain.MainClientExec 260 - Target auth state: UNCHALLENGED
08-31-2022 22:18:10 MainClientExec.java DEBUG [Forwarding findElement on session 2f97338cb9353a784934608e0e0e9c2e to remote] execchain.MainClientExec 266 - Proxy auth state: UNCHALLENGED
08-31-2022 22:18:10 LoggingManagedHttpClientConnection.java DEBUG [Forwarding findElement on session 2f97338cb9353a784934608e0e0e9c2e to remote] http.headers 135 - http-outgoing-0 >> POST /session/2f97338cb9353a784934608e0e0e9c2e/element HTTP/1.1
08-31-2022 22:18:10 LoggingManagedHttpClientConnection.java DEBUG [Forwarding findElement on session 2f97338cb9353a784934608e0e0e9c2e to remote] http.headers 138 - http-outgoing-0 >> Content-Type: application/json; charset=utf-8
08-31-2022 22:18:10 LoggingManagedHttpClientConnection.java DEBUG [Forwarding findElement on session 2f97338cb9353a784934608e0e0e9c2e to remote] http.headers 138 - http-outgoing-0 >> Content-Length: 35
08-31-2022 22:18:10 LoggingManagedHttpClientConnection.java DEBUG [Forwarding findElement on session 2f97338cb9353a784934608e0e0e9c2e to remote] http.headers 138 - http-outgoing-0 >> Host: localhost:34933
08-31-2022 22:18:10 LoggingManagedHttpClientConnection.java DEBUG [Forwarding findElement on session 2f97338cb9353a784934608e0e0e9c2e to remote] http.headers 138 - http-outgoing-0 >> Connection: Keep-Alive
08-31-2022 22:18:10 LoggingManagedHttpClientConnection.java DEBUG [Forwarding findElement on session 2f97338cb9353a784934608e0e0e9c2e to remote] http.headers 138 - http-outgoing-0 >> User-Agent: Apache-HttpClient/4.5.2 (Java/11.0.12)
08-31-2022 22:18:10 LoggingManagedHttpClientConnection.java DEBUG [Forwarding findElement on session 2f97338cb9353a784934608e0e0e9c2e to remote] http.headers 138 - http-outgoing-0 >> Accept-Encoding: gzip,deflate
08-31-2022 22:18:10 Wire.java DEBUG [Forwarding findElement on session 2f97338cb9353a784934608e0e0e9c2e to remote] http.wire 72 - http-outgoing-0 >> "POST /session/2f97338cb9353a784934608e0e0e9c2e/element HTTP/1.1[\r][\n]"
08-31-2022 22:18:10 Wire.java DEBUG [Forwarding findElement on session 2f97338cb9353a784934608e0e0e9c2e to remote] http.wire 72 - http-outgoing-0 >> "Content-Type: application/json; charset=utf-8[\r][\n]"
08-31-2022 22:18:10 Wire.java DEBUG [Forwarding findElement on session 2f97338cb9353a784934608e0e0e9c2e to remote] http.wire 72 - http-outgoing-0 >> "Content-Length: 35[\r][\n]"
08-31-2022 22:18:10 Wire.java DEBUG [Forwarding findElement on session 2f97338cb9353a784934608e0e0e9c2e to remote] http.wire 72 - http-outgoing-0 >> "Host: localhost:34933[\r][\n]"
08-31-2022 22:18:10 Wire.java DEBUG [Forwarding findElement on session 2f97338cb9353a784934608e0e0e9c2e to remote] http.wire 72 - http-outgoing-0 >> "Connection: Keep-Alive[\r][\n]"
08-31-2022 22:18:10 Wire.java DEBUG [Forwarding findElement on session 2f97338cb9353a784934608e0e0e9c2e to remote] http.wire 72 - http-outgoing-0 >> "User-Agent: Apache-HttpClient/4.5.2 (Java/11.0.12)[\r][\n]"
08-31-2022 22:18:10 Wire.java DEBUG [Forwarding findElement on session 2f97338cb9353a784934608e0e0e9c2e to remote] http.wire 72 - http-outgoing-0 >> "Accept-Encoding: gzip,deflate[\r][\n]"
08-31-2022 22:18:10 Wire.java DEBUG [Forwarding findElement on session 2f97338cb9353a784934608e0e0e9c2e to remote] http.wire 72 - http-outgoing-0 >> "[\r][\n]"
08-31-2022 22:18:10 Wire.java DEBUG [Forwarding findElement on session 2f97338cb9353a784934608e0e0e9c2e to remote] http.wire 86 - http-outgoing-0 >> "{"using":"name","value":"password"}"
08-31-2022 22:18:10 Wire.java DEBUG [Forwarding findElement on session 2f97338cb9353a784934608e0e0e9c2e to remote] http.wire 72 - http-outgoing-0 << "HTTP/1.1 200 OK[\r][\n]"
08-31-2022 22:18:10 Wire.java DEBUG [Forwarding findElement on session 2f97338cb9353a784934608e0e0e9c2e to remote] http.wire 72 - http-outgoing-0 << "Content-Length:102[\r][\n]"
08-31-2022 22:18:10 Wire.java DEBUG [Forwarding findElement on session 2f97338cb9353a784934608e0e0e9c2e to remote] http.wire 72 - http-outgoing-0 << "Content-Type:application/json; charset=utf-8[\r][\n]"
08-31-2022 22:18:10 Wire.java DEBUG [Forwarding findElement on session 2f97338cb9353a784934608e0e0e9c2e to remote] http.wire 72 - http-outgoing-0 << "[\r][\n]"
08-31-2022 22:18:10 Wire.java DEBUG [Forwarding findElement on session 2f97338cb9353a784934608e0e0e9c2e to remote] http.wire 86 - http-outgoing-0 << "{"sessionId":"2f97338cb9353a784934608e0e0e9c2e","status":0,"value":{"ELEMENT":"0.4288142205450427-3"}}"
08-31-2022 22:18:10 LoggingManagedHttpClientConnection.java DEBUG [Forwarding findElement on session 2f97338cb9353a784934608e0e0e9c2e to remote] http.headers 124 - http-outgoing-0 << HTTP/1.1 200 OK
08-31-2022 22:18:10 LoggingManagedHttpClientConnection.java DEBUG [Forwarding findElement on session 2f97338cb9353a784934608e0e0e9c2e to remote] http.headers 127 - http-outgoing-0 << Content-Length:102
08-31-2022 22:18:10 LoggingManagedHttpClientConnection.java DEBUG [Forwarding findElement on session 2f97338cb9353a784934608e0e0e9c2e to remote] http.headers 127 - http-outgoing-0 << Content-Type:application/json; charset=utf-8
08-31-2022 22:18:10 MainClientExec.java DEBUG [Forwarding findElement on session 2f97338cb9353a784934608e0e0e9c2e to remote] execchain.MainClientExec 284 - Connection can be kept alive indefinitely
08-31-2022 22:18:10 PoolingHttpClientConnectionManager.java DEBUG [Forwarding findElement on session 2f97338cb9353a784934608e0e0e9c2e to remote] conn.PoolingHttpClientConnectionManager 314 - Connection [id: 0][route: {}->http://localhost:34933] can be kept alive indefinitely
08-31-2022 22:18:10 PoolingHttpClientConnectionManager.java DEBUG [Forwarding findElement on session 2f97338cb9353a784934608e0e0e9c2e to remote] conn.PoolingHttpClientConnectionManager 320 - Connection released: [id: 0][route: {}->http://localhost:34933][total kept alive: 1; route allocated: 1 of 2000; total allocated: 1 of 2000]
08-31-2022 22:18:10 RequestAddCookies.java DEBUG [Forwarding sendKeysToElement on session 2f97338cb9353a784934608e0e0e9c2e to remote] protocol.RequestAddCookies 122 - CookieSpec selected: default
08-31-2022 22:18:10 RequestAuthCache.java DEBUG [Forwarding sendKeysToElement on session 2f97338cb9353a784934608e0e0e9c2e to remote] protocol.RequestAuthCache 76 - Auth cache not set in the context
08-31-2022 22:18:10 PoolingHttpClientConnectionManager.java DEBUG [Forwarding sendKeysToElement on session 2f97338cb9353a784934608e0e0e9c2e to remote] conn.PoolingHttpClientConnectionManager 249 - Connection request: [route: {}->http://localhost:34933][total kept alive: 1; route allocated: 1 of 2000; total allocated: 1 of 2000]
08-31-2022 22:18:10 PoolingHttpClientConnectionManager.java DEBUG [Forwarding sendKeysToElement on session 2f97338cb9353a784934608e0e0e9c2e to remote] conn.PoolingHttpClientConnectionManager 282 - Connection leased: [id: 0][route: {}->http://localhost:34933][total kept alive: 0; route allocated: 1 of 2000; total allocated: 1 of 2000]
08-31-2022 22:18:10 MainClientExec.java DEBUG [Forwarding sendKeysToElement on session 2f97338cb9353a784934608e0e0e9c2e to remote] execchain.MainClientExec 207 - Stale connection check
08-31-2022 22:18:10 Wire.java DEBUG [Forwarding sendKeysToElement on session 2f97338cb9353a784934608e0e0e9c2e to remote] http.wire 86 - http-outgoing-0 << "[read] I/O error: Read timed out"
08-31-2022 22:18:10 LoggingManagedHttpClientConnection.java DEBUG [Forwarding sendKeysToElement on session 2f97338cb9353a784934608e0e0e9c2e to remote] conn.DefaultManagedHttpClientConnection 90 - http-outgoing-0: set socket timeout to 10800000
08-31-2022 22:18:10 MainClientExec.java DEBUG [Forwarding sendKeysToElement on session 2f97338cb9353a784934608e0e0e9c2e to remote] execchain.MainClientExec 255 - Executing request POST /session/2f97338cb9353a784934608e0e0e9c2e/element/0.4288142205450427-3/value HTTP/1.1
08-31-2022 22:18:10 MainClientExec.java DEBUG [Forwarding sendKeysToElement on session 2f97338cb9353a784934608e0e0e9c2e to remote] execchain.MainClientExec 260 - Target auth state: UNCHALLENGED
08-31-2022 22:18:10 MainClientExec.java DEBUG [Forwarding sendKeysToElement on session 2f97338cb9353a784934608e0e0e9c2e to remote] execchain.MainClientExec 266 - Proxy auth state: UNCHALLENGED
08-31-2022 22:18:10 LoggingManagedHttpClientConnection.java DEBUG [Forwarding sendKeysToElement on session 2f97338cb9353a784934608e0e0e9c2e to remote] http.headers 135 - http-outgoing-0 >> POST /session/2f97338cb9353a784934608e0e0e9c2e/element/0.4288142205450427-3/value HTTP/1.1
08-31-2022 22:18:10 LoggingManagedHttpClientConnection.java DEBUG [Forwarding sendKeysToElement on session 2f97338cb9353a784934608e0e0e9c2e to remote] http.headers 138 - http-outgoing-0 >> Content-Type: application/json; charset=utf-8
08-31-2022 22:18:10 LoggingManagedHttpClientConnection.java DEBUG [Forwarding sendKeysToElement on session 2f97338cb9353a784934608e0e0e9c2e to remote] http.headers 138 - http-outgoing-0 >> Content-Length: 51
08-31-2022 22:18:10 LoggingManagedHttpClientConnection.java DEBUG [Forwarding sendKeysToElement on session 2f97338cb9353a784934608e0e0e9c2e to remote] http.headers 138 - http-outgoing-0 >> Host: localhost:34933
08-31-2022 22:18:10 LoggingManagedHttpClientConnection.java DEBUG [Forwarding sendKeysToElement on session 2f97338cb9353a784934608e0e0e9c2e to remote] http.headers 138 - http-outgoing-0 >> Connection: Keep-Alive
08-31-2022 22:18:10 LoggingManagedHttpClientConnection.java DEBUG [Forwarding sendKeysToElement on session 2f97338cb9353a784934608e0e0e9c2e to remote] http.headers 138 - http-outgoing-0 >> User-Agent: Apache-HttpClient/4.5.2 (Java/11.0.12)
08-31-2022 22:18:10 LoggingManagedHttpClientConnection.java DEBUG [Forwarding sendKeysToElement on session 2f97338cb9353a784934608e0e0e9c2e to remote] http.headers 138 - http-outgoing-0 >> Accept-Encoding: gzip,deflate
08-31-2022 22:18:10 Wire.java DEBUG [Forwarding sendKeysToElement on session 2f97338cb9353a784934608e0e0e9c2e to remote] http.wire 72 - http-outgoing-0 >> "POST /session/2f97338cb9353a784934608e0e0e9c2e/element/0.4288142205450427-3/value HTTP/1.1[\r][\n]"
08-31-2022 22:18:10 Wire.java DEBUG [Forwarding sendKeysToElement on session 2f97338cb9353a784934608e0e0e9c2e to remote] http.wire 72 - http-outgoing-0 >> "Content-Type: application/json; charset=utf-8[\r][\n]"
08-31-2022 22:18:10 Wire.java DEBUG [Forwarding sendKeysToElement on session 2f97338cb9353a784934608e0e0e9c2e to remote] http.wire 72 - http-outgoing-0 >> "Content-Length: 51[\r][\n]"
08-31-2022 22:18:10 Wire.java DEBUG [Forwarding sendKeysToElement on session 2f97338cb9353a784934608e0e0e9c2e to remote] http.wire 72 - http-outgoing-0 >> "Host: localhost:34933[\r][\n]"
08-31-2022 22:18:10 Wire.java DEBUG [Forwarding sendKeysToElement on session 2f97338cb9353a784934608e0e0e9c2e to remote] http.wire 72 - http-outgoing-0 >> "Connection: Keep-Alive[\r][\n]"
08-31-2022 22:18:10 Wire.java DEBUG [Forwarding sendKeysToElement on session 2f97338cb9353a784934608e0e0e9c2e to remote] http.wire 72 - http-outgoing-0 >> "User-Agent: Apache-HttpClient/4.5.2 (Java/11.0.12)[\r][\n]"
08-31-2022 22:18:10 Wire.java DEBUG [Forwarding sendKeysToElement on session 2f97338cb9353a784934608e0e0e9c2e to remote] http.wire 72 - http-outgoing-0 >> "Accept-Encoding: gzip,deflate[\r][\n]"
08-31-2022 22:18:10 Wire.java DEBUG [Forwarding sendKeysToElement on session 2f97338cb9353a784934608e0e0e9c2e to remote] http.wire 72 - http-outgoing-0 >> "[\r][\n]"
08-31-2022 22:18:10 Wire.java DEBUG [Forwarding sendKeysToElement on session 2f97338cb9353a784934608e0e0e9c2e to remote] http.wire 86 - http-outgoing-0 >> "{"id":"0.4288142205450427-3","value":["1299guru@"]}"
08-31-2022 22:18:11 Wire.java DEBUG [Forwarding sendKeysToElement on session 2f97338cb9353a784934608e0e0e9c2e to remote] http.wire 72 - http-outgoing-0 << "HTTP/1.1 200 OK[\r][\n]"
08-31-2022 22:18:11 Wire.java DEBUG [Forwarding sendKeysToElement on session 2f97338cb9353a784934608e0e0e9c2e to remote] http.wire 72 - http-outgoing-0 << "Content-Length:72[\r][\n]"
08-31-2022 22:18:11 Wire.java DEBUG [Forwarding sendKeysToElement on session 2f97338cb9353a784934608e0e0e9c2e to remote] http.wire 72 - http-outgoing-0 << "Content-Type:application/json; charset=utf-8[\r][\n]"
08-31-2022 22:18:11 Wire.java DEBUG [Forwarding sendKeysToElement on session 2f97338cb9353a784934608e0e0e9c2e to remote] http.wire 72 - http-outgoing-0 << "[\r][\n]"
08-31-2022 22:18:11 Wire.java DEBUG [Forwarding sendKeysToElement on session 2f97338cb9353a784934608e0e0e9c2e to remote] http.wire 86 - http-outgoing-0 << "{"sessionId":"2f97338cb9353a784934608e0e0e9c2e","status":0,"value":null}"
08-31-2022 22:18:11 LoggingManagedHttpClientConnection.java DEBUG [Forwarding sendKeysToElement on session 2f97338cb9353a784934608e0e0e9c2e to remote] http.headers 124 - http-outgoing-0 << HTTP/1.1 200 OK
08-31-2022 22:18:11 LoggingManagedHttpClientConnection.java DEBUG [Forwarding sendKeysToElement on session 2f97338cb9353a784934608e0e0e9c2e to remote] http.headers 127 - http-outgoing-0 << Content-Length:72
08-31-2022 22:18:11 LoggingManagedHttpClientConnection.java DEBUG [Forwarding sendKeysToElement on session 2f97338cb9353a784934608e0e0e9c2e to remote] http.headers 127 - http-outgoing-0 << Content-Type:application/json; charset=utf-8
08-31-2022 22:18:11 MainClientExec.java DEBUG [Forwarding sendKeysToElement on session 2f97338cb9353a784934608e0e0e9c2e to remote] execchain.MainClientExec 284 - Connection can be kept alive indefinitely
08-31-2022 22:18:11 PoolingHttpClientConnectionManager.java DEBUG [Forwarding sendKeysToElement on session 2f97338cb9353a784934608e0e0e9c2e to remote] conn.PoolingHttpClientConnectionManager 314 - Connection [id: 0][route: {}->http://localhost:34933] can be kept alive indefinitely
08-31-2022 22:18:11 PoolingHttpClientConnectionManager.java DEBUG [Forwarding sendKeysToElement on session 2f97338cb9353a784934608e0e0e9c2e to remote] conn.PoolingHttpClientConnectionManager 320 - Connection released: [id: 0][route: {}->http://localhost:34933][total kept alive: 1; route allocated: 1 of 2000; total allocated: 1 of 2000]
08-31-2022 22:18:11 TC_LoginTest_001.java INFO  [main] e-Banking 25 - Password is entered
08-31-2022 22:18:11 RequestAddCookies.java DEBUG [Forwarding findElement on session 2f97338cb9353a784934608e0e0e9c2e to remote] protocol.RequestAddCookies 122 - CookieSpec selected: default
08-31-2022 22:18:11 RequestAuthCache.java DEBUG [Forwarding findElement on session 2f97338cb9353a784934608e0e0e9c2e to remote] protocol.RequestAuthCache 76 - Auth cache not set in the context
08-31-2022 22:18:11 PoolingHttpClientConnectionManager.java DEBUG [Forwarding findElement on session 2f97338cb9353a784934608e0e0e9c2e to remote] conn.PoolingHttpClientConnectionManager 249 - Connection request: [route: {}->http://localhost:34933][total kept alive: 1; route allocated: 1 of 2000; total allocated: 1 of 2000]
08-31-2022 22:18:11 PoolingHttpClientConnectionManager.java DEBUG [Forwarding findElement on session 2f97338cb9353a784934608e0e0e9c2e to remote] conn.PoolingHttpClientConnectionManager 282 - Connection leased: [id: 0][route: {}->http://localhost:34933][total kept alive: 0; route allocated: 1 of 2000; total allocated: 1 of 2000]
08-31-2022 22:18:11 MainClientExec.java DEBUG [Forwarding findElement on session 2f97338cb9353a784934608e0e0e9c2e to remote] execchain.MainClientExec 207 - Stale connection check
08-31-2022 22:18:11 Wire.java DEBUG [Forwarding findElement on session 2f97338cb9353a784934608e0e0e9c2e to remote] http.wire 86 - http-outgoing-0 << "[read] I/O error: Read timed out"
08-31-2022 22:18:11 LoggingManagedHttpClientConnection.java DEBUG [Forwarding findElement on session 2f97338cb9353a784934608e0e0e9c2e to remote] conn.DefaultManagedHttpClientConnection 90 - http-outgoing-0: set socket timeout to 10800000
08-31-2022 22:18:11 MainClientExec.java DEBUG [Forwarding findElement on session 2f97338cb9353a784934608e0e0e9c2e to remote] execchain.MainClientExec 255 - Executing request POST /session/2f97338cb9353a784934608e0e0e9c2e/element HTTP/1.1
08-31-2022 22:18:11 MainClientExec.java DEBUG [Forwarding findElement on session 2f97338cb9353a784934608e0e0e9c2e to remote] execchain.MainClientExec 260 - Target auth state: UNCHALLENGED
08-31-2022 22:18:11 MainClientExec.java DEBUG [Forwarding findElement on session 2f97338cb9353a784934608e0e0e9c2e to remote] execchain.MainClientExec 266 - Proxy auth state: UNCHALLENGED
08-31-2022 22:18:11 LoggingManagedHttpClientConnection.java DEBUG [Forwarding findElement on session 2f97338cb9353a784934608e0e0e9c2e to remote] http.headers 135 - http-outgoing-0 >> POST /session/2f97338cb9353a784934608e0e0e9c2e/element HTTP/1.1
08-31-2022 22:18:11 LoggingManagedHttpClientConnection.java DEBUG [Forwarding findElement on session 2f97338cb9353a784934608e0e0e9c2e to remote] http.headers 138 - http-outgoing-0 >> Content-Type: application/json; charset=utf-8
08-31-2022 22:18:11 LoggingManagedHttpClientConnection.java DEBUG [Forwarding findElement on session 2f97338cb9353a784934608e0e0e9c2e to remote] http.headers 138 - http-outgoing-0 >> Content-Length: 35
08-31-2022 22:18:11 LoggingManagedHttpClientConnection.java DEBUG [Forwarding findElement on session 2f97338cb9353a784934608e0e0e9c2e to remote] http.headers 138 - http-outgoing-0 >> Host: localhost:34933
08-31-2022 22:18:11 LoggingManagedHttpClientConnection.java DEBUG [Forwarding findElement on session 2f97338cb9353a784934608e0e0e9c2e to remote] http.headers 138 - http-outgoing-0 >> Connection: Keep-Alive
08-31-2022 22:18:11 LoggingManagedHttpClientConnection.java DEBUG [Forwarding findElement on session 2f97338cb9353a784934608e0e0e9c2e to remote] http.headers 138 - http-outgoing-0 >> User-Agent: Apache-HttpClient/4.5.2 (Java/11.0.12)
08-31-2022 22:18:11 LoggingManagedHttpClientConnection.java DEBUG [Forwarding findElement on session 2f97338cb9353a784934608e0e0e9c2e to remote] http.headers 138 - http-outgoing-0 >> Accept-Encoding: gzip,deflate
08-31-2022 22:18:11 Wire.java DEBUG [Forwarding findElement on session 2f97338cb9353a784934608e0e0e9c2e to remote] http.wire 72 - http-outgoing-0 >> "POST /session/2f97338cb9353a784934608e0e0e9c2e/element HTTP/1.1[\r][\n]"
08-31-2022 22:18:11 Wire.java DEBUG [Forwarding findElement on session 2f97338cb9353a784934608e0e0e9c2e to remote] http.wire 72 - http-outgoing-0 >> "Content-Type: application/json; charset=utf-8[\r][\n]"
08-31-2022 22:18:11 Wire.java DEBUG [Forwarding findElement on session 2f97338cb9353a784934608e0e0e9c2e to remote] http.wire 72 - http-outgoing-0 >> "Content-Length: 35[\r][\n]"
08-31-2022 22:18:11 Wire.java DEBUG [Forwarding findElement on session 2f97338cb9353a784934608e0e0e9c2e to remote] http.wire 72 - http-outgoing-0 >> "Host: localhost:34933[\r][\n]"
08-31-2022 22:18:11 Wire.java DEBUG [Forwarding findElement on session 2f97338cb9353a784934608e0e0e9c2e to remote] http.wire 72 - http-outgoing-0 >> "Connection: Keep-Alive[\r][\n]"
08-31-2022 22:18:11 Wire.java DEBUG [Forwarding findElement on session 2f97338cb9353a784934608e0e0e9c2e to remote] http.wire 72 - http-outgoing-0 >> "User-Agent: Apache-HttpClient/4.5.2 (Java/11.0.12)[\r][\n]"
08-31-2022 22:18:11 Wire.java DEBUG [Forwarding findElement on session 2f97338cb9353a784934608e0e0e9c2e to remote] http.wire 72 - http-outgoing-0 >> "Accept-Encoding: gzip,deflate[\r][\n]"
08-31-2022 22:18:11 Wire.java DEBUG [Forwarding findElement on session 2f97338cb9353a784934608e0e0e9c2e to remote] http.wire 72 - http-outgoing-0 >> "[\r][\n]"
08-31-2022 22:18:11 Wire.java DEBUG [Forwarding findElement on session 2f97338cb9353a784934608e0e0e9c2e to remote] http.wire 86 - http-outgoing-0 >> "{"using":"name","value":"btnLogin"}"
08-31-2022 22:18:11 Wire.java DEBUG [Forwarding findElement on session 2f97338cb9353a784934608e0e0e9c2e to remote] http.wire 72 - http-outgoing-0 << "HTTP/1.1 200 OK[\r][\n]"
08-31-2022 22:18:11 Wire.java DEBUG [Forwarding findElement on session 2f97338cb9353a784934608e0e0e9c2e to remote] http.wire 72 - http-outgoing-0 << "Content-Length:102[\r][\n]"
08-31-2022 22:18:11 Wire.java DEBUG [Forwarding findElement on session 2f97338cb9353a784934608e0e0e9c2e to remote] http.wire 72 - http-outgoing-0 << "Content-Type:application/json; charset=utf-8[\r][\n]"
08-31-2022 22:18:11 Wire.java DEBUG [Forwarding findElement on session 2f97338cb9353a784934608e0e0e9c2e to remote] http.wire 72 - http-outgoing-0 << "[\r][\n]"
08-31-2022 22:18:11 Wire.java DEBUG [Forwarding findElement on session 2f97338cb9353a784934608e0e0e9c2e to remote] http.wire 86 - http-outgoing-0 << "{"sessionId":"2f97338cb9353a784934608e0e0e9c2e","status":0,"value":{"ELEMENT":"0.4288142205450427-4"}}"
08-31-2022 22:18:11 LoggingManagedHttpClientConnection.java DEBUG [Forwarding findElement on session 2f97338cb9353a784934608e0e0e9c2e to remote] http.headers 124 - http-outgoing-0 << HTTP/1.1 200 OK
08-31-2022 22:18:11 LoggingManagedHttpClientConnection.java DEBUG [Forwarding findElement on session 2f97338cb9353a784934608e0e0e9c2e to remote] http.headers 127 - http-outgoing-0 << Content-Length:102
08-31-2022 22:18:11 LoggingManagedHttpClientConnection.java DEBUG [Forwarding findElement on session 2f97338cb9353a784934608e0e0e9c2e to remote] http.headers 127 - http-outgoing-0 << Content-Type:application/json; charset=utf-8
08-31-2022 22:18:11 MainClientExec.java DEBUG [Forwarding findElement on session 2f97338cb9353a784934608e0e0e9c2e to remote] execchain.MainClientExec 284 - Connection can be kept alive indefinitely
08-31-2022 22:18:11 PoolingHttpClientConnectionManager.java DEBUG [Forwarding findElement on session 2f97338cb9353a784934608e0e0e9c2e to remote] conn.PoolingHttpClientConnectionManager 314 - Connection [id: 0][route: {}->http://localhost:34933] can be kept alive indefinitely
08-31-2022 22:18:11 PoolingHttpClientConnectionManager.java DEBUG [Forwarding findElement on session 2f97338cb9353a784934608e0e0e9c2e to remote] conn.PoolingHttpClientConnectionManager 320 - Connection released: [id: 0][route: {}->http://localhost:34933][total kept alive: 1; route allocated: 1 of 2000; total allocated: 1 of 2000]
08-31-2022 22:18:11 RequestAddCookies.java DEBUG [Forwarding clickElement on session 2f97338cb9353a784934608e0e0e9c2e to remote] protocol.RequestAddCookies 122 - CookieSpec selected: default
08-31-2022 22:18:11 RequestAuthCache.java DEBUG [Forwarding clickElement on session 2f97338cb9353a784934608e0e0e9c2e to remote] protocol.RequestAuthCache 76 - Auth cache not set in the context
08-31-2022 22:18:11 PoolingHttpClientConnectionManager.java DEBUG [Forwarding clickElement on session 2f97338cb9353a784934608e0e0e9c2e to remote] conn.PoolingHttpClientConnectionManager 249 - Connection request: [route: {}->http://localhost:34933][total kept alive: 1; route allocated: 1 of 2000; total allocated: 1 of 2000]
08-31-2022 22:18:11 PoolingHttpClientConnectionManager.java DEBUG [Forwarding clickElement on session 2f97338cb9353a784934608e0e0e9c2e to remote] conn.PoolingHttpClientConnectionManager 282 - Connection leased: [id: 0][route: {}->http://localhost:34933][total kept alive: 0; route allocated: 1 of 2000; total allocated: 1 of 2000]
08-31-2022 22:18:11 MainClientExec.java DEBUG [Forwarding clickElement on session 2f97338cb9353a784934608e0e0e9c2e to remote] execchain.MainClientExec 207 - Stale connection check
08-31-2022 22:18:11 Wire.java DEBUG [Forwarding clickElement on session 2f97338cb9353a784934608e0e0e9c2e to remote] http.wire 86 - http-outgoing-0 << "[read] I/O error: Read timed out"
08-31-2022 22:18:11 LoggingManagedHttpClientConnection.java DEBUG [Forwarding clickElement on session 2f97338cb9353a784934608e0e0e9c2e to remote] conn.DefaultManagedHttpClientConnection 90 - http-outgoing-0: set socket timeout to 10800000
08-31-2022 22:18:11 MainClientExec.java DEBUG [Forwarding clickElement on session 2f97338cb9353a784934608e0e0e9c2e to remote] execchain.MainClientExec 255 - Executing request POST /session/2f97338cb9353a784934608e0e0e9c2e/element/0.4288142205450427-4/click HTTP/1.1
08-31-2022 22:18:11 MainClientExec.java DEBUG [Forwarding clickElement on session 2f97338cb9353a784934608e0e0e9c2e to remote] execchain.MainClientExec 260 - Target auth state: UNCHALLENGED
08-31-2022 22:18:11 MainClientExec.java DEBUG [Forwarding clickElement on session 2f97338cb9353a784934608e0e0e9c2e to remote] execchain.MainClientExec 266 - Proxy auth state: UNCHALLENGED
08-31-2022 22:18:11 LoggingManagedHttpClientConnection.java DEBUG [Forwarding clickElement on session 2f97338cb9353a784934608e0e0e9c2e to remote] http.headers 135 - http-outgoing-0 >> POST /session/2f97338cb9353a784934608e0e0e9c2e/element/0.4288142205450427-4/click HTTP/1.1
08-31-2022 22:18:11 LoggingManagedHttpClientConnection.java DEBUG [Forwarding clickElement on session 2f97338cb9353a784934608e0e0e9c2e to remote] http.headers 138 - http-outgoing-0 >> Content-Type: application/json; charset=utf-8
08-31-2022 22:18:11 LoggingManagedHttpClientConnection.java DEBUG [Forwarding clickElement on session 2f97338cb9353a784934608e0e0e9c2e to remote] http.headers 138 - http-outgoing-0 >> Content-Length: 29
08-31-2022 22:18:11 LoggingManagedHttpClientConnection.java DEBUG [Forwarding clickElement on session 2f97338cb9353a784934608e0e0e9c2e to remote] http.headers 138 - http-outgoing-0 >> Host: localhost:34933
08-31-2022 22:18:11 LoggingManagedHttpClientConnection.java DEBUG [Forwarding clickElement on session 2f97338cb9353a784934608e0e0e9c2e to remote] http.headers 138 - http-outgoing-0 >> Connection: Keep-Alive
08-31-2022 22:18:11 LoggingManagedHttpClientConnection.java DEBUG [Forwarding clickElement on session 2f97338cb9353a784934608e0e0e9c2e to remote] http.headers 138 - http-outgoing-0 >> User-Agent: Apache-HttpClient/4.5.2 (Java/11.0.12)
08-31-2022 22:18:11 LoggingManagedHttpClientConnection.java DEBUG [Forwarding clickElement on session 2f97338cb9353a784934608e0e0e9c2e to remote] http.headers 138 - http-outgoing-0 >> Accept-Encoding: gzip,deflate
08-31-2022 22:18:11 Wire.java DEBUG [Forwarding clickElement on session 2f97338cb9353a784934608e0e0e9c2e to remote] http.wire 72 - http-outgoing-0 >> "POST /session/2f97338cb9353a784934608e0e0e9c2e/element/0.4288142205450427-4/click HTTP/1.1[\r][\n]"
08-31-2022 22:18:11 Wire.java DEBUG [Forwarding clickElement on session 2f97338cb9353a784934608e0e0e9c2e to remote] http.wire 72 - http-outgoing-0 >> "Content-Type: application/json; charset=utf-8[\r][\n]"
08-31-2022 22:18:11 Wire.java DEBUG [Forwarding clickElement on session 2f97338cb9353a784934608e0e0e9c2e to remote] http.wire 72 - http-outgoing-0 >> "Content-Length: 29[\r][\n]"
08-31-2022 22:18:11 Wire.java DEBUG [Forwarding clickElement on session 2f97338cb9353a784934608e0e0e9c2e to remote] http.wire 72 - http-outgoing-0 >> "Host: localhost:34933[\r][\n]"
08-31-2022 22:18:11 Wire.java DEBUG [Forwarding clickElement on session 2f97338cb9353a784934608e0e0e9c2e to remote] http.wire 72 - http-outgoing-0 >> "Connection: Keep-Alive[\r][\n]"
08-31-2022 22:18:11 Wire.java DEBUG [Forwarding clickElement on session 2f97338cb9353a784934608e0e0e9c2e to remote] http.wire 72 - http-outgoing-0 >> "User-Agent: Apache-HttpClient/4.5.2 (Java/11.0.12)[\r][\n]"
08-31-2022 22:18:11 Wire.java DEBUG [Forwarding clickElement on session 2f97338cb9353a784934608e0e0e9c2e to remote] http.wire 72 - http-outgoing-0 >> "Accept-Encoding: gzip,deflate[\r][\n]"
08-31-2022 22:18:11 Wire.java DEBUG [Forwarding clickElement on session 2f97338cb9353a784934608e0e0e9c2e to remote] http.wire 72 - http-outgoing-0 >> "[\r][\n]"
08-31-2022 22:18:11 Wire.java DEBUG [Forwarding clickElement on session 2f97338cb9353a784934608e0e0e9c2e to remote] http.wire 86 - http-outgoing-0 >> "{"id":"0.4288142205450427-4"}"
08-31-2022 22:18:13 Wire.java DEBUG [Forwarding clickElement on session 2f97338cb9353a784934608e0e0e9c2e to remote] http.wire 72 - http-outgoing-0 << "HTTP/1.1 200 OK[\r][\n]"
08-31-2022 22:18:13 Wire.java DEBUG [Forwarding clickElement on session 2f97338cb9353a784934608e0e0e9c2e to remote] http.wire 72 - http-outgoing-0 << "Content-Length:72[\r][\n]"
08-31-2022 22:18:13 Wire.java DEBUG [Forwarding clickElement on session 2f97338cb9353a784934608e0e0e9c2e to remote] http.wire 72 - http-outgoing-0 << "Content-Type:application/json; charset=utf-8[\r][\n]"
08-31-2022 22:18:13 Wire.java DEBUG [Forwarding clickElement on session 2f97338cb9353a784934608e0e0e9c2e to remote] http.wire 72 - http-outgoing-0 << "[\r][\n]"
08-31-2022 22:18:13 Wire.java DEBUG [Forwarding clickElement on session 2f97338cb9353a784934608e0e0e9c2e to remote] http.wire 86 - http-outgoing-0 << "{"sessionId":"2f97338cb9353a784934608e0e0e9c2e","status":0,"value":null}"
08-31-2022 22:18:13 LoggingManagedHttpClientConnection.java DEBUG [Forwarding clickElement on session 2f97338cb9353a784934608e0e0e9c2e to remote] http.headers 124 - http-outgoing-0 << HTTP/1.1 200 OK
08-31-2022 22:18:13 LoggingManagedHttpClientConnection.java DEBUG [Forwarding clickElement on session 2f97338cb9353a784934608e0e0e9c2e to remote] http.headers 127 - http-outgoing-0 << Content-Length:72
08-31-2022 22:18:13 LoggingManagedHttpClientConnection.java DEBUG [Forwarding clickElement on session 2f97338cb9353a784934608e0e0e9c2e to remote] http.headers 127 - http-outgoing-0 << Content-Type:application/json; charset=utf-8
08-31-2022 22:18:13 MainClientExec.java DEBUG [Forwarding clickElement on session 2f97338cb9353a784934608e0e0e9c2e to remote] execchain.MainClientExec 284 - Connection can be kept alive indefinitely
08-31-2022 22:18:13 PoolingHttpClientConnectionManager.java DEBUG [Forwarding clickElement on session 2f97338cb9353a784934608e0e0e9c2e to remote] conn.PoolingHttpClientConnectionManager 314 - Connection [id: 0][route: {}->http://localhost:34933] can be kept alive indefinitely
08-31-2022 22:18:13 PoolingHttpClientConnectionManager.java DEBUG [Forwarding clickElement on session 2f97338cb9353a784934608e0e0e9c2e to remote] conn.PoolingHttpClientConnectionManager 320 - Connection released: [id: 0][route: {}->http://localhost:34933][total kept alive: 1; route allocated: 1 of 2000; total allocated: 1 of 2000]
08-31-2022 22:18:13 TC_LoginTest_001.java INFO  [main] e-Banking 27 - Button clicked
08-31-2022 22:18:13 RequestAddCookies.java DEBUG [Forwarding getTitle on session 2f97338cb9353a784934608e0e0e9c2e to remote] protocol.RequestAddCookies 122 - CookieSpec selected: default
08-31-2022 22:18:13 RequestAuthCache.java DEBUG [Forwarding getTitle on session 2f97338cb9353a784934608e0e0e9c2e to remote] protocol.RequestAuthCache 76 - Auth cache not set in the context
08-31-2022 22:18:13 PoolingHttpClientConnectionManager.java DEBUG [Forwarding getTitle on session 2f97338cb9353a784934608e0e0e9c2e to remote] conn.PoolingHttpClientConnectionManager 249 - Connection request: [route: {}->http://localhost:34933][total kept alive: 1; route allocated: 1 of 2000; total allocated: 1 of 2000]
08-31-2022 22:18:13 PoolingHttpClientConnectionManager.java DEBUG [Forwarding getTitle on session 2f97338cb9353a784934608e0e0e9c2e to remote] conn.PoolingHttpClientConnectionManager 282 - Connection leased: [id: 0][route: {}->http://localhost:34933][total kept alive: 0; route allocated: 1 of 2000; total allocated: 1 of 2000]
08-31-2022 22:18:13 MainClientExec.java DEBUG [Forwarding getTitle on session 2f97338cb9353a784934608e0e0e9c2e to remote] execchain.MainClientExec 207 - Stale connection check
08-31-2022 22:18:13 Wire.java DEBUG [Forwarding getTitle on session 2f97338cb9353a784934608e0e0e9c2e to remote] http.wire 86 - http-outgoing-0 << "[read] I/O error: Read timed out"
08-31-2022 22:18:13 LoggingManagedHttpClientConnection.java DEBUG [Forwarding getTitle on session 2f97338cb9353a784934608e0e0e9c2e to remote] conn.DefaultManagedHttpClientConnection 90 - http-outgoing-0: set socket timeout to 10800000
08-31-2022 22:18:13 MainClientExec.java DEBUG [Forwarding getTitle on session 2f97338cb9353a784934608e0e0e9c2e to remote] execchain.MainClientExec 255 - Executing request GET /session/2f97338cb9353a784934608e0e0e9c2e/title HTTP/1.1
08-31-2022 22:18:13 MainClientExec.java DEBUG [Forwarding getTitle on session 2f97338cb9353a784934608e0e0e9c2e to remote] execchain.MainClientExec 260 - Target auth state: UNCHALLENGED
08-31-2022 22:18:13 MainClientExec.java DEBUG [Forwarding getTitle on session 2f97338cb9353a784934608e0e0e9c2e to remote] execchain.MainClientExec 266 - Proxy auth state: UNCHALLENGED
08-31-2022 22:18:13 LoggingManagedHttpClientConnection.java DEBUG [Forwarding getTitle on session 2f97338cb9353a784934608e0e0e9c2e to remote] http.headers 135 - http-outgoing-0 >> GET /session/2f97338cb9353a784934608e0e0e9c2e/title HTTP/1.1
08-31-2022 22:18:13 LoggingManagedHttpClientConnection.java DEBUG [Forwarding getTitle on session 2f97338cb9353a784934608e0e0e9c2e to remote] http.headers 138 - http-outgoing-0 >> Cache-Control: no-cache
08-31-2022 22:18:13 LoggingManagedHttpClientConnection.java DEBUG [Forwarding getTitle on session 2f97338cb9353a784934608e0e0e9c2e to remote] http.headers 138 - http-outgoing-0 >> Host: localhost:34933
08-31-2022 22:18:13 LoggingManagedHttpClientConnection.java DEBUG [Forwarding getTitle on session 2f97338cb9353a784934608e0e0e9c2e to remote] http.headers 138 - http-outgoing-0 >> Connection: Keep-Alive
08-31-2022 22:18:13 LoggingManagedHttpClientConnection.java DEBUG [Forwarding getTitle on session 2f97338cb9353a784934608e0e0e9c2e to remote] http.headers 138 - http-outgoing-0 >> User-Agent: Apache-HttpClient/4.5.2 (Java/11.0.12)
08-31-2022 22:18:13 LoggingManagedHttpClientConnection.java DEBUG [Forwarding getTitle on session 2f97338cb9353a784934608e0e0e9c2e to remote] http.headers 138 - http-outgoing-0 >> Accept-Encoding: gzip,deflate
08-31-2022 22:18:13 Wire.java DEBUG [Forwarding getTitle on session 2f97338cb9353a784934608e0e0e9c2e to remote] http.wire 72 - http-outgoing-0 >> "GET /session/2f97338cb9353a784934608e0e0e9c2e/title HTTP/1.1[\r][\n]"
08-31-2022 22:18:13 Wire.java DEBUG [Forwarding getTitle on session 2f97338cb9353a784934608e0e0e9c2e to remote] http.wire 72 - http-outgoing-0 >> "Cache-Control: no-cache[\r][\n]"
08-31-2022 22:18:13 Wire.java DEBUG [Forwarding getTitle on session 2f97338cb9353a784934608e0e0e9c2e to remote] http.wire 72 - http-outgoing-0 >> "Host: localhost:34933[\r][\n]"
08-31-2022 22:18:13 Wire.java DEBUG [Forwarding getTitle on session 2f97338cb9353a784934608e0e0e9c2e to remote] http.wire 72 - http-outgoing-0 >> "Connection: Keep-Alive[\r][\n]"
08-31-2022 22:18:13 Wire.java DEBUG [Forwarding getTitle on session 2f97338cb9353a784934608e0e0e9c2e to remote] http.wire 72 - http-outgoing-0 >> "User-Agent: Apache-HttpClient/4.5.2 (Java/11.0.12)[\r][\n]"
08-31-2022 22:18:13 Wire.java DEBUG [Forwarding getTitle on session 2f97338cb9353a784934608e0e0e9c2e to remote] http.wire 72 - http-outgoing-0 >> "Accept-Encoding: gzip,deflate[\r][\n]"
08-31-2022 22:18:13 Wire.java DEBUG [Forwarding getTitle on session 2f97338cb9353a784934608e0e0e9c2e to remote] http.wire 72 - http-outgoing-0 >> "[\r][\n]"
08-31-2022 22:18:13 Wire.java DEBUG [Forwarding getTitle on session 2f97338cb9353a784934608e0e0e9c2e to remote] http.wire 72 - http-outgoing-0 << "HTTP/1.1 200 OK[\r][\n]"
08-31-2022 22:18:13 Wire.java DEBUG [Forwarding getTitle on session 2f97338cb9353a784934608e0e0e9c2e to remote] http.wire 72 - http-outgoing-0 << "Content-Length:98[\r][\n]"
08-31-2022 22:18:13 Wire.java DEBUG [Forwarding getTitle on session 2f97338cb9353a784934608e0e0e9c2e to remote] http.wire 72 - http-outgoing-0 << "Content-Type:application/json; charset=utf-8[\r][\n]"
08-31-2022 22:18:13 Wire.java DEBUG [Forwarding getTitle on session 2f97338cb9353a784934608e0e0e9c2e to remote] http.wire 72 - http-outgoing-0 << "[\r][\n]"
08-31-2022 22:18:13 Wire.java DEBUG [Forwarding getTitle on session 2f97338cb9353a784934608e0e0e9c2e to remote] http.wire 86 - http-outgoing-0 << "{"sessionId":"2f97338cb9353a784934608e0e0e9c2e","status":0,"value":"Guru99 Bank Manager HomePage"}"
08-31-2022 22:18:13 LoggingManagedHttpClientConnection.java DEBUG [Forwarding getTitle on session 2f97338cb9353a784934608e0e0e9c2e to remote] http.headers 124 - http-outgoing-0 << HTTP/1.1 200 OK
08-31-2022 22:18:13 LoggingManagedHttpClientConnection.java DEBUG [Forwarding getTitle on session 2f97338cb9353a784934608e0e0e9c2e to remote] http.headers 127 - http-outgoing-0 << Content-Length:98
08-31-2022 22:18:13 LoggingManagedHttpClientConnection.java DEBUG [Forwarding getTitle on session 2f97338cb9353a784934608e0e0e9c2e to remote] http.headers 127 - http-outgoing-0 << Content-Type:application/json; charset=utf-8
08-31-2022 22:18:13 MainClientExec.java DEBUG [Forwarding getTitle on session 2f97338cb9353a784934608e0e0e9c2e to remote] execchain.MainClientExec 284 - Connection can be kept alive indefinitely
08-31-2022 22:18:13 PoolingHttpClientConnectionManager.java DEBUG [Forwarding getTitle on session 2f97338cb9353a784934608e0e0e9c2e to remote] conn.PoolingHttpClientConnectionManager 314 - Connection [id: 0][route: {}->http://localhost:34933] can be kept alive indefinitely
08-31-2022 22:18:13 PoolingHttpClientConnectionManager.java DEBUG [Forwarding getTitle on session 2f97338cb9353a784934608e0e0e9c2e to remote] conn.PoolingHttpClientConnectionManager 320 - Connection released: [id: 0][route: {}->http://localhost:34933][total kept alive: 1; route allocated: 1 of 2000; total allocated: 1 of 2000]
Test Passed
]]></system-out>
    <system-err><![CDATA[SLF4J: Failed to load class "org.slf4j.impl.StaticLoggerBinder".
SLF4J: Defaulting to no-operation (NOP) logger implementation
SLF4J: See http://www.slf4j.org/codes.html#StaticLoggerBinder for further details.
Starting ChromeDriver 104.0.5112.79 (3cf3e8c8a07d104b9e1260c910efb8f383285dc5-refs/branch-heads/5112@{#1307}) on port 34933
Only local connections are allowed.
Please see https://chromedriver.chromium.org/security-considerations for suggestions on keeping ChromeDriver safe.
ChromeDriver was started successfully.
Aug. 31, 2022 10:18:02 P.M. org.openqa.selenium.remote.ProtocolHandshake createSession
INFO: Attempting bi-dialect session, assuming Postel's Law holds true on the remote end
Aug. 31, 2022 10:18:03 P.M. org.openqa.selenium.remote.ProtocolHandshake createSession
INFO: Falling back to original OSS JSON Wire Protocol.
Aug. 31, 2022 10:18:04 P.M. org.openqa.selenium.remote.ProtocolHandshake createSession
INFO: Detected dialect: OSS
]]></system-err>
  </testcase>
  <testcase name="addNewCustomer" classname="com.inetBanking.testCases.TC_AddCustomerTest_003" time="12.649">
    <system-out><![CDATA[08-31-2022 22:18:13 RequestAddCookies.java DEBUG [Forwarding quit on session 2f97338cb9353a784934608e0e0e9c2e to remote] protocol.RequestAddCookies 122 - CookieSpec selected: default
08-31-2022 22:18:13 RequestAuthCache.java DEBUG [Forwarding quit on session 2f97338cb9353a784934608e0e0e9c2e to remote] protocol.RequestAuthCache 76 - Auth cache not set in the context
08-31-2022 22:18:13 PoolingHttpClientConnectionManager.java DEBUG [Forwarding quit on session 2f97338cb9353a784934608e0e0e9c2e to remote] conn.PoolingHttpClientConnectionManager 249 - Connection request: [route: {}->http://localhost:34933][total kept alive: 1; route allocated: 1 of 2000; total allocated: 1 of 2000]
08-31-2022 22:18:13 PoolingHttpClientConnectionManager.java DEBUG [Forwarding quit on session 2f97338cb9353a784934608e0e0e9c2e to remote] conn.PoolingHttpClientConnectionManager 282 - Connection leased: [id: 0][route: {}->http://localhost:34933][total kept alive: 0; route allocated: 1 of 2000; total allocated: 1 of 2000]
08-31-2022 22:18:13 MainClientExec.java DEBUG [Forwarding quit on session 2f97338cb9353a784934608e0e0e9c2e to remote] execchain.MainClientExec 207 - Stale connection check
08-31-2022 22:18:13 Wire.java DEBUG [Forwarding quit on session 2f97338cb9353a784934608e0e0e9c2e to remote] http.wire 86 - http-outgoing-0 << "[read] I/O error: Read timed out"
08-31-2022 22:18:13 LoggingManagedHttpClientConnection.java DEBUG [Forwarding quit on session 2f97338cb9353a784934608e0e0e9c2e to remote] conn.DefaultManagedHttpClientConnection 90 - http-outgoing-0: set socket timeout to 10800000
08-31-2022 22:18:13 MainClientExec.java DEBUG [Forwarding quit on session 2f97338cb9353a784934608e0e0e9c2e to remote] execchain.MainClientExec 255 - Executing request DELETE /session/2f97338cb9353a784934608e0e0e9c2e HTTP/1.1
08-31-2022 22:18:13 MainClientExec.java DEBUG [Forwarding quit on session 2f97338cb9353a784934608e0e0e9c2e to remote] execchain.MainClientExec 260 - Target auth state: UNCHALLENGED
08-31-2022 22:18:13 MainClientExec.java DEBUG [Forwarding quit on session 2f97338cb9353a784934608e0e0e9c2e to remote] execchain.MainClientExec 266 - Proxy auth state: UNCHALLENGED
08-31-2022 22:18:13 LoggingManagedHttpClientConnection.java DEBUG [Forwarding quit on session 2f97338cb9353a784934608e0e0e9c2e to remote] http.headers 135 - http-outgoing-0 >> DELETE /session/2f97338cb9353a784934608e0e0e9c2e HTTP/1.1
08-31-2022 22:18:13 LoggingManagedHttpClientConnection.java DEBUG [Forwarding quit on session 2f97338cb9353a784934608e0e0e9c2e to remote] http.headers 138 - http-outgoing-0 >> Host: localhost:34933
08-31-2022 22:18:13 LoggingManagedHttpClientConnection.java DEBUG [Forwarding quit on session 2f97338cb9353a784934608e0e0e9c2e to remote] http.headers 138 - http-outgoing-0 >> Connection: Keep-Alive
08-31-2022 22:18:13 LoggingManagedHttpClientConnection.java DEBUG [Forwarding quit on session 2f97338cb9353a784934608e0e0e9c2e to remote] http.headers 138 - http-outgoing-0 >> User-Agent: Apache-HttpClient/4.5.2 (Java/11.0.12)
08-31-2022 22:18:13 LoggingManagedHttpClientConnection.java DEBUG [Forwarding quit on session 2f97338cb9353a784934608e0e0e9c2e to remote] http.headers 138 - http-outgoing-0 >> Accept-Encoding: gzip,deflate
08-31-2022 22:18:13 Wire.java DEBUG [Forwarding quit on session 2f97338cb9353a784934608e0e0e9c2e to remote] http.wire 72 - http-outgoing-0 >> "DELETE /session/2f97338cb9353a784934608e0e0e9c2e HTTP/1.1[\r][\n]"
08-31-2022 22:18:13 Wire.java DEBUG [Forwarding quit on session 2f97338cb9353a784934608e0e0e9c2e to remote] http.wire 72 - http-outgoing-0 >> "Host: localhost:34933[\r][\n]"
08-31-2022 22:18:13 Wire.java DEBUG [Forwarding quit on session 2f97338cb9353a784934608e0e0e9c2e to remote] http.wire 72 - http-outgoing-0 >> "Connection: Keep-Alive[\r][\n]"
08-31-2022 22:18:13 Wire.java DEBUG [Forwarding quit on session 2f97338cb9353a784934608e0e0e9c2e to remote] http.wire 72 - http-outgoing-0 >> "User-Agent: Apache-HttpClient/4.5.2 (Java/11.0.12)[\r][\n]"
08-31-2022 22:18:13 Wire.java DEBUG [Forwarding quit on session 2f97338cb9353a784934608e0e0e9c2e to remote] http.wire 72 - http-outgoing-0 >> "Accept-Encoding: gzip,deflate[\r][\n]"
08-31-2022 22:18:13 Wire.java DEBUG [Forwarding quit on session 2f97338cb9353a784934608e0e0e9c2e to remote] http.wire 72 - http-outgoing-0 >> "[\r][\n]"
08-31-2022 22:18:13 Wire.java DEBUG [Forwarding quit on session 2f97338cb9353a784934608e0e0e9c2e to remote] http.wire 72 - http-outgoing-0 << "HTTP/1.1 200 OK[\r][\n]"
08-31-2022 22:18:13 Wire.java DEBUG [Forwarding quit on session 2f97338cb9353a784934608e0e0e9c2e to remote] http.wire 72 - http-outgoing-0 << "Content-Length:72[\r][\n]"
08-31-2022 22:18:13 Wire.java DEBUG [Forwarding quit on session 2f97338cb9353a784934608e0e0e9c2e to remote] http.wire 72 - http-outgoing-0 << "Content-Type:application/json; charset=utf-8[\r][\n]"
08-31-2022 22:18:13 Wire.java DEBUG [Forwarding quit on session 2f97338cb9353a784934608e0e0e9c2e to remote] http.wire 72 - http-outgoing-0 << "[\r][\n]"
08-31-2022 22:18:13 Wire.java DEBUG [Forwarding quit on session 2f97338cb9353a784934608e0e0e9c2e to remote] http.wire 86 - http-outgoing-0 << "{"sessionId":"2f97338cb9353a784934608e0e0e9c2e","status":0,"value":null}"
08-31-2022 22:18:13 LoggingManagedHttpClientConnection.java DEBUG [Forwarding quit on session 2f97338cb9353a784934608e0e0e9c2e to remote] http.headers 124 - http-outgoing-0 << HTTP/1.1 200 OK
08-31-2022 22:18:13 LoggingManagedHttpClientConnection.java DEBUG [Forwarding quit on session 2f97338cb9353a784934608e0e0e9c2e to remote] http.headers 127 - http-outgoing-0 << Content-Length:72
08-31-2022 22:18:13 LoggingManagedHttpClientConnection.java DEBUG [Forwarding quit on session 2f97338cb9353a784934608e0e0e9c2e to remote] http.headers 127 - http-outgoing-0 << Content-Type:application/json; charset=utf-8
08-31-2022 22:18:13 MainClientExec.java DEBUG [Forwarding quit on session 2f97338cb9353a784934608e0e0e9c2e to remote] execchain.MainClientExec 284 - Connection can be kept alive indefinitely
08-31-2022 22:18:13 PoolingHttpClientConnectionManager.java DEBUG [Forwarding quit on session 2f97338cb9353a784934608e0e0e9c2e to remote] conn.PoolingHttpClientConnectionManager 314 - Connection [id: 0][route: {}->http://localhost:34933] can be kept alive indefinitely
08-31-2022 22:18:13 PoolingHttpClientConnectionManager.java DEBUG [Forwarding quit on session 2f97338cb9353a784934608e0e0e9c2e to remote] conn.PoolingHttpClientConnectionManager 320 - Connection released: [id: 0][route: {}->http://localhost:34933][total kept alive: 1; route allocated: 1 of 2000; total allocated: 1 of 2000]
08-31-2022 22:18:13 PoolingHttpClientConnectionManager.java DEBUG [Forwarding quit on session 2f97338cb9353a784934608e0e0e9c2e to remote] conn.PoolingHttpClientConnectionManager 401 - Closing connections idle longer than 0 SECONDS
08-31-2022 22:18:13 LoggingManagedHttpClientConnection.java DEBUG [Forwarding quit on session 2f97338cb9353a784934608e0e0e9c2e to remote] conn.DefaultManagedHttpClientConnection 81 - http-outgoing-0: Close connection
08-31-2022 22:18:15 RequestAddCookies.java DEBUG [Forwarding newSession on session null to remote] protocol.RequestAddCookies 122 - CookieSpec selected: default
08-31-2022 22:18:15 RequestAuthCache.java DEBUG [Forwarding newSession on session null to remote] protocol.RequestAuthCache 76 - Auth cache not set in the context
08-31-2022 22:18:15 PoolingHttpClientConnectionManager.java DEBUG [Forwarding newSession on session null to remote] conn.PoolingHttpClientConnectionManager 249 - Connection request: [route: {}->http://localhost:10388][total kept alive: 0; route allocated: 0 of 2000; total allocated: 0 of 2000]
08-31-2022 22:18:15 PoolingHttpClientConnectionManager.java DEBUG [Forwarding newSession on session null to remote] conn.PoolingHttpClientConnectionManager 282 - Connection leased: [id: 1][route: {}->http://localhost:10388][total kept alive: 0; route allocated: 1 of 2000; total allocated: 1 of 2000]
08-31-2022 22:18:15 MainClientExec.java DEBUG [Forwarding newSession on session null to remote] execchain.MainClientExec 234 - Opening connection {}->http://localhost:10388
08-31-2022 22:18:15 DefaultHttpClientConnectionOperator.java DEBUG [Forwarding newSession on session null to remote] conn.DefaultHttpClientConnectionOperator 138 - Connecting to localhost/127.0.0.1:10388
08-31-2022 22:18:15 DefaultHttpClientConnectionOperator.java DEBUG [Forwarding newSession on session null to remote] conn.DefaultHttpClientConnectionOperator 145 - Connection established 127.0.0.1:49982<->127.0.0.1:10388
08-31-2022 22:18:15 LoggingManagedHttpClientConnection.java DEBUG [Forwarding newSession on session null to remote] conn.DefaultManagedHttpClientConnection 90 - http-outgoing-1: set socket timeout to 10800000
08-31-2022 22:18:15 MainClientExec.java DEBUG [Forwarding newSession on session null to remote] execchain.MainClientExec 255 - Executing request POST /session HTTP/1.1
08-31-2022 22:18:15 MainClientExec.java DEBUG [Forwarding newSession on session null to remote] execchain.MainClientExec 260 - Target auth state: UNCHALLENGED
08-31-2022 22:18:15 MainClientExec.java DEBUG [Forwarding newSession on session null to remote] execchain.MainClientExec 266 - Proxy auth state: UNCHALLENGED
08-31-2022 22:18:15 LoggingManagedHttpClientConnection.java DEBUG [Forwarding newSession on session null to remote] http.headers 135 - http-outgoing-1 >> POST /session HTTP/1.1
08-31-2022 22:18:15 LoggingManagedHttpClientConnection.java DEBUG [Forwarding newSession on session null to remote] http.headers 138 - http-outgoing-1 >> Content-Type: application/json; charset=utf-8
08-31-2022 22:18:15 LoggingManagedHttpClientConnection.java DEBUG [Forwarding newSession on session null to remote] http.headers 138 - http-outgoing-1 >> Content-Length: 317
08-31-2022 22:18:15 LoggingManagedHttpClientConnection.java DEBUG [Forwarding newSession on session null to remote] http.headers 138 - http-outgoing-1 >> Host: localhost:10388
08-31-2022 22:18:15 LoggingManagedHttpClientConnection.java DEBUG [Forwarding newSession on session null to remote] http.headers 138 - http-outgoing-1 >> Connection: Keep-Alive
08-31-2022 22:18:15 LoggingManagedHttpClientConnection.java DEBUG [Forwarding newSession on session null to remote] http.headers 138 - http-outgoing-1 >> User-Agent: Apache-HttpClient/4.5.2 (Java/11.0.12)
08-31-2022 22:18:15 LoggingManagedHttpClientConnection.java DEBUG [Forwarding newSession on session null to remote] http.headers 138 - http-outgoing-1 >> Accept-Encoding: gzip,deflate
08-31-2022 22:18:15 Wire.java DEBUG [Forwarding newSession on session null to remote] http.wire 72 - http-outgoing-1 >> "POST /session HTTP/1.1[\r][\n]"
08-31-2022 22:18:15 Wire.java DEBUG [Forwarding newSession on session null to remote] http.wire 72 - http-outgoing-1 >> "Content-Type: application/json; charset=utf-8[\r][\n]"
08-31-2022 22:18:15 Wire.java DEBUG [Forwarding newSession on session null to remote] http.wire 72 - http-outgoing-1 >> "Content-Length: 317[\r][\n]"
08-31-2022 22:18:15 Wire.java DEBUG [Forwarding newSession on session null to remote] http.wire 72 - http-outgoing-1 >> "Host: localhost:10388[\r][\n]"
08-31-2022 22:18:15 Wire.java DEBUG [Forwarding newSession on session null to remote] http.wire 72 - http-outgoing-1 >> "Connection: Keep-Alive[\r][\n]"
08-31-2022 22:18:15 Wire.java DEBUG [Forwarding newSession on session null to remote] http.wire 72 - http-outgoing-1 >> "User-Agent: Apache-HttpClient/4.5.2 (Java/11.0.12)[\r][\n]"
08-31-2022 22:18:15 Wire.java DEBUG [Forwarding newSession on session null to remote] http.wire 72 - http-outgoing-1 >> "Accept-Encoding: gzip,deflate[\r][\n]"
08-31-2022 22:18:15 Wire.java DEBUG [Forwarding newSession on session null to remote] http.wire 72 - http-outgoing-1 >> "[\r][\n]"
08-31-2022 22:18:15 Wire.java DEBUG [Forwarding newSession on session null to remote] http.wire 86 - http-outgoing-1 >> "{"capabilities": {"desiredCapabilities": {"browserName":"chrome","chromeOptions":{"args":[],"extensions":[]},"version":"","platform":"ANY"},"requiredCapabilities": {}},"desiredCapabilities": {"browserName":"chrome","chromeOptions":{"args":[],"extensions":[]},"version":"","platform":"ANY"},"requiredCapabilities": {}}"
08-31-2022 22:18:15 Wire.java DEBUG [Forwarding newSession on session null to remote] http.wire 72 - http-outgoing-1 << "HTTP/1.1 200 OK[\r][\n]"
08-31-2022 22:18:15 Wire.java DEBUG [Forwarding newSession on session null to remote] http.wire 72 - http-outgoing-1 << "Content-Length:794[\r][\n]"
08-31-2022 22:18:15 Wire.java DEBUG [Forwarding newSession on session null to remote] http.wire 72 - http-outgoing-1 << "Content-Type:application/json; charset=utf-8[\r][\n]"
08-31-2022 22:18:15 Wire.java DEBUG [Forwarding newSession on session null to remote] http.wire 72 - http-outgoing-1 << "cache-control:no-cache[\r][\n]"
08-31-2022 22:18:15 Wire.java DEBUG [Forwarding newSession on session null to remote] http.wire 72 - http-outgoing-1 << "[\r][\n]"
08-31-2022 22:18:15 Wire.java DEBUG [Forwarding newSession on session null to remote] http.wire 86 - http-outgoing-1 << "{"value":{"capabilities":{"acceptInsecureCerts":false,"browserName":"chrome","browserVersion":"104.0.5112.102","chrome":{"chromedriverVersion":"104.0.5112.79 (3cf3e8c8a07d104b9e1260c910efb8f383285dc5-refs/branch-heads/5112@{#1307})","userDataDir":"C:\\Users\\HEETPA~1\\AppData\\Local\\Temp\\scoped_dir11064_627399634"},"goog:chromeOptions":{"debuggerAddress":"localhost:49983"},"networkConnectionEnabled":false,"pageLoadStrategy":"normal","platformName":"windows","proxy":{},"setWindowRect":true,"strictFileInteractability":false,"timeouts":{"implicit":0,"pageLoad":300000,"script":30000},"unhandledPromptBehavior":"dismiss and notify","webauthn:extension:credBlob":true,"webauthn:extension:largeBlob":true,"webauthn:virtualAuthenticators":true},"sessionId":"8e87a9e7b1ea35746bfcbfd3c78ac7a2"}}"
08-31-2022 22:18:15 LoggingManagedHttpClientConnection.java DEBUG [Forwarding newSession on session null to remote] http.headers 124 - http-outgoing-1 << HTTP/1.1 200 OK
08-31-2022 22:18:15 LoggingManagedHttpClientConnection.java DEBUG [Forwarding newSession on session null to remote] http.headers 127 - http-outgoing-1 << Content-Length:794
08-31-2022 22:18:15 LoggingManagedHttpClientConnection.java DEBUG [Forwarding newSession on session null to remote] http.headers 127 - http-outgoing-1 << Content-Type:application/json; charset=utf-8
08-31-2022 22:18:15 LoggingManagedHttpClientConnection.java DEBUG [Forwarding newSession on session null to remote] http.headers 127 - http-outgoing-1 << cache-control:no-cache
08-31-2022 22:18:15 MainClientExec.java DEBUG [Forwarding newSession on session null to remote] execchain.MainClientExec 284 - Connection can be kept alive indefinitely
08-31-2022 22:18:15 PoolingHttpClientConnectionManager.java DEBUG [Forwarding newSession on session null to remote] conn.PoolingHttpClientConnectionManager 314 - Connection [id: 1][route: {}->http://localhost:10388] can be kept alive indefinitely
08-31-2022 22:18:15 PoolingHttpClientConnectionManager.java DEBUG [Forwarding newSession on session null to remote] conn.PoolingHttpClientConnectionManager 320 - Connection released: [id: 1][route: {}->http://localhost:10388][total kept alive: 1; route allocated: 1 of 2000; total allocated: 1 of 2000]
08-31-2022 22:18:15 RequestAddCookies.java DEBUG [Forwarding newSession on session null to remote] protocol.RequestAddCookies 122 - CookieSpec selected: default
08-31-2022 22:18:15 RequestAuthCache.java DEBUG [Forwarding newSession on session null to remote] protocol.RequestAuthCache 76 - Auth cache not set in the context
08-31-2022 22:18:15 PoolingHttpClientConnectionManager.java DEBUG [Forwarding newSession on session null to remote] conn.PoolingHttpClientConnectionManager 249 - Connection request: [route: {}->http://localhost:10388][total kept alive: 1; route allocated: 1 of 2000; total allocated: 1 of 2000]
08-31-2022 22:18:15 PoolingHttpClientConnectionManager.java DEBUG [Forwarding newSession on session null to remote] conn.PoolingHttpClientConnectionManager 282 - Connection leased: [id: 1][route: {}->http://localhost:10388][total kept alive: 0; route allocated: 1 of 2000; total allocated: 1 of 2000]
08-31-2022 22:18:15 MainClientExec.java DEBUG [Forwarding newSession on session null to remote] execchain.MainClientExec 207 - Stale connection check
08-31-2022 22:18:15 Wire.java DEBUG [Forwarding newSession on session null to remote] http.wire 86 - http-outgoing-1 << "[read] I/O error: Read timed out"
08-31-2022 22:18:15 LoggingManagedHttpClientConnection.java DEBUG [Forwarding newSession on session null to remote] conn.DefaultManagedHttpClientConnection 90 - http-outgoing-1: set socket timeout to 10800000
08-31-2022 22:18:15 MainClientExec.java DEBUG [Forwarding newSession on session null to remote] execchain.MainClientExec 255 - Executing request POST /session HTTP/1.1
08-31-2022 22:18:15 MainClientExec.java DEBUG [Forwarding newSession on session null to remote] execchain.MainClientExec 260 - Target auth state: UNCHALLENGED
08-31-2022 22:18:15 MainClientExec.java DEBUG [Forwarding newSession on session null to remote] execchain.MainClientExec 266 - Proxy auth state: UNCHALLENGED
08-31-2022 22:18:15 LoggingManagedHttpClientConnection.java DEBUG [Forwarding newSession on session null to remote] http.headers 135 - http-outgoing-1 >> POST /session HTTP/1.1
08-31-2022 22:18:15 LoggingManagedHttpClientConnection.java DEBUG [Forwarding newSession on session null to remote] http.headers 138 - http-outgoing-1 >> Content-Type: application/json; charset=utf-8
08-31-2022 22:18:15 LoggingManagedHttpClientConnection.java DEBUG [Forwarding newSession on session null to remote] http.headers 138 - http-outgoing-1 >> Content-Length: 150
08-31-2022 22:18:15 LoggingManagedHttpClientConnection.java DEBUG [Forwarding newSession on session null to remote] http.headers 138 - http-outgoing-1 >> Host: localhost:10388
08-31-2022 22:18:15 LoggingManagedHttpClientConnection.java DEBUG [Forwarding newSession on session null to remote] http.headers 138 - http-outgoing-1 >> Connection: Keep-Alive
08-31-2022 22:18:15 LoggingManagedHttpClientConnection.java DEBUG [Forwarding newSession on session null to remote] http.headers 138 - http-outgoing-1 >> User-Agent: Apache-HttpClient/4.5.2 (Java/11.0.12)
08-31-2022 22:18:15 LoggingManagedHttpClientConnection.java DEBUG [Forwarding newSession on session null to remote] http.headers 138 - http-outgoing-1 >> Accept-Encoding: gzip,deflate
08-31-2022 22:18:15 Wire.java DEBUG [Forwarding newSession on session null to remote] http.wire 72 - http-outgoing-1 >> "POST /session HTTP/1.1[\r][\n]"
08-31-2022 22:18:15 Wire.java DEBUG [Forwarding newSession on session null to remote] http.wire 72 - http-outgoing-1 >> "Content-Type: application/json; charset=utf-8[\r][\n]"
08-31-2022 22:18:15 Wire.java DEBUG [Forwarding newSession on session null to remote] http.wire 72 - http-outgoing-1 >> "Content-Length: 150[\r][\n]"
08-31-2022 22:18:15 Wire.java DEBUG [Forwarding newSession on session null to remote] http.wire 72 - http-outgoing-1 >> "Host: localhost:10388[\r][\n]"
08-31-2022 22:18:15 Wire.java DEBUG [Forwarding newSession on session null to remote] http.wire 72 - http-outgoing-1 >> "Connection: Keep-Alive[\r][\n]"
08-31-2022 22:18:15 Wire.java DEBUG [Forwarding newSession on session null to remote] http.wire 72 - http-outgoing-1 >> "User-Agent: Apache-HttpClient/4.5.2 (Java/11.0.12)[\r][\n]"
08-31-2022 22:18:15 Wire.java DEBUG [Forwarding newSession on session null to remote] http.wire 72 - http-outgoing-1 >> "Accept-Encoding: gzip,deflate[\r][\n]"
08-31-2022 22:18:15 Wire.java DEBUG [Forwarding newSession on session null to remote] http.wire 72 - http-outgoing-1 >> "[\r][\n]"
08-31-2022 22:18:15 Wire.java DEBUG [Forwarding newSession on session null to remote] http.wire 86 - http-outgoing-1 >> "{"desiredCapabilities": {"browserName":"chrome","chromeOptions":{"args":[],"extensions":[]},"version":"","platform":"ANY"},"requiredCapabilities": {}}"
08-31-2022 22:18:16 Wire.java DEBUG [Forwarding newSession on session null to remote] http.wire 72 - http-outgoing-1 << "HTTP/1.1 200 OK[\r][\n]"
08-31-2022 22:18:16 Wire.java DEBUG [Forwarding newSession on session null to remote] http.wire 72 - http-outgoing-1 << "Content-Length:1114[\r][\n]"
08-31-2022 22:18:16 Wire.java DEBUG [Forwarding newSession on session null to remote] http.wire 72 - http-outgoing-1 << "Content-Type:application/json; charset=utf-8[\r][\n]"
08-31-2022 22:18:16 Wire.java DEBUG [Forwarding newSession on session null to remote] http.wire 72 - http-outgoing-1 << "[\r][\n]"
08-31-2022 22:18:16 Wire.java DEBUG [Forwarding newSession on session null to remote] http.wire 86 - http-outgoing-1 << "{"sessionId":"a0c3f7ab46bf3ba2ec9251d8a28170f0","status":0,"value":{"acceptInsecureCerts":false,"acceptSslCerts":false,"browserConnectionEnabled":false,"browserName":"chrome","chrome":{"chromedriverVersion":"104.0.5112.79 (3cf3e8c8a07d104b9e1260c910efb8f383285dc5-refs/branch-heads/5112@{#1307})","userDataDir":"C:\\Users\\HEETPA~1\\AppData\\Local\\Temp\\scoped_dir11064_950695853"},"cssSelectorsEnabled":true,"databaseEnabled":false,"goog:chromeOptions":{"debuggerAddress":"localhost:49992"},"handlesAlerts":true,"hasTouchScreen":false,"javascriptEnabled":true,"locationContextEnabled":true,"mobileEmulationEnabled":false,"nativeEvents":true,"networkConnectionEnabled":false,"pageLoadStrategy":"normal","platform":"Windows","proxy":{},"rotatable":false,"setWindowRect":true,"strictFileInteractability":false,"takesHeapSnapshot":true,"takesScreenshot":true,"timeouts":{"implicit":0,"pageLoad":300000,"script":30000},"unexpectedAlertBehaviour":"ignore","version":"104.0.5112.102","webStorageEnabled":true,"webauthn:extension:credBlob":true,"webauthn:extension:largeBlob":true,"webauthn:virtualAuthenticators":true}}"
08-31-2022 22:18:16 LoggingManagedHttpClientConnection.java DEBUG [Forwarding newSession on session null to remote] http.headers 124 - http-outgoing-1 << HTTP/1.1 200 OK
08-31-2022 22:18:16 LoggingManagedHttpClientConnection.java DEBUG [Forwarding newSession on session null to remote] http.headers 127 - http-outgoing-1 << Content-Length:1114
08-31-2022 22:18:16 LoggingManagedHttpClientConnection.java DEBUG [Forwarding newSession on session null to remote] http.headers 127 - http-outgoing-1 << Content-Type:application/json; charset=utf-8
08-31-2022 22:18:16 MainClientExec.java DEBUG [Forwarding newSession on session null to remote] execchain.MainClientExec 284 - Connection can be kept alive indefinitely
08-31-2022 22:18:16 PoolingHttpClientConnectionManager.java DEBUG [Forwarding newSession on session null to remote] conn.PoolingHttpClientConnectionManager 314 - Connection [id: 1][route: {}->http://localhost:10388] can be kept alive indefinitely
08-31-2022 22:18:16 PoolingHttpClientConnectionManager.java DEBUG [Forwarding newSession on session null to remote] conn.PoolingHttpClientConnectionManager 320 - Connection released: [id: 1][route: {}->http://localhost:10388][total kept alive: 1; route allocated: 1 of 2000; total allocated: 1 of 2000]
08-31-2022 22:18:16 RequestAddCookies.java DEBUG [Forwarding setTimeout on session a0c3f7ab46bf3ba2ec9251d8a28170f0 to remote] protocol.RequestAddCookies 122 - CookieSpec selected: default
08-31-2022 22:18:16 RequestAuthCache.java DEBUG [Forwarding setTimeout on session a0c3f7ab46bf3ba2ec9251d8a28170f0 to remote] protocol.RequestAuthCache 76 - Auth cache not set in the context
08-31-2022 22:18:16 PoolingHttpClientConnectionManager.java DEBUG [Forwarding setTimeout on session a0c3f7ab46bf3ba2ec9251d8a28170f0 to remote] conn.PoolingHttpClientConnectionManager 249 - Connection request: [route: {}->http://localhost:10388][total kept alive: 1; route allocated: 1 of 2000; total allocated: 1 of 2000]
08-31-2022 22:18:16 PoolingHttpClientConnectionManager.java DEBUG [Forwarding setTimeout on session a0c3f7ab46bf3ba2ec9251d8a28170f0 to remote] conn.PoolingHttpClientConnectionManager 282 - Connection leased: [id: 1][route: {}->http://localhost:10388][total kept alive: 0; route allocated: 1 of 2000; total allocated: 1 of 2000]
08-31-2022 22:18:16 MainClientExec.java DEBUG [Forwarding setTimeout on session a0c3f7ab46bf3ba2ec9251d8a28170f0 to remote] execchain.MainClientExec 207 - Stale connection check
08-31-2022 22:18:16 Wire.java DEBUG [Forwarding setTimeout on session a0c3f7ab46bf3ba2ec9251d8a28170f0 to remote] http.wire 86 - http-outgoing-1 << "[read] I/O error: Read timed out"
08-31-2022 22:18:16 LoggingManagedHttpClientConnection.java DEBUG [Forwarding setTimeout on session a0c3f7ab46bf3ba2ec9251d8a28170f0 to remote] conn.DefaultManagedHttpClientConnection 90 - http-outgoing-1: set socket timeout to 10800000
08-31-2022 22:18:16 MainClientExec.java DEBUG [Forwarding setTimeout on session a0c3f7ab46bf3ba2ec9251d8a28170f0 to remote] execchain.MainClientExec 255 - Executing request POST /session/a0c3f7ab46bf3ba2ec9251d8a28170f0/timeouts HTTP/1.1
08-31-2022 22:18:16 MainClientExec.java DEBUG [Forwarding setTimeout on session a0c3f7ab46bf3ba2ec9251d8a28170f0 to remote] execchain.MainClientExec 260 - Target auth state: UNCHALLENGED
08-31-2022 22:18:16 MainClientExec.java DEBUG [Forwarding setTimeout on session a0c3f7ab46bf3ba2ec9251d8a28170f0 to remote] execchain.MainClientExec 266 - Proxy auth state: UNCHALLENGED
08-31-2022 22:18:16 LoggingManagedHttpClientConnection.java DEBUG [Forwarding setTimeout on session a0c3f7ab46bf3ba2ec9251d8a28170f0 to remote] http.headers 135 - http-outgoing-1 >> POST /session/a0c3f7ab46bf3ba2ec9251d8a28170f0/timeouts HTTP/1.1
08-31-2022 22:18:16 LoggingManagedHttpClientConnection.java DEBUG [Forwarding setTimeout on session a0c3f7ab46bf3ba2ec9251d8a28170f0 to remote] http.headers 138 - http-outgoing-1 >> Content-Type: application/json; charset=utf-8
08-31-2022 22:18:16 LoggingManagedHttpClientConnection.java DEBUG [Forwarding setTimeout on session a0c3f7ab46bf3ba2ec9251d8a28170f0 to remote] http.headers 138 - http-outgoing-1 >> Content-Length: 30
08-31-2022 22:18:16 LoggingManagedHttpClientConnection.java DEBUG [Forwarding setTimeout on session a0c3f7ab46bf3ba2ec9251d8a28170f0 to remote] http.headers 138 - http-outgoing-1 >> Host: localhost:10388
08-31-2022 22:18:16 LoggingManagedHttpClientConnection.java DEBUG [Forwarding setTimeout on session a0c3f7ab46bf3ba2ec9251d8a28170f0 to remote] http.headers 138 - http-outgoing-1 >> Connection: Keep-Alive
08-31-2022 22:18:16 LoggingManagedHttpClientConnection.java DEBUG [Forwarding setTimeout on session a0c3f7ab46bf3ba2ec9251d8a28170f0 to remote] http.headers 138 - http-outgoing-1 >> User-Agent: Apache-HttpClient/4.5.2 (Java/11.0.12)
08-31-2022 22:18:16 LoggingManagedHttpClientConnection.java DEBUG [Forwarding setTimeout on session a0c3f7ab46bf3ba2ec9251d8a28170f0 to remote] http.headers 138 - http-outgoing-1 >> Accept-Encoding: gzip,deflate
08-31-2022 22:18:16 Wire.java DEBUG [Forwarding setTimeout on session a0c3f7ab46bf3ba2ec9251d8a28170f0 to remote] http.wire 72 - http-outgoing-1 >> "POST /session/a0c3f7ab46bf3ba2ec9251d8a28170f0/timeouts HTTP/1.1[\r][\n]"
08-31-2022 22:18:16 Wire.java DEBUG [Forwarding setTimeout on session a0c3f7ab46bf3ba2ec9251d8a28170f0 to remote] http.wire 72 - http-outgoing-1 >> "Content-Type: application/json; charset=utf-8[\r][\n]"
08-31-2022 22:18:16 Wire.java DEBUG [Forwarding setTimeout on session a0c3f7ab46bf3ba2ec9251d8a28170f0 to remote] http.wire 72 - http-outgoing-1 >> "Content-Length: 30[\r][\n]"
08-31-2022 22:18:16 Wire.java DEBUG [Forwarding setTimeout on session a0c3f7ab46bf3ba2ec9251d8a28170f0 to remote] http.wire 72 - http-outgoing-1 >> "Host: localhost:10388[\r][\n]"
08-31-2022 22:18:16 Wire.java DEBUG [Forwarding setTimeout on session a0c3f7ab46bf3ba2ec9251d8a28170f0 to remote] http.wire 72 - http-outgoing-1 >> "Connection: Keep-Alive[\r][\n]"
08-31-2022 22:18:16 Wire.java DEBUG [Forwarding setTimeout on session a0c3f7ab46bf3ba2ec9251d8a28170f0 to remote] http.wire 72 - http-outgoing-1 >> "User-Agent: Apache-HttpClient/4.5.2 (Java/11.0.12)[\r][\n]"
08-31-2022 22:18:16 Wire.java DEBUG [Forwarding setTimeout on session a0c3f7ab46bf3ba2ec9251d8a28170f0 to remote] http.wire 72 - http-outgoing-1 >> "Accept-Encoding: gzip,deflate[\r][\n]"
08-31-2022 22:18:16 Wire.java DEBUG [Forwarding setTimeout on session a0c3f7ab46bf3ba2ec9251d8a28170f0 to remote] http.wire 72 - http-outgoing-1 >> "[\r][\n]"
08-31-2022 22:18:16 Wire.java DEBUG [Forwarding setTimeout on session a0c3f7ab46bf3ba2ec9251d8a28170f0 to remote] http.wire 86 - http-outgoing-1 >> "{"type":"implicit","ms":10000}"
08-31-2022 22:18:16 Wire.java DEBUG [Forwarding setTimeout on session a0c3f7ab46bf3ba2ec9251d8a28170f0 to remote] http.wire 72 - http-outgoing-1 << "HTTP/1.1 200 OK[\r][\n]"
08-31-2022 22:18:16 Wire.java DEBUG [Forwarding setTimeout on session a0c3f7ab46bf3ba2ec9251d8a28170f0 to remote] http.wire 72 - http-outgoing-1 << "Content-Length:72[\r][\n]"
08-31-2022 22:18:16 Wire.java DEBUG [Forwarding setTimeout on session a0c3f7ab46bf3ba2ec9251d8a28170f0 to remote] http.wire 72 - http-outgoing-1 << "Content-Type:application/json; charset=utf-8[\r][\n]"
08-31-2022 22:18:16 Wire.java DEBUG [Forwarding setTimeout on session a0c3f7ab46bf3ba2ec9251d8a28170f0 to remote] http.wire 72 - http-outgoing-1 << "[\r][\n]"
08-31-2022 22:18:16 Wire.java DEBUG [Forwarding setTimeout on session a0c3f7ab46bf3ba2ec9251d8a28170f0 to remote] http.wire 86 - http-outgoing-1 << "{"sessionId":"a0c3f7ab46bf3ba2ec9251d8a28170f0","status":0,"value":null}"
08-31-2022 22:18:16 LoggingManagedHttpClientConnection.java DEBUG [Forwarding setTimeout on session a0c3f7ab46bf3ba2ec9251d8a28170f0 to remote] http.headers 124 - http-outgoing-1 << HTTP/1.1 200 OK
08-31-2022 22:18:16 LoggingManagedHttpClientConnection.java DEBUG [Forwarding setTimeout on session a0c3f7ab46bf3ba2ec9251d8a28170f0 to remote] http.headers 127 - http-outgoing-1 << Content-Length:72
08-31-2022 22:18:16 LoggingManagedHttpClientConnection.java DEBUG [Forwarding setTimeout on session a0c3f7ab46bf3ba2ec9251d8a28170f0 to remote] http.headers 127 - http-outgoing-1 << Content-Type:application/json; charset=utf-8
08-31-2022 22:18:16 MainClientExec.java DEBUG [Forwarding setTimeout on session a0c3f7ab46bf3ba2ec9251d8a28170f0 to remote] execchain.MainClientExec 284 - Connection can be kept alive indefinitely
08-31-2022 22:18:16 PoolingHttpClientConnectionManager.java DEBUG [Forwarding setTimeout on session a0c3f7ab46bf3ba2ec9251d8a28170f0 to remote] conn.PoolingHttpClientConnectionManager 314 - Connection [id: 1][route: {}->http://localhost:10388] can be kept alive indefinitely
08-31-2022 22:18:16 PoolingHttpClientConnectionManager.java DEBUG [Forwarding setTimeout on session a0c3f7ab46bf3ba2ec9251d8a28170f0 to remote] conn.PoolingHttpClientConnectionManager 320 - Connection released: [id: 1][route: {}->http://localhost:10388][total kept alive: 1; route allocated: 1 of 2000; total allocated: 1 of 2000]
08-31-2022 22:18:16 RequestAddCookies.java DEBUG [Forwarding get on session a0c3f7ab46bf3ba2ec9251d8a28170f0 to remote] protocol.RequestAddCookies 122 - CookieSpec selected: default
08-31-2022 22:18:16 RequestAuthCache.java DEBUG [Forwarding get on session a0c3f7ab46bf3ba2ec9251d8a28170f0 to remote] protocol.RequestAuthCache 76 - Auth cache not set in the context
08-31-2022 22:18:16 PoolingHttpClientConnectionManager.java DEBUG [Forwarding get on session a0c3f7ab46bf3ba2ec9251d8a28170f0 to remote] conn.PoolingHttpClientConnectionManager 249 - Connection request: [route: {}->http://localhost:10388][total kept alive: 1; route allocated: 1 of 2000; total allocated: 1 of 2000]
08-31-2022 22:18:16 PoolingHttpClientConnectionManager.java DEBUG [Forwarding get on session a0c3f7ab46bf3ba2ec9251d8a28170f0 to remote] conn.PoolingHttpClientConnectionManager 282 - Connection leased: [id: 1][route: {}->http://localhost:10388][total kept alive: 0; route allocated: 1 of 2000; total allocated: 1 of 2000]
08-31-2022 22:18:16 MainClientExec.java DEBUG [Forwarding get on session a0c3f7ab46bf3ba2ec9251d8a28170f0 to remote] execchain.MainClientExec 207 - Stale connection check
08-31-2022 22:18:16 Wire.java DEBUG [Forwarding get on session a0c3f7ab46bf3ba2ec9251d8a28170f0 to remote] http.wire 86 - http-outgoing-1 << "[read] I/O error: Read timed out"
08-31-2022 22:18:16 LoggingManagedHttpClientConnection.java DEBUG [Forwarding get on session a0c3f7ab46bf3ba2ec9251d8a28170f0 to remote] conn.DefaultManagedHttpClientConnection 90 - http-outgoing-1: set socket timeout to 10800000
08-31-2022 22:18:16 MainClientExec.java DEBUG [Forwarding get on session a0c3f7ab46bf3ba2ec9251d8a28170f0 to remote] execchain.MainClientExec 255 - Executing request POST /session/a0c3f7ab46bf3ba2ec9251d8a28170f0/url HTTP/1.1
08-31-2022 22:18:16 MainClientExec.java DEBUG [Forwarding get on session a0c3f7ab46bf3ba2ec9251d8a28170f0 to remote] execchain.MainClientExec 260 - Target auth state: UNCHALLENGED
08-31-2022 22:18:16 MainClientExec.java DEBUG [Forwarding get on session a0c3f7ab46bf3ba2ec9251d8a28170f0 to remote] execchain.MainClientExec 266 - Proxy auth state: UNCHALLENGED
08-31-2022 22:18:16 LoggingManagedHttpClientConnection.java DEBUG [Forwarding get on session a0c3f7ab46bf3ba2ec9251d8a28170f0 to remote] http.headers 135 - http-outgoing-1 >> POST /session/a0c3f7ab46bf3ba2ec9251d8a28170f0/url HTTP/1.1
08-31-2022 22:18:16 LoggingManagedHttpClientConnection.java DEBUG [Forwarding get on session a0c3f7ab46bf3ba2ec9251d8a28170f0 to remote] http.headers 138 - http-outgoing-1 >> Content-Type: application/json; charset=utf-8
08-31-2022 22:18:16 LoggingManagedHttpClientConnection.java DEBUG [Forwarding get on session a0c3f7ab46bf3ba2ec9251d8a28170f0 to remote] http.headers 138 - http-outgoing-1 >> Content-Length: 37
08-31-2022 22:18:16 LoggingManagedHttpClientConnection.java DEBUG [Forwarding get on session a0c3f7ab46bf3ba2ec9251d8a28170f0 to remote] http.headers 138 - http-outgoing-1 >> Host: localhost:10388
08-31-2022 22:18:16 LoggingManagedHttpClientConnection.java DEBUG [Forwarding get on session a0c3f7ab46bf3ba2ec9251d8a28170f0 to remote] http.headers 138 - http-outgoing-1 >> Connection: Keep-Alive
08-31-2022 22:18:16 LoggingManagedHttpClientConnection.java DEBUG [Forwarding get on session a0c3f7ab46bf3ba2ec9251d8a28170f0 to remote] http.headers 138 - http-outgoing-1 >> User-Agent: Apache-HttpClient/4.5.2 (Java/11.0.12)
08-31-2022 22:18:16 LoggingManagedHttpClientConnection.java DEBUG [Forwarding get on session a0c3f7ab46bf3ba2ec9251d8a28170f0 to remote] http.headers 138 - http-outgoing-1 >> Accept-Encoding: gzip,deflate
08-31-2022 22:18:16 Wire.java DEBUG [Forwarding get on session a0c3f7ab46bf3ba2ec9251d8a28170f0 to remote] http.wire 72 - http-outgoing-1 >> "POST /session/a0c3f7ab46bf3ba2ec9251d8a28170f0/url HTTP/1.1[\r][\n]"
08-31-2022 22:18:16 Wire.java DEBUG [Forwarding get on session a0c3f7ab46bf3ba2ec9251d8a28170f0 to remote] http.wire 72 - http-outgoing-1 >> "Content-Type: application/json; charset=utf-8[\r][\n]"
08-31-2022 22:18:16 Wire.java DEBUG [Forwarding get on session a0c3f7ab46bf3ba2ec9251d8a28170f0 to remote] http.wire 72 - http-outgoing-1 >> "Content-Length: 37[\r][\n]"
08-31-2022 22:18:16 Wire.java DEBUG [Forwarding get on session a0c3f7ab46bf3ba2ec9251d8a28170f0 to remote] http.wire 72 - http-outgoing-1 >> "Host: localhost:10388[\r][\n]"
08-31-2022 22:18:16 Wire.java DEBUG [Forwarding get on session a0c3f7ab46bf3ba2ec9251d8a28170f0 to remote] http.wire 72 - http-outgoing-1 >> "Connection: Keep-Alive[\r][\n]"
08-31-2022 22:18:16 Wire.java DEBUG [Forwarding get on session a0c3f7ab46bf3ba2ec9251d8a28170f0 to remote] http.wire 72 - http-outgoing-1 >> "User-Agent: Apache-HttpClient/4.5.2 (Java/11.0.12)[\r][\n]"
08-31-2022 22:18:16 Wire.java DEBUG [Forwarding get on session a0c3f7ab46bf3ba2ec9251d8a28170f0 to remote] http.wire 72 - http-outgoing-1 >> "Accept-Encoding: gzip,deflate[\r][\n]"
08-31-2022 22:18:16 Wire.java DEBUG [Forwarding get on session a0c3f7ab46bf3ba2ec9251d8a28170f0 to remote] http.wire 72 - http-outgoing-1 >> "[\r][\n]"
08-31-2022 22:18:16 Wire.java DEBUG [Forwarding get on session a0c3f7ab46bf3ba2ec9251d8a28170f0 to remote] http.wire 86 - http-outgoing-1 >> "{"url":"https://demo.guru99.com/V4/"}"
08-31-2022 22:18:18 Wire.java DEBUG [Forwarding get on session a0c3f7ab46bf3ba2ec9251d8a28170f0 to remote] http.wire 72 - http-outgoing-1 << "HTTP/1.1 200 OK[\r][\n]"
08-31-2022 22:18:18 Wire.java DEBUG [Forwarding get on session a0c3f7ab46bf3ba2ec9251d8a28170f0 to remote] http.wire 72 - http-outgoing-1 << "Content-Length:72[\r][\n]"
08-31-2022 22:18:18 Wire.java DEBUG [Forwarding get on session a0c3f7ab46bf3ba2ec9251d8a28170f0 to remote] http.wire 72 - http-outgoing-1 << "Content-Type:application/json; charset=utf-8[\r][\n]"
08-31-2022 22:18:18 Wire.java DEBUG [Forwarding get on session a0c3f7ab46bf3ba2ec9251d8a28170f0 to remote] http.wire 72 - http-outgoing-1 << "[\r][\n]"
08-31-2022 22:18:18 Wire.java DEBUG [Forwarding get on session a0c3f7ab46bf3ba2ec9251d8a28170f0 to remote] http.wire 86 - http-outgoing-1 << "{"sessionId":"a0c3f7ab46bf3ba2ec9251d8a28170f0","status":0,"value":null}"
08-31-2022 22:18:18 LoggingManagedHttpClientConnection.java DEBUG [Forwarding get on session a0c3f7ab46bf3ba2ec9251d8a28170f0 to remote] http.headers 124 - http-outgoing-1 << HTTP/1.1 200 OK
08-31-2022 22:18:18 LoggingManagedHttpClientConnection.java DEBUG [Forwarding get on session a0c3f7ab46bf3ba2ec9251d8a28170f0 to remote] http.headers 127 - http-outgoing-1 << Content-Length:72
08-31-2022 22:18:18 LoggingManagedHttpClientConnection.java DEBUG [Forwarding get on session a0c3f7ab46bf3ba2ec9251d8a28170f0 to remote] http.headers 127 - http-outgoing-1 << Content-Type:application/json; charset=utf-8
08-31-2022 22:18:18 MainClientExec.java DEBUG [Forwarding get on session a0c3f7ab46bf3ba2ec9251d8a28170f0 to remote] execchain.MainClientExec 284 - Connection can be kept alive indefinitely
08-31-2022 22:18:18 PoolingHttpClientConnectionManager.java DEBUG [Forwarding get on session a0c3f7ab46bf3ba2ec9251d8a28170f0 to remote] conn.PoolingHttpClientConnectionManager 314 - Connection [id: 1][route: {}->http://localhost:10388] can be kept alive indefinitely
08-31-2022 22:18:18 PoolingHttpClientConnectionManager.java DEBUG [Forwarding get on session a0c3f7ab46bf3ba2ec9251d8a28170f0 to remote] conn.PoolingHttpClientConnectionManager 320 - Connection released: [id: 1][route: {}->http://localhost:10388][total kept alive: 1; route allocated: 1 of 2000; total allocated: 1 of 2000]
08-31-2022 22:18:18 RequestAddCookies.java DEBUG [Forwarding findElement on session a0c3f7ab46bf3ba2ec9251d8a28170f0 to remote] protocol.RequestAddCookies 122 - CookieSpec selected: default
08-31-2022 22:18:18 RequestAuthCache.java DEBUG [Forwarding findElement on session a0c3f7ab46bf3ba2ec9251d8a28170f0 to remote] protocol.RequestAuthCache 76 - Auth cache not set in the context
08-31-2022 22:18:18 PoolingHttpClientConnectionManager.java DEBUG [Forwarding findElement on session a0c3f7ab46bf3ba2ec9251d8a28170f0 to remote] conn.PoolingHttpClientConnectionManager 249 - Connection request: [route: {}->http://localhost:10388][total kept alive: 1; route allocated: 1 of 2000; total allocated: 1 of 2000]
08-31-2022 22:18:18 PoolingHttpClientConnectionManager.java DEBUG [Forwarding findElement on session a0c3f7ab46bf3ba2ec9251d8a28170f0 to remote] conn.PoolingHttpClientConnectionManager 282 - Connection leased: [id: 1][route: {}->http://localhost:10388][total kept alive: 0; route allocated: 1 of 2000; total allocated: 1 of 2000]
08-31-2022 22:18:18 MainClientExec.java DEBUG [Forwarding findElement on session a0c3f7ab46bf3ba2ec9251d8a28170f0 to remote] execchain.MainClientExec 207 - Stale connection check
08-31-2022 22:18:18 Wire.java DEBUG [Forwarding findElement on session a0c3f7ab46bf3ba2ec9251d8a28170f0 to remote] http.wire 86 - http-outgoing-1 << "[read] I/O error: Read timed out"
08-31-2022 22:18:18 LoggingManagedHttpClientConnection.java DEBUG [Forwarding findElement on session a0c3f7ab46bf3ba2ec9251d8a28170f0 to remote] conn.DefaultManagedHttpClientConnection 90 - http-outgoing-1: set socket timeout to 10800000
08-31-2022 22:18:18 MainClientExec.java DEBUG [Forwarding findElement on session a0c3f7ab46bf3ba2ec9251d8a28170f0 to remote] execchain.MainClientExec 255 - Executing request POST /session/a0c3f7ab46bf3ba2ec9251d8a28170f0/element HTTP/1.1
08-31-2022 22:18:18 MainClientExec.java DEBUG [Forwarding findElement on session a0c3f7ab46bf3ba2ec9251d8a28170f0 to remote] execchain.MainClientExec 260 - Target auth state: UNCHALLENGED
08-31-2022 22:18:18 MainClientExec.java DEBUG [Forwarding findElement on session a0c3f7ab46bf3ba2ec9251d8a28170f0 to remote] execchain.MainClientExec 266 - Proxy auth state: UNCHALLENGED
08-31-2022 22:18:18 LoggingManagedHttpClientConnection.java DEBUG [Forwarding findElement on session a0c3f7ab46bf3ba2ec9251d8a28170f0 to remote] http.headers 135 - http-outgoing-1 >> POST /session/a0c3f7ab46bf3ba2ec9251d8a28170f0/element HTTP/1.1
08-31-2022 22:18:18 LoggingManagedHttpClientConnection.java DEBUG [Forwarding findElement on session a0c3f7ab46bf3ba2ec9251d8a28170f0 to remote] http.headers 138 - http-outgoing-1 >> Content-Type: application/json; charset=utf-8
08-31-2022 22:18:18 LoggingManagedHttpClientConnection.java DEBUG [Forwarding findElement on session a0c3f7ab46bf3ba2ec9251d8a28170f0 to remote] http.headers 138 - http-outgoing-1 >> Content-Length: 30
08-31-2022 22:18:18 LoggingManagedHttpClientConnection.java DEBUG [Forwarding findElement on session a0c3f7ab46bf3ba2ec9251d8a28170f0 to remote] http.headers 138 - http-outgoing-1 >> Host: localhost:10388
08-31-2022 22:18:18 LoggingManagedHttpClientConnection.java DEBUG [Forwarding findElement on session a0c3f7ab46bf3ba2ec9251d8a28170f0 to remote] http.headers 138 - http-outgoing-1 >> Connection: Keep-Alive
08-31-2022 22:18:18 LoggingManagedHttpClientConnection.java DEBUG [Forwarding findElement on session a0c3f7ab46bf3ba2ec9251d8a28170f0 to remote] http.headers 138 - http-outgoing-1 >> User-Agent: Apache-HttpClient/4.5.2 (Java/11.0.12)
08-31-2022 22:18:18 LoggingManagedHttpClientConnection.java DEBUG [Forwarding findElement on session a0c3f7ab46bf3ba2ec9251d8a28170f0 to remote] http.headers 138 - http-outgoing-1 >> Accept-Encoding: gzip,deflate
08-31-2022 22:18:18 Wire.java DEBUG [Forwarding findElement on session a0c3f7ab46bf3ba2ec9251d8a28170f0 to remote] http.wire 72 - http-outgoing-1 >> "POST /session/a0c3f7ab46bf3ba2ec9251d8a28170f0/element HTTP/1.1[\r][\n]"
08-31-2022 22:18:18 Wire.java DEBUG [Forwarding findElement on session a0c3f7ab46bf3ba2ec9251d8a28170f0 to remote] http.wire 72 - http-outgoing-1 >> "Content-Type: application/json; charset=utf-8[\r][\n]"
08-31-2022 22:18:18 Wire.java DEBUG [Forwarding findElement on session a0c3f7ab46bf3ba2ec9251d8a28170f0 to remote] http.wire 72 - http-outgoing-1 >> "Content-Length: 30[\r][\n]"
08-31-2022 22:18:18 Wire.java DEBUG [Forwarding findElement on session a0c3f7ab46bf3ba2ec9251d8a28170f0 to remote] http.wire 72 - http-outgoing-1 >> "Host: localhost:10388[\r][\n]"
08-31-2022 22:18:18 Wire.java DEBUG [Forwarding findElement on session a0c3f7ab46bf3ba2ec9251d8a28170f0 to remote] http.wire 72 - http-outgoing-1 >> "Connection: Keep-Alive[\r][\n]"
08-31-2022 22:18:18 Wire.java DEBUG [Forwarding findElement on session a0c3f7ab46bf3ba2ec9251d8a28170f0 to remote] http.wire 72 - http-outgoing-1 >> "User-Agent: Apache-HttpClient/4.5.2 (Java/11.0.12)[\r][\n]"
08-31-2022 22:18:18 Wire.java DEBUG [Forwarding findElement on session a0c3f7ab46bf3ba2ec9251d8a28170f0 to remote] http.wire 72 - http-outgoing-1 >> "Accept-Encoding: gzip,deflate[\r][\n]"
08-31-2022 22:18:18 Wire.java DEBUG [Forwarding findElement on session a0c3f7ab46bf3ba2ec9251d8a28170f0 to remote] http.wire 72 - http-outgoing-1 >> "[\r][\n]"
08-31-2022 22:18:18 Wire.java DEBUG [Forwarding findElement on session a0c3f7ab46bf3ba2ec9251d8a28170f0 to remote] http.wire 86 - http-outgoing-1 >> "{"using":"name","value":"uid"}"
08-31-2022 22:18:18 Wire.java DEBUG [Forwarding findElement on session a0c3f7ab46bf3ba2ec9251d8a28170f0 to remote] http.wire 72 - http-outgoing-1 << "HTTP/1.1 200 OK[\r][\n]"
08-31-2022 22:18:18 Wire.java DEBUG [Forwarding findElement on session a0c3f7ab46bf3ba2ec9251d8a28170f0 to remote] http.wire 72 - http-outgoing-1 << "Content-Length:103[\r][\n]"
08-31-2022 22:18:18 Wire.java DEBUG [Forwarding findElement on session a0c3f7ab46bf3ba2ec9251d8a28170f0 to remote] http.wire 72 - http-outgoing-1 << "Content-Type:application/json; charset=utf-8[\r][\n]"
08-31-2022 22:18:18 Wire.java DEBUG [Forwarding findElement on session a0c3f7ab46bf3ba2ec9251d8a28170f0 to remote] http.wire 72 - http-outgoing-1 << "[\r][\n]"
08-31-2022 22:18:18 Wire.java DEBUG [Forwarding findElement on session a0c3f7ab46bf3ba2ec9251d8a28170f0 to remote] http.wire 86 - http-outgoing-1 << "{"sessionId":"a0c3f7ab46bf3ba2ec9251d8a28170f0","status":0,"value":{"ELEMENT":"0.45625866748637245-1"}}"
08-31-2022 22:18:18 LoggingManagedHttpClientConnection.java DEBUG [Forwarding findElement on session a0c3f7ab46bf3ba2ec9251d8a28170f0 to remote] http.headers 124 - http-outgoing-1 << HTTP/1.1 200 OK
08-31-2022 22:18:18 LoggingManagedHttpClientConnection.java DEBUG [Forwarding findElement on session a0c3f7ab46bf3ba2ec9251d8a28170f0 to remote] http.headers 127 - http-outgoing-1 << Content-Length:103
08-31-2022 22:18:18 LoggingManagedHttpClientConnection.java DEBUG [Forwarding findElement on session a0c3f7ab46bf3ba2ec9251d8a28170f0 to remote] http.headers 127 - http-outgoing-1 << Content-Type:application/json; charset=utf-8
08-31-2022 22:18:18 MainClientExec.java DEBUG [Forwarding findElement on session a0c3f7ab46bf3ba2ec9251d8a28170f0 to remote] execchain.MainClientExec 284 - Connection can be kept alive indefinitely
08-31-2022 22:18:18 PoolingHttpClientConnectionManager.java DEBUG [Forwarding findElement on session a0c3f7ab46bf3ba2ec9251d8a28170f0 to remote] conn.PoolingHttpClientConnectionManager 314 - Connection [id: 1][route: {}->http://localhost:10388] can be kept alive indefinitely
08-31-2022 22:18:18 PoolingHttpClientConnectionManager.java DEBUG [Forwarding findElement on session a0c3f7ab46bf3ba2ec9251d8a28170f0 to remote] conn.PoolingHttpClientConnectionManager 320 - Connection released: [id: 1][route: {}->http://localhost:10388][total kept alive: 1; route allocated: 1 of 2000; total allocated: 1 of 2000]
08-31-2022 22:18:18 RequestAddCookies.java DEBUG [Forwarding sendKeysToElement on session a0c3f7ab46bf3ba2ec9251d8a28170f0 to remote] protocol.RequestAddCookies 122 - CookieSpec selected: default
08-31-2022 22:18:18 RequestAuthCache.java DEBUG [Forwarding sendKeysToElement on session a0c3f7ab46bf3ba2ec9251d8a28170f0 to remote] protocol.RequestAuthCache 76 - Auth cache not set in the context
08-31-2022 22:18:18 PoolingHttpClientConnectionManager.java DEBUG [Forwarding sendKeysToElement on session a0c3f7ab46bf3ba2ec9251d8a28170f0 to remote] conn.PoolingHttpClientConnectionManager 249 - Connection request: [route: {}->http://localhost:10388][total kept alive: 1; route allocated: 1 of 2000; total allocated: 1 of 2000]
08-31-2022 22:18:18 PoolingHttpClientConnectionManager.java DEBUG [Forwarding sendKeysToElement on session a0c3f7ab46bf3ba2ec9251d8a28170f0 to remote] conn.PoolingHttpClientConnectionManager 282 - Connection leased: [id: 1][route: {}->http://localhost:10388][total kept alive: 0; route allocated: 1 of 2000; total allocated: 1 of 2000]
08-31-2022 22:18:18 MainClientExec.java DEBUG [Forwarding sendKeysToElement on session a0c3f7ab46bf3ba2ec9251d8a28170f0 to remote] execchain.MainClientExec 207 - Stale connection check
08-31-2022 22:18:18 Wire.java DEBUG [Forwarding sendKeysToElement on session a0c3f7ab46bf3ba2ec9251d8a28170f0 to remote] http.wire 86 - http-outgoing-1 << "[read] I/O error: Read timed out"
08-31-2022 22:18:18 LoggingManagedHttpClientConnection.java DEBUG [Forwarding sendKeysToElement on session a0c3f7ab46bf3ba2ec9251d8a28170f0 to remote] conn.DefaultManagedHttpClientConnection 90 - http-outgoing-1: set socket timeout to 10800000
08-31-2022 22:18:18 MainClientExec.java DEBUG [Forwarding sendKeysToElement on session a0c3f7ab46bf3ba2ec9251d8a28170f0 to remote] execchain.MainClientExec 255 - Executing request POST /session/a0c3f7ab46bf3ba2ec9251d8a28170f0/element/0.45625866748637245-1/value HTTP/1.1
08-31-2022 22:18:18 MainClientExec.java DEBUG [Forwarding sendKeysToElement on session a0c3f7ab46bf3ba2ec9251d8a28170f0 to remote] execchain.MainClientExec 260 - Target auth state: UNCHALLENGED
08-31-2022 22:18:18 MainClientExec.java DEBUG [Forwarding sendKeysToElement on session a0c3f7ab46bf3ba2ec9251d8a28170f0 to remote] execchain.MainClientExec 266 - Proxy auth state: UNCHALLENGED
08-31-2022 22:18:18 LoggingManagedHttpClientConnection.java DEBUG [Forwarding sendKeysToElement on session a0c3f7ab46bf3ba2ec9251d8a28170f0 to remote] http.headers 135 - http-outgoing-1 >> POST /session/a0c3f7ab46bf3ba2ec9251d8a28170f0/element/0.45625866748637245-1/value HTTP/1.1
08-31-2022 22:18:18 LoggingManagedHttpClientConnection.java DEBUG [Forwarding sendKeysToElement on session a0c3f7ab46bf3ba2ec9251d8a28170f0 to remote] http.headers 138 - http-outgoing-1 >> Content-Type: application/json; charset=utf-8
08-31-2022 22:18:18 LoggingManagedHttpClientConnection.java DEBUG [Forwarding sendKeysToElement on session a0c3f7ab46bf3ba2ec9251d8a28170f0 to remote] http.headers 138 - http-outgoing-1 >> Content-Length: 52
08-31-2022 22:18:18 LoggingManagedHttpClientConnection.java DEBUG [Forwarding sendKeysToElement on session a0c3f7ab46bf3ba2ec9251d8a28170f0 to remote] http.headers 138 - http-outgoing-1 >> Host: localhost:10388
08-31-2022 22:18:18 LoggingManagedHttpClientConnection.java DEBUG [Forwarding sendKeysToElement on session a0c3f7ab46bf3ba2ec9251d8a28170f0 to remote] http.headers 138 - http-outgoing-1 >> Connection: Keep-Alive
08-31-2022 22:18:18 LoggingManagedHttpClientConnection.java DEBUG [Forwarding sendKeysToElement on session a0c3f7ab46bf3ba2ec9251d8a28170f0 to remote] http.headers 138 - http-outgoing-1 >> User-Agent: Apache-HttpClient/4.5.2 (Java/11.0.12)
08-31-2022 22:18:18 LoggingManagedHttpClientConnection.java DEBUG [Forwarding sendKeysToElement on session a0c3f7ab46bf3ba2ec9251d8a28170f0 to remote] http.headers 138 - http-outgoing-1 >> Accept-Encoding: gzip,deflate
08-31-2022 22:18:18 Wire.java DEBUG [Forwarding sendKeysToElement on session a0c3f7ab46bf3ba2ec9251d8a28170f0 to remote] http.wire 72 - http-outgoing-1 >> "POST /session/a0c3f7ab46bf3ba2ec9251d8a28170f0/element/0.45625866748637245-1/value HTTP/1.1[\r][\n]"
08-31-2022 22:18:18 Wire.java DEBUG [Forwarding sendKeysToElement on session a0c3f7ab46bf3ba2ec9251d8a28170f0 to remote] http.wire 72 - http-outgoing-1 >> "Content-Type: application/json; charset=utf-8[\r][\n]"
08-31-2022 22:18:18 Wire.java DEBUG [Forwarding sendKeysToElement on session a0c3f7ab46bf3ba2ec9251d8a28170f0 to remote] http.wire 72 - http-outgoing-1 >> "Content-Length: 52[\r][\n]"
08-31-2022 22:18:18 Wire.java DEBUG [Forwarding sendKeysToElement on session a0c3f7ab46bf3ba2ec9251d8a28170f0 to remote] http.wire 72 - http-outgoing-1 >> "Host: localhost:10388[\r][\n]"
08-31-2022 22:18:18 Wire.java DEBUG [Forwarding sendKeysToElement on session a0c3f7ab46bf3ba2ec9251d8a28170f0 to remote] http.wire 72 - http-outgoing-1 >> "Connection: Keep-Alive[\r][\n]"
08-31-2022 22:18:18 Wire.java DEBUG [Forwarding sendKeysToElement on session a0c3f7ab46bf3ba2ec9251d8a28170f0 to remote] http.wire 72 - http-outgoing-1 >> "User-Agent: Apache-HttpClient/4.5.2 (Java/11.0.12)[\r][\n]"
08-31-2022 22:18:18 Wire.java DEBUG [Forwarding sendKeysToElement on session a0c3f7ab46bf3ba2ec9251d8a28170f0 to remote] http.wire 72 - http-outgoing-1 >> "Accept-Encoding: gzip,deflate[\r][\n]"
08-31-2022 22:18:18 Wire.java DEBUG [Forwarding sendKeysToElement on session a0c3f7ab46bf3ba2ec9251d8a28170f0 to remote] http.wire 72 - http-outgoing-1 >> "[\r][\n]"
08-31-2022 22:18:18 Wire.java DEBUG [Forwarding sendKeysToElement on session a0c3f7ab46bf3ba2ec9251d8a28170f0 to remote] http.wire 86 - http-outgoing-1 >> "{"id":"0.45625866748637245-1","value":["mngr26593"]}"
08-31-2022 22:18:19 Wire.java DEBUG [Forwarding sendKeysToElement on session a0c3f7ab46bf3ba2ec9251d8a28170f0 to remote] http.wire 72 - http-outgoing-1 << "HTTP/1.1 200 OK[\r][\n]"
08-31-2022 22:18:19 Wire.java DEBUG [Forwarding sendKeysToElement on session a0c3f7ab46bf3ba2ec9251d8a28170f0 to remote] http.wire 72 - http-outgoing-1 << "Content-Length:72[\r][\n]"
08-31-2022 22:18:19 Wire.java DEBUG [Forwarding sendKeysToElement on session a0c3f7ab46bf3ba2ec9251d8a28170f0 to remote] http.wire 72 - http-outgoing-1 << "Content-Type:application/json; charset=utf-8[\r][\n]"
08-31-2022 22:18:19 Wire.java DEBUG [Forwarding sendKeysToElement on session a0c3f7ab46bf3ba2ec9251d8a28170f0 to remote] http.wire 72 - http-outgoing-1 << "[\r][\n]"
08-31-2022 22:18:19 Wire.java DEBUG [Forwarding sendKeysToElement on session a0c3f7ab46bf3ba2ec9251d8a28170f0 to remote] http.wire 86 - http-outgoing-1 << "{"sessionId":"a0c3f7ab46bf3ba2ec9251d8a28170f0","status":0,"value":null}"
08-31-2022 22:18:19 LoggingManagedHttpClientConnection.java DEBUG [Forwarding sendKeysToElement on session a0c3f7ab46bf3ba2ec9251d8a28170f0 to remote] http.headers 124 - http-outgoing-1 << HTTP/1.1 200 OK
08-31-2022 22:18:19 LoggingManagedHttpClientConnection.java DEBUG [Forwarding sendKeysToElement on session a0c3f7ab46bf3ba2ec9251d8a28170f0 to remote] http.headers 127 - http-outgoing-1 << Content-Length:72
08-31-2022 22:18:19 LoggingManagedHttpClientConnection.java DEBUG [Forwarding sendKeysToElement on session a0c3f7ab46bf3ba2ec9251d8a28170f0 to remote] http.headers 127 - http-outgoing-1 << Content-Type:application/json; charset=utf-8
08-31-2022 22:18:19 MainClientExec.java DEBUG [Forwarding sendKeysToElement on session a0c3f7ab46bf3ba2ec9251d8a28170f0 to remote] execchain.MainClientExec 284 - Connection can be kept alive indefinitely
08-31-2022 22:18:19 PoolingHttpClientConnectionManager.java DEBUG [Forwarding sendKeysToElement on session a0c3f7ab46bf3ba2ec9251d8a28170f0 to remote] conn.PoolingHttpClientConnectionManager 314 - Connection [id: 1][route: {}->http://localhost:10388] can be kept alive indefinitely
08-31-2022 22:18:19 PoolingHttpClientConnectionManager.java DEBUG [Forwarding sendKeysToElement on session a0c3f7ab46bf3ba2ec9251d8a28170f0 to remote] conn.PoolingHttpClientConnectionManager 320 - Connection released: [id: 1][route: {}->http://localhost:10388][total kept alive: 1; route allocated: 1 of 2000; total allocated: 1 of 2000]
08-31-2022 22:18:19 RequestAddCookies.java DEBUG [Forwarding findElement on session a0c3f7ab46bf3ba2ec9251d8a28170f0 to remote] protocol.RequestAddCookies 122 - CookieSpec selected: default
08-31-2022 22:18:19 RequestAuthCache.java DEBUG [Forwarding findElement on session a0c3f7ab46bf3ba2ec9251d8a28170f0 to remote] protocol.RequestAuthCache 76 - Auth cache not set in the context
08-31-2022 22:18:19 PoolingHttpClientConnectionManager.java DEBUG [Forwarding findElement on session a0c3f7ab46bf3ba2ec9251d8a28170f0 to remote] conn.PoolingHttpClientConnectionManager 249 - Connection request: [route: {}->http://localhost:10388][total kept alive: 1; route allocated: 1 of 2000; total allocated: 1 of 2000]
08-31-2022 22:18:19 PoolingHttpClientConnectionManager.java DEBUG [Forwarding findElement on session a0c3f7ab46bf3ba2ec9251d8a28170f0 to remote] conn.PoolingHttpClientConnectionManager 282 - Connection leased: [id: 1][route: {}->http://localhost:10388][total kept alive: 0; route allocated: 1 of 2000; total allocated: 1 of 2000]
08-31-2022 22:18:19 MainClientExec.java DEBUG [Forwarding findElement on session a0c3f7ab46bf3ba2ec9251d8a28170f0 to remote] execchain.MainClientExec 207 - Stale connection check
08-31-2022 22:18:19 Wire.java DEBUG [Forwarding findElement on session a0c3f7ab46bf3ba2ec9251d8a28170f0 to remote] http.wire 86 - http-outgoing-1 << "[read] I/O error: Read timed out"
08-31-2022 22:18:19 LoggingManagedHttpClientConnection.java DEBUG [Forwarding findElement on session a0c3f7ab46bf3ba2ec9251d8a28170f0 to remote] conn.DefaultManagedHttpClientConnection 90 - http-outgoing-1: set socket timeout to 10800000
08-31-2022 22:18:19 MainClientExec.java DEBUG [Forwarding findElement on session a0c3f7ab46bf3ba2ec9251d8a28170f0 to remote] execchain.MainClientExec 255 - Executing request POST /session/a0c3f7ab46bf3ba2ec9251d8a28170f0/element HTTP/1.1
08-31-2022 22:18:19 MainClientExec.java DEBUG [Forwarding findElement on session a0c3f7ab46bf3ba2ec9251d8a28170f0 to remote] execchain.MainClientExec 260 - Target auth state: UNCHALLENGED
08-31-2022 22:18:19 MainClientExec.java DEBUG [Forwarding findElement on session a0c3f7ab46bf3ba2ec9251d8a28170f0 to remote] execchain.MainClientExec 266 - Proxy auth state: UNCHALLENGED
08-31-2022 22:18:19 LoggingManagedHttpClientConnection.java DEBUG [Forwarding findElement on session a0c3f7ab46bf3ba2ec9251d8a28170f0 to remote] http.headers 135 - http-outgoing-1 >> POST /session/a0c3f7ab46bf3ba2ec9251d8a28170f0/element HTTP/1.1
08-31-2022 22:18:19 LoggingManagedHttpClientConnection.java DEBUG [Forwarding findElement on session a0c3f7ab46bf3ba2ec9251d8a28170f0 to remote] http.headers 138 - http-outgoing-1 >> Content-Type: application/json; charset=utf-8
08-31-2022 22:18:19 LoggingManagedHttpClientConnection.java DEBUG [Forwarding findElement on session a0c3f7ab46bf3ba2ec9251d8a28170f0 to remote] http.headers 138 - http-outgoing-1 >> Content-Length: 35
08-31-2022 22:18:19 LoggingManagedHttpClientConnection.java DEBUG [Forwarding findElement on session a0c3f7ab46bf3ba2ec9251d8a28170f0 to remote] http.headers 138 - http-outgoing-1 >> Host: localhost:10388
08-31-2022 22:18:19 LoggingManagedHttpClientConnection.java DEBUG [Forwarding findElement on session a0c3f7ab46bf3ba2ec9251d8a28170f0 to remote] http.headers 138 - http-outgoing-1 >> Connection: Keep-Alive
08-31-2022 22:18:19 LoggingManagedHttpClientConnection.java DEBUG [Forwarding findElement on session a0c3f7ab46bf3ba2ec9251d8a28170f0 to remote] http.headers 138 - http-outgoing-1 >> User-Agent: Apache-HttpClient/4.5.2 (Java/11.0.12)
08-31-2022 22:18:19 LoggingManagedHttpClientConnection.java DEBUG [Forwarding findElement on session a0c3f7ab46bf3ba2ec9251d8a28170f0 to remote] http.headers 138 - http-outgoing-1 >> Accept-Encoding: gzip,deflate
08-31-2022 22:18:19 Wire.java DEBUG [Forwarding findElement on session a0c3f7ab46bf3ba2ec9251d8a28170f0 to remote] http.wire 72 - http-outgoing-1 >> "POST /session/a0c3f7ab46bf3ba2ec9251d8a28170f0/element HTTP/1.1[\r][\n]"
08-31-2022 22:18:19 Wire.java DEBUG [Forwarding findElement on session a0c3f7ab46bf3ba2ec9251d8a28170f0 to remote] http.wire 72 - http-outgoing-1 >> "Content-Type: application/json; charset=utf-8[\r][\n]"
08-31-2022 22:18:19 Wire.java DEBUG [Forwarding findElement on session a0c3f7ab46bf3ba2ec9251d8a28170f0 to remote] http.wire 72 - http-outgoing-1 >> "Content-Length: 35[\r][\n]"
08-31-2022 22:18:19 Wire.java DEBUG [Forwarding findElement on session a0c3f7ab46bf3ba2ec9251d8a28170f0 to remote] http.wire 72 - http-outgoing-1 >> "Host: localhost:10388[\r][\n]"
08-31-2022 22:18:19 Wire.java DEBUG [Forwarding findElement on session a0c3f7ab46bf3ba2ec9251d8a28170f0 to remote] http.wire 72 - http-outgoing-1 >> "Connection: Keep-Alive[\r][\n]"
08-31-2022 22:18:19 Wire.java DEBUG [Forwarding findElement on session a0c3f7ab46bf3ba2ec9251d8a28170f0 to remote] http.wire 72 - http-outgoing-1 >> "User-Agent: Apache-HttpClient/4.5.2 (Java/11.0.12)[\r][\n]"
08-31-2022 22:18:19 Wire.java DEBUG [Forwarding findElement on session a0c3f7ab46bf3ba2ec9251d8a28170f0 to remote] http.wire 72 - http-outgoing-1 >> "Accept-Encoding: gzip,deflate[\r][\n]"
08-31-2022 22:18:19 Wire.java DEBUG [Forwarding findElement on session a0c3f7ab46bf3ba2ec9251d8a28170f0 to remote] http.wire 72 - http-outgoing-1 >> "[\r][\n]"
08-31-2022 22:18:19 Wire.java DEBUG [Forwarding findElement on session a0c3f7ab46bf3ba2ec9251d8a28170f0 to remote] http.wire 86 - http-outgoing-1 >> "{"using":"name","value":"password"}"
08-31-2022 22:18:19 Wire.java DEBUG [Forwarding findElement on session a0c3f7ab46bf3ba2ec9251d8a28170f0 to remote] http.wire 72 - http-outgoing-1 << "HTTP/1.1 200 OK[\r][\n]"
08-31-2022 22:18:19 Wire.java DEBUG [Forwarding findElement on session a0c3f7ab46bf3ba2ec9251d8a28170f0 to remote] http.wire 72 - http-outgoing-1 << "Content-Length:103[\r][\n]"
08-31-2022 22:18:19 Wire.java DEBUG [Forwarding findElement on session a0c3f7ab46bf3ba2ec9251d8a28170f0 to remote] http.wire 72 - http-outgoing-1 << "Content-Type:application/json; charset=utf-8[\r][\n]"
08-31-2022 22:18:19 Wire.java DEBUG [Forwarding findElement on session a0c3f7ab46bf3ba2ec9251d8a28170f0 to remote] http.wire 72 - http-outgoing-1 << "[\r][\n]"
08-31-2022 22:18:19 Wire.java DEBUG [Forwarding findElement on session a0c3f7ab46bf3ba2ec9251d8a28170f0 to remote] http.wire 86 - http-outgoing-1 << "{"sessionId":"a0c3f7ab46bf3ba2ec9251d8a28170f0","status":0,"value":{"ELEMENT":"0.45625866748637245-3"}}"
08-31-2022 22:18:19 LoggingManagedHttpClientConnection.java DEBUG [Forwarding findElement on session a0c3f7ab46bf3ba2ec9251d8a28170f0 to remote] http.headers 124 - http-outgoing-1 << HTTP/1.1 200 OK
08-31-2022 22:18:19 LoggingManagedHttpClientConnection.java DEBUG [Forwarding findElement on session a0c3f7ab46bf3ba2ec9251d8a28170f0 to remote] http.headers 127 - http-outgoing-1 << Content-Length:103
08-31-2022 22:18:19 LoggingManagedHttpClientConnection.java DEBUG [Forwarding findElement on session a0c3f7ab46bf3ba2ec9251d8a28170f0 to remote] http.headers 127 - http-outgoing-1 << Content-Type:application/json; charset=utf-8
08-31-2022 22:18:19 MainClientExec.java DEBUG [Forwarding findElement on session a0c3f7ab46bf3ba2ec9251d8a28170f0 to remote] execchain.MainClientExec 284 - Connection can be kept alive indefinitely
08-31-2022 22:18:19 PoolingHttpClientConnectionManager.java DEBUG [Forwarding findElement on session a0c3f7ab46bf3ba2ec9251d8a28170f0 to remote] conn.PoolingHttpClientConnectionManager 314 - Connection [id: 1][route: {}->http://localhost:10388] can be kept alive indefinitely
08-31-2022 22:18:19 PoolingHttpClientConnectionManager.java DEBUG [Forwarding findElement on session a0c3f7ab46bf3ba2ec9251d8a28170f0 to remote] conn.PoolingHttpClientConnectionManager 320 - Connection released: [id: 1][route: {}->http://localhost:10388][total kept alive: 1; route allocated: 1 of 2000; total allocated: 1 of 2000]
08-31-2022 22:18:19 RequestAddCookies.java DEBUG [Forwarding sendKeysToElement on session a0c3f7ab46bf3ba2ec9251d8a28170f0 to remote] protocol.RequestAddCookies 122 - CookieSpec selected: default
08-31-2022 22:18:19 RequestAuthCache.java DEBUG [Forwarding sendKeysToElement on session a0c3f7ab46bf3ba2ec9251d8a28170f0 to remote] protocol.RequestAuthCache 76 - Auth cache not set in the context
08-31-2022 22:18:19 PoolingHttpClientConnectionManager.java DEBUG [Forwarding sendKeysToElement on session a0c3f7ab46bf3ba2ec9251d8a28170f0 to remote] conn.PoolingHttpClientConnectionManager 249 - Connection request: [route: {}->http://localhost:10388][total kept alive: 1; route allocated: 1 of 2000; total allocated: 1 of 2000]
08-31-2022 22:18:19 PoolingHttpClientConnectionManager.java DEBUG [Forwarding sendKeysToElement on session a0c3f7ab46bf3ba2ec9251d8a28170f0 to remote] conn.PoolingHttpClientConnectionManager 282 - Connection leased: [id: 1][route: {}->http://localhost:10388][total kept alive: 0; route allocated: 1 of 2000; total allocated: 1 of 2000]
08-31-2022 22:18:19 MainClientExec.java DEBUG [Forwarding sendKeysToElement on session a0c3f7ab46bf3ba2ec9251d8a28170f0 to remote] execchain.MainClientExec 207 - Stale connection check
08-31-2022 22:18:19 Wire.java DEBUG [Forwarding sendKeysToElement on session a0c3f7ab46bf3ba2ec9251d8a28170f0 to remote] http.wire 86 - http-outgoing-1 << "[read] I/O error: Read timed out"
08-31-2022 22:18:19 LoggingManagedHttpClientConnection.java DEBUG [Forwarding sendKeysToElement on session a0c3f7ab46bf3ba2ec9251d8a28170f0 to remote] conn.DefaultManagedHttpClientConnection 90 - http-outgoing-1: set socket timeout to 10800000
08-31-2022 22:18:19 MainClientExec.java DEBUG [Forwarding sendKeysToElement on session a0c3f7ab46bf3ba2ec9251d8a28170f0 to remote] execchain.MainClientExec 255 - Executing request POST /session/a0c3f7ab46bf3ba2ec9251d8a28170f0/element/0.45625866748637245-3/value HTTP/1.1
08-31-2022 22:18:19 MainClientExec.java DEBUG [Forwarding sendKeysToElement on session a0c3f7ab46bf3ba2ec9251d8a28170f0 to remote] execchain.MainClientExec 260 - Target auth state: UNCHALLENGED
08-31-2022 22:18:19 MainClientExec.java DEBUG [Forwarding sendKeysToElement on session a0c3f7ab46bf3ba2ec9251d8a28170f0 to remote] execchain.MainClientExec 266 - Proxy auth state: UNCHALLENGED
08-31-2022 22:18:19 LoggingManagedHttpClientConnection.java DEBUG [Forwarding sendKeysToElement on session a0c3f7ab46bf3ba2ec9251d8a28170f0 to remote] http.headers 135 - http-outgoing-1 >> POST /session/a0c3f7ab46bf3ba2ec9251d8a28170f0/element/0.45625866748637245-3/value HTTP/1.1
08-31-2022 22:18:19 LoggingManagedHttpClientConnection.java DEBUG [Forwarding sendKeysToElement on session a0c3f7ab46bf3ba2ec9251d8a28170f0 to remote] http.headers 138 - http-outgoing-1 >> Content-Type: application/json; charset=utf-8
08-31-2022 22:18:19 LoggingManagedHttpClientConnection.java DEBUG [Forwarding sendKeysToElement on session a0c3f7ab46bf3ba2ec9251d8a28170f0 to remote] http.headers 138 - http-outgoing-1 >> Content-Length: 52
08-31-2022 22:18:19 LoggingManagedHttpClientConnection.java DEBUG [Forwarding sendKeysToElement on session a0c3f7ab46bf3ba2ec9251d8a28170f0 to remote] http.headers 138 - http-outgoing-1 >> Host: localhost:10388
08-31-2022 22:18:19 LoggingManagedHttpClientConnection.java DEBUG [Forwarding sendKeysToElement on session a0c3f7ab46bf3ba2ec9251d8a28170f0 to remote] http.headers 138 - http-outgoing-1 >> Connection: Keep-Alive
08-31-2022 22:18:19 LoggingManagedHttpClientConnection.java DEBUG [Forwarding sendKeysToElement on session a0c3f7ab46bf3ba2ec9251d8a28170f0 to remote] http.headers 138 - http-outgoing-1 >> User-Agent: Apache-HttpClient/4.5.2 (Java/11.0.12)
08-31-2022 22:18:19 LoggingManagedHttpClientConnection.java DEBUG [Forwarding sendKeysToElement on session a0c3f7ab46bf3ba2ec9251d8a28170f0 to remote] http.headers 138 - http-outgoing-1 >> Accept-Encoding: gzip,deflate
08-31-2022 22:18:19 Wire.java DEBUG [Forwarding sendKeysToElement on session a0c3f7ab46bf3ba2ec9251d8a28170f0 to remote] http.wire 72 - http-outgoing-1 >> "POST /session/a0c3f7ab46bf3ba2ec9251d8a28170f0/element/0.45625866748637245-3/value HTTP/1.1[\r][\n]"
08-31-2022 22:18:19 Wire.java DEBUG [Forwarding sendKeysToElement on session a0c3f7ab46bf3ba2ec9251d8a28170f0 to remote] http.wire 72 - http-outgoing-1 >> "Content-Type: application/json; charset=utf-8[\r][\n]"
08-31-2022 22:18:19 Wire.java DEBUG [Forwarding sendKeysToElement on session a0c3f7ab46bf3ba2ec9251d8a28170f0 to remote] http.wire 72 - http-outgoing-1 >> "Content-Length: 52[\r][\n]"
08-31-2022 22:18:19 Wire.java DEBUG [Forwarding sendKeysToElement on session a0c3f7ab46bf3ba2ec9251d8a28170f0 to remote] http.wire 72 - http-outgoing-1 >> "Host: localhost:10388[\r][\n]"
08-31-2022 22:18:19 Wire.java DEBUG [Forwarding sendKeysToElement on session a0c3f7ab46bf3ba2ec9251d8a28170f0 to remote] http.wire 72 - http-outgoing-1 >> "Connection: Keep-Alive[\r][\n]"
08-31-2022 22:18:19 Wire.java DEBUG [Forwarding sendKeysToElement on session a0c3f7ab46bf3ba2ec9251d8a28170f0 to remote] http.wire 72 - http-outgoing-1 >> "User-Agent: Apache-HttpClient/4.5.2 (Java/11.0.12)[\r][\n]"
08-31-2022 22:18:19 Wire.java DEBUG [Forwarding sendKeysToElement on session a0c3f7ab46bf3ba2ec9251d8a28170f0 to remote] http.wire 72 - http-outgoing-1 >> "Accept-Encoding: gzip,deflate[\r][\n]"
08-31-2022 22:18:19 Wire.java DEBUG [Forwarding sendKeysToElement on session a0c3f7ab46bf3ba2ec9251d8a28170f0 to remote] http.wire 72 - http-outgoing-1 >> "[\r][\n]"
08-31-2022 22:18:19 Wire.java DEBUG [Forwarding sendKeysToElement on session a0c3f7ab46bf3ba2ec9251d8a28170f0 to remote] http.wire 86 - http-outgoing-1 >> "{"id":"0.45625866748637245-3","value":["1299guru@"]}"
08-31-2022 22:18:19 Wire.java DEBUG [Forwarding sendKeysToElement on session a0c3f7ab46bf3ba2ec9251d8a28170f0 to remote] http.wire 72 - http-outgoing-1 << "HTTP/1.1 200 OK[\r][\n]"
08-31-2022 22:18:19 Wire.java DEBUG [Forwarding sendKeysToElement on session a0c3f7ab46bf3ba2ec9251d8a28170f0 to remote] http.wire 72 - http-outgoing-1 << "Content-Length:72[\r][\n]"
08-31-2022 22:18:19 Wire.java DEBUG [Forwarding sendKeysToElement on session a0c3f7ab46bf3ba2ec9251d8a28170f0 to remote] http.wire 72 - http-outgoing-1 << "Content-Type:application/json; charset=utf-8[\r][\n]"
08-31-2022 22:18:19 Wire.java DEBUG [Forwarding sendKeysToElement on session a0c3f7ab46bf3ba2ec9251d8a28170f0 to remote] http.wire 72 - http-outgoing-1 << "[\r][\n]"
08-31-2022 22:18:19 Wire.java DEBUG [Forwarding sendKeysToElement on session a0c3f7ab46bf3ba2ec9251d8a28170f0 to remote] http.wire 86 - http-outgoing-1 << "{"sessionId":"a0c3f7ab46bf3ba2ec9251d8a28170f0","status":0,"value":null}"
08-31-2022 22:18:19 LoggingManagedHttpClientConnection.java DEBUG [Forwarding sendKeysToElement on session a0c3f7ab46bf3ba2ec9251d8a28170f0 to remote] http.headers 124 - http-outgoing-1 << HTTP/1.1 200 OK
08-31-2022 22:18:19 LoggingManagedHttpClientConnection.java DEBUG [Forwarding sendKeysToElement on session a0c3f7ab46bf3ba2ec9251d8a28170f0 to remote] http.headers 127 - http-outgoing-1 << Content-Length:72
08-31-2022 22:18:19 LoggingManagedHttpClientConnection.java DEBUG [Forwarding sendKeysToElement on session a0c3f7ab46bf3ba2ec9251d8a28170f0 to remote] http.headers 127 - http-outgoing-1 << Content-Type:application/json; charset=utf-8
08-31-2022 22:18:19 MainClientExec.java DEBUG [Forwarding sendKeysToElement on session a0c3f7ab46bf3ba2ec9251d8a28170f0 to remote] execchain.MainClientExec 284 - Connection can be kept alive indefinitely
08-31-2022 22:18:19 PoolingHttpClientConnectionManager.java DEBUG [Forwarding sendKeysToElement on session a0c3f7ab46bf3ba2ec9251d8a28170f0 to remote] conn.PoolingHttpClientConnectionManager 314 - Connection [id: 1][route: {}->http://localhost:10388] can be kept alive indefinitely
08-31-2022 22:18:19 PoolingHttpClientConnectionManager.java DEBUG [Forwarding sendKeysToElement on session a0c3f7ab46bf3ba2ec9251d8a28170f0 to remote] conn.PoolingHttpClientConnectionManager 320 - Connection released: [id: 1][route: {}->http://localhost:10388][total kept alive: 1; route allocated: 1 of 2000; total allocated: 1 of 2000]
08-31-2022 22:18:19 RequestAddCookies.java DEBUG [Forwarding findElement on session a0c3f7ab46bf3ba2ec9251d8a28170f0 to remote] protocol.RequestAddCookies 122 - CookieSpec selected: default
08-31-2022 22:18:19 RequestAuthCache.java DEBUG [Forwarding findElement on session a0c3f7ab46bf3ba2ec9251d8a28170f0 to remote] protocol.RequestAuthCache 76 - Auth cache not set in the context
08-31-2022 22:18:19 PoolingHttpClientConnectionManager.java DEBUG [Forwarding findElement on session a0c3f7ab46bf3ba2ec9251d8a28170f0 to remote] conn.PoolingHttpClientConnectionManager 249 - Connection request: [route: {}->http://localhost:10388][total kept alive: 1; route allocated: 1 of 2000; total allocated: 1 of 2000]
08-31-2022 22:18:19 PoolingHttpClientConnectionManager.java DEBUG [Forwarding findElement on session a0c3f7ab46bf3ba2ec9251d8a28170f0 to remote] conn.PoolingHttpClientConnectionManager 282 - Connection leased: [id: 1][route: {}->http://localhost:10388][total kept alive: 0; route allocated: 1 of 2000; total allocated: 1 of 2000]
08-31-2022 22:18:19 MainClientExec.java DEBUG [Forwarding findElement on session a0c3f7ab46bf3ba2ec9251d8a28170f0 to remote] execchain.MainClientExec 207 - Stale connection check
08-31-2022 22:18:19 Wire.java DEBUG [Forwarding findElement on session a0c3f7ab46bf3ba2ec9251d8a28170f0 to remote] http.wire 86 - http-outgoing-1 << "[read] I/O error: Read timed out"
08-31-2022 22:18:19 LoggingManagedHttpClientConnection.java DEBUG [Forwarding findElement on session a0c3f7ab46bf3ba2ec9251d8a28170f0 to remote] conn.DefaultManagedHttpClientConnection 90 - http-outgoing-1: set socket timeout to 10800000
08-31-2022 22:18:19 MainClientExec.java DEBUG [Forwarding findElement on session a0c3f7ab46bf3ba2ec9251d8a28170f0 to remote] execchain.MainClientExec 255 - Executing request POST /session/a0c3f7ab46bf3ba2ec9251d8a28170f0/element HTTP/1.1
08-31-2022 22:18:19 MainClientExec.java DEBUG [Forwarding findElement on session a0c3f7ab46bf3ba2ec9251d8a28170f0 to remote] execchain.MainClientExec 260 - Target auth state: UNCHALLENGED
08-31-2022 22:18:19 MainClientExec.java DEBUG [Forwarding findElement on session a0c3f7ab46bf3ba2ec9251d8a28170f0 to remote] execchain.MainClientExec 266 - Proxy auth state: UNCHALLENGED
08-31-2022 22:18:19 LoggingManagedHttpClientConnection.java DEBUG [Forwarding findElement on session a0c3f7ab46bf3ba2ec9251d8a28170f0 to remote] http.headers 135 - http-outgoing-1 >> POST /session/a0c3f7ab46bf3ba2ec9251d8a28170f0/element HTTP/1.1
08-31-2022 22:18:19 LoggingManagedHttpClientConnection.java DEBUG [Forwarding findElement on session a0c3f7ab46bf3ba2ec9251d8a28170f0 to remote] http.headers 138 - http-outgoing-1 >> Content-Type: application/json; charset=utf-8
08-31-2022 22:18:19 LoggingManagedHttpClientConnection.java DEBUG [Forwarding findElement on session a0c3f7ab46bf3ba2ec9251d8a28170f0 to remote] http.headers 138 - http-outgoing-1 >> Content-Length: 35
08-31-2022 22:18:19 LoggingManagedHttpClientConnection.java DEBUG [Forwarding findElement on session a0c3f7ab46bf3ba2ec9251d8a28170f0 to remote] http.headers 138 - http-outgoing-1 >> Host: localhost:10388
08-31-2022 22:18:19 LoggingManagedHttpClientConnection.java DEBUG [Forwarding findElement on session a0c3f7ab46bf3ba2ec9251d8a28170f0 to remote] http.headers 138 - http-outgoing-1 >> Connection: Keep-Alive
08-31-2022 22:18:19 LoggingManagedHttpClientConnection.java DEBUG [Forwarding findElement on session a0c3f7ab46bf3ba2ec9251d8a28170f0 to remote] http.headers 138 - http-outgoing-1 >> User-Agent: Apache-HttpClient/4.5.2 (Java/11.0.12)
08-31-2022 22:18:19 LoggingManagedHttpClientConnection.java DEBUG [Forwarding findElement on session a0c3f7ab46bf3ba2ec9251d8a28170f0 to remote] http.headers 138 - http-outgoing-1 >> Accept-Encoding: gzip,deflate
08-31-2022 22:18:19 Wire.java DEBUG [Forwarding findElement on session a0c3f7ab46bf3ba2ec9251d8a28170f0 to remote] http.wire 72 - http-outgoing-1 >> "POST /session/a0c3f7ab46bf3ba2ec9251d8a28170f0/element HTTP/1.1[\r][\n]"
08-31-2022 22:18:19 Wire.java DEBUG [Forwarding findElement on session a0c3f7ab46bf3ba2ec9251d8a28170f0 to remote] http.wire 72 - http-outgoing-1 >> "Content-Type: application/json; charset=utf-8[\r][\n]"
08-31-2022 22:18:19 Wire.java DEBUG [Forwarding findElement on session a0c3f7ab46bf3ba2ec9251d8a28170f0 to remote] http.wire 72 - http-outgoing-1 >> "Content-Length: 35[\r][\n]"
08-31-2022 22:18:19 Wire.java DEBUG [Forwarding findElement on session a0c3f7ab46bf3ba2ec9251d8a28170f0 to remote] http.wire 72 - http-outgoing-1 >> "Host: localhost:10388[\r][\n]"
08-31-2022 22:18:19 Wire.java DEBUG [Forwarding findElement on session a0c3f7ab46bf3ba2ec9251d8a28170f0 to remote] http.wire 72 - http-outgoing-1 >> "Connection: Keep-Alive[\r][\n]"
08-31-2022 22:18:19 Wire.java DEBUG [Forwarding findElement on session a0c3f7ab46bf3ba2ec9251d8a28170f0 to remote] http.wire 72 - http-outgoing-1 >> "User-Agent: Apache-HttpClient/4.5.2 (Java/11.0.12)[\r][\n]"
08-31-2022 22:18:19 Wire.java DEBUG [Forwarding findElement on session a0c3f7ab46bf3ba2ec9251d8a28170f0 to remote] http.wire 72 - http-outgoing-1 >> "Accept-Encoding: gzip,deflate[\r][\n]"
08-31-2022 22:18:19 Wire.java DEBUG [Forwarding findElement on session a0c3f7ab46bf3ba2ec9251d8a28170f0 to remote] http.wire 72 - http-outgoing-1 >> "[\r][\n]"
08-31-2022 22:18:19 Wire.java DEBUG [Forwarding findElement on session a0c3f7ab46bf3ba2ec9251d8a28170f0 to remote] http.wire 86 - http-outgoing-1 >> "{"using":"name","value":"btnLogin"}"
08-31-2022 22:18:19 Wire.java DEBUG [Forwarding findElement on session a0c3f7ab46bf3ba2ec9251d8a28170f0 to remote] http.wire 72 - http-outgoing-1 << "HTTP/1.1 200 OK[\r][\n]"
08-31-2022 22:18:19 Wire.java DEBUG [Forwarding findElement on session a0c3f7ab46bf3ba2ec9251d8a28170f0 to remote] http.wire 72 - http-outgoing-1 << "Content-Length:103[\r][\n]"
08-31-2022 22:18:19 Wire.java DEBUG [Forwarding findElement on session a0c3f7ab46bf3ba2ec9251d8a28170f0 to remote] http.wire 72 - http-outgoing-1 << "Content-Type:application/json; charset=utf-8[\r][\n]"
08-31-2022 22:18:19 Wire.java DEBUG [Forwarding findElement on session a0c3f7ab46bf3ba2ec9251d8a28170f0 to remote] http.wire 72 - http-outgoing-1 << "[\r][\n]"
08-31-2022 22:18:19 Wire.java DEBUG [Forwarding findElement on session a0c3f7ab46bf3ba2ec9251d8a28170f0 to remote] http.wire 86 - http-outgoing-1 << "{"sessionId":"a0c3f7ab46bf3ba2ec9251d8a28170f0","status":0,"value":{"ELEMENT":"0.45625866748637245-4"}}"
08-31-2022 22:18:19 LoggingManagedHttpClientConnection.java DEBUG [Forwarding findElement on session a0c3f7ab46bf3ba2ec9251d8a28170f0 to remote] http.headers 124 - http-outgoing-1 << HTTP/1.1 200 OK
08-31-2022 22:18:19 LoggingManagedHttpClientConnection.java DEBUG [Forwarding findElement on session a0c3f7ab46bf3ba2ec9251d8a28170f0 to remote] http.headers 127 - http-outgoing-1 << Content-Length:103
08-31-2022 22:18:19 LoggingManagedHttpClientConnection.java DEBUG [Forwarding findElement on session a0c3f7ab46bf3ba2ec9251d8a28170f0 to remote] http.headers 127 - http-outgoing-1 << Content-Type:application/json; charset=utf-8
08-31-2022 22:18:19 MainClientExec.java DEBUG [Forwarding findElement on session a0c3f7ab46bf3ba2ec9251d8a28170f0 to remote] execchain.MainClientExec 284 - Connection can be kept alive indefinitely
08-31-2022 22:18:19 PoolingHttpClientConnectionManager.java DEBUG [Forwarding findElement on session a0c3f7ab46bf3ba2ec9251d8a28170f0 to remote] conn.PoolingHttpClientConnectionManager 314 - Connection [id: 1][route: {}->http://localhost:10388] can be kept alive indefinitely
08-31-2022 22:18:19 PoolingHttpClientConnectionManager.java DEBUG [Forwarding findElement on session a0c3f7ab46bf3ba2ec9251d8a28170f0 to remote] conn.PoolingHttpClientConnectionManager 320 - Connection released: [id: 1][route: {}->http://localhost:10388][total kept alive: 1; route allocated: 1 of 2000; total allocated: 1 of 2000]
08-31-2022 22:18:19 RequestAddCookies.java DEBUG [Forwarding clickElement on session a0c3f7ab46bf3ba2ec9251d8a28170f0 to remote] protocol.RequestAddCookies 122 - CookieSpec selected: default
08-31-2022 22:18:19 RequestAuthCache.java DEBUG [Forwarding clickElement on session a0c3f7ab46bf3ba2ec9251d8a28170f0 to remote] protocol.RequestAuthCache 76 - Auth cache not set in the context
08-31-2022 22:18:19 PoolingHttpClientConnectionManager.java DEBUG [Forwarding clickElement on session a0c3f7ab46bf3ba2ec9251d8a28170f0 to remote] conn.PoolingHttpClientConnectionManager 249 - Connection request: [route: {}->http://localhost:10388][total kept alive: 1; route allocated: 1 of 2000; total allocated: 1 of 2000]
08-31-2022 22:18:19 PoolingHttpClientConnectionManager.java DEBUG [Forwarding clickElement on session a0c3f7ab46bf3ba2ec9251d8a28170f0 to remote] conn.PoolingHttpClientConnectionManager 282 - Connection leased: [id: 1][route: {}->http://localhost:10388][total kept alive: 0; route allocated: 1 of 2000; total allocated: 1 of 2000]
08-31-2022 22:18:19 MainClientExec.java DEBUG [Forwarding clickElement on session a0c3f7ab46bf3ba2ec9251d8a28170f0 to remote] execchain.MainClientExec 207 - Stale connection check
08-31-2022 22:18:19 Wire.java DEBUG [Forwarding clickElement on session a0c3f7ab46bf3ba2ec9251d8a28170f0 to remote] http.wire 86 - http-outgoing-1 << "[read] I/O error: Read timed out"
08-31-2022 22:18:19 LoggingManagedHttpClientConnection.java DEBUG [Forwarding clickElement on session a0c3f7ab46bf3ba2ec9251d8a28170f0 to remote] conn.DefaultManagedHttpClientConnection 90 - http-outgoing-1: set socket timeout to 10800000
08-31-2022 22:18:19 MainClientExec.java DEBUG [Forwarding clickElement on session a0c3f7ab46bf3ba2ec9251d8a28170f0 to remote] execchain.MainClientExec 255 - Executing request POST /session/a0c3f7ab46bf3ba2ec9251d8a28170f0/element/0.45625866748637245-4/click HTTP/1.1
08-31-2022 22:18:19 MainClientExec.java DEBUG [Forwarding clickElement on session a0c3f7ab46bf3ba2ec9251d8a28170f0 to remote] execchain.MainClientExec 260 - Target auth state: UNCHALLENGED
08-31-2022 22:18:19 MainClientExec.java DEBUG [Forwarding clickElement on session a0c3f7ab46bf3ba2ec9251d8a28170f0 to remote] execchain.MainClientExec 266 - Proxy auth state: UNCHALLENGED
08-31-2022 22:18:19 LoggingManagedHttpClientConnection.java DEBUG [Forwarding clickElement on session a0c3f7ab46bf3ba2ec9251d8a28170f0 to remote] http.headers 135 - http-outgoing-1 >> POST /session/a0c3f7ab46bf3ba2ec9251d8a28170f0/element/0.45625866748637245-4/click HTTP/1.1
08-31-2022 22:18:19 LoggingManagedHttpClientConnection.java DEBUG [Forwarding clickElement on session a0c3f7ab46bf3ba2ec9251d8a28170f0 to remote] http.headers 138 - http-outgoing-1 >> Content-Type: application/json; charset=utf-8
08-31-2022 22:18:19 LoggingManagedHttpClientConnection.java DEBUG [Forwarding clickElement on session a0c3f7ab46bf3ba2ec9251d8a28170f0 to remote] http.headers 138 - http-outgoing-1 >> Content-Length: 30
08-31-2022 22:18:19 LoggingManagedHttpClientConnection.java DEBUG [Forwarding clickElement on session a0c3f7ab46bf3ba2ec9251d8a28170f0 to remote] http.headers 138 - http-outgoing-1 >> Host: localhost:10388
08-31-2022 22:18:19 LoggingManagedHttpClientConnection.java DEBUG [Forwarding clickElement on session a0c3f7ab46bf3ba2ec9251d8a28170f0 to remote] http.headers 138 - http-outgoing-1 >> Connection: Keep-Alive
08-31-2022 22:18:19 LoggingManagedHttpClientConnection.java DEBUG [Forwarding clickElement on session a0c3f7ab46bf3ba2ec9251d8a28170f0 to remote] http.headers 138 - http-outgoing-1 >> User-Agent: Apache-HttpClient/4.5.2 (Java/11.0.12)
08-31-2022 22:18:19 LoggingManagedHttpClientConnection.java DEBUG [Forwarding clickElement on session a0c3f7ab46bf3ba2ec9251d8a28170f0 to remote] http.headers 138 - http-outgoing-1 >> Accept-Encoding: gzip,deflate
08-31-2022 22:18:19 Wire.java DEBUG [Forwarding clickElement on session a0c3f7ab46bf3ba2ec9251d8a28170f0 to remote] http.wire 72 - http-outgoing-1 >> "POST /session/a0c3f7ab46bf3ba2ec9251d8a28170f0/element/0.45625866748637245-4/click HTTP/1.1[\r][\n]"
08-31-2022 22:18:19 Wire.java DEBUG [Forwarding clickElement on session a0c3f7ab46bf3ba2ec9251d8a28170f0 to remote] http.wire 72 - http-outgoing-1 >> "Content-Type: application/json; charset=utf-8[\r][\n]"
08-31-2022 22:18:19 Wire.java DEBUG [Forwarding clickElement on session a0c3f7ab46bf3ba2ec9251d8a28170f0 to remote] http.wire 72 - http-outgoing-1 >> "Content-Length: 30[\r][\n]"
08-31-2022 22:18:19 Wire.java DEBUG [Forwarding clickElement on session a0c3f7ab46bf3ba2ec9251d8a28170f0 to remote] http.wire 72 - http-outgoing-1 >> "Host: localhost:10388[\r][\n]"
08-31-2022 22:18:19 Wire.java DEBUG [Forwarding clickElement on session a0c3f7ab46bf3ba2ec9251d8a28170f0 to remote] http.wire 72 - http-outgoing-1 >> "Connection: Keep-Alive[\r][\n]"
08-31-2022 22:18:19 Wire.java DEBUG [Forwarding clickElement on session a0c3f7ab46bf3ba2ec9251d8a28170f0 to remote] http.wire 72 - http-outgoing-1 >> "User-Agent: Apache-HttpClient/4.5.2 (Java/11.0.12)[\r][\n]"
08-31-2022 22:18:19 Wire.java DEBUG [Forwarding clickElement on session a0c3f7ab46bf3ba2ec9251d8a28170f0 to remote] http.wire 72 - http-outgoing-1 >> "Accept-Encoding: gzip,deflate[\r][\n]"
08-31-2022 22:18:19 Wire.java DEBUG [Forwarding clickElement on session a0c3f7ab46bf3ba2ec9251d8a28170f0 to remote] http.wire 72 - http-outgoing-1 >> "[\r][\n]"
08-31-2022 22:18:19 Wire.java DEBUG [Forwarding clickElement on session a0c3f7ab46bf3ba2ec9251d8a28170f0 to remote] http.wire 86 - http-outgoing-1 >> "{"id":"0.45625866748637245-4"}"
08-31-2022 22:18:20 Wire.java DEBUG [Forwarding clickElement on session a0c3f7ab46bf3ba2ec9251d8a28170f0 to remote] http.wire 72 - http-outgoing-1 << "HTTP/1.1 200 OK[\r][\n]"
08-31-2022 22:18:20 Wire.java DEBUG [Forwarding clickElement on session a0c3f7ab46bf3ba2ec9251d8a28170f0 to remote] http.wire 72 - http-outgoing-1 << "Content-Length:72[\r][\n]"
08-31-2022 22:18:20 Wire.java DEBUG [Forwarding clickElement on session a0c3f7ab46bf3ba2ec9251d8a28170f0 to remote] http.wire 72 - http-outgoing-1 << "Content-Type:application/json; charset=utf-8[\r][\n]"
08-31-2022 22:18:20 Wire.java DEBUG [Forwarding clickElement on session a0c3f7ab46bf3ba2ec9251d8a28170f0 to remote] http.wire 72 - http-outgoing-1 << "[\r][\n]"
08-31-2022 22:18:20 Wire.java DEBUG [Forwarding clickElement on session a0c3f7ab46bf3ba2ec9251d8a28170f0 to remote] http.wire 86 - http-outgoing-1 << "{"sessionId":"a0c3f7ab46bf3ba2ec9251d8a28170f0","status":0,"value":null}"
08-31-2022 22:18:20 LoggingManagedHttpClientConnection.java DEBUG [Forwarding clickElement on session a0c3f7ab46bf3ba2ec9251d8a28170f0 to remote] http.headers 124 - http-outgoing-1 << HTTP/1.1 200 OK
08-31-2022 22:18:20 LoggingManagedHttpClientConnection.java DEBUG [Forwarding clickElement on session a0c3f7ab46bf3ba2ec9251d8a28170f0 to remote] http.headers 127 - http-outgoing-1 << Content-Length:72
08-31-2022 22:18:20 LoggingManagedHttpClientConnection.java DEBUG [Forwarding clickElement on session a0c3f7ab46bf3ba2ec9251d8a28170f0 to remote] http.headers 127 - http-outgoing-1 << Content-Type:application/json; charset=utf-8
08-31-2022 22:18:20 MainClientExec.java DEBUG [Forwarding clickElement on session a0c3f7ab46bf3ba2ec9251d8a28170f0 to remote] execchain.MainClientExec 284 - Connection can be kept alive indefinitely
08-31-2022 22:18:20 PoolingHttpClientConnectionManager.java DEBUG [Forwarding clickElement on session a0c3f7ab46bf3ba2ec9251d8a28170f0 to remote] conn.PoolingHttpClientConnectionManager 314 - Connection [id: 1][route: {}->http://localhost:10388] can be kept alive indefinitely
08-31-2022 22:18:20 PoolingHttpClientConnectionManager.java DEBUG [Forwarding clickElement on session a0c3f7ab46bf3ba2ec9251d8a28170f0 to remote] conn.PoolingHttpClientConnectionManager 320 - Connection released: [id: 1][route: {}->http://localhost:10388][total kept alive: 1; route allocated: 1 of 2000; total allocated: 1 of 2000]
08-31-2022 22:18:23 RequestAddCookies.java DEBUG [Forwarding findElement on session a0c3f7ab46bf3ba2ec9251d8a28170f0 to remote] protocol.RequestAddCookies 122 - CookieSpec selected: default
08-31-2022 22:18:23 RequestAuthCache.java DEBUG [Forwarding findElement on session a0c3f7ab46bf3ba2ec9251d8a28170f0 to remote] protocol.RequestAuthCache 76 - Auth cache not set in the context
08-31-2022 22:18:23 PoolingHttpClientConnectionManager.java DEBUG [Forwarding findElement on session a0c3f7ab46bf3ba2ec9251d8a28170f0 to remote] conn.PoolingHttpClientConnectionManager 249 - Connection request: [route: {}->http://localhost:10388][total kept alive: 1; route allocated: 1 of 2000; total allocated: 1 of 2000]
08-31-2022 22:18:23 Wire.java DEBUG [Forwarding findElement on session a0c3f7ab46bf3ba2ec9251d8a28170f0 to remote] http.wire 86 - http-outgoing-1 << "[read] I/O error: Read timed out"
08-31-2022 22:18:23 PoolingHttpClientConnectionManager.java DEBUG [Forwarding findElement on session a0c3f7ab46bf3ba2ec9251d8a28170f0 to remote] conn.PoolingHttpClientConnectionManager 282 - Connection leased: [id: 1][route: {}->http://localhost:10388][total kept alive: 0; route allocated: 1 of 2000; total allocated: 1 of 2000]
08-31-2022 22:18:23 MainClientExec.java DEBUG [Forwarding findElement on session a0c3f7ab46bf3ba2ec9251d8a28170f0 to remote] execchain.MainClientExec 207 - Stale connection check
08-31-2022 22:18:23 Wire.java DEBUG [Forwarding findElement on session a0c3f7ab46bf3ba2ec9251d8a28170f0 to remote] http.wire 86 - http-outgoing-1 << "[read] I/O error: Read timed out"
08-31-2022 22:18:23 LoggingManagedHttpClientConnection.java DEBUG [Forwarding findElement on session a0c3f7ab46bf3ba2ec9251d8a28170f0 to remote] conn.DefaultManagedHttpClientConnection 90 - http-outgoing-1: set socket timeout to 10800000
08-31-2022 22:18:23 MainClientExec.java DEBUG [Forwarding findElement on session a0c3f7ab46bf3ba2ec9251d8a28170f0 to remote] execchain.MainClientExec 255 - Executing request POST /session/a0c3f7ab46bf3ba2ec9251d8a28170f0/element HTTP/1.1
08-31-2022 22:18:23 MainClientExec.java DEBUG [Forwarding findElement on session a0c3f7ab46bf3ba2ec9251d8a28170f0 to remote] execchain.MainClientExec 260 - Target auth state: UNCHALLENGED
08-31-2022 22:18:23 MainClientExec.java DEBUG [Forwarding findElement on session a0c3f7ab46bf3ba2ec9251d8a28170f0 to remote] execchain.MainClientExec 266 - Proxy auth state: UNCHALLENGED
08-31-2022 22:18:23 LoggingManagedHttpClientConnection.java DEBUG [Forwarding findElement on session a0c3f7ab46bf3ba2ec9251d8a28170f0 to remote] http.headers 135 - http-outgoing-1 >> POST /session/a0c3f7ab46bf3ba2ec9251d8a28170f0/element HTTP/1.1
08-31-2022 22:18:23 LoggingManagedHttpClientConnection.java DEBUG [Forwarding findElement on session a0c3f7ab46bf3ba2ec9251d8a28170f0 to remote] http.headers 138 - http-outgoing-1 >> Content-Type: application/json; charset=utf-8
08-31-2022 22:18:23 LoggingManagedHttpClientConnection.java DEBUG [Forwarding findElement on session a0c3f7ab46bf3ba2ec9251d8a28170f0 to remote] http.headers 138 - http-outgoing-1 >> Content-Length: 64
08-31-2022 22:18:23 LoggingManagedHttpClientConnection.java DEBUG [Forwarding findElement on session a0c3f7ab46bf3ba2ec9251d8a28170f0 to remote] http.headers 138 - http-outgoing-1 >> Host: localhost:10388
08-31-2022 22:18:23 LoggingManagedHttpClientConnection.java DEBUG [Forwarding findElement on session a0c3f7ab46bf3ba2ec9251d8a28170f0 to remote] http.headers 138 - http-outgoing-1 >> Connection: Keep-Alive
08-31-2022 22:18:23 LoggingManagedHttpClientConnection.java DEBUG [Forwarding findElement on session a0c3f7ab46bf3ba2ec9251d8a28170f0 to remote] http.headers 138 - http-outgoing-1 >> User-Agent: Apache-HttpClient/4.5.2 (Java/11.0.12)
08-31-2022 22:18:23 LoggingManagedHttpClientConnection.java DEBUG [Forwarding findElement on session a0c3f7ab46bf3ba2ec9251d8a28170f0 to remote] http.headers 138 - http-outgoing-1 >> Accept-Encoding: gzip,deflate
08-31-2022 22:18:23 Wire.java DEBUG [Forwarding findElement on session a0c3f7ab46bf3ba2ec9251d8a28170f0 to remote] http.wire 72 - http-outgoing-1 >> "POST /session/a0c3f7ab46bf3ba2ec9251d8a28170f0/element HTTP/1.1[\r][\n]"
08-31-2022 22:18:23 Wire.java DEBUG [Forwarding findElement on session a0c3f7ab46bf3ba2ec9251d8a28170f0 to remote] http.wire 72 - http-outgoing-1 >> "Content-Type: application/json; charset=utf-8[\r][\n]"
08-31-2022 22:18:23 Wire.java DEBUG [Forwarding findElement on session a0c3f7ab46bf3ba2ec9251d8a28170f0 to remote] http.wire 72 - http-outgoing-1 >> "Content-Length: 64[\r][\n]"
08-31-2022 22:18:23 Wire.java DEBUG [Forwarding findElement on session a0c3f7ab46bf3ba2ec9251d8a28170f0 to remote] http.wire 72 - http-outgoing-1 >> "Host: localhost:10388[\r][\n]"
08-31-2022 22:18:23 Wire.java DEBUG [Forwarding findElement on session a0c3f7ab46bf3ba2ec9251d8a28170f0 to remote] http.wire 72 - http-outgoing-1 >> "Connection: Keep-Alive[\r][\n]"
08-31-2022 22:18:23 Wire.java DEBUG [Forwarding findElement on session a0c3f7ab46bf3ba2ec9251d8a28170f0 to remote] http.wire 72 - http-outgoing-1 >> "User-Agent: Apache-HttpClient/4.5.2 (Java/11.0.12)[\r][\n]"
08-31-2022 22:18:23 Wire.java DEBUG [Forwarding findElement on session a0c3f7ab46bf3ba2ec9251d8a28170f0 to remote] http.wire 72 - http-outgoing-1 >> "Accept-Encoding: gzip,deflate[\r][\n]"
08-31-2022 22:18:23 Wire.java DEBUG [Forwarding findElement on session a0c3f7ab46bf3ba2ec9251d8a28170f0 to remote] http.wire 72 - http-outgoing-1 >> "[\r][\n]"
08-31-2022 22:18:23 Wire.java DEBUG [Forwarding findElement on session a0c3f7ab46bf3ba2ec9251d8a28170f0 to remote] http.wire 86 - http-outgoing-1 >> "{"using":"xpath","value":"//a[contains(text(),'New Customer')]"}"
08-31-2022 22:18:23 Wire.java DEBUG [Forwarding findElement on session a0c3f7ab46bf3ba2ec9251d8a28170f0 to remote] http.wire 72 - http-outgoing-1 << "HTTP/1.1 200 OK[\r][\n]"
08-31-2022 22:18:23 Wire.java DEBUG [Forwarding findElement on session a0c3f7ab46bf3ba2ec9251d8a28170f0 to remote] http.wire 72 - http-outgoing-1 << "Content-Length:102[\r][\n]"
08-31-2022 22:18:23 Wire.java DEBUG [Forwarding findElement on session a0c3f7ab46bf3ba2ec9251d8a28170f0 to remote] http.wire 72 - http-outgoing-1 << "Content-Type:application/json; charset=utf-8[\r][\n]"
08-31-2022 22:18:23 Wire.java DEBUG [Forwarding findElement on session a0c3f7ab46bf3ba2ec9251d8a28170f0 to remote] http.wire 72 - http-outgoing-1 << "[\r][\n]"
08-31-2022 22:18:23 Wire.java DEBUG [Forwarding findElement on session a0c3f7ab46bf3ba2ec9251d8a28170f0 to remote] http.wire 86 - http-outgoing-1 << "{"sessionId":"a0c3f7ab46bf3ba2ec9251d8a28170f0","status":0,"value":{"ELEMENT":"0.2745117996745883-1"}}"
08-31-2022 22:18:23 LoggingManagedHttpClientConnection.java DEBUG [Forwarding findElement on session a0c3f7ab46bf3ba2ec9251d8a28170f0 to remote] http.headers 124 - http-outgoing-1 << HTTP/1.1 200 OK
08-31-2022 22:18:23 LoggingManagedHttpClientConnection.java DEBUG [Forwarding findElement on session a0c3f7ab46bf3ba2ec9251d8a28170f0 to remote] http.headers 127 - http-outgoing-1 << Content-Length:102
08-31-2022 22:18:23 LoggingManagedHttpClientConnection.java DEBUG [Forwarding findElement on session a0c3f7ab46bf3ba2ec9251d8a28170f0 to remote] http.headers 127 - http-outgoing-1 << Content-Type:application/json; charset=utf-8
08-31-2022 22:18:23 MainClientExec.java DEBUG [Forwarding findElement on session a0c3f7ab46bf3ba2ec9251d8a28170f0 to remote] execchain.MainClientExec 284 - Connection can be kept alive indefinitely
08-31-2022 22:18:23 PoolingHttpClientConnectionManager.java DEBUG [Forwarding findElement on session a0c3f7ab46bf3ba2ec9251d8a28170f0 to remote] conn.PoolingHttpClientConnectionManager 314 - Connection [id: 1][route: {}->http://localhost:10388] can be kept alive indefinitely
08-31-2022 22:18:23 PoolingHttpClientConnectionManager.java DEBUG [Forwarding findElement on session a0c3f7ab46bf3ba2ec9251d8a28170f0 to remote] conn.PoolingHttpClientConnectionManager 320 - Connection released: [id: 1][route: {}->http://localhost:10388][total kept alive: 1; route allocated: 1 of 2000; total allocated: 1 of 2000]
08-31-2022 22:18:23 RequestAddCookies.java DEBUG [Forwarding clickElement on session a0c3f7ab46bf3ba2ec9251d8a28170f0 to remote] protocol.RequestAddCookies 122 - CookieSpec selected: default
08-31-2022 22:18:23 RequestAuthCache.java DEBUG [Forwarding clickElement on session a0c3f7ab46bf3ba2ec9251d8a28170f0 to remote] protocol.RequestAuthCache 76 - Auth cache not set in the context
08-31-2022 22:18:23 PoolingHttpClientConnectionManager.java DEBUG [Forwarding clickElement on session a0c3f7ab46bf3ba2ec9251d8a28170f0 to remote] conn.PoolingHttpClientConnectionManager 249 - Connection request: [route: {}->http://localhost:10388][total kept alive: 1; route allocated: 1 of 2000; total allocated: 1 of 2000]
08-31-2022 22:18:23 PoolingHttpClientConnectionManager.java DEBUG [Forwarding clickElement on session a0c3f7ab46bf3ba2ec9251d8a28170f0 to remote] conn.PoolingHttpClientConnectionManager 282 - Connection leased: [id: 1][route: {}->http://localhost:10388][total kept alive: 0; route allocated: 1 of 2000; total allocated: 1 of 2000]
08-31-2022 22:18:23 MainClientExec.java DEBUG [Forwarding clickElement on session a0c3f7ab46bf3ba2ec9251d8a28170f0 to remote] execchain.MainClientExec 207 - Stale connection check
08-31-2022 22:18:23 Wire.java DEBUG [Forwarding clickElement on session a0c3f7ab46bf3ba2ec9251d8a28170f0 to remote] http.wire 86 - http-outgoing-1 << "[read] I/O error: Read timed out"
08-31-2022 22:18:23 LoggingManagedHttpClientConnection.java DEBUG [Forwarding clickElement on session a0c3f7ab46bf3ba2ec9251d8a28170f0 to remote] conn.DefaultManagedHttpClientConnection 90 - http-outgoing-1: set socket timeout to 10800000
08-31-2022 22:18:23 MainClientExec.java DEBUG [Forwarding clickElement on session a0c3f7ab46bf3ba2ec9251d8a28170f0 to remote] execchain.MainClientExec 255 - Executing request POST /session/a0c3f7ab46bf3ba2ec9251d8a28170f0/element/0.2745117996745883-1/click HTTP/1.1
08-31-2022 22:18:23 MainClientExec.java DEBUG [Forwarding clickElement on session a0c3f7ab46bf3ba2ec9251d8a28170f0 to remote] execchain.MainClientExec 260 - Target auth state: UNCHALLENGED
08-31-2022 22:18:23 MainClientExec.java DEBUG [Forwarding clickElement on session a0c3f7ab46bf3ba2ec9251d8a28170f0 to remote] execchain.MainClientExec 266 - Proxy auth state: UNCHALLENGED
08-31-2022 22:18:23 LoggingManagedHttpClientConnection.java DEBUG [Forwarding clickElement on session a0c3f7ab46bf3ba2ec9251d8a28170f0 to remote] http.headers 135 - http-outgoing-1 >> POST /session/a0c3f7ab46bf3ba2ec9251d8a28170f0/element/0.2745117996745883-1/click HTTP/1.1
08-31-2022 22:18:23 LoggingManagedHttpClientConnection.java DEBUG [Forwarding clickElement on session a0c3f7ab46bf3ba2ec9251d8a28170f0 to remote] http.headers 138 - http-outgoing-1 >> Content-Type: application/json; charset=utf-8
08-31-2022 22:18:23 LoggingManagedHttpClientConnection.java DEBUG [Forwarding clickElement on session a0c3f7ab46bf3ba2ec9251d8a28170f0 to remote] http.headers 138 - http-outgoing-1 >> Content-Length: 29
08-31-2022 22:18:23 LoggingManagedHttpClientConnection.java DEBUG [Forwarding clickElement on session a0c3f7ab46bf3ba2ec9251d8a28170f0 to remote] http.headers 138 - http-outgoing-1 >> Host: localhost:10388
08-31-2022 22:18:23 LoggingManagedHttpClientConnection.java DEBUG [Forwarding clickElement on session a0c3f7ab46bf3ba2ec9251d8a28170f0 to remote] http.headers 138 - http-outgoing-1 >> Connection: Keep-Alive
08-31-2022 22:18:23 LoggingManagedHttpClientConnection.java DEBUG [Forwarding clickElement on session a0c3f7ab46bf3ba2ec9251d8a28170f0 to remote] http.headers 138 - http-outgoing-1 >> User-Agent: Apache-HttpClient/4.5.2 (Java/11.0.12)
08-31-2022 22:18:23 LoggingManagedHttpClientConnection.java DEBUG [Forwarding clickElement on session a0c3f7ab46bf3ba2ec9251d8a28170f0 to remote] http.headers 138 - http-outgoing-1 >> Accept-Encoding: gzip,deflate
08-31-2022 22:18:23 Wire.java DEBUG [Forwarding clickElement on session a0c3f7ab46bf3ba2ec9251d8a28170f0 to remote] http.wire 72 - http-outgoing-1 >> "POST /session/a0c3f7ab46bf3ba2ec9251d8a28170f0/element/0.2745117996745883-1/click HTTP/1.1[\r][\n]"
08-31-2022 22:18:23 Wire.java DEBUG [Forwarding clickElement on session a0c3f7ab46bf3ba2ec9251d8a28170f0 to remote] http.wire 72 - http-outgoing-1 >> "Content-Type: application/json; charset=utf-8[\r][\n]"
08-31-2022 22:18:23 Wire.java DEBUG [Forwarding clickElement on session a0c3f7ab46bf3ba2ec9251d8a28170f0 to remote] http.wire 72 - http-outgoing-1 >> "Content-Length: 29[\r][\n]"
08-31-2022 22:18:23 Wire.java DEBUG [Forwarding clickElement on session a0c3f7ab46bf3ba2ec9251d8a28170f0 to remote] http.wire 72 - http-outgoing-1 >> "Host: localhost:10388[\r][\n]"
08-31-2022 22:18:23 Wire.java DEBUG [Forwarding clickElement on session a0c3f7ab46bf3ba2ec9251d8a28170f0 to remote] http.wire 72 - http-outgoing-1 >> "Connection: Keep-Alive[\r][\n]"
08-31-2022 22:18:23 Wire.java DEBUG [Forwarding clickElement on session a0c3f7ab46bf3ba2ec9251d8a28170f0 to remote] http.wire 72 - http-outgoing-1 >> "User-Agent: Apache-HttpClient/4.5.2 (Java/11.0.12)[\r][\n]"
08-31-2022 22:18:23 Wire.java DEBUG [Forwarding clickElement on session a0c3f7ab46bf3ba2ec9251d8a28170f0 to remote] http.wire 72 - http-outgoing-1 >> "Accept-Encoding: gzip,deflate[\r][\n]"
08-31-2022 22:18:23 Wire.java DEBUG [Forwarding clickElement on session a0c3f7ab46bf3ba2ec9251d8a28170f0 to remote] http.wire 72 - http-outgoing-1 >> "[\r][\n]"
08-31-2022 22:18:23 Wire.java DEBUG [Forwarding clickElement on session a0c3f7ab46bf3ba2ec9251d8a28170f0 to remote] http.wire 86 - http-outgoing-1 >> "{"id":"0.2745117996745883-1"}"
08-31-2022 22:18:23 Wire.java DEBUG [Forwarding clickElement on session a0c3f7ab46bf3ba2ec9251d8a28170f0 to remote] http.wire 72 - http-outgoing-1 << "HTTP/1.1 200 OK[\r][\n]"
08-31-2022 22:18:23 Wire.java DEBUG [Forwarding clickElement on session a0c3f7ab46bf3ba2ec9251d8a28170f0 to remote] http.wire 72 - http-outgoing-1 << "Content-Length:72[\r][\n]"
08-31-2022 22:18:23 Wire.java DEBUG [Forwarding clickElement on session a0c3f7ab46bf3ba2ec9251d8a28170f0 to remote] http.wire 72 - http-outgoing-1 << "Content-Type:application/json; charset=utf-8[\r][\n]"
08-31-2022 22:18:23 Wire.java DEBUG [Forwarding clickElement on session a0c3f7ab46bf3ba2ec9251d8a28170f0 to remote] http.wire 72 - http-outgoing-1 << "[\r][\n]"
08-31-2022 22:18:23 Wire.java DEBUG [Forwarding clickElement on session a0c3f7ab46bf3ba2ec9251d8a28170f0 to remote] http.wire 86 - http-outgoing-1 << "{"sessionId":"a0c3f7ab46bf3ba2ec9251d8a28170f0","status":0,"value":null}"
08-31-2022 22:18:23 LoggingManagedHttpClientConnection.java DEBUG [Forwarding clickElement on session a0c3f7ab46bf3ba2ec9251d8a28170f0 to remote] http.headers 124 - http-outgoing-1 << HTTP/1.1 200 OK
08-31-2022 22:18:23 LoggingManagedHttpClientConnection.java DEBUG [Forwarding clickElement on session a0c3f7ab46bf3ba2ec9251d8a28170f0 to remote] http.headers 127 - http-outgoing-1 << Content-Length:72
08-31-2022 22:18:23 LoggingManagedHttpClientConnection.java DEBUG [Forwarding clickElement on session a0c3f7ab46bf3ba2ec9251d8a28170f0 to remote] http.headers 127 - http-outgoing-1 << Content-Type:application/json; charset=utf-8
08-31-2022 22:18:23 MainClientExec.java DEBUG [Forwarding clickElement on session a0c3f7ab46bf3ba2ec9251d8a28170f0 to remote] execchain.MainClientExec 284 - Connection can be kept alive indefinitely
08-31-2022 22:18:23 PoolingHttpClientConnectionManager.java DEBUG [Forwarding clickElement on session a0c3f7ab46bf3ba2ec9251d8a28170f0 to remote] conn.PoolingHttpClientConnectionManager 314 - Connection [id: 1][route: {}->http://localhost:10388] can be kept alive indefinitely
08-31-2022 22:18:23 PoolingHttpClientConnectionManager.java DEBUG [Forwarding clickElement on session a0c3f7ab46bf3ba2ec9251d8a28170f0 to remote] conn.PoolingHttpClientConnectionManager 320 - Connection released: [id: 1][route: {}->http://localhost:10388][total kept alive: 1; route allocated: 1 of 2000; total allocated: 1 of 2000]
08-31-2022 22:18:26 RequestAddCookies.java DEBUG [Forwarding findElement on session a0c3f7ab46bf3ba2ec9251d8a28170f0 to remote] protocol.RequestAddCookies 122 - CookieSpec selected: default
08-31-2022 22:18:26 RequestAuthCache.java DEBUG [Forwarding findElement on session a0c3f7ab46bf3ba2ec9251d8a28170f0 to remote] protocol.RequestAuthCache 76 - Auth cache not set in the context
08-31-2022 22:18:26 PoolingHttpClientConnectionManager.java DEBUG [Forwarding findElement on session a0c3f7ab46bf3ba2ec9251d8a28170f0 to remote] conn.PoolingHttpClientConnectionManager 249 - Connection request: [route: {}->http://localhost:10388][total kept alive: 1; route allocated: 1 of 2000; total allocated: 1 of 2000]
08-31-2022 22:18:26 Wire.java DEBUG [Forwarding findElement on session a0c3f7ab46bf3ba2ec9251d8a28170f0 to remote] http.wire 86 - http-outgoing-1 << "[read] I/O error: Read timed out"
08-31-2022 22:18:26 PoolingHttpClientConnectionManager.java DEBUG [Forwarding findElement on session a0c3f7ab46bf3ba2ec9251d8a28170f0 to remote] conn.PoolingHttpClientConnectionManager 282 - Connection leased: [id: 1][route: {}->http://localhost:10388][total kept alive: 0; route allocated: 1 of 2000; total allocated: 1 of 2000]
08-31-2022 22:18:26 MainClientExec.java DEBUG [Forwarding findElement on session a0c3f7ab46bf3ba2ec9251d8a28170f0 to remote] execchain.MainClientExec 207 - Stale connection check
08-31-2022 22:18:26 Wire.java DEBUG [Forwarding findElement on session a0c3f7ab46bf3ba2ec9251d8a28170f0 to remote] http.wire 86 - http-outgoing-1 << "[read] I/O error: Read timed out"
08-31-2022 22:18:26 LoggingManagedHttpClientConnection.java DEBUG [Forwarding findElement on session a0c3f7ab46bf3ba2ec9251d8a28170f0 to remote] conn.DefaultManagedHttpClientConnection 90 - http-outgoing-1: set socket timeout to 10800000
08-31-2022 22:18:26 MainClientExec.java DEBUG [Forwarding findElement on session a0c3f7ab46bf3ba2ec9251d8a28170f0 to remote] execchain.MainClientExec 255 - Executing request POST /session/a0c3f7ab46bf3ba2ec9251d8a28170f0/element HTTP/1.1
08-31-2022 22:18:26 MainClientExec.java DEBUG [Forwarding findElement on session a0c3f7ab46bf3ba2ec9251d8a28170f0 to remote] execchain.MainClientExec 260 - Target auth state: UNCHALLENGED
08-31-2022 22:18:26 MainClientExec.java DEBUG [Forwarding findElement on session a0c3f7ab46bf3ba2ec9251d8a28170f0 to remote] execchain.MainClientExec 266 - Proxy auth state: UNCHALLENGED
08-31-2022 22:18:26 LoggingManagedHttpClientConnection.java DEBUG [Forwarding findElement on session a0c3f7ab46bf3ba2ec9251d8a28170f0 to remote] http.headers 135 - http-outgoing-1 >> POST /session/a0c3f7ab46bf3ba2ec9251d8a28170f0/element HTTP/1.1
08-31-2022 22:18:26 LoggingManagedHttpClientConnection.java DEBUG [Forwarding findElement on session a0c3f7ab46bf3ba2ec9251d8a28170f0 to remote] http.headers 138 - http-outgoing-1 >> Content-Type: application/json; charset=utf-8
08-31-2022 22:18:26 LoggingManagedHttpClientConnection.java DEBUG [Forwarding findElement on session a0c3f7ab46bf3ba2ec9251d8a28170f0 to remote] http.headers 138 - http-outgoing-1 >> Content-Length: 67
08-31-2022 22:18:26 LoggingManagedHttpClientConnection.java DEBUG [Forwarding findElement on session a0c3f7ab46bf3ba2ec9251d8a28170f0 to remote] http.headers 138 - http-outgoing-1 >> Host: localhost:10388
08-31-2022 22:18:26 LoggingManagedHttpClientConnection.java DEBUG [Forwarding findElement on session a0c3f7ab46bf3ba2ec9251d8a28170f0 to remote] http.headers 138 - http-outgoing-1 >> Connection: Keep-Alive
08-31-2022 22:18:26 LoggingManagedHttpClientConnection.java DEBUG [Forwarding findElement on session a0c3f7ab46bf3ba2ec9251d8a28170f0 to remote] http.headers 138 - http-outgoing-1 >> User-Agent: Apache-HttpClient/4.5.2 (Java/11.0.12)
08-31-2022 22:18:26 LoggingManagedHttpClientConnection.java DEBUG [Forwarding findElement on session a0c3f7ab46bf3ba2ec9251d8a28170f0 to remote] http.headers 138 - http-outgoing-1 >> Accept-Encoding: gzip,deflate
08-31-2022 22:18:26 Wire.java DEBUG [Forwarding findElement on session a0c3f7ab46bf3ba2ec9251d8a28170f0 to remote] http.wire 72 - http-outgoing-1 >> "POST /session/a0c3f7ab46bf3ba2ec9251d8a28170f0/element HTTP/1.1[\r][\n]"
08-31-2022 22:18:26 Wire.java DEBUG [Forwarding findElement on session a0c3f7ab46bf3ba2ec9251d8a28170f0 to remote] http.wire 72 - http-outgoing-1 >> "Content-Type: application/json; charset=utf-8[\r][\n]"
08-31-2022 22:18:26 Wire.java DEBUG [Forwarding findElement on session a0c3f7ab46bf3ba2ec9251d8a28170f0 to remote] http.wire 72 - http-outgoing-1 >> "Content-Length: 67[\r][\n]"
08-31-2022 22:18:26 Wire.java DEBUG [Forwarding findElement on session a0c3f7ab46bf3ba2ec9251d8a28170f0 to remote] http.wire 72 - http-outgoing-1 >> "Host: localhost:10388[\r][\n]"
08-31-2022 22:18:26 Wire.java DEBUG [Forwarding findElement on session a0c3f7ab46bf3ba2ec9251d8a28170f0 to remote] http.wire 72 - http-outgoing-1 >> "Connection: Keep-Alive[\r][\n]"
08-31-2022 22:18:26 Wire.java DEBUG [Forwarding findElement on session a0c3f7ab46bf3ba2ec9251d8a28170f0 to remote] http.wire 72 - http-outgoing-1 >> "User-Agent: Apache-HttpClient/4.5.2 (Java/11.0.12)[\r][\n]"
08-31-2022 22:18:26 Wire.java DEBUG [Forwarding findElement on session a0c3f7ab46bf3ba2ec9251d8a28170f0 to remote] http.wire 72 - http-outgoing-1 >> "Accept-Encoding: gzip,deflate[\r][\n]"
08-31-2022 22:18:26 Wire.java DEBUG [Forwarding findElement on session a0c3f7ab46bf3ba2ec9251d8a28170f0 to remote] http.wire 72 - http-outgoing-1 >> "[\r][\n]"
08-31-2022 22:18:26 Wire.java DEBUG [Forwarding findElement on session a0c3f7ab46bf3ba2ec9251d8a28170f0 to remote] http.wire 86 - http-outgoing-1 >> "{"using":"xpath","value":"//iframe[@title='3rd party ad content']"}"
08-31-2022 22:18:26 Wire.java DEBUG [Forwarding findElement on session a0c3f7ab46bf3ba2ec9251d8a28170f0 to remote] http.wire 72 - http-outgoing-1 << "HTTP/1.1 200 OK[\r][\n]"
08-31-2022 22:18:26 Wire.java DEBUG [Forwarding findElement on session a0c3f7ab46bf3ba2ec9251d8a28170f0 to remote] http.wire 72 - http-outgoing-1 << "Content-Length:102[\r][\n]"
08-31-2022 22:18:26 Wire.java DEBUG [Forwarding findElement on session a0c3f7ab46bf3ba2ec9251d8a28170f0 to remote] http.wire 72 - http-outgoing-1 << "Content-Type:application/json; charset=utf-8[\r][\n]"
08-31-2022 22:18:26 Wire.java DEBUG [Forwarding findElement on session a0c3f7ab46bf3ba2ec9251d8a28170f0 to remote] http.wire 72 - http-outgoing-1 << "[\r][\n]"
08-31-2022 22:18:26 Wire.java DEBUG [Forwarding findElement on session a0c3f7ab46bf3ba2ec9251d8a28170f0 to remote] http.wire 86 - http-outgoing-1 << "{"sessionId":"a0c3f7ab46bf3ba2ec9251d8a28170f0","status":0,"value":{"ELEMENT":"0.2745117996745883-2"}}"
08-31-2022 22:18:26 LoggingManagedHttpClientConnection.java DEBUG [Forwarding findElement on session a0c3f7ab46bf3ba2ec9251d8a28170f0 to remote] http.headers 124 - http-outgoing-1 << HTTP/1.1 200 OK
08-31-2022 22:18:26 LoggingManagedHttpClientConnection.java DEBUG [Forwarding findElement on session a0c3f7ab46bf3ba2ec9251d8a28170f0 to remote] http.headers 127 - http-outgoing-1 << Content-Length:102
08-31-2022 22:18:26 LoggingManagedHttpClientConnection.java DEBUG [Forwarding findElement on session a0c3f7ab46bf3ba2ec9251d8a28170f0 to remote] http.headers 127 - http-outgoing-1 << Content-Type:application/json; charset=utf-8
08-31-2022 22:18:26 MainClientExec.java DEBUG [Forwarding findElement on session a0c3f7ab46bf3ba2ec9251d8a28170f0 to remote] execchain.MainClientExec 284 - Connection can be kept alive indefinitely
08-31-2022 22:18:26 PoolingHttpClientConnectionManager.java DEBUG [Forwarding findElement on session a0c3f7ab46bf3ba2ec9251d8a28170f0 to remote] conn.PoolingHttpClientConnectionManager 314 - Connection [id: 1][route: {}->http://localhost:10388] can be kept alive indefinitely
08-31-2022 22:18:26 PoolingHttpClientConnectionManager.java DEBUG [Forwarding findElement on session a0c3f7ab46bf3ba2ec9251d8a28170f0 to remote] conn.PoolingHttpClientConnectionManager 320 - Connection released: [id: 1][route: {}->http://localhost:10388][total kept alive: 1; route allocated: 1 of 2000; total allocated: 1 of 2000]
08-31-2022 22:18:26 RequestAddCookies.java DEBUG [Forwarding switchToFrame on session a0c3f7ab46bf3ba2ec9251d8a28170f0 to remote] protocol.RequestAddCookies 122 - CookieSpec selected: default
08-31-2022 22:18:26 RequestAuthCache.java DEBUG [Forwarding switchToFrame on session a0c3f7ab46bf3ba2ec9251d8a28170f0 to remote] protocol.RequestAuthCache 76 - Auth cache not set in the context
08-31-2022 22:18:26 PoolingHttpClientConnectionManager.java DEBUG [Forwarding switchToFrame on session a0c3f7ab46bf3ba2ec9251d8a28170f0 to remote] conn.PoolingHttpClientConnectionManager 249 - Connection request: [route: {}->http://localhost:10388][total kept alive: 1; route allocated: 1 of 2000; total allocated: 1 of 2000]
08-31-2022 22:18:26 PoolingHttpClientConnectionManager.java DEBUG [Forwarding switchToFrame on session a0c3f7ab46bf3ba2ec9251d8a28170f0 to remote] conn.PoolingHttpClientConnectionManager 282 - Connection leased: [id: 1][route: {}->http://localhost:10388][total kept alive: 0; route allocated: 1 of 2000; total allocated: 1 of 2000]
08-31-2022 22:18:26 MainClientExec.java DEBUG [Forwarding switchToFrame on session a0c3f7ab46bf3ba2ec9251d8a28170f0 to remote] execchain.MainClientExec 207 - Stale connection check
08-31-2022 22:18:26 Wire.java DEBUG [Forwarding switchToFrame on session a0c3f7ab46bf3ba2ec9251d8a28170f0 to remote] http.wire 86 - http-outgoing-1 << "[read] I/O error: Read timed out"
08-31-2022 22:18:26 LoggingManagedHttpClientConnection.java DEBUG [Forwarding switchToFrame on session a0c3f7ab46bf3ba2ec9251d8a28170f0 to remote] conn.DefaultManagedHttpClientConnection 90 - http-outgoing-1: set socket timeout to 10800000
08-31-2022 22:18:26 MainClientExec.java DEBUG [Forwarding switchToFrame on session a0c3f7ab46bf3ba2ec9251d8a28170f0 to remote] execchain.MainClientExec 255 - Executing request POST /session/a0c3f7ab46bf3ba2ec9251d8a28170f0/frame HTTP/1.1
08-31-2022 22:18:26 MainClientExec.java DEBUG [Forwarding switchToFrame on session a0c3f7ab46bf3ba2ec9251d8a28170f0 to remote] execchain.MainClientExec 260 - Target auth state: UNCHALLENGED
08-31-2022 22:18:26 MainClientExec.java DEBUG [Forwarding switchToFrame on session a0c3f7ab46bf3ba2ec9251d8a28170f0 to remote] execchain.MainClientExec 266 - Proxy auth state: UNCHALLENGED
08-31-2022 22:18:26 LoggingManagedHttpClientConnection.java DEBUG [Forwarding switchToFrame on session a0c3f7ab46bf3ba2ec9251d8a28170f0 to remote] http.headers 135 - http-outgoing-1 >> POST /session/a0c3f7ab46bf3ba2ec9251d8a28170f0/frame HTTP/1.1
08-31-2022 22:18:26 LoggingManagedHttpClientConnection.java DEBUG [Forwarding switchToFrame on session a0c3f7ab46bf3ba2ec9251d8a28170f0 to remote] http.headers 138 - http-outgoing-1 >> Content-Type: application/json; charset=utf-8
08-31-2022 22:18:26 LoggingManagedHttpClientConnection.java DEBUG [Forwarding switchToFrame on session a0c3f7ab46bf3ba2ec9251d8a28170f0 to remote] http.headers 138 - http-outgoing-1 >> Content-Length: 102
08-31-2022 22:18:26 LoggingManagedHttpClientConnection.java DEBUG [Forwarding switchToFrame on session a0c3f7ab46bf3ba2ec9251d8a28170f0 to remote] http.headers 138 - http-outgoing-1 >> Host: localhost:10388
08-31-2022 22:18:26 LoggingManagedHttpClientConnection.java DEBUG [Forwarding switchToFrame on session a0c3f7ab46bf3ba2ec9251d8a28170f0 to remote] http.headers 138 - http-outgoing-1 >> Connection: Keep-Alive
08-31-2022 22:18:26 LoggingManagedHttpClientConnection.java DEBUG [Forwarding switchToFrame on session a0c3f7ab46bf3ba2ec9251d8a28170f0 to remote] http.headers 138 - http-outgoing-1 >> User-Agent: Apache-HttpClient/4.5.2 (Java/11.0.12)
08-31-2022 22:18:26 LoggingManagedHttpClientConnection.java DEBUG [Forwarding switchToFrame on session a0c3f7ab46bf3ba2ec9251d8a28170f0 to remote] http.headers 138 - http-outgoing-1 >> Accept-Encoding: gzip,deflate
08-31-2022 22:18:26 Wire.java DEBUG [Forwarding switchToFrame on session a0c3f7ab46bf3ba2ec9251d8a28170f0 to remote] http.wire 72 - http-outgoing-1 >> "POST /session/a0c3f7ab46bf3ba2ec9251d8a28170f0/frame HTTP/1.1[\r][\n]"
08-31-2022 22:18:26 Wire.java DEBUG [Forwarding switchToFrame on session a0c3f7ab46bf3ba2ec9251d8a28170f0 to remote] http.wire 72 - http-outgoing-1 >> "Content-Type: application/json; charset=utf-8[\r][\n]"
08-31-2022 22:18:26 Wire.java DEBUG [Forwarding switchToFrame on session a0c3f7ab46bf3ba2ec9251d8a28170f0 to remote] http.wire 72 - http-outgoing-1 >> "Content-Length: 102[\r][\n]"
08-31-2022 22:18:26 Wire.java DEBUG [Forwarding switchToFrame on session a0c3f7ab46bf3ba2ec9251d8a28170f0 to remote] http.wire 72 - http-outgoing-1 >> "Host: localhost:10388[\r][\n]"
08-31-2022 22:18:26 Wire.java DEBUG [Forwarding switchToFrame on session a0c3f7ab46bf3ba2ec9251d8a28170f0 to remote] http.wire 72 - http-outgoing-1 >> "Connection: Keep-Alive[\r][\n]"
08-31-2022 22:18:26 Wire.java DEBUG [Forwarding switchToFrame on session a0c3f7ab46bf3ba2ec9251d8a28170f0 to remote] http.wire 72 - http-outgoing-1 >> "User-Agent: Apache-HttpClient/4.5.2 (Java/11.0.12)[\r][\n]"
08-31-2022 22:18:26 Wire.java DEBUG [Forwarding switchToFrame on session a0c3f7ab46bf3ba2ec9251d8a28170f0 to remote] http.wire 72 - http-outgoing-1 >> "Accept-Encoding: gzip,deflate[\r][\n]"
08-31-2022 22:18:26 Wire.java DEBUG [Forwarding switchToFrame on session a0c3f7ab46bf3ba2ec9251d8a28170f0 to remote] http.wire 72 - http-outgoing-1 >> "[\r][\n]"
08-31-2022 22:18:26 Wire.java DEBUG [Forwarding switchToFrame on session a0c3f7ab46bf3ba2ec9251d8a28170f0 to remote] http.wire 86 - http-outgoing-1 >> "{"id":{"ELEMENT":"0.2745117996745883-2","element-6066-11e4-a52e-4f735466cecf":"0.2745117996745883-2"}}"
08-31-2022 22:18:26 Wire.java DEBUG [Forwarding switchToFrame on session a0c3f7ab46bf3ba2ec9251d8a28170f0 to remote] http.wire 72 - http-outgoing-1 << "HTTP/1.1 200 OK[\r][\n]"
08-31-2022 22:18:26 Wire.java DEBUG [Forwarding switchToFrame on session a0c3f7ab46bf3ba2ec9251d8a28170f0 to remote] http.wire 72 - http-outgoing-1 << "Content-Length:72[\r][\n]"
08-31-2022 22:18:26 Wire.java DEBUG [Forwarding switchToFrame on session a0c3f7ab46bf3ba2ec9251d8a28170f0 to remote] http.wire 72 - http-outgoing-1 << "Content-Type:application/json; charset=utf-8[\r][\n]"
08-31-2022 22:18:26 Wire.java DEBUG [Forwarding switchToFrame on session a0c3f7ab46bf3ba2ec9251d8a28170f0 to remote] http.wire 72 - http-outgoing-1 << "[\r][\n]"
08-31-2022 22:18:26 Wire.java DEBUG [Forwarding switchToFrame on session a0c3f7ab46bf3ba2ec9251d8a28170f0 to remote] http.wire 86 - http-outgoing-1 << "{"sessionId":"a0c3f7ab46bf3ba2ec9251d8a28170f0","status":0,"value":null}"
08-31-2022 22:18:26 LoggingManagedHttpClientConnection.java DEBUG [Forwarding switchToFrame on session a0c3f7ab46bf3ba2ec9251d8a28170f0 to remote] http.headers 124 - http-outgoing-1 << HTTP/1.1 200 OK
08-31-2022 22:18:26 LoggingManagedHttpClientConnection.java DEBUG [Forwarding switchToFrame on session a0c3f7ab46bf3ba2ec9251d8a28170f0 to remote] http.headers 127 - http-outgoing-1 << Content-Length:72
08-31-2022 22:18:26 LoggingManagedHttpClientConnection.java DEBUG [Forwarding switchToFrame on session a0c3f7ab46bf3ba2ec9251d8a28170f0 to remote] http.headers 127 - http-outgoing-1 << Content-Type:application/json; charset=utf-8
08-31-2022 22:18:26 MainClientExec.java DEBUG [Forwarding switchToFrame on session a0c3f7ab46bf3ba2ec9251d8a28170f0 to remote] execchain.MainClientExec 284 - Connection can be kept alive indefinitely
08-31-2022 22:18:26 PoolingHttpClientConnectionManager.java DEBUG [Forwarding switchToFrame on session a0c3f7ab46bf3ba2ec9251d8a28170f0 to remote] conn.PoolingHttpClientConnectionManager 314 - Connection [id: 1][route: {}->http://localhost:10388] can be kept alive indefinitely
08-31-2022 22:18:26 PoolingHttpClientConnectionManager.java DEBUG [Forwarding switchToFrame on session a0c3f7ab46bf3ba2ec9251d8a28170f0 to remote] conn.PoolingHttpClientConnectionManager 320 - Connection released: [id: 1][route: {}->http://localhost:10388][total kept alive: 1; route allocated: 1 of 2000; total allocated: 1 of 2000]
08-31-2022 22:18:26 RequestAddCookies.java DEBUG [Forwarding findElement on session a0c3f7ab46bf3ba2ec9251d8a28170f0 to remote] protocol.RequestAddCookies 122 - CookieSpec selected: default
08-31-2022 22:18:26 RequestAuthCache.java DEBUG [Forwarding findElement on session a0c3f7ab46bf3ba2ec9251d8a28170f0 to remote] protocol.RequestAuthCache 76 - Auth cache not set in the context
08-31-2022 22:18:26 PoolingHttpClientConnectionManager.java DEBUG [Forwarding findElement on session a0c3f7ab46bf3ba2ec9251d8a28170f0 to remote] conn.PoolingHttpClientConnectionManager 249 - Connection request: [route: {}->http://localhost:10388][total kept alive: 1; route allocated: 1 of 2000; total allocated: 1 of 2000]
08-31-2022 22:18:26 PoolingHttpClientConnectionManager.java DEBUG [Forwarding findElement on session a0c3f7ab46bf3ba2ec9251d8a28170f0 to remote] conn.PoolingHttpClientConnectionManager 282 - Connection leased: [id: 1][route: {}->http://localhost:10388][total kept alive: 0; route allocated: 1 of 2000; total allocated: 1 of 2000]
08-31-2022 22:18:26 MainClientExec.java DEBUG [Forwarding findElement on session a0c3f7ab46bf3ba2ec9251d8a28170f0 to remote] execchain.MainClientExec 207 - Stale connection check
08-31-2022 22:18:26 Wire.java DEBUG [Forwarding findElement on session a0c3f7ab46bf3ba2ec9251d8a28170f0 to remote] http.wire 86 - http-outgoing-1 << "[read] I/O error: Read timed out"
08-31-2022 22:18:26 LoggingManagedHttpClientConnection.java DEBUG [Forwarding findElement on session a0c3f7ab46bf3ba2ec9251d8a28170f0 to remote] conn.DefaultManagedHttpClientConnection 90 - http-outgoing-1: set socket timeout to 10800000
08-31-2022 22:18:26 MainClientExec.java DEBUG [Forwarding findElement on session a0c3f7ab46bf3ba2ec9251d8a28170f0 to remote] execchain.MainClientExec 255 - Executing request POST /session/a0c3f7ab46bf3ba2ec9251d8a28170f0/element HTTP/1.1
08-31-2022 22:18:26 MainClientExec.java DEBUG [Forwarding findElement on session a0c3f7ab46bf3ba2ec9251d8a28170f0 to remote] execchain.MainClientExec 260 - Target auth state: UNCHALLENGED
08-31-2022 22:18:26 MainClientExec.java DEBUG [Forwarding findElement on session a0c3f7ab46bf3ba2ec9251d8a28170f0 to remote] execchain.MainClientExec 266 - Proxy auth state: UNCHALLENGED
08-31-2022 22:18:26 LoggingManagedHttpClientConnection.java DEBUG [Forwarding findElement on session a0c3f7ab46bf3ba2ec9251d8a28170f0 to remote] http.headers 135 - http-outgoing-1 >> POST /session/a0c3f7ab46bf3ba2ec9251d8a28170f0/element HTTP/1.1
08-31-2022 22:18:26 LoggingManagedHttpClientConnection.java DEBUG [Forwarding findElement on session a0c3f7ab46bf3ba2ec9251d8a28170f0 to remote] http.headers 138 - http-outgoing-1 >> Content-Type: application/json; charset=utf-8
08-31-2022 22:18:26 LoggingManagedHttpClientConnection.java DEBUG [Forwarding findElement on session a0c3f7ab46bf3ba2ec9251d8a28170f0 to remote] http.headers 138 - http-outgoing-1 >> Content-Length: 55
08-31-2022 22:18:26 LoggingManagedHttpClientConnection.java DEBUG [Forwarding findElement on session a0c3f7ab46bf3ba2ec9251d8a28170f0 to remote] http.headers 138 - http-outgoing-1 >> Host: localhost:10388
08-31-2022 22:18:26 LoggingManagedHttpClientConnection.java DEBUG [Forwarding findElement on session a0c3f7ab46bf3ba2ec9251d8a28170f0 to remote] http.headers 138 - http-outgoing-1 >> Connection: Keep-Alive
08-31-2022 22:18:26 LoggingManagedHttpClientConnection.java DEBUG [Forwarding findElement on session a0c3f7ab46bf3ba2ec9251d8a28170f0 to remote] http.headers 138 - http-outgoing-1 >> User-Agent: Apache-HttpClient/4.5.2 (Java/11.0.12)
08-31-2022 22:18:26 LoggingManagedHttpClientConnection.java DEBUG [Forwarding findElement on session a0c3f7ab46bf3ba2ec9251d8a28170f0 to remote] http.headers 138 - http-outgoing-1 >> Accept-Encoding: gzip,deflate
08-31-2022 22:18:26 Wire.java DEBUG [Forwarding findElement on session a0c3f7ab46bf3ba2ec9251d8a28170f0 to remote] http.wire 72 - http-outgoing-1 >> "POST /session/a0c3f7ab46bf3ba2ec9251d8a28170f0/element HTTP/1.1[\r][\n]"
08-31-2022 22:18:26 Wire.java DEBUG [Forwarding findElement on session a0c3f7ab46bf3ba2ec9251d8a28170f0 to remote] http.wire 72 - http-outgoing-1 >> "Content-Type: application/json; charset=utf-8[\r][\n]"
08-31-2022 22:18:26 Wire.java DEBUG [Forwarding findElement on session a0c3f7ab46bf3ba2ec9251d8a28170f0 to remote] http.wire 72 - http-outgoing-1 >> "Content-Length: 55[\r][\n]"
08-31-2022 22:18:26 Wire.java DEBUG [Forwarding findElement on session a0c3f7ab46bf3ba2ec9251d8a28170f0 to remote] http.wire 72 - http-outgoing-1 >> "Host: localhost:10388[\r][\n]"
08-31-2022 22:18:26 Wire.java DEBUG [Forwarding findElement on session a0c3f7ab46bf3ba2ec9251d8a28170f0 to remote] http.wire 72 - http-outgoing-1 >> "Connection: Keep-Alive[\r][\n]"
08-31-2022 22:18:26 Wire.java DEBUG [Forwarding findElement on session a0c3f7ab46bf3ba2ec9251d8a28170f0 to remote] http.wire 72 - http-outgoing-1 >> "User-Agent: Apache-HttpClient/4.5.2 (Java/11.0.12)[\r][\n]"
08-31-2022 22:18:26 Wire.java DEBUG [Forwarding findElement on session a0c3f7ab46bf3ba2ec9251d8a28170f0 to remote] http.wire 72 - http-outgoing-1 >> "Accept-Encoding: gzip,deflate[\r][\n]"
08-31-2022 22:18:26 Wire.java DEBUG [Forwarding findElement on session a0c3f7ab46bf3ba2ec9251d8a28170f0 to remote] http.wire 72 - http-outgoing-1 >> "[\r][\n]"
08-31-2022 22:18:26 Wire.java DEBUG [Forwarding findElement on session a0c3f7ab46bf3ba2ec9251d8a28170f0 to remote] http.wire 86 - http-outgoing-1 >> "{"using":"xpath","value":"//div[@id='dismiss-button']"}"
08-31-2022 22:18:26 Wire.java DEBUG [Forwarding findElement on session a0c3f7ab46bf3ba2ec9251d8a28170f0 to remote] http.wire 72 - http-outgoing-1 << "HTTP/1.1 200 OK[\r][\n]"
08-31-2022 22:18:26 Wire.java DEBUG [Forwarding findElement on session a0c3f7ab46bf3ba2ec9251d8a28170f0 to remote] http.wire 72 - http-outgoing-1 << "Content-Length:101[\r][\n]"
08-31-2022 22:18:26 Wire.java DEBUG [Forwarding findElement on session a0c3f7ab46bf3ba2ec9251d8a28170f0 to remote] http.wire 72 - http-outgoing-1 << "Content-Type:application/json; charset=utf-8[\r][\n]"
08-31-2022 22:18:26 Wire.java DEBUG [Forwarding findElement on session a0c3f7ab46bf3ba2ec9251d8a28170f0 to remote] http.wire 72 - http-outgoing-1 << "[\r][\n]"
08-31-2022 22:18:26 Wire.java DEBUG [Forwarding findElement on session a0c3f7ab46bf3ba2ec9251d8a28170f0 to remote] http.wire 86 - http-outgoing-1 << "{"sessionId":"a0c3f7ab46bf3ba2ec9251d8a28170f0","status":0,"value":{"ELEMENT":"0.643478734864934-1"}}"
08-31-2022 22:18:26 LoggingManagedHttpClientConnection.java DEBUG [Forwarding findElement on session a0c3f7ab46bf3ba2ec9251d8a28170f0 to remote] http.headers 124 - http-outgoing-1 << HTTP/1.1 200 OK
08-31-2022 22:18:26 LoggingManagedHttpClientConnection.java DEBUG [Forwarding findElement on session a0c3f7ab46bf3ba2ec9251d8a28170f0 to remote] http.headers 127 - http-outgoing-1 << Content-Length:101
08-31-2022 22:18:26 LoggingManagedHttpClientConnection.java DEBUG [Forwarding findElement on session a0c3f7ab46bf3ba2ec9251d8a28170f0 to remote] http.headers 127 - http-outgoing-1 << Content-Type:application/json; charset=utf-8
08-31-2022 22:18:26 MainClientExec.java DEBUG [Forwarding findElement on session a0c3f7ab46bf3ba2ec9251d8a28170f0 to remote] execchain.MainClientExec 284 - Connection can be kept alive indefinitely
08-31-2022 22:18:26 PoolingHttpClientConnectionManager.java DEBUG [Forwarding findElement on session a0c3f7ab46bf3ba2ec9251d8a28170f0 to remote] conn.PoolingHttpClientConnectionManager 314 - Connection [id: 1][route: {}->http://localhost:10388] can be kept alive indefinitely
08-31-2022 22:18:26 PoolingHttpClientConnectionManager.java DEBUG [Forwarding findElement on session a0c3f7ab46bf3ba2ec9251d8a28170f0 to remote] conn.PoolingHttpClientConnectionManager 320 - Connection released: [id: 1][route: {}->http://localhost:10388][total kept alive: 1; route allocated: 1 of 2000; total allocated: 1 of 2000]
08-31-2022 22:18:26 RequestAddCookies.java DEBUG [Forwarding clickElement on session a0c3f7ab46bf3ba2ec9251d8a28170f0 to remote] protocol.RequestAddCookies 122 - CookieSpec selected: default
08-31-2022 22:18:26 RequestAuthCache.java DEBUG [Forwarding clickElement on session a0c3f7ab46bf3ba2ec9251d8a28170f0 to remote] protocol.RequestAuthCache 76 - Auth cache not set in the context
08-31-2022 22:18:26 PoolingHttpClientConnectionManager.java DEBUG [Forwarding clickElement on session a0c3f7ab46bf3ba2ec9251d8a28170f0 to remote] conn.PoolingHttpClientConnectionManager 249 - Connection request: [route: {}->http://localhost:10388][total kept alive: 1; route allocated: 1 of 2000; total allocated: 1 of 2000]
08-31-2022 22:18:26 PoolingHttpClientConnectionManager.java DEBUG [Forwarding clickElement on session a0c3f7ab46bf3ba2ec9251d8a28170f0 to remote] conn.PoolingHttpClientConnectionManager 282 - Connection leased: [id: 1][route: {}->http://localhost:10388][total kept alive: 0; route allocated: 1 of 2000; total allocated: 1 of 2000]
08-31-2022 22:18:26 MainClientExec.java DEBUG [Forwarding clickElement on session a0c3f7ab46bf3ba2ec9251d8a28170f0 to remote] execchain.MainClientExec 207 - Stale connection check
08-31-2022 22:18:26 Wire.java DEBUG [Forwarding clickElement on session a0c3f7ab46bf3ba2ec9251d8a28170f0 to remote] http.wire 86 - http-outgoing-1 << "[read] I/O error: Read timed out"
08-31-2022 22:18:26 LoggingManagedHttpClientConnection.java DEBUG [Forwarding clickElement on session a0c3f7ab46bf3ba2ec9251d8a28170f0 to remote] conn.DefaultManagedHttpClientConnection 90 - http-outgoing-1: set socket timeout to 10800000
08-31-2022 22:18:26 MainClientExec.java DEBUG [Forwarding clickElement on session a0c3f7ab46bf3ba2ec9251d8a28170f0 to remote] execchain.MainClientExec 255 - Executing request POST /session/a0c3f7ab46bf3ba2ec9251d8a28170f0/element/0.643478734864934-1/click HTTP/1.1
08-31-2022 22:18:26 MainClientExec.java DEBUG [Forwarding clickElement on session a0c3f7ab46bf3ba2ec9251d8a28170f0 to remote] execchain.MainClientExec 260 - Target auth state: UNCHALLENGED
08-31-2022 22:18:26 MainClientExec.java DEBUG [Forwarding clickElement on session a0c3f7ab46bf3ba2ec9251d8a28170f0 to remote] execchain.MainClientExec 266 - Proxy auth state: UNCHALLENGED
08-31-2022 22:18:26 LoggingManagedHttpClientConnection.java DEBUG [Forwarding clickElement on session a0c3f7ab46bf3ba2ec9251d8a28170f0 to remote] http.headers 135 - http-outgoing-1 >> POST /session/a0c3f7ab46bf3ba2ec9251d8a28170f0/element/0.643478734864934-1/click HTTP/1.1
08-31-2022 22:18:26 LoggingManagedHttpClientConnection.java DEBUG [Forwarding clickElement on session a0c3f7ab46bf3ba2ec9251d8a28170f0 to remote] http.headers 138 - http-outgoing-1 >> Content-Type: application/json; charset=utf-8
08-31-2022 22:18:26 LoggingManagedHttpClientConnection.java DEBUG [Forwarding clickElement on session a0c3f7ab46bf3ba2ec9251d8a28170f0 to remote] http.headers 138 - http-outgoing-1 >> Content-Length: 28
08-31-2022 22:18:26 LoggingManagedHttpClientConnection.java DEBUG [Forwarding clickElement on session a0c3f7ab46bf3ba2ec9251d8a28170f0 to remote] http.headers 138 - http-outgoing-1 >> Host: localhost:10388
08-31-2022 22:18:26 LoggingManagedHttpClientConnection.java DEBUG [Forwarding clickElement on session a0c3f7ab46bf3ba2ec9251d8a28170f0 to remote] http.headers 138 - http-outgoing-1 >> Connection: Keep-Alive
08-31-2022 22:18:26 LoggingManagedHttpClientConnection.java DEBUG [Forwarding clickElement on session a0c3f7ab46bf3ba2ec9251d8a28170f0 to remote] http.headers 138 - http-outgoing-1 >> User-Agent: Apache-HttpClient/4.5.2 (Java/11.0.12)
08-31-2022 22:18:26 LoggingManagedHttpClientConnection.java DEBUG [Forwarding clickElement on session a0c3f7ab46bf3ba2ec9251d8a28170f0 to remote] http.headers 138 - http-outgoing-1 >> Accept-Encoding: gzip,deflate
08-31-2022 22:18:26 Wire.java DEBUG [Forwarding clickElement on session a0c3f7ab46bf3ba2ec9251d8a28170f0 to remote] http.wire 72 - http-outgoing-1 >> "POST /session/a0c3f7ab46bf3ba2ec9251d8a28170f0/element/0.643478734864934-1/click HTTP/1.1[\r][\n]"
08-31-2022 22:18:26 Wire.java DEBUG [Forwarding clickElement on session a0c3f7ab46bf3ba2ec9251d8a28170f0 to remote] http.wire 72 - http-outgoing-1 >> "Content-Type: application/json; charset=utf-8[\r][\n]"
08-31-2022 22:18:26 Wire.java DEBUG [Forwarding clickElement on session a0c3f7ab46bf3ba2ec9251d8a28170f0 to remote] http.wire 72 - http-outgoing-1 >> "Content-Length: 28[\r][\n]"
08-31-2022 22:18:26 Wire.java DEBUG [Forwarding clickElement on session a0c3f7ab46bf3ba2ec9251d8a28170f0 to remote] http.wire 72 - http-outgoing-1 >> "Host: localhost:10388[\r][\n]"
08-31-2022 22:18:26 Wire.java DEBUG [Forwarding clickElement on session a0c3f7ab46bf3ba2ec9251d8a28170f0 to remote] http.wire 72 - http-outgoing-1 >> "Connection: Keep-Alive[\r][\n]"
08-31-2022 22:18:26 Wire.java DEBUG [Forwarding clickElement on session a0c3f7ab46bf3ba2ec9251d8a28170f0 to remote] http.wire 72 - http-outgoing-1 >> "User-Agent: Apache-HttpClient/4.5.2 (Java/11.0.12)[\r][\n]"
08-31-2022 22:18:26 Wire.java DEBUG [Forwarding clickElement on session a0c3f7ab46bf3ba2ec9251d8a28170f0 to remote] http.wire 72 - http-outgoing-1 >> "Accept-Encoding: gzip,deflate[\r][\n]"
08-31-2022 22:18:26 Wire.java DEBUG [Forwarding clickElement on session a0c3f7ab46bf3ba2ec9251d8a28170f0 to remote] http.wire 72 - http-outgoing-1 >> "[\r][\n]"
08-31-2022 22:18:26 Wire.java DEBUG [Forwarding clickElement on session a0c3f7ab46bf3ba2ec9251d8a28170f0 to remote] http.wire 86 - http-outgoing-1 >> "{"id":"0.643478734864934-1"}"
08-31-2022 22:18:26 Wire.java DEBUG [Forwarding clickElement on session a0c3f7ab46bf3ba2ec9251d8a28170f0 to remote] http.wire 72 - http-outgoing-1 << "HTTP/1.1 200 OK[\r][\n]"
08-31-2022 22:18:26 Wire.java DEBUG [Forwarding clickElement on session a0c3f7ab46bf3ba2ec9251d8a28170f0 to remote] http.wire 72 - http-outgoing-1 << "Content-Length:72[\r][\n]"
08-31-2022 22:18:26 Wire.java DEBUG [Forwarding clickElement on session a0c3f7ab46bf3ba2ec9251d8a28170f0 to remote] http.wire 72 - http-outgoing-1 << "Content-Type:application/json; charset=utf-8[\r][\n]"
08-31-2022 22:18:26 Wire.java DEBUG [Forwarding clickElement on session a0c3f7ab46bf3ba2ec9251d8a28170f0 to remote] http.wire 72 - http-outgoing-1 << "[\r][\n]"
08-31-2022 22:18:26 Wire.java DEBUG [Forwarding clickElement on session a0c3f7ab46bf3ba2ec9251d8a28170f0 to remote] http.wire 86 - http-outgoing-1 << "{"sessionId":"a0c3f7ab46bf3ba2ec9251d8a28170f0","status":0,"value":null}"
08-31-2022 22:18:26 LoggingManagedHttpClientConnection.java DEBUG [Forwarding clickElement on session a0c3f7ab46bf3ba2ec9251d8a28170f0 to remote] http.headers 124 - http-outgoing-1 << HTTP/1.1 200 OK
08-31-2022 22:18:26 LoggingManagedHttpClientConnection.java DEBUG [Forwarding clickElement on session a0c3f7ab46bf3ba2ec9251d8a28170f0 to remote] http.headers 127 - http-outgoing-1 << Content-Length:72
08-31-2022 22:18:26 LoggingManagedHttpClientConnection.java DEBUG [Forwarding clickElement on session a0c3f7ab46bf3ba2ec9251d8a28170f0 to remote] http.headers 127 - http-outgoing-1 << Content-Type:application/json; charset=utf-8
08-31-2022 22:18:26 MainClientExec.java DEBUG [Forwarding clickElement on session a0c3f7ab46bf3ba2ec9251d8a28170f0 to remote] execchain.MainClientExec 284 - Connection can be kept alive indefinitely
08-31-2022 22:18:26 PoolingHttpClientConnectionManager.java DEBUG [Forwarding clickElement on session a0c3f7ab46bf3ba2ec9251d8a28170f0 to remote] conn.PoolingHttpClientConnectionManager 314 - Connection [id: 1][route: {}->http://localhost:10388] can be kept alive indefinitely
08-31-2022 22:18:26 PoolingHttpClientConnectionManager.java DEBUG [Forwarding clickElement on session a0c3f7ab46bf3ba2ec9251d8a28170f0 to remote] conn.PoolingHttpClientConnectionManager 320 - Connection released: [id: 1][route: {}->http://localhost:10388][total kept alive: 1; route allocated: 1 of 2000; total allocated: 1 of 2000]
08-31-2022 22:18:26 RequestAddCookies.java DEBUG [Forwarding switchToFrame on session a0c3f7ab46bf3ba2ec9251d8a28170f0 to remote] protocol.RequestAddCookies 122 - CookieSpec selected: default
08-31-2022 22:18:26 RequestAuthCache.java DEBUG [Forwarding switchToFrame on session a0c3f7ab46bf3ba2ec9251d8a28170f0 to remote] protocol.RequestAuthCache 76 - Auth cache not set in the context
08-31-2022 22:18:26 PoolingHttpClientConnectionManager.java DEBUG [Forwarding switchToFrame on session a0c3f7ab46bf3ba2ec9251d8a28170f0 to remote] conn.PoolingHttpClientConnectionManager 249 - Connection request: [route: {}->http://localhost:10388][total kept alive: 1; route allocated: 1 of 2000; total allocated: 1 of 2000]
08-31-2022 22:18:26 PoolingHttpClientConnectionManager.java DEBUG [Forwarding switchToFrame on session a0c3f7ab46bf3ba2ec9251d8a28170f0 to remote] conn.PoolingHttpClientConnectionManager 282 - Connection leased: [id: 1][route: {}->http://localhost:10388][total kept alive: 0; route allocated: 1 of 2000; total allocated: 1 of 2000]
08-31-2022 22:18:26 MainClientExec.java DEBUG [Forwarding switchToFrame on session a0c3f7ab46bf3ba2ec9251d8a28170f0 to remote] execchain.MainClientExec 207 - Stale connection check
08-31-2022 22:18:26 Wire.java DEBUG [Forwarding switchToFrame on session a0c3f7ab46bf3ba2ec9251d8a28170f0 to remote] http.wire 86 - http-outgoing-1 << "[read] I/O error: Read timed out"
08-31-2022 22:18:26 LoggingManagedHttpClientConnection.java DEBUG [Forwarding switchToFrame on session a0c3f7ab46bf3ba2ec9251d8a28170f0 to remote] conn.DefaultManagedHttpClientConnection 90 - http-outgoing-1: set socket timeout to 10800000
08-31-2022 22:18:26 MainClientExec.java DEBUG [Forwarding switchToFrame on session a0c3f7ab46bf3ba2ec9251d8a28170f0 to remote] execchain.MainClientExec 255 - Executing request POST /session/a0c3f7ab46bf3ba2ec9251d8a28170f0/frame HTTP/1.1
08-31-2022 22:18:26 MainClientExec.java DEBUG [Forwarding switchToFrame on session a0c3f7ab46bf3ba2ec9251d8a28170f0 to remote] execchain.MainClientExec 260 - Target auth state: UNCHALLENGED
08-31-2022 22:18:26 MainClientExec.java DEBUG [Forwarding switchToFrame on session a0c3f7ab46bf3ba2ec9251d8a28170f0 to remote] execchain.MainClientExec 266 - Proxy auth state: UNCHALLENGED
08-31-2022 22:18:26 LoggingManagedHttpClientConnection.java DEBUG [Forwarding switchToFrame on session a0c3f7ab46bf3ba2ec9251d8a28170f0 to remote] http.headers 135 - http-outgoing-1 >> POST /session/a0c3f7ab46bf3ba2ec9251d8a28170f0/frame HTTP/1.1
08-31-2022 22:18:26 LoggingManagedHttpClientConnection.java DEBUG [Forwarding switchToFrame on session a0c3f7ab46bf3ba2ec9251d8a28170f0 to remote] http.headers 138 - http-outgoing-1 >> Content-Type: application/json; charset=utf-8
08-31-2022 22:18:26 LoggingManagedHttpClientConnection.java DEBUG [Forwarding switchToFrame on session a0c3f7ab46bf3ba2ec9251d8a28170f0 to remote] http.headers 138 - http-outgoing-1 >> Content-Length: 11
08-31-2022 22:18:26 LoggingManagedHttpClientConnection.java DEBUG [Forwarding switchToFrame on session a0c3f7ab46bf3ba2ec9251d8a28170f0 to remote] http.headers 138 - http-outgoing-1 >> Host: localhost:10388
08-31-2022 22:18:26 LoggingManagedHttpClientConnection.java DEBUG [Forwarding switchToFrame on session a0c3f7ab46bf3ba2ec9251d8a28170f0 to remote] http.headers 138 - http-outgoing-1 >> Connection: Keep-Alive
08-31-2022 22:18:26 LoggingManagedHttpClientConnection.java DEBUG [Forwarding switchToFrame on session a0c3f7ab46bf3ba2ec9251d8a28170f0 to remote] http.headers 138 - http-outgoing-1 >> User-Agent: Apache-HttpClient/4.5.2 (Java/11.0.12)
08-31-2022 22:18:26 LoggingManagedHttpClientConnection.java DEBUG [Forwarding switchToFrame on session a0c3f7ab46bf3ba2ec9251d8a28170f0 to remote] http.headers 138 - http-outgoing-1 >> Accept-Encoding: gzip,deflate
08-31-2022 22:18:26 Wire.java DEBUG [Forwarding switchToFrame on session a0c3f7ab46bf3ba2ec9251d8a28170f0 to remote] http.wire 72 - http-outgoing-1 >> "POST /session/a0c3f7ab46bf3ba2ec9251d8a28170f0/frame HTTP/1.1[\r][\n]"
08-31-2022 22:18:26 Wire.java DEBUG [Forwarding switchToFrame on session a0c3f7ab46bf3ba2ec9251d8a28170f0 to remote] http.wire 72 - http-outgoing-1 >> "Content-Type: application/json; charset=utf-8[\r][\n]"
08-31-2022 22:18:26 Wire.java DEBUG [Forwarding switchToFrame on session a0c3f7ab46bf3ba2ec9251d8a28170f0 to remote] http.wire 72 - http-outgoing-1 >> "Content-Length: 11[\r][\n]"
08-31-2022 22:18:26 Wire.java DEBUG [Forwarding switchToFrame on session a0c3f7ab46bf3ba2ec9251d8a28170f0 to remote] http.wire 72 - http-outgoing-1 >> "Host: localhost:10388[\r][\n]"
08-31-2022 22:18:26 Wire.java DEBUG [Forwarding switchToFrame on session a0c3f7ab46bf3ba2ec9251d8a28170f0 to remote] http.wire 72 - http-outgoing-1 >> "Connection: Keep-Alive[\r][\n]"
08-31-2022 22:18:26 Wire.java DEBUG [Forwarding switchToFrame on session a0c3f7ab46bf3ba2ec9251d8a28170f0 to remote] http.wire 72 - http-outgoing-1 >> "User-Agent: Apache-HttpClient/4.5.2 (Java/11.0.12)[\r][\n]"
08-31-2022 22:18:26 Wire.java DEBUG [Forwarding switchToFrame on session a0c3f7ab46bf3ba2ec9251d8a28170f0 to remote] http.wire 72 - http-outgoing-1 >> "Accept-Encoding: gzip,deflate[\r][\n]"
08-31-2022 22:18:26 Wire.java DEBUG [Forwarding switchToFrame on session a0c3f7ab46bf3ba2ec9251d8a28170f0 to remote] http.wire 72 - http-outgoing-1 >> "[\r][\n]"
08-31-2022 22:18:26 Wire.java DEBUG [Forwarding switchToFrame on session a0c3f7ab46bf3ba2ec9251d8a28170f0 to remote] http.wire 86 - http-outgoing-1 >> "{"id":null}"
08-31-2022 22:18:27 Wire.java DEBUG [Forwarding switchToFrame on session a0c3f7ab46bf3ba2ec9251d8a28170f0 to remote] http.wire 72 - http-outgoing-1 << "HTTP/1.1 200 OK[\r][\n]"
08-31-2022 22:18:27 Wire.java DEBUG [Forwarding switchToFrame on session a0c3f7ab46bf3ba2ec9251d8a28170f0 to remote] http.wire 72 - http-outgoing-1 << "Content-Length:72[\r][\n]"
08-31-2022 22:18:27 Wire.java DEBUG [Forwarding switchToFrame on session a0c3f7ab46bf3ba2ec9251d8a28170f0 to remote] http.wire 72 - http-outgoing-1 << "Content-Type:application/json; charset=utf-8[\r][\n]"
08-31-2022 22:18:27 Wire.java DEBUG [Forwarding switchToFrame on session a0c3f7ab46bf3ba2ec9251d8a28170f0 to remote] http.wire 72 - http-outgoing-1 << "[\r][\n]"
08-31-2022 22:18:27 Wire.java DEBUG [Forwarding switchToFrame on session a0c3f7ab46bf3ba2ec9251d8a28170f0 to remote] http.wire 86 - http-outgoing-1 << "{"sessionId":"a0c3f7ab46bf3ba2ec9251d8a28170f0","status":0,"value":null}"
08-31-2022 22:18:27 LoggingManagedHttpClientConnection.java DEBUG [Forwarding switchToFrame on session a0c3f7ab46bf3ba2ec9251d8a28170f0 to remote] http.headers 124 - http-outgoing-1 << HTTP/1.1 200 OK
08-31-2022 22:18:27 LoggingManagedHttpClientConnection.java DEBUG [Forwarding switchToFrame on session a0c3f7ab46bf3ba2ec9251d8a28170f0 to remote] http.headers 127 - http-outgoing-1 << Content-Length:72
08-31-2022 22:18:27 LoggingManagedHttpClientConnection.java DEBUG [Forwarding switchToFrame on session a0c3f7ab46bf3ba2ec9251d8a28170f0 to remote] http.headers 127 - http-outgoing-1 << Content-Type:application/json; charset=utf-8
08-31-2022 22:18:27 MainClientExec.java DEBUG [Forwarding switchToFrame on session a0c3f7ab46bf3ba2ec9251d8a28170f0 to remote] execchain.MainClientExec 284 - Connection can be kept alive indefinitely
08-31-2022 22:18:27 PoolingHttpClientConnectionManager.java DEBUG [Forwarding switchToFrame on session a0c3f7ab46bf3ba2ec9251d8a28170f0 to remote] conn.PoolingHttpClientConnectionManager 314 - Connection [id: 1][route: {}->http://localhost:10388] can be kept alive indefinitely
08-31-2022 22:18:27 PoolingHttpClientConnectionManager.java DEBUG [Forwarding switchToFrame on session a0c3f7ab46bf3ba2ec9251d8a28170f0 to remote] conn.PoolingHttpClientConnectionManager 320 - Connection released: [id: 1][route: {}->http://localhost:10388][total kept alive: 1; route allocated: 1 of 2000; total allocated: 1 of 2000]
08-31-2022 22:18:27 RequestAddCookies.java DEBUG [Forwarding findElement on session a0c3f7ab46bf3ba2ec9251d8a28170f0 to remote] protocol.RequestAddCookies 122 - CookieSpec selected: default
08-31-2022 22:18:27 RequestAuthCache.java DEBUG [Forwarding findElement on session a0c3f7ab46bf3ba2ec9251d8a28170f0 to remote] protocol.RequestAuthCache 76 - Auth cache not set in the context
08-31-2022 22:18:27 PoolingHttpClientConnectionManager.java DEBUG [Forwarding findElement on session a0c3f7ab46bf3ba2ec9251d8a28170f0 to remote] conn.PoolingHttpClientConnectionManager 249 - Connection request: [route: {}->http://localhost:10388][total kept alive: 1; route allocated: 1 of 2000; total allocated: 1 of 2000]
08-31-2022 22:18:27 PoolingHttpClientConnectionManager.java DEBUG [Forwarding findElement on session a0c3f7ab46bf3ba2ec9251d8a28170f0 to remote] conn.PoolingHttpClientConnectionManager 282 - Connection leased: [id: 1][route: {}->http://localhost:10388][total kept alive: 0; route allocated: 1 of 2000; total allocated: 1 of 2000]
08-31-2022 22:18:27 MainClientExec.java DEBUG [Forwarding findElement on session a0c3f7ab46bf3ba2ec9251d8a28170f0 to remote] execchain.MainClientExec 207 - Stale connection check
08-31-2022 22:18:27 Wire.java DEBUG [Forwarding findElement on session a0c3f7ab46bf3ba2ec9251d8a28170f0 to remote] http.wire 86 - http-outgoing-1 << "[read] I/O error: Read timed out"
08-31-2022 22:18:27 LoggingManagedHttpClientConnection.java DEBUG [Forwarding findElement on session a0c3f7ab46bf3ba2ec9251d8a28170f0 to remote] conn.DefaultManagedHttpClientConnection 90 - http-outgoing-1: set socket timeout to 10800000
08-31-2022 22:18:27 MainClientExec.java DEBUG [Forwarding findElement on session a0c3f7ab46bf3ba2ec9251d8a28170f0 to remote] execchain.MainClientExec 255 - Executing request POST /session/a0c3f7ab46bf3ba2ec9251d8a28170f0/element HTTP/1.1
08-31-2022 22:18:27 MainClientExec.java DEBUG [Forwarding findElement on session a0c3f7ab46bf3ba2ec9251d8a28170f0 to remote] execchain.MainClientExec 260 - Target auth state: UNCHALLENGED
08-31-2022 22:18:27 MainClientExec.java DEBUG [Forwarding findElement on session a0c3f7ab46bf3ba2ec9251d8a28170f0 to remote] execchain.MainClientExec 266 - Proxy auth state: UNCHALLENGED
08-31-2022 22:18:27 LoggingManagedHttpClientConnection.java DEBUG [Forwarding findElement on session a0c3f7ab46bf3ba2ec9251d8a28170f0 to remote] http.headers 135 - http-outgoing-1 >> POST /session/a0c3f7ab46bf3ba2ec9251d8a28170f0/element HTTP/1.1
08-31-2022 22:18:27 LoggingManagedHttpClientConnection.java DEBUG [Forwarding findElement on session a0c3f7ab46bf3ba2ec9251d8a28170f0 to remote] http.headers 138 - http-outgoing-1 >> Content-Type: application/json; charset=utf-8
08-31-2022 22:18:27 LoggingManagedHttpClientConnection.java DEBUG [Forwarding findElement on session a0c3f7ab46bf3ba2ec9251d8a28170f0 to remote] http.headers 138 - http-outgoing-1 >> Content-Length: 49
08-31-2022 22:18:27 LoggingManagedHttpClientConnection.java DEBUG [Forwarding findElement on session a0c3f7ab46bf3ba2ec9251d8a28170f0 to remote] http.headers 138 - http-outgoing-1 >> Host: localhost:10388
08-31-2022 22:18:27 LoggingManagedHttpClientConnection.java DEBUG [Forwarding findElement on session a0c3f7ab46bf3ba2ec9251d8a28170f0 to remote] http.headers 138 - http-outgoing-1 >> Connection: Keep-Alive
08-31-2022 22:18:27 LoggingManagedHttpClientConnection.java DEBUG [Forwarding findElement on session a0c3f7ab46bf3ba2ec9251d8a28170f0 to remote] http.headers 138 - http-outgoing-1 >> User-Agent: Apache-HttpClient/4.5.2 (Java/11.0.12)
08-31-2022 22:18:27 LoggingManagedHttpClientConnection.java DEBUG [Forwarding findElement on session a0c3f7ab46bf3ba2ec9251d8a28170f0 to remote] http.headers 138 - http-outgoing-1 >> Accept-Encoding: gzip,deflate
08-31-2022 22:18:27 Wire.java DEBUG [Forwarding findElement on session a0c3f7ab46bf3ba2ec9251d8a28170f0 to remote] http.wire 72 - http-outgoing-1 >> "POST /session/a0c3f7ab46bf3ba2ec9251d8a28170f0/element HTTP/1.1[\r][\n]"
08-31-2022 22:18:27 Wire.java DEBUG [Forwarding findElement on session a0c3f7ab46bf3ba2ec9251d8a28170f0 to remote] http.wire 72 - http-outgoing-1 >> "Content-Type: application/json; charset=utf-8[\r][\n]"
08-31-2022 22:18:27 Wire.java DEBUG [Forwarding findElement on session a0c3f7ab46bf3ba2ec9251d8a28170f0 to remote] http.wire 72 - http-outgoing-1 >> "Content-Length: 49[\r][\n]"
08-31-2022 22:18:27 Wire.java DEBUG [Forwarding findElement on session a0c3f7ab46bf3ba2ec9251d8a28170f0 to remote] http.wire 72 - http-outgoing-1 >> "Host: localhost:10388[\r][\n]"
08-31-2022 22:18:27 Wire.java DEBUG [Forwarding findElement on session a0c3f7ab46bf3ba2ec9251d8a28170f0 to remote] http.wire 72 - http-outgoing-1 >> "Connection: Keep-Alive[\r][\n]"
08-31-2022 22:18:27 Wire.java DEBUG [Forwarding findElement on session a0c3f7ab46bf3ba2ec9251d8a28170f0 to remote] http.wire 72 - http-outgoing-1 >> "User-Agent: Apache-HttpClient/4.5.2 (Java/11.0.12)[\r][\n]"
08-31-2022 22:18:27 Wire.java DEBUG [Forwarding findElement on session a0c3f7ab46bf3ba2ec9251d8a28170f0 to remote] http.wire 72 - http-outgoing-1 >> "Accept-Encoding: gzip,deflate[\r][\n]"
08-31-2022 22:18:27 Wire.java DEBUG [Forwarding findElement on session a0c3f7ab46bf3ba2ec9251d8a28170f0 to remote] http.wire 72 - http-outgoing-1 >> "[\r][\n]"
08-31-2022 22:18:27 Wire.java DEBUG [Forwarding findElement on session a0c3f7ab46bf3ba2ec9251d8a28170f0 to remote] http.wire 86 - http-outgoing-1 >> "{"using":"xpath","value":"//input[@name='name']"}"
08-31-2022 22:18:27 Wire.java DEBUG [Forwarding findElement on session a0c3f7ab46bf3ba2ec9251d8a28170f0 to remote] http.wire 72 - http-outgoing-1 << "HTTP/1.1 200 OK[\r][\n]"
08-31-2022 22:18:27 Wire.java DEBUG [Forwarding findElement on session a0c3f7ab46bf3ba2ec9251d8a28170f0 to remote] http.wire 72 - http-outgoing-1 << "Content-Length:101[\r][\n]"
08-31-2022 22:18:27 Wire.java DEBUG [Forwarding findElement on session a0c3f7ab46bf3ba2ec9251d8a28170f0 to remote] http.wire 72 - http-outgoing-1 << "Content-Type:application/json; charset=utf-8[\r][\n]"
08-31-2022 22:18:27 Wire.java DEBUG [Forwarding findElement on session a0c3f7ab46bf3ba2ec9251d8a28170f0 to remote] http.wire 72 - http-outgoing-1 << "[\r][\n]"
08-31-2022 22:18:27 Wire.java DEBUG [Forwarding findElement on session a0c3f7ab46bf3ba2ec9251d8a28170f0 to remote] http.wire 86 - http-outgoing-1 << "{"sessionId":"a0c3f7ab46bf3ba2ec9251d8a28170f0","status":0,"value":{"ELEMENT":"0.163792990899144-1"}}"
08-31-2022 22:18:27 LoggingManagedHttpClientConnection.java DEBUG [Forwarding findElement on session a0c3f7ab46bf3ba2ec9251d8a28170f0 to remote] http.headers 124 - http-outgoing-1 << HTTP/1.1 200 OK
08-31-2022 22:18:27 LoggingManagedHttpClientConnection.java DEBUG [Forwarding findElement on session a0c3f7ab46bf3ba2ec9251d8a28170f0 to remote] http.headers 127 - http-outgoing-1 << Content-Length:101
08-31-2022 22:18:27 LoggingManagedHttpClientConnection.java DEBUG [Forwarding findElement on session a0c3f7ab46bf3ba2ec9251d8a28170f0 to remote] http.headers 127 - http-outgoing-1 << Content-Type:application/json; charset=utf-8
08-31-2022 22:18:27 MainClientExec.java DEBUG [Forwarding findElement on session a0c3f7ab46bf3ba2ec9251d8a28170f0 to remote] execchain.MainClientExec 284 - Connection can be kept alive indefinitely
08-31-2022 22:18:27 PoolingHttpClientConnectionManager.java DEBUG [Forwarding findElement on session a0c3f7ab46bf3ba2ec9251d8a28170f0 to remote] conn.PoolingHttpClientConnectionManager 314 - Connection [id: 1][route: {}->http://localhost:10388] can be kept alive indefinitely
08-31-2022 22:18:27 PoolingHttpClientConnectionManager.java DEBUG [Forwarding findElement on session a0c3f7ab46bf3ba2ec9251d8a28170f0 to remote] conn.PoolingHttpClientConnectionManager 320 - Connection released: [id: 1][route: {}->http://localhost:10388][total kept alive: 1; route allocated: 1 of 2000; total allocated: 1 of 2000]
08-31-2022 22:18:27 RequestAddCookies.java DEBUG [Forwarding sendKeysToElement on session a0c3f7ab46bf3ba2ec9251d8a28170f0 to remote] protocol.RequestAddCookies 122 - CookieSpec selected: default
08-31-2022 22:18:27 RequestAuthCache.java DEBUG [Forwarding sendKeysToElement on session a0c3f7ab46bf3ba2ec9251d8a28170f0 to remote] protocol.RequestAuthCache 76 - Auth cache not set in the context
08-31-2022 22:18:27 PoolingHttpClientConnectionManager.java DEBUG [Forwarding sendKeysToElement on session a0c3f7ab46bf3ba2ec9251d8a28170f0 to remote] conn.PoolingHttpClientConnectionManager 249 - Connection request: [route: {}->http://localhost:10388][total kept alive: 1; route allocated: 1 of 2000; total allocated: 1 of 2000]
08-31-2022 22:18:27 PoolingHttpClientConnectionManager.java DEBUG [Forwarding sendKeysToElement on session a0c3f7ab46bf3ba2ec9251d8a28170f0 to remote] conn.PoolingHttpClientConnectionManager 282 - Connection leased: [id: 1][route: {}->http://localhost:10388][total kept alive: 0; route allocated: 1 of 2000; total allocated: 1 of 2000]
08-31-2022 22:18:27 MainClientExec.java DEBUG [Forwarding sendKeysToElement on session a0c3f7ab46bf3ba2ec9251d8a28170f0 to remote] execchain.MainClientExec 207 - Stale connection check
08-31-2022 22:18:27 Wire.java DEBUG [Forwarding sendKeysToElement on session a0c3f7ab46bf3ba2ec9251d8a28170f0 to remote] http.wire 86 - http-outgoing-1 << "[read] I/O error: Read timed out"
08-31-2022 22:18:27 LoggingManagedHttpClientConnection.java DEBUG [Forwarding sendKeysToElement on session a0c3f7ab46bf3ba2ec9251d8a28170f0 to remote] conn.DefaultManagedHttpClientConnection 90 - http-outgoing-1: set socket timeout to 10800000
08-31-2022 22:18:27 MainClientExec.java DEBUG [Forwarding sendKeysToElement on session a0c3f7ab46bf3ba2ec9251d8a28170f0 to remote] execchain.MainClientExec 255 - Executing request POST /session/a0c3f7ab46bf3ba2ec9251d8a28170f0/element/0.163792990899144-1/value HTTP/1.1
08-31-2022 22:18:27 MainClientExec.java DEBUG [Forwarding sendKeysToElement on session a0c3f7ab46bf3ba2ec9251d8a28170f0 to remote] execchain.MainClientExec 260 - Target auth state: UNCHALLENGED
08-31-2022 22:18:27 MainClientExec.java DEBUG [Forwarding sendKeysToElement on session a0c3f7ab46bf3ba2ec9251d8a28170f0 to remote] execchain.MainClientExec 266 - Proxy auth state: UNCHALLENGED
08-31-2022 22:18:27 LoggingManagedHttpClientConnection.java DEBUG [Forwarding sendKeysToElement on session a0c3f7ab46bf3ba2ec9251d8a28170f0 to remote] http.headers 135 - http-outgoing-1 >> POST /session/a0c3f7ab46bf3ba2ec9251d8a28170f0/element/0.163792990899144-1/value HTTP/1.1
08-31-2022 22:18:27 LoggingManagedHttpClientConnection.java DEBUG [Forwarding sendKeysToElement on session a0c3f7ab46bf3ba2ec9251d8a28170f0 to remote] http.headers 138 - http-outgoing-1 >> Content-Type: application/json; charset=utf-8
08-31-2022 22:18:27 LoggingManagedHttpClientConnection.java DEBUG [Forwarding sendKeysToElement on session a0c3f7ab46bf3ba2ec9251d8a28170f0 to remote] http.headers 138 - http-outgoing-1 >> Content-Length: 44
08-31-2022 22:18:27 LoggingManagedHttpClientConnection.java DEBUG [Forwarding sendKeysToElement on session a0c3f7ab46bf3ba2ec9251d8a28170f0 to remote] http.headers 138 - http-outgoing-1 >> Host: localhost:10388
08-31-2022 22:18:27 LoggingManagedHttpClientConnection.java DEBUG [Forwarding sendKeysToElement on session a0c3f7ab46bf3ba2ec9251d8a28170f0 to remote] http.headers 138 - http-outgoing-1 >> Connection: Keep-Alive
08-31-2022 22:18:27 LoggingManagedHttpClientConnection.java DEBUG [Forwarding sendKeysToElement on session a0c3f7ab46bf3ba2ec9251d8a28170f0 to remote] http.headers 138 - http-outgoing-1 >> User-Agent: Apache-HttpClient/4.5.2 (Java/11.0.12)
08-31-2022 22:18:27 LoggingManagedHttpClientConnection.java DEBUG [Forwarding sendKeysToElement on session a0c3f7ab46bf3ba2ec9251d8a28170f0 to remote] http.headers 138 - http-outgoing-1 >> Accept-Encoding: gzip,deflate
08-31-2022 22:18:27 Wire.java DEBUG [Forwarding sendKeysToElement on session a0c3f7ab46bf3ba2ec9251d8a28170f0 to remote] http.wire 72 - http-outgoing-1 >> "POST /session/a0c3f7ab46bf3ba2ec9251d8a28170f0/element/0.163792990899144-1/value HTTP/1.1[\r][\n]"
08-31-2022 22:18:27 Wire.java DEBUG [Forwarding sendKeysToElement on session a0c3f7ab46bf3ba2ec9251d8a28170f0 to remote] http.wire 72 - http-outgoing-1 >> "Content-Type: application/json; charset=utf-8[\r][\n]"
08-31-2022 22:18:27 Wire.java DEBUG [Forwarding sendKeysToElement on session a0c3f7ab46bf3ba2ec9251d8a28170f0 to remote] http.wire 72 - http-outgoing-1 >> "Content-Length: 44[\r][\n]"
08-31-2022 22:18:27 Wire.java DEBUG [Forwarding sendKeysToElement on session a0c3f7ab46bf3ba2ec9251d8a28170f0 to remote] http.wire 72 - http-outgoing-1 >> "Host: localhost:10388[\r][\n]"
08-31-2022 22:18:27 Wire.java DEBUG [Forwarding sendKeysToElement on session a0c3f7ab46bf3ba2ec9251d8a28170f0 to remote] http.wire 72 - http-outgoing-1 >> "Connection: Keep-Alive[\r][\n]"
08-31-2022 22:18:27 Wire.java DEBUG [Forwarding sendKeysToElement on session a0c3f7ab46bf3ba2ec9251d8a28170f0 to remote] http.wire 72 - http-outgoing-1 >> "User-Agent: Apache-HttpClient/4.5.2 (Java/11.0.12)[\r][\n]"
08-31-2022 22:18:27 Wire.java DEBUG [Forwarding sendKeysToElement on session a0c3f7ab46bf3ba2ec9251d8a28170f0 to remote] http.wire 72 - http-outgoing-1 >> "Accept-Encoding: gzip,deflate[\r][\n]"
08-31-2022 22:18:27 Wire.java DEBUG [Forwarding sendKeysToElement on session a0c3f7ab46bf3ba2ec9251d8a28170f0 to remote] http.wire 72 - http-outgoing-1 >> "[\r][\n]"
08-31-2022 22:18:27 Wire.java DEBUG [Forwarding sendKeysToElement on session a0c3f7ab46bf3ba2ec9251d8a28170f0 to remote] http.wire 86 - http-outgoing-1 >> "{"id":"0.163792990899144-1","value":["Abc"]}"
08-31-2022 22:18:27 Wire.java DEBUG [Forwarding sendKeysToElement on session a0c3f7ab46bf3ba2ec9251d8a28170f0 to remote] http.wire 72 - http-outgoing-1 << "HTTP/1.1 200 OK[\r][\n]"
08-31-2022 22:18:27 Wire.java DEBUG [Forwarding sendKeysToElement on session a0c3f7ab46bf3ba2ec9251d8a28170f0 to remote] http.wire 72 - http-outgoing-1 << "Content-Length:72[\r][\n]"
08-31-2022 22:18:27 Wire.java DEBUG [Forwarding sendKeysToElement on session a0c3f7ab46bf3ba2ec9251d8a28170f0 to remote] http.wire 72 - http-outgoing-1 << "Content-Type:application/json; charset=utf-8[\r][\n]"
08-31-2022 22:18:27 Wire.java DEBUG [Forwarding sendKeysToElement on session a0c3f7ab46bf3ba2ec9251d8a28170f0 to remote] http.wire 72 - http-outgoing-1 << "[\r][\n]"
08-31-2022 22:18:27 Wire.java DEBUG [Forwarding sendKeysToElement on session a0c3f7ab46bf3ba2ec9251d8a28170f0 to remote] http.wire 86 - http-outgoing-1 << "{"sessionId":"a0c3f7ab46bf3ba2ec9251d8a28170f0","status":0,"value":null}"
08-31-2022 22:18:27 LoggingManagedHttpClientConnection.java DEBUG [Forwarding sendKeysToElement on session a0c3f7ab46bf3ba2ec9251d8a28170f0 to remote] http.headers 124 - http-outgoing-1 << HTTP/1.1 200 OK
08-31-2022 22:18:27 LoggingManagedHttpClientConnection.java DEBUG [Forwarding sendKeysToElement on session a0c3f7ab46bf3ba2ec9251d8a28170f0 to remote] http.headers 127 - http-outgoing-1 << Content-Length:72
08-31-2022 22:18:27 LoggingManagedHttpClientConnection.java DEBUG [Forwarding sendKeysToElement on session a0c3f7ab46bf3ba2ec9251d8a28170f0 to remote] http.headers 127 - http-outgoing-1 << Content-Type:application/json; charset=utf-8
08-31-2022 22:18:27 MainClientExec.java DEBUG [Forwarding sendKeysToElement on session a0c3f7ab46bf3ba2ec9251d8a28170f0 to remote] execchain.MainClientExec 284 - Connection can be kept alive indefinitely
08-31-2022 22:18:27 PoolingHttpClientConnectionManager.java DEBUG [Forwarding sendKeysToElement on session a0c3f7ab46bf3ba2ec9251d8a28170f0 to remote] conn.PoolingHttpClientConnectionManager 314 - Connection [id: 1][route: {}->http://localhost:10388] can be kept alive indefinitely
08-31-2022 22:18:27 PoolingHttpClientConnectionManager.java DEBUG [Forwarding sendKeysToElement on session a0c3f7ab46bf3ba2ec9251d8a28170f0 to remote] conn.PoolingHttpClientConnectionManager 320 - Connection released: [id: 1][route: {}->http://localhost:10388][total kept alive: 1; route allocated: 1 of 2000; total allocated: 1 of 2000]
08-31-2022 22:18:27 RequestAddCookies.java DEBUG [Forwarding findElement on session a0c3f7ab46bf3ba2ec9251d8a28170f0 to remote] protocol.RequestAddCookies 122 - CookieSpec selected: default
08-31-2022 22:18:27 RequestAuthCache.java DEBUG [Forwarding findElement on session a0c3f7ab46bf3ba2ec9251d8a28170f0 to remote] protocol.RequestAuthCache 76 - Auth cache not set in the context
08-31-2022 22:18:27 PoolingHttpClientConnectionManager.java DEBUG [Forwarding findElement on session a0c3f7ab46bf3ba2ec9251d8a28170f0 to remote] conn.PoolingHttpClientConnectionManager 249 - Connection request: [route: {}->http://localhost:10388][total kept alive: 1; route allocated: 1 of 2000; total allocated: 1 of 2000]
08-31-2022 22:18:27 PoolingHttpClientConnectionManager.java DEBUG [Forwarding findElement on session a0c3f7ab46bf3ba2ec9251d8a28170f0 to remote] conn.PoolingHttpClientConnectionManager 282 - Connection leased: [id: 1][route: {}->http://localhost:10388][total kept alive: 0; route allocated: 1 of 2000; total allocated: 1 of 2000]
08-31-2022 22:18:27 MainClientExec.java DEBUG [Forwarding findElement on session a0c3f7ab46bf3ba2ec9251d8a28170f0 to remote] execchain.MainClientExec 207 - Stale connection check
08-31-2022 22:18:27 Wire.java DEBUG [Forwarding findElement on session a0c3f7ab46bf3ba2ec9251d8a28170f0 to remote] http.wire 86 - http-outgoing-1 << "[read] I/O error: Read timed out"
08-31-2022 22:18:27 LoggingManagedHttpClientConnection.java DEBUG [Forwarding findElement on session a0c3f7ab46bf3ba2ec9251d8a28170f0 to remote] conn.DefaultManagedHttpClientConnection 90 - http-outgoing-1: set socket timeout to 10800000
08-31-2022 22:18:27 MainClientExec.java DEBUG [Forwarding findElement on session a0c3f7ab46bf3ba2ec9251d8a28170f0 to remote] execchain.MainClientExec 255 - Executing request POST /session/a0c3f7ab46bf3ba2ec9251d8a28170f0/element HTTP/1.1
08-31-2022 22:18:27 MainClientExec.java DEBUG [Forwarding findElement on session a0c3f7ab46bf3ba2ec9251d8a28170f0 to remote] execchain.MainClientExec 260 - Target auth state: UNCHALLENGED
08-31-2022 22:18:27 MainClientExec.java DEBUG [Forwarding findElement on session a0c3f7ab46bf3ba2ec9251d8a28170f0 to remote] execchain.MainClientExec 266 - Proxy auth state: UNCHALLENGED
08-31-2022 22:18:27 LoggingManagedHttpClientConnection.java DEBUG [Forwarding findElement on session a0c3f7ab46bf3ba2ec9251d8a28170f0 to remote] http.headers 135 - http-outgoing-1 >> POST /session/a0c3f7ab46bf3ba2ec9251d8a28170f0/element HTTP/1.1
08-31-2022 22:18:27 LoggingManagedHttpClientConnection.java DEBUG [Forwarding findElement on session a0c3f7ab46bf3ba2ec9251d8a28170f0 to remote] http.headers 138 - http-outgoing-1 >> Content-Type: application/json; charset=utf-8
08-31-2022 22:18:27 LoggingManagedHttpClientConnection.java DEBUG [Forwarding findElement on session a0c3f7ab46bf3ba2ec9251d8a28170f0 to remote] http.headers 138 - http-outgoing-1 >> Content-Length: 52
08-31-2022 22:18:27 LoggingManagedHttpClientConnection.java DEBUG [Forwarding findElement on session a0c3f7ab46bf3ba2ec9251d8a28170f0 to remote] http.headers 138 - http-outgoing-1 >> Host: localhost:10388
08-31-2022 22:18:27 LoggingManagedHttpClientConnection.java DEBUG [Forwarding findElement on session a0c3f7ab46bf3ba2ec9251d8a28170f0 to remote] http.headers 138 - http-outgoing-1 >> Connection: Keep-Alive
08-31-2022 22:18:27 LoggingManagedHttpClientConnection.java DEBUG [Forwarding findElement on session a0c3f7ab46bf3ba2ec9251d8a28170f0 to remote] http.headers 138 - http-outgoing-1 >> User-Agent: Apache-HttpClient/4.5.2 (Java/11.0.12)
08-31-2022 22:18:27 LoggingManagedHttpClientConnection.java DEBUG [Forwarding findElement on session a0c3f7ab46bf3ba2ec9251d8a28170f0 to remote] http.headers 138 - http-outgoing-1 >> Accept-Encoding: gzip,deflate
08-31-2022 22:18:27 Wire.java DEBUG [Forwarding findElement on session a0c3f7ab46bf3ba2ec9251d8a28170f0 to remote] http.wire 72 - http-outgoing-1 >> "POST /session/a0c3f7ab46bf3ba2ec9251d8a28170f0/element HTTP/1.1[\r][\n]"
08-31-2022 22:18:27 Wire.java DEBUG [Forwarding findElement on session a0c3f7ab46bf3ba2ec9251d8a28170f0 to remote] http.wire 72 - http-outgoing-1 >> "Content-Type: application/json; charset=utf-8[\r][\n]"
08-31-2022 22:18:27 Wire.java DEBUG [Forwarding findElement on session a0c3f7ab46bf3ba2ec9251d8a28170f0 to remote] http.wire 72 - http-outgoing-1 >> "Content-Length: 52[\r][\n]"
08-31-2022 22:18:27 Wire.java DEBUG [Forwarding findElement on session a0c3f7ab46bf3ba2ec9251d8a28170f0 to remote] http.wire 72 - http-outgoing-1 >> "Host: localhost:10388[\r][\n]"
08-31-2022 22:18:27 Wire.java DEBUG [Forwarding findElement on session a0c3f7ab46bf3ba2ec9251d8a28170f0 to remote] http.wire 72 - http-outgoing-1 >> "Connection: Keep-Alive[\r][\n]"
08-31-2022 22:18:27 Wire.java DEBUG [Forwarding findElement on session a0c3f7ab46bf3ba2ec9251d8a28170f0 to remote] http.wire 72 - http-outgoing-1 >> "User-Agent: Apache-HttpClient/4.5.2 (Java/11.0.12)[\r][\n]"
08-31-2022 22:18:27 Wire.java DEBUG [Forwarding findElement on session a0c3f7ab46bf3ba2ec9251d8a28170f0 to remote] http.wire 72 - http-outgoing-1 >> "Accept-Encoding: gzip,deflate[\r][\n]"
08-31-2022 22:18:27 Wire.java DEBUG [Forwarding findElement on session a0c3f7ab46bf3ba2ec9251d8a28170f0 to remote] http.wire 72 - http-outgoing-1 >> "[\r][\n]"
08-31-2022 22:18:27 Wire.java DEBUG [Forwarding findElement on session a0c3f7ab46bf3ba2ec9251d8a28170f0 to remote] http.wire 86 - http-outgoing-1 >> "{"using":"xpath","value":"//input[@name='rad1'][1]"}"
08-31-2022 22:18:27 Wire.java DEBUG [Forwarding findElement on session a0c3f7ab46bf3ba2ec9251d8a28170f0 to remote] http.wire 72 - http-outgoing-1 << "HTTP/1.1 200 OK[\r][\n]"
08-31-2022 22:18:27 Wire.java DEBUG [Forwarding findElement on session a0c3f7ab46bf3ba2ec9251d8a28170f0 to remote] http.wire 72 - http-outgoing-1 << "Content-Length:101[\r][\n]"
08-31-2022 22:18:27 Wire.java DEBUG [Forwarding findElement on session a0c3f7ab46bf3ba2ec9251d8a28170f0 to remote] http.wire 72 - http-outgoing-1 << "Content-Type:application/json; charset=utf-8[\r][\n]"
08-31-2022 22:18:27 Wire.java DEBUG [Forwarding findElement on session a0c3f7ab46bf3ba2ec9251d8a28170f0 to remote] http.wire 72 - http-outgoing-1 << "[\r][\n]"
08-31-2022 22:18:27 Wire.java DEBUG [Forwarding findElement on session a0c3f7ab46bf3ba2ec9251d8a28170f0 to remote] http.wire 86 - http-outgoing-1 << "{"sessionId":"a0c3f7ab46bf3ba2ec9251d8a28170f0","status":0,"value":{"ELEMENT":"0.163792990899144-3"}}"
08-31-2022 22:18:27 LoggingManagedHttpClientConnection.java DEBUG [Forwarding findElement on session a0c3f7ab46bf3ba2ec9251d8a28170f0 to remote] http.headers 124 - http-outgoing-1 << HTTP/1.1 200 OK
08-31-2022 22:18:27 LoggingManagedHttpClientConnection.java DEBUG [Forwarding findElement on session a0c3f7ab46bf3ba2ec9251d8a28170f0 to remote] http.headers 127 - http-outgoing-1 << Content-Length:101
08-31-2022 22:18:27 LoggingManagedHttpClientConnection.java DEBUG [Forwarding findElement on session a0c3f7ab46bf3ba2ec9251d8a28170f0 to remote] http.headers 127 - http-outgoing-1 << Content-Type:application/json; charset=utf-8
08-31-2022 22:18:27 MainClientExec.java DEBUG [Forwarding findElement on session a0c3f7ab46bf3ba2ec9251d8a28170f0 to remote] execchain.MainClientExec 284 - Connection can be kept alive indefinitely
08-31-2022 22:18:27 PoolingHttpClientConnectionManager.java DEBUG [Forwarding findElement on session a0c3f7ab46bf3ba2ec9251d8a28170f0 to remote] conn.PoolingHttpClientConnectionManager 314 - Connection [id: 1][route: {}->http://localhost:10388] can be kept alive indefinitely
08-31-2022 22:18:27 PoolingHttpClientConnectionManager.java DEBUG [Forwarding findElement on session a0c3f7ab46bf3ba2ec9251d8a28170f0 to remote] conn.PoolingHttpClientConnectionManager 320 - Connection released: [id: 1][route: {}->http://localhost:10388][total kept alive: 1; route allocated: 1 of 2000; total allocated: 1 of 2000]
08-31-2022 22:18:27 RequestAddCookies.java DEBUG [Forwarding clickElement on session a0c3f7ab46bf3ba2ec9251d8a28170f0 to remote] protocol.RequestAddCookies 122 - CookieSpec selected: default
08-31-2022 22:18:27 RequestAuthCache.java DEBUG [Forwarding clickElement on session a0c3f7ab46bf3ba2ec9251d8a28170f0 to remote] protocol.RequestAuthCache 76 - Auth cache not set in the context
08-31-2022 22:18:27 PoolingHttpClientConnectionManager.java DEBUG [Forwarding clickElement on session a0c3f7ab46bf3ba2ec9251d8a28170f0 to remote] conn.PoolingHttpClientConnectionManager 249 - Connection request: [route: {}->http://localhost:10388][total kept alive: 1; route allocated: 1 of 2000; total allocated: 1 of 2000]
08-31-2022 22:18:27 PoolingHttpClientConnectionManager.java DEBUG [Forwarding clickElement on session a0c3f7ab46bf3ba2ec9251d8a28170f0 to remote] conn.PoolingHttpClientConnectionManager 282 - Connection leased: [id: 1][route: {}->http://localhost:10388][total kept alive: 0; route allocated: 1 of 2000; total allocated: 1 of 2000]
08-31-2022 22:18:27 MainClientExec.java DEBUG [Forwarding clickElement on session a0c3f7ab46bf3ba2ec9251d8a28170f0 to remote] execchain.MainClientExec 207 - Stale connection check
08-31-2022 22:18:27 Wire.java DEBUG [Forwarding clickElement on session a0c3f7ab46bf3ba2ec9251d8a28170f0 to remote] http.wire 86 - http-outgoing-1 << "[read] I/O error: Read timed out"
08-31-2022 22:18:27 LoggingManagedHttpClientConnection.java DEBUG [Forwarding clickElement on session a0c3f7ab46bf3ba2ec9251d8a28170f0 to remote] conn.DefaultManagedHttpClientConnection 90 - http-outgoing-1: set socket timeout to 10800000
08-31-2022 22:18:27 MainClientExec.java DEBUG [Forwarding clickElement on session a0c3f7ab46bf3ba2ec9251d8a28170f0 to remote] execchain.MainClientExec 255 - Executing request POST /session/a0c3f7ab46bf3ba2ec9251d8a28170f0/element/0.163792990899144-3/click HTTP/1.1
08-31-2022 22:18:27 MainClientExec.java DEBUG [Forwarding clickElement on session a0c3f7ab46bf3ba2ec9251d8a28170f0 to remote] execchain.MainClientExec 260 - Target auth state: UNCHALLENGED
08-31-2022 22:18:27 MainClientExec.java DEBUG [Forwarding clickElement on session a0c3f7ab46bf3ba2ec9251d8a28170f0 to remote] execchain.MainClientExec 266 - Proxy auth state: UNCHALLENGED
08-31-2022 22:18:27 LoggingManagedHttpClientConnection.java DEBUG [Forwarding clickElement on session a0c3f7ab46bf3ba2ec9251d8a28170f0 to remote] http.headers 135 - http-outgoing-1 >> POST /session/a0c3f7ab46bf3ba2ec9251d8a28170f0/element/0.163792990899144-3/click HTTP/1.1
08-31-2022 22:18:27 LoggingManagedHttpClientConnection.java DEBUG [Forwarding clickElement on session a0c3f7ab46bf3ba2ec9251d8a28170f0 to remote] http.headers 138 - http-outgoing-1 >> Content-Type: application/json; charset=utf-8
08-31-2022 22:18:27 LoggingManagedHttpClientConnection.java DEBUG [Forwarding clickElement on session a0c3f7ab46bf3ba2ec9251d8a28170f0 to remote] http.headers 138 - http-outgoing-1 >> Content-Length: 28
08-31-2022 22:18:27 LoggingManagedHttpClientConnection.java DEBUG [Forwarding clickElement on session a0c3f7ab46bf3ba2ec9251d8a28170f0 to remote] http.headers 138 - http-outgoing-1 >> Host: localhost:10388
08-31-2022 22:18:27 LoggingManagedHttpClientConnection.java DEBUG [Forwarding clickElement on session a0c3f7ab46bf3ba2ec9251d8a28170f0 to remote] http.headers 138 - http-outgoing-1 >> Connection: Keep-Alive
08-31-2022 22:18:27 LoggingManagedHttpClientConnection.java DEBUG [Forwarding clickElement on session a0c3f7ab46bf3ba2ec9251d8a28170f0 to remote] http.headers 138 - http-outgoing-1 >> User-Agent: Apache-HttpClient/4.5.2 (Java/11.0.12)
08-31-2022 22:18:27 LoggingManagedHttpClientConnection.java DEBUG [Forwarding clickElement on session a0c3f7ab46bf3ba2ec9251d8a28170f0 to remote] http.headers 138 - http-outgoing-1 >> Accept-Encoding: gzip,deflate
08-31-2022 22:18:27 Wire.java DEBUG [Forwarding clickElement on session a0c3f7ab46bf3ba2ec9251d8a28170f0 to remote] http.wire 72 - http-outgoing-1 >> "POST /session/a0c3f7ab46bf3ba2ec9251d8a28170f0/element/0.163792990899144-3/click HTTP/1.1[\r][\n]"
08-31-2022 22:18:27 Wire.java DEBUG [Forwarding clickElement on session a0c3f7ab46bf3ba2ec9251d8a28170f0 to remote] http.wire 72 - http-outgoing-1 >> "Content-Type: application/json; charset=utf-8[\r][\n]"
08-31-2022 22:18:27 Wire.java DEBUG [Forwarding clickElement on session a0c3f7ab46bf3ba2ec9251d8a28170f0 to remote] http.wire 72 - http-outgoing-1 >> "Content-Length: 28[\r][\n]"
08-31-2022 22:18:27 Wire.java DEBUG [Forwarding clickElement on session a0c3f7ab46bf3ba2ec9251d8a28170f0 to remote] http.wire 72 - http-outgoing-1 >> "Host: localhost:10388[\r][\n]"
08-31-2022 22:18:27 Wire.java DEBUG [Forwarding clickElement on session a0c3f7ab46bf3ba2ec9251d8a28170f0 to remote] http.wire 72 - http-outgoing-1 >> "Connection: Keep-Alive[\r][\n]"
08-31-2022 22:18:27 Wire.java DEBUG [Forwarding clickElement on session a0c3f7ab46bf3ba2ec9251d8a28170f0 to remote] http.wire 72 - http-outgoing-1 >> "User-Agent: Apache-HttpClient/4.5.2 (Java/11.0.12)[\r][\n]"
08-31-2022 22:18:27 Wire.java DEBUG [Forwarding clickElement on session a0c3f7ab46bf3ba2ec9251d8a28170f0 to remote] http.wire 72 - http-outgoing-1 >> "Accept-Encoding: gzip,deflate[\r][\n]"
08-31-2022 22:18:27 Wire.java DEBUG [Forwarding clickElement on session a0c3f7ab46bf3ba2ec9251d8a28170f0 to remote] http.wire 72 - http-outgoing-1 >> "[\r][\n]"
08-31-2022 22:18:27 Wire.java DEBUG [Forwarding clickElement on session a0c3f7ab46bf3ba2ec9251d8a28170f0 to remote] http.wire 86 - http-outgoing-1 >> "{"id":"0.163792990899144-3"}"
08-31-2022 22:18:27 Wire.java DEBUG [Forwarding clickElement on session a0c3f7ab46bf3ba2ec9251d8a28170f0 to remote] http.wire 72 - http-outgoing-1 << "HTTP/1.1 200 OK[\r][\n]"
08-31-2022 22:18:27 Wire.java DEBUG [Forwarding clickElement on session a0c3f7ab46bf3ba2ec9251d8a28170f0 to remote] http.wire 72 - http-outgoing-1 << "Content-Length:72[\r][\n]"
08-31-2022 22:18:27 Wire.java DEBUG [Forwarding clickElement on session a0c3f7ab46bf3ba2ec9251d8a28170f0 to remote] http.wire 72 - http-outgoing-1 << "Content-Type:application/json; charset=utf-8[\r][\n]"
08-31-2022 22:18:27 Wire.java DEBUG [Forwarding clickElement on session a0c3f7ab46bf3ba2ec9251d8a28170f0 to remote] http.wire 72 - http-outgoing-1 << "[\r][\n]"
08-31-2022 22:18:27 Wire.java DEBUG [Forwarding clickElement on session a0c3f7ab46bf3ba2ec9251d8a28170f0 to remote] http.wire 86 - http-outgoing-1 << "{"sessionId":"a0c3f7ab46bf3ba2ec9251d8a28170f0","status":0,"value":null}"
08-31-2022 22:18:27 LoggingManagedHttpClientConnection.java DEBUG [Forwarding clickElement on session a0c3f7ab46bf3ba2ec9251d8a28170f0 to remote] http.headers 124 - http-outgoing-1 << HTTP/1.1 200 OK
08-31-2022 22:18:27 LoggingManagedHttpClientConnection.java DEBUG [Forwarding clickElement on session a0c3f7ab46bf3ba2ec9251d8a28170f0 to remote] http.headers 127 - http-outgoing-1 << Content-Length:72
08-31-2022 22:18:27 LoggingManagedHttpClientConnection.java DEBUG [Forwarding clickElement on session a0c3f7ab46bf3ba2ec9251d8a28170f0 to remote] http.headers 127 - http-outgoing-1 << Content-Type:application/json; charset=utf-8
08-31-2022 22:18:27 MainClientExec.java DEBUG [Forwarding clickElement on session a0c3f7ab46bf3ba2ec9251d8a28170f0 to remote] execchain.MainClientExec 284 - Connection can be kept alive indefinitely
08-31-2022 22:18:27 PoolingHttpClientConnectionManager.java DEBUG [Forwarding clickElement on session a0c3f7ab46bf3ba2ec9251d8a28170f0 to remote] conn.PoolingHttpClientConnectionManager 314 - Connection [id: 1][route: {}->http://localhost:10388] can be kept alive indefinitely
08-31-2022 22:18:27 PoolingHttpClientConnectionManager.java DEBUG [Forwarding clickElement on session a0c3f7ab46bf3ba2ec9251d8a28170f0 to remote] conn.PoolingHttpClientConnectionManager 320 - Connection released: [id: 1][route: {}->http://localhost:10388][total kept alive: 1; route allocated: 1 of 2000; total allocated: 1 of 2000]
08-31-2022 22:18:27 RequestAddCookies.java DEBUG [Forwarding findElement on session a0c3f7ab46bf3ba2ec9251d8a28170f0 to remote] protocol.RequestAddCookies 122 - CookieSpec selected: default
08-31-2022 22:18:27 RequestAuthCache.java DEBUG [Forwarding findElement on session a0c3f7ab46bf3ba2ec9251d8a28170f0 to remote] protocol.RequestAuthCache 76 - Auth cache not set in the context
08-31-2022 22:18:27 PoolingHttpClientConnectionManager.java DEBUG [Forwarding findElement on session a0c3f7ab46bf3ba2ec9251d8a28170f0 to remote] conn.PoolingHttpClientConnectionManager 249 - Connection request: [route: {}->http://localhost:10388][total kept alive: 1; route allocated: 1 of 2000; total allocated: 1 of 2000]
08-31-2022 22:18:27 PoolingHttpClientConnectionManager.java DEBUG [Forwarding findElement on session a0c3f7ab46bf3ba2ec9251d8a28170f0 to remote] conn.PoolingHttpClientConnectionManager 282 - Connection leased: [id: 1][route: {}->http://localhost:10388][total kept alive: 0; route allocated: 1 of 2000; total allocated: 1 of 2000]
08-31-2022 22:18:27 MainClientExec.java DEBUG [Forwarding findElement on session a0c3f7ab46bf3ba2ec9251d8a28170f0 to remote] execchain.MainClientExec 207 - Stale connection check
08-31-2022 22:18:27 Wire.java DEBUG [Forwarding findElement on session a0c3f7ab46bf3ba2ec9251d8a28170f0 to remote] http.wire 86 - http-outgoing-1 << "[read] I/O error: Read timed out"
08-31-2022 22:18:27 LoggingManagedHttpClientConnection.java DEBUG [Forwarding findElement on session a0c3f7ab46bf3ba2ec9251d8a28170f0 to remote] conn.DefaultManagedHttpClientConnection 90 - http-outgoing-1: set socket timeout to 10800000
08-31-2022 22:18:27 MainClientExec.java DEBUG [Forwarding findElement on session a0c3f7ab46bf3ba2ec9251d8a28170f0 to remote] execchain.MainClientExec 255 - Executing request POST /session/a0c3f7ab46bf3ba2ec9251d8a28170f0/element HTTP/1.1
08-31-2022 22:18:27 MainClientExec.java DEBUG [Forwarding findElement on session a0c3f7ab46bf3ba2ec9251d8a28170f0 to remote] execchain.MainClientExec 260 - Target auth state: UNCHALLENGED
08-31-2022 22:18:27 MainClientExec.java DEBUG [Forwarding findElement on session a0c3f7ab46bf3ba2ec9251d8a28170f0 to remote] execchain.MainClientExec 266 - Proxy auth state: UNCHALLENGED
08-31-2022 22:18:27 LoggingManagedHttpClientConnection.java DEBUG [Forwarding findElement on session a0c3f7ab46bf3ba2ec9251d8a28170f0 to remote] http.headers 135 - http-outgoing-1 >> POST /session/a0c3f7ab46bf3ba2ec9251d8a28170f0/element HTTP/1.1
08-31-2022 22:18:27 LoggingManagedHttpClientConnection.java DEBUG [Forwarding findElement on session a0c3f7ab46bf3ba2ec9251d8a28170f0 to remote] http.headers 138 - http-outgoing-1 >> Content-Type: application/json; charset=utf-8
08-31-2022 22:18:27 LoggingManagedHttpClientConnection.java DEBUG [Forwarding findElement on session a0c3f7ab46bf3ba2ec9251d8a28170f0 to remote] http.headers 138 - http-outgoing-1 >> Content-Length: 48
08-31-2022 22:18:27 LoggingManagedHttpClientConnection.java DEBUG [Forwarding findElement on session a0c3f7ab46bf3ba2ec9251d8a28170f0 to remote] http.headers 138 - http-outgoing-1 >> Host: localhost:10388
08-31-2022 22:18:27 LoggingManagedHttpClientConnection.java DEBUG [Forwarding findElement on session a0c3f7ab46bf3ba2ec9251d8a28170f0 to remote] http.headers 138 - http-outgoing-1 >> Connection: Keep-Alive
08-31-2022 22:18:27 LoggingManagedHttpClientConnection.java DEBUG [Forwarding findElement on session a0c3f7ab46bf3ba2ec9251d8a28170f0 to remote] http.headers 138 - http-outgoing-1 >> User-Agent: Apache-HttpClient/4.5.2 (Java/11.0.12)
08-31-2022 22:18:27 LoggingManagedHttpClientConnection.java DEBUG [Forwarding findElement on session a0c3f7ab46bf3ba2ec9251d8a28170f0 to remote] http.headers 138 - http-outgoing-1 >> Accept-Encoding: gzip,deflate
08-31-2022 22:18:27 Wire.java DEBUG [Forwarding findElement on session a0c3f7ab46bf3ba2ec9251d8a28170f0 to remote] http.wire 72 - http-outgoing-1 >> "POST /session/a0c3f7ab46bf3ba2ec9251d8a28170f0/element HTTP/1.1[\r][\n]"
08-31-2022 22:18:27 Wire.java DEBUG [Forwarding findElement on session a0c3f7ab46bf3ba2ec9251d8a28170f0 to remote] http.wire 72 - http-outgoing-1 >> "Content-Type: application/json; charset=utf-8[\r][\n]"
08-31-2022 22:18:27 Wire.java DEBUG [Forwarding findElement on session a0c3f7ab46bf3ba2ec9251d8a28170f0 to remote] http.wire 72 - http-outgoing-1 >> "Content-Length: 48[\r][\n]"
08-31-2022 22:18:27 Wire.java DEBUG [Forwarding findElement on session a0c3f7ab46bf3ba2ec9251d8a28170f0 to remote] http.wire 72 - http-outgoing-1 >> "Host: localhost:10388[\r][\n]"
08-31-2022 22:18:27 Wire.java DEBUG [Forwarding findElement on session a0c3f7ab46bf3ba2ec9251d8a28170f0 to remote] http.wire 72 - http-outgoing-1 >> "Connection: Keep-Alive[\r][\n]"
08-31-2022 22:18:27 Wire.java DEBUG [Forwarding findElement on session a0c3f7ab46bf3ba2ec9251d8a28170f0 to remote] http.wire 72 - http-outgoing-1 >> "User-Agent: Apache-HttpClient/4.5.2 (Java/11.0.12)[\r][\n]"
08-31-2022 22:18:27 Wire.java DEBUG [Forwarding findElement on session a0c3f7ab46bf3ba2ec9251d8a28170f0 to remote] http.wire 72 - http-outgoing-1 >> "Accept-Encoding: gzip,deflate[\r][\n]"
08-31-2022 22:18:27 Wire.java DEBUG [Forwarding findElement on session a0c3f7ab46bf3ba2ec9251d8a28170f0 to remote] http.wire 72 - http-outgoing-1 >> "[\r][\n]"
08-31-2022 22:18:27 Wire.java DEBUG [Forwarding findElement on session a0c3f7ab46bf3ba2ec9251d8a28170f0 to remote] http.wire 86 - http-outgoing-1 >> "{"using":"xpath","value":"//input[@name='dob']"}"
08-31-2022 22:18:27 Wire.java DEBUG [Forwarding findElement on session a0c3f7ab46bf3ba2ec9251d8a28170f0 to remote] http.wire 72 - http-outgoing-1 << "HTTP/1.1 200 OK[\r][\n]"
08-31-2022 22:18:27 Wire.java DEBUG [Forwarding findElement on session a0c3f7ab46bf3ba2ec9251d8a28170f0 to remote] http.wire 72 - http-outgoing-1 << "Content-Length:101[\r][\n]"
08-31-2022 22:18:27 Wire.java DEBUG [Forwarding findElement on session a0c3f7ab46bf3ba2ec9251d8a28170f0 to remote] http.wire 72 - http-outgoing-1 << "Content-Type:application/json; charset=utf-8[\r][\n]"
08-31-2022 22:18:27 Wire.java DEBUG [Forwarding findElement on session a0c3f7ab46bf3ba2ec9251d8a28170f0 to remote] http.wire 72 - http-outgoing-1 << "[\r][\n]"
08-31-2022 22:18:27 Wire.java DEBUG [Forwarding findElement on session a0c3f7ab46bf3ba2ec9251d8a28170f0 to remote] http.wire 86 - http-outgoing-1 << "{"sessionId":"a0c3f7ab46bf3ba2ec9251d8a28170f0","status":0,"value":{"ELEMENT":"0.163792990899144-4"}}"
08-31-2022 22:18:27 LoggingManagedHttpClientConnection.java DEBUG [Forwarding findElement on session a0c3f7ab46bf3ba2ec9251d8a28170f0 to remote] http.headers 124 - http-outgoing-1 << HTTP/1.1 200 OK
08-31-2022 22:18:27 LoggingManagedHttpClientConnection.java DEBUG [Forwarding findElement on session a0c3f7ab46bf3ba2ec9251d8a28170f0 to remote] http.headers 127 - http-outgoing-1 << Content-Length:101
08-31-2022 22:18:27 LoggingManagedHttpClientConnection.java DEBUG [Forwarding findElement on session a0c3f7ab46bf3ba2ec9251d8a28170f0 to remote] http.headers 127 - http-outgoing-1 << Content-Type:application/json; charset=utf-8
08-31-2022 22:18:27 MainClientExec.java DEBUG [Forwarding findElement on session a0c3f7ab46bf3ba2ec9251d8a28170f0 to remote] execchain.MainClientExec 284 - Connection can be kept alive indefinitely
08-31-2022 22:18:27 PoolingHttpClientConnectionManager.java DEBUG [Forwarding findElement on session a0c3f7ab46bf3ba2ec9251d8a28170f0 to remote] conn.PoolingHttpClientConnectionManager 314 - Connection [id: 1][route: {}->http://localhost:10388] can be kept alive indefinitely
08-31-2022 22:18:27 PoolingHttpClientConnectionManager.java DEBUG [Forwarding findElement on session a0c3f7ab46bf3ba2ec9251d8a28170f0 to remote] conn.PoolingHttpClientConnectionManager 320 - Connection released: [id: 1][route: {}->http://localhost:10388][total kept alive: 1; route allocated: 1 of 2000; total allocated: 1 of 2000]
08-31-2022 22:18:27 RequestAddCookies.java DEBUG [Forwarding sendKeysToElement on session a0c3f7ab46bf3ba2ec9251d8a28170f0 to remote] protocol.RequestAddCookies 122 - CookieSpec selected: default
08-31-2022 22:18:27 RequestAuthCache.java DEBUG [Forwarding sendKeysToElement on session a0c3f7ab46bf3ba2ec9251d8a28170f0 to remote] protocol.RequestAuthCache 76 - Auth cache not set in the context
08-31-2022 22:18:27 PoolingHttpClientConnectionManager.java DEBUG [Forwarding sendKeysToElement on session a0c3f7ab46bf3ba2ec9251d8a28170f0 to remote] conn.PoolingHttpClientConnectionManager 249 - Connection request: [route: {}->http://localhost:10388][total kept alive: 1; route allocated: 1 of 2000; total allocated: 1 of 2000]
08-31-2022 22:18:27 PoolingHttpClientConnectionManager.java DEBUG [Forwarding sendKeysToElement on session a0c3f7ab46bf3ba2ec9251d8a28170f0 to remote] conn.PoolingHttpClientConnectionManager 282 - Connection leased: [id: 1][route: {}->http://localhost:10388][total kept alive: 0; route allocated: 1 of 2000; total allocated: 1 of 2000]
08-31-2022 22:18:27 MainClientExec.java DEBUG [Forwarding sendKeysToElement on session a0c3f7ab46bf3ba2ec9251d8a28170f0 to remote] execchain.MainClientExec 207 - Stale connection check
08-31-2022 22:18:27 Wire.java DEBUG [Forwarding sendKeysToElement on session a0c3f7ab46bf3ba2ec9251d8a28170f0 to remote] http.wire 86 - http-outgoing-1 << "[read] I/O error: Read timed out"
08-31-2022 22:18:27 LoggingManagedHttpClientConnection.java DEBUG [Forwarding sendKeysToElement on session a0c3f7ab46bf3ba2ec9251d8a28170f0 to remote] conn.DefaultManagedHttpClientConnection 90 - http-outgoing-1: set socket timeout to 10800000
08-31-2022 22:18:27 MainClientExec.java DEBUG [Forwarding sendKeysToElement on session a0c3f7ab46bf3ba2ec9251d8a28170f0 to remote] execchain.MainClientExec 255 - Executing request POST /session/a0c3f7ab46bf3ba2ec9251d8a28170f0/element/0.163792990899144-4/value HTTP/1.1
08-31-2022 22:18:27 MainClientExec.java DEBUG [Forwarding sendKeysToElement on session a0c3f7ab46bf3ba2ec9251d8a28170f0 to remote] execchain.MainClientExec 260 - Target auth state: UNCHALLENGED
08-31-2022 22:18:27 MainClientExec.java DEBUG [Forwarding sendKeysToElement on session a0c3f7ab46bf3ba2ec9251d8a28170f0 to remote] execchain.MainClientExec 266 - Proxy auth state: UNCHALLENGED
08-31-2022 22:18:27 LoggingManagedHttpClientConnection.java DEBUG [Forwarding sendKeysToElement on session a0c3f7ab46bf3ba2ec9251d8a28170f0 to remote] http.headers 135 - http-outgoing-1 >> POST /session/a0c3f7ab46bf3ba2ec9251d8a28170f0/element/0.163792990899144-4/value HTTP/1.1
08-31-2022 22:18:27 LoggingManagedHttpClientConnection.java DEBUG [Forwarding sendKeysToElement on session a0c3f7ab46bf3ba2ec9251d8a28170f0 to remote] http.headers 138 - http-outgoing-1 >> Content-Type: application/json; charset=utf-8
08-31-2022 22:18:27 LoggingManagedHttpClientConnection.java DEBUG [Forwarding sendKeysToElement on session a0c3f7ab46bf3ba2ec9251d8a28170f0 to remote] http.headers 138 - http-outgoing-1 >> Content-Length: 45
08-31-2022 22:18:27 LoggingManagedHttpClientConnection.java DEBUG [Forwarding sendKeysToElement on session a0c3f7ab46bf3ba2ec9251d8a28170f0 to remote] http.headers 138 - http-outgoing-1 >> Host: localhost:10388
08-31-2022 22:18:27 LoggingManagedHttpClientConnection.java DEBUG [Forwarding sendKeysToElement on session a0c3f7ab46bf3ba2ec9251d8a28170f0 to remote] http.headers 138 - http-outgoing-1 >> Connection: Keep-Alive
08-31-2022 22:18:27 LoggingManagedHttpClientConnection.java DEBUG [Forwarding sendKeysToElement on session a0c3f7ab46bf3ba2ec9251d8a28170f0 to remote] http.headers 138 - http-outgoing-1 >> User-Agent: Apache-HttpClient/4.5.2 (Java/11.0.12)
08-31-2022 22:18:27 LoggingManagedHttpClientConnection.java DEBUG [Forwarding sendKeysToElement on session a0c3f7ab46bf3ba2ec9251d8a28170f0 to remote] http.headers 138 - http-outgoing-1 >> Accept-Encoding: gzip,deflate
08-31-2022 22:18:27 Wire.java DEBUG [Forwarding sendKeysToElement on session a0c3f7ab46bf3ba2ec9251d8a28170f0 to remote] http.wire 72 - http-outgoing-1 >> "POST /session/a0c3f7ab46bf3ba2ec9251d8a28170f0/element/0.163792990899144-4/value HTTP/1.1[\r][\n]"
08-31-2022 22:18:27 Wire.java DEBUG [Forwarding sendKeysToElement on session a0c3f7ab46bf3ba2ec9251d8a28170f0 to remote] http.wire 72 - http-outgoing-1 >> "Content-Type: application/json; charset=utf-8[\r][\n]"
08-31-2022 22:18:27 Wire.java DEBUG [Forwarding sendKeysToElement on session a0c3f7ab46bf3ba2ec9251d8a28170f0 to remote] http.wire 72 - http-outgoing-1 >> "Content-Length: 45[\r][\n]"
08-31-2022 22:18:27 Wire.java DEBUG [Forwarding sendKeysToElement on session a0c3f7ab46bf3ba2ec9251d8a28170f0 to remote] http.wire 72 - http-outgoing-1 >> "Host: localhost:10388[\r][\n]"
08-31-2022 22:18:27 Wire.java DEBUG [Forwarding sendKeysToElement on session a0c3f7ab46bf3ba2ec9251d8a28170f0 to remote] http.wire 72 - http-outgoing-1 >> "Connection: Keep-Alive[\r][\n]"
08-31-2022 22:18:27 Wire.java DEBUG [Forwarding sendKeysToElement on session a0c3f7ab46bf3ba2ec9251d8a28170f0 to remote] http.wire 72 - http-outgoing-1 >> "User-Agent: Apache-HttpClient/4.5.2 (Java/11.0.12)[\r][\n]"
08-31-2022 22:18:27 Wire.java DEBUG [Forwarding sendKeysToElement on session a0c3f7ab46bf3ba2ec9251d8a28170f0 to remote] http.wire 72 - http-outgoing-1 >> "Accept-Encoding: gzip,deflate[\r][\n]"
08-31-2022 22:18:27 Wire.java DEBUG [Forwarding sendKeysToElement on session a0c3f7ab46bf3ba2ec9251d8a28170f0 to remote] http.wire 72 - http-outgoing-1 >> "[\r][\n]"
08-31-2022 22:18:27 Wire.java DEBUG [Forwarding sendKeysToElement on session a0c3f7ab46bf3ba2ec9251d8a28170f0 to remote] http.wire 86 - http-outgoing-1 >> "{"id":"0.163792990899144-4","value":["1885"]}"
08-31-2022 22:18:27 Wire.java DEBUG [Forwarding sendKeysToElement on session a0c3f7ab46bf3ba2ec9251d8a28170f0 to remote] http.wire 72 - http-outgoing-1 << "HTTP/1.1 200 OK[\r][\n]"
08-31-2022 22:18:27 Wire.java DEBUG [Forwarding sendKeysToElement on session a0c3f7ab46bf3ba2ec9251d8a28170f0 to remote] http.wire 72 - http-outgoing-1 << "Content-Length:72[\r][\n]"
08-31-2022 22:18:27 Wire.java DEBUG [Forwarding sendKeysToElement on session a0c3f7ab46bf3ba2ec9251d8a28170f0 to remote] http.wire 72 - http-outgoing-1 << "Content-Type:application/json; charset=utf-8[\r][\n]"
08-31-2022 22:18:27 Wire.java DEBUG [Forwarding sendKeysToElement on session a0c3f7ab46bf3ba2ec9251d8a28170f0 to remote] http.wire 72 - http-outgoing-1 << "[\r][\n]"
08-31-2022 22:18:27 Wire.java DEBUG [Forwarding sendKeysToElement on session a0c3f7ab46bf3ba2ec9251d8a28170f0 to remote] http.wire 86 - http-outgoing-1 << "{"sessionId":"a0c3f7ab46bf3ba2ec9251d8a28170f0","status":0,"value":null}"
08-31-2022 22:18:27 LoggingManagedHttpClientConnection.java DEBUG [Forwarding sendKeysToElement on session a0c3f7ab46bf3ba2ec9251d8a28170f0 to remote] http.headers 124 - http-outgoing-1 << HTTP/1.1 200 OK
08-31-2022 22:18:27 LoggingManagedHttpClientConnection.java DEBUG [Forwarding sendKeysToElement on session a0c3f7ab46bf3ba2ec9251d8a28170f0 to remote] http.headers 127 - http-outgoing-1 << Content-Length:72
08-31-2022 22:18:27 LoggingManagedHttpClientConnection.java DEBUG [Forwarding sendKeysToElement on session a0c3f7ab46bf3ba2ec9251d8a28170f0 to remote] http.headers 127 - http-outgoing-1 << Content-Type:application/json; charset=utf-8
08-31-2022 22:18:27 MainClientExec.java DEBUG [Forwarding sendKeysToElement on session a0c3f7ab46bf3ba2ec9251d8a28170f0 to remote] execchain.MainClientExec 284 - Connection can be kept alive indefinitely
08-31-2022 22:18:27 PoolingHttpClientConnectionManager.java DEBUG [Forwarding sendKeysToElement on session a0c3f7ab46bf3ba2ec9251d8a28170f0 to remote] conn.PoolingHttpClientConnectionManager 314 - Connection [id: 1][route: {}->http://localhost:10388] can be kept alive indefinitely
08-31-2022 22:18:27 PoolingHttpClientConnectionManager.java DEBUG [Forwarding sendKeysToElement on session a0c3f7ab46bf3ba2ec9251d8a28170f0 to remote] conn.PoolingHttpClientConnectionManager 320 - Connection released: [id: 1][route: {}->http://localhost:10388][total kept alive: 1; route allocated: 1 of 2000; total allocated: 1 of 2000]
08-31-2022 22:18:27 RequestAddCookies.java DEBUG [Forwarding sendKeysToElement on session a0c3f7ab46bf3ba2ec9251d8a28170f0 to remote] protocol.RequestAddCookies 122 - CookieSpec selected: default
08-31-2022 22:18:27 RequestAuthCache.java DEBUG [Forwarding sendKeysToElement on session a0c3f7ab46bf3ba2ec9251d8a28170f0 to remote] protocol.RequestAuthCache 76 - Auth cache not set in the context
08-31-2022 22:18:27 PoolingHttpClientConnectionManager.java DEBUG [Forwarding sendKeysToElement on session a0c3f7ab46bf3ba2ec9251d8a28170f0 to remote] conn.PoolingHttpClientConnectionManager 249 - Connection request: [route: {}->http://localhost:10388][total kept alive: 1; route allocated: 1 of 2000; total allocated: 1 of 2000]
08-31-2022 22:18:27 PoolingHttpClientConnectionManager.java DEBUG [Forwarding sendKeysToElement on session a0c3f7ab46bf3ba2ec9251d8a28170f0 to remote] conn.PoolingHttpClientConnectionManager 282 - Connection leased: [id: 1][route: {}->http://localhost:10388][total kept alive: 0; route allocated: 1 of 2000; total allocated: 1 of 2000]
08-31-2022 22:18:27 MainClientExec.java DEBUG [Forwarding sendKeysToElement on session a0c3f7ab46bf3ba2ec9251d8a28170f0 to remote] execchain.MainClientExec 207 - Stale connection check
08-31-2022 22:18:27 Wire.java DEBUG [Forwarding sendKeysToElement on session a0c3f7ab46bf3ba2ec9251d8a28170f0 to remote] http.wire 86 - http-outgoing-1 << "[read] I/O error: Read timed out"
08-31-2022 22:18:27 LoggingManagedHttpClientConnection.java DEBUG [Forwarding sendKeysToElement on session a0c3f7ab46bf3ba2ec9251d8a28170f0 to remote] conn.DefaultManagedHttpClientConnection 90 - http-outgoing-1: set socket timeout to 10800000
08-31-2022 22:18:27 MainClientExec.java DEBUG [Forwarding sendKeysToElement on session a0c3f7ab46bf3ba2ec9251d8a28170f0 to remote] execchain.MainClientExec 255 - Executing request POST /session/a0c3f7ab46bf3ba2ec9251d8a28170f0/element/0.163792990899144-4/value HTTP/1.1
08-31-2022 22:18:27 MainClientExec.java DEBUG [Forwarding sendKeysToElement on session a0c3f7ab46bf3ba2ec9251d8a28170f0 to remote] execchain.MainClientExec 260 - Target auth state: UNCHALLENGED
08-31-2022 22:18:27 MainClientExec.java DEBUG [Forwarding sendKeysToElement on session a0c3f7ab46bf3ba2ec9251d8a28170f0 to remote] execchain.MainClientExec 266 - Proxy auth state: UNCHALLENGED
08-31-2022 22:18:27 LoggingManagedHttpClientConnection.java DEBUG [Forwarding sendKeysToElement on session a0c3f7ab46bf3ba2ec9251d8a28170f0 to remote] http.headers 135 - http-outgoing-1 >> POST /session/a0c3f7ab46bf3ba2ec9251d8a28170f0/element/0.163792990899144-4/value HTTP/1.1
08-31-2022 22:18:27 LoggingManagedHttpClientConnection.java DEBUG [Forwarding sendKeysToElement on session a0c3f7ab46bf3ba2ec9251d8a28170f0 to remote] http.headers 138 - http-outgoing-1 >> Content-Type: application/json; charset=utf-8
08-31-2022 22:18:27 LoggingManagedHttpClientConnection.java DEBUG [Forwarding sendKeysToElement on session a0c3f7ab46bf3ba2ec9251d8a28170f0 to remote] http.headers 138 - http-outgoing-1 >> Content-Length: 43
08-31-2022 22:18:27 LoggingManagedHttpClientConnection.java DEBUG [Forwarding sendKeysToElement on session a0c3f7ab46bf3ba2ec9251d8a28170f0 to remote] http.headers 138 - http-outgoing-1 >> Host: localhost:10388
08-31-2022 22:18:27 LoggingManagedHttpClientConnection.java DEBUG [Forwarding sendKeysToElement on session a0c3f7ab46bf3ba2ec9251d8a28170f0 to remote] http.headers 138 - http-outgoing-1 >> Connection: Keep-Alive
08-31-2022 22:18:27 LoggingManagedHttpClientConnection.java DEBUG [Forwarding sendKeysToElement on session a0c3f7ab46bf3ba2ec9251d8a28170f0 to remote] http.headers 138 - http-outgoing-1 >> User-Agent: Apache-HttpClient/4.5.2 (Java/11.0.12)
08-31-2022 22:18:27 LoggingManagedHttpClientConnection.java DEBUG [Forwarding sendKeysToElement on session a0c3f7ab46bf3ba2ec9251d8a28170f0 to remote] http.headers 138 - http-outgoing-1 >> Accept-Encoding: gzip,deflate
08-31-2022 22:18:27 Wire.java DEBUG [Forwarding sendKeysToElement on session a0c3f7ab46bf3ba2ec9251d8a28170f0 to remote] http.wire 72 - http-outgoing-1 >> "POST /session/a0c3f7ab46bf3ba2ec9251d8a28170f0/element/0.163792990899144-4/value HTTP/1.1[\r][\n]"
08-31-2022 22:18:27 Wire.java DEBUG [Forwarding sendKeysToElement on session a0c3f7ab46bf3ba2ec9251d8a28170f0 to remote] http.wire 72 - http-outgoing-1 >> "Content-Type: application/json; charset=utf-8[\r][\n]"
08-31-2022 22:18:27 Wire.java DEBUG [Forwarding sendKeysToElement on session a0c3f7ab46bf3ba2ec9251d8a28170f0 to remote] http.wire 72 - http-outgoing-1 >> "Content-Length: 43[\r][\n]"
08-31-2022 22:18:27 Wire.java DEBUG [Forwarding sendKeysToElement on session a0c3f7ab46bf3ba2ec9251d8a28170f0 to remote] http.wire 72 - http-outgoing-1 >> "Host: localhost:10388[\r][\n]"
08-31-2022 22:18:27 Wire.java DEBUG [Forwarding sendKeysToElement on session a0c3f7ab46bf3ba2ec9251d8a28170f0 to remote] http.wire 72 - http-outgoing-1 >> "Connection: Keep-Alive[\r][\n]"
08-31-2022 22:18:27 Wire.java DEBUG [Forwarding sendKeysToElement on session a0c3f7ab46bf3ba2ec9251d8a28170f0 to remote] http.wire 72 - http-outgoing-1 >> "User-Agent: Apache-HttpClient/4.5.2 (Java/11.0.12)[\r][\n]"
08-31-2022 22:18:27 Wire.java DEBUG [Forwarding sendKeysToElement on session a0c3f7ab46bf3ba2ec9251d8a28170f0 to remote] http.wire 72 - http-outgoing-1 >> "Accept-Encoding: gzip,deflate[\r][\n]"
08-31-2022 22:18:27 Wire.java DEBUG [Forwarding sendKeysToElement on session a0c3f7ab46bf3ba2ec9251d8a28170f0 to remote] http.wire 72 - http-outgoing-1 >> "[\r][\n]"
08-31-2022 22:18:27 Wire.java DEBUG [Forwarding sendKeysToElement on session a0c3f7ab46bf3ba2ec9251d8a28170f0 to remote] http.wire 86 - http-outgoing-1 >> "{"id":"0.163792990899144-4","value":["08"]}"
08-31-2022 22:18:27 Wire.java DEBUG [Forwarding sendKeysToElement on session a0c3f7ab46bf3ba2ec9251d8a28170f0 to remote] http.wire 72 - http-outgoing-1 << "HTTP/1.1 200 OK[\r][\n]"
08-31-2022 22:18:27 Wire.java DEBUG [Forwarding sendKeysToElement on session a0c3f7ab46bf3ba2ec9251d8a28170f0 to remote] http.wire 72 - http-outgoing-1 << "Content-Length:72[\r][\n]"
08-31-2022 22:18:27 Wire.java DEBUG [Forwarding sendKeysToElement on session a0c3f7ab46bf3ba2ec9251d8a28170f0 to remote] http.wire 72 - http-outgoing-1 << "Content-Type:application/json; charset=utf-8[\r][\n]"
08-31-2022 22:18:27 Wire.java DEBUG [Forwarding sendKeysToElement on session a0c3f7ab46bf3ba2ec9251d8a28170f0 to remote] http.wire 72 - http-outgoing-1 << "[\r][\n]"
08-31-2022 22:18:27 Wire.java DEBUG [Forwarding sendKeysToElement on session a0c3f7ab46bf3ba2ec9251d8a28170f0 to remote] http.wire 86 - http-outgoing-1 << "{"sessionId":"a0c3f7ab46bf3ba2ec9251d8a28170f0","status":0,"value":null}"
08-31-2022 22:18:27 LoggingManagedHttpClientConnection.java DEBUG [Forwarding sendKeysToElement on session a0c3f7ab46bf3ba2ec9251d8a28170f0 to remote] http.headers 124 - http-outgoing-1 << HTTP/1.1 200 OK
08-31-2022 22:18:27 LoggingManagedHttpClientConnection.java DEBUG [Forwarding sendKeysToElement on session a0c3f7ab46bf3ba2ec9251d8a28170f0 to remote] http.headers 127 - http-outgoing-1 << Content-Length:72
08-31-2022 22:18:27 LoggingManagedHttpClientConnection.java DEBUG [Forwarding sendKeysToElement on session a0c3f7ab46bf3ba2ec9251d8a28170f0 to remote] http.headers 127 - http-outgoing-1 << Content-Type:application/json; charset=utf-8
08-31-2022 22:18:27 MainClientExec.java DEBUG [Forwarding sendKeysToElement on session a0c3f7ab46bf3ba2ec9251d8a28170f0 to remote] execchain.MainClientExec 284 - Connection can be kept alive indefinitely
08-31-2022 22:18:27 PoolingHttpClientConnectionManager.java DEBUG [Forwarding sendKeysToElement on session a0c3f7ab46bf3ba2ec9251d8a28170f0 to remote] conn.PoolingHttpClientConnectionManager 314 - Connection [id: 1][route: {}->http://localhost:10388] can be kept alive indefinitely
08-31-2022 22:18:27 PoolingHttpClientConnectionManager.java DEBUG [Forwarding sendKeysToElement on session a0c3f7ab46bf3ba2ec9251d8a28170f0 to remote] conn.PoolingHttpClientConnectionManager 320 - Connection released: [id: 1][route: {}->http://localhost:10388][total kept alive: 1; route allocated: 1 of 2000; total allocated: 1 of 2000]
08-31-2022 22:18:27 RequestAddCookies.java DEBUG [Forwarding sendKeysToElement on session a0c3f7ab46bf3ba2ec9251d8a28170f0 to remote] protocol.RequestAddCookies 122 - CookieSpec selected: default
08-31-2022 22:18:27 RequestAuthCache.java DEBUG [Forwarding sendKeysToElement on session a0c3f7ab46bf3ba2ec9251d8a28170f0 to remote] protocol.RequestAuthCache 76 - Auth cache not set in the context
08-31-2022 22:18:27 PoolingHttpClientConnectionManager.java DEBUG [Forwarding sendKeysToElement on session a0c3f7ab46bf3ba2ec9251d8a28170f0 to remote] conn.PoolingHttpClientConnectionManager 249 - Connection request: [route: {}->http://localhost:10388][total kept alive: 1; route allocated: 1 of 2000; total allocated: 1 of 2000]
08-31-2022 22:18:27 PoolingHttpClientConnectionManager.java DEBUG [Forwarding sendKeysToElement on session a0c3f7ab46bf3ba2ec9251d8a28170f0 to remote] conn.PoolingHttpClientConnectionManager 282 - Connection leased: [id: 1][route: {}->http://localhost:10388][total kept alive: 0; route allocated: 1 of 2000; total allocated: 1 of 2000]
08-31-2022 22:18:27 MainClientExec.java DEBUG [Forwarding sendKeysToElement on session a0c3f7ab46bf3ba2ec9251d8a28170f0 to remote] execchain.MainClientExec 207 - Stale connection check
08-31-2022 22:18:27 Wire.java DEBUG [Forwarding sendKeysToElement on session a0c3f7ab46bf3ba2ec9251d8a28170f0 to remote] http.wire 86 - http-outgoing-1 << "[read] I/O error: Read timed out"
08-31-2022 22:18:27 LoggingManagedHttpClientConnection.java DEBUG [Forwarding sendKeysToElement on session a0c3f7ab46bf3ba2ec9251d8a28170f0 to remote] conn.DefaultManagedHttpClientConnection 90 - http-outgoing-1: set socket timeout to 10800000
08-31-2022 22:18:27 MainClientExec.java DEBUG [Forwarding sendKeysToElement on session a0c3f7ab46bf3ba2ec9251d8a28170f0 to remote] execchain.MainClientExec 255 - Executing request POST /session/a0c3f7ab46bf3ba2ec9251d8a28170f0/element/0.163792990899144-4/value HTTP/1.1
08-31-2022 22:18:27 MainClientExec.java DEBUG [Forwarding sendKeysToElement on session a0c3f7ab46bf3ba2ec9251d8a28170f0 to remote] execchain.MainClientExec 260 - Target auth state: UNCHALLENGED
08-31-2022 22:18:27 MainClientExec.java DEBUG [Forwarding sendKeysToElement on session a0c3f7ab46bf3ba2ec9251d8a28170f0 to remote] execchain.MainClientExec 266 - Proxy auth state: UNCHALLENGED
08-31-2022 22:18:27 LoggingManagedHttpClientConnection.java DEBUG [Forwarding sendKeysToElement on session a0c3f7ab46bf3ba2ec9251d8a28170f0 to remote] http.headers 135 - http-outgoing-1 >> POST /session/a0c3f7ab46bf3ba2ec9251d8a28170f0/element/0.163792990899144-4/value HTTP/1.1
08-31-2022 22:18:27 LoggingManagedHttpClientConnection.java DEBUG [Forwarding sendKeysToElement on session a0c3f7ab46bf3ba2ec9251d8a28170f0 to remote] http.headers 138 - http-outgoing-1 >> Content-Type: application/json; charset=utf-8
08-31-2022 22:18:27 LoggingManagedHttpClientConnection.java DEBUG [Forwarding sendKeysToElement on session a0c3f7ab46bf3ba2ec9251d8a28170f0 to remote] http.headers 138 - http-outgoing-1 >> Content-Length: 43
08-31-2022 22:18:27 LoggingManagedHttpClientConnection.java DEBUG [Forwarding sendKeysToElement on session a0c3f7ab46bf3ba2ec9251d8a28170f0 to remote] http.headers 138 - http-outgoing-1 >> Host: localhost:10388
08-31-2022 22:18:27 LoggingManagedHttpClientConnection.java DEBUG [Forwarding sendKeysToElement on session a0c3f7ab46bf3ba2ec9251d8a28170f0 to remote] http.headers 138 - http-outgoing-1 >> Connection: Keep-Alive
08-31-2022 22:18:27 LoggingManagedHttpClientConnection.java DEBUG [Forwarding sendKeysToElement on session a0c3f7ab46bf3ba2ec9251d8a28170f0 to remote] http.headers 138 - http-outgoing-1 >> User-Agent: Apache-HttpClient/4.5.2 (Java/11.0.12)
08-31-2022 22:18:27 LoggingManagedHttpClientConnection.java DEBUG [Forwarding sendKeysToElement on session a0c3f7ab46bf3ba2ec9251d8a28170f0 to remote] http.headers 138 - http-outgoing-1 >> Accept-Encoding: gzip,deflate
08-31-2022 22:18:27 Wire.java DEBUG [Forwarding sendKeysToElement on session a0c3f7ab46bf3ba2ec9251d8a28170f0 to remote] http.wire 72 - http-outgoing-1 >> "POST /session/a0c3f7ab46bf3ba2ec9251d8a28170f0/element/0.163792990899144-4/value HTTP/1.1[\r][\n]"
08-31-2022 22:18:27 Wire.java DEBUG [Forwarding sendKeysToElement on session a0c3f7ab46bf3ba2ec9251d8a28170f0 to remote] http.wire 72 - http-outgoing-1 >> "Content-Type: application/json; charset=utf-8[\r][\n]"
08-31-2022 22:18:27 Wire.java DEBUG [Forwarding sendKeysToElement on session a0c3f7ab46bf3ba2ec9251d8a28170f0 to remote] http.wire 72 - http-outgoing-1 >> "Content-Length: 43[\r][\n]"
08-31-2022 22:18:27 Wire.java DEBUG [Forwarding sendKeysToElement on session a0c3f7ab46bf3ba2ec9251d8a28170f0 to remote] http.wire 72 - http-outgoing-1 >> "Host: localhost:10388[\r][\n]"
08-31-2022 22:18:27 Wire.java DEBUG [Forwarding sendKeysToElement on session a0c3f7ab46bf3ba2ec9251d8a28170f0 to remote] http.wire 72 - http-outgoing-1 >> "Connection: Keep-Alive[\r][\n]"
08-31-2022 22:18:27 Wire.java DEBUG [Forwarding sendKeysToElement on session a0c3f7ab46bf3ba2ec9251d8a28170f0 to remote] http.wire 72 - http-outgoing-1 >> "User-Agent: Apache-HttpClient/4.5.2 (Java/11.0.12)[\r][\n]"
08-31-2022 22:18:27 Wire.java DEBUG [Forwarding sendKeysToElement on session a0c3f7ab46bf3ba2ec9251d8a28170f0 to remote] http.wire 72 - http-outgoing-1 >> "Accept-Encoding: gzip,deflate[\r][\n]"
08-31-2022 22:18:27 Wire.java DEBUG [Forwarding sendKeysToElement on session a0c3f7ab46bf3ba2ec9251d8a28170f0 to remote] http.wire 72 - http-outgoing-1 >> "[\r][\n]"
08-31-2022 22:18:27 Wire.java DEBUG [Forwarding sendKeysToElement on session a0c3f7ab46bf3ba2ec9251d8a28170f0 to remote] http.wire 86 - http-outgoing-1 >> "{"id":"0.163792990899144-4","value":["15"]}"
08-31-2022 22:18:27 Wire.java DEBUG [Forwarding sendKeysToElement on session a0c3f7ab46bf3ba2ec9251d8a28170f0 to remote] http.wire 72 - http-outgoing-1 << "HTTP/1.1 200 OK[\r][\n]"
08-31-2022 22:18:27 Wire.java DEBUG [Forwarding sendKeysToElement on session a0c3f7ab46bf3ba2ec9251d8a28170f0 to remote] http.wire 72 - http-outgoing-1 << "Content-Length:72[\r][\n]"
08-31-2022 22:18:27 Wire.java DEBUG [Forwarding sendKeysToElement on session a0c3f7ab46bf3ba2ec9251d8a28170f0 to remote] http.wire 72 - http-outgoing-1 << "Content-Type:application/json; charset=utf-8[\r][\n]"
08-31-2022 22:18:27 Wire.java DEBUG [Forwarding sendKeysToElement on session a0c3f7ab46bf3ba2ec9251d8a28170f0 to remote] http.wire 72 - http-outgoing-1 << "[\r][\n]"
08-31-2022 22:18:27 Wire.java DEBUG [Forwarding sendKeysToElement on session a0c3f7ab46bf3ba2ec9251d8a28170f0 to remote] http.wire 86 - http-outgoing-1 << "{"sessionId":"a0c3f7ab46bf3ba2ec9251d8a28170f0","status":0,"value":null}"
08-31-2022 22:18:27 LoggingManagedHttpClientConnection.java DEBUG [Forwarding sendKeysToElement on session a0c3f7ab46bf3ba2ec9251d8a28170f0 to remote] http.headers 124 - http-outgoing-1 << HTTP/1.1 200 OK
08-31-2022 22:18:27 LoggingManagedHttpClientConnection.java DEBUG [Forwarding sendKeysToElement on session a0c3f7ab46bf3ba2ec9251d8a28170f0 to remote] http.headers 127 - http-outgoing-1 << Content-Length:72
08-31-2022 22:18:27 LoggingManagedHttpClientConnection.java DEBUG [Forwarding sendKeysToElement on session a0c3f7ab46bf3ba2ec9251d8a28170f0 to remote] http.headers 127 - http-outgoing-1 << Content-Type:application/json; charset=utf-8
08-31-2022 22:18:27 MainClientExec.java DEBUG [Forwarding sendKeysToElement on session a0c3f7ab46bf3ba2ec9251d8a28170f0 to remote] execchain.MainClientExec 284 - Connection can be kept alive indefinitely
08-31-2022 22:18:27 PoolingHttpClientConnectionManager.java DEBUG [Forwarding sendKeysToElement on session a0c3f7ab46bf3ba2ec9251d8a28170f0 to remote] conn.PoolingHttpClientConnectionManager 314 - Connection [id: 1][route: {}->http://localhost:10388] can be kept alive indefinitely
08-31-2022 22:18:27 PoolingHttpClientConnectionManager.java DEBUG [Forwarding sendKeysToElement on session a0c3f7ab46bf3ba2ec9251d8a28170f0 to remote] conn.PoolingHttpClientConnectionManager 320 - Connection released: [id: 1][route: {}->http://localhost:10388][total kept alive: 1; route allocated: 1 of 2000; total allocated: 1 of 2000]
08-31-2022 22:18:30 RequestAddCookies.java DEBUG [Forwarding findElement on session a0c3f7ab46bf3ba2ec9251d8a28170f0 to remote] protocol.RequestAddCookies 122 - CookieSpec selected: default
08-31-2022 22:18:30 RequestAuthCache.java DEBUG [Forwarding findElement on session a0c3f7ab46bf3ba2ec9251d8a28170f0 to remote] protocol.RequestAuthCache 76 - Auth cache not set in the context
08-31-2022 22:18:30 PoolingHttpClientConnectionManager.java DEBUG [Forwarding findElement on session a0c3f7ab46bf3ba2ec9251d8a28170f0 to remote] conn.PoolingHttpClientConnectionManager 249 - Connection request: [route: {}->http://localhost:10388][total kept alive: 1; route allocated: 1 of 2000; total allocated: 1 of 2000]
08-31-2022 22:18:30 Wire.java DEBUG [Forwarding findElement on session a0c3f7ab46bf3ba2ec9251d8a28170f0 to remote] http.wire 86 - http-outgoing-1 << "[read] I/O error: Read timed out"
08-31-2022 22:18:30 PoolingHttpClientConnectionManager.java DEBUG [Forwarding findElement on session a0c3f7ab46bf3ba2ec9251d8a28170f0 to remote] conn.PoolingHttpClientConnectionManager 282 - Connection leased: [id: 1][route: {}->http://localhost:10388][total kept alive: 0; route allocated: 1 of 2000; total allocated: 1 of 2000]
08-31-2022 22:18:30 MainClientExec.java DEBUG [Forwarding findElement on session a0c3f7ab46bf3ba2ec9251d8a28170f0 to remote] execchain.MainClientExec 207 - Stale connection check
08-31-2022 22:18:30 Wire.java DEBUG [Forwarding findElement on session a0c3f7ab46bf3ba2ec9251d8a28170f0 to remote] http.wire 86 - http-outgoing-1 << "[read] I/O error: Read timed out"
08-31-2022 22:18:30 LoggingManagedHttpClientConnection.java DEBUG [Forwarding findElement on session a0c3f7ab46bf3ba2ec9251d8a28170f0 to remote] conn.DefaultManagedHttpClientConnection 90 - http-outgoing-1: set socket timeout to 10800000
08-31-2022 22:18:30 MainClientExec.java DEBUG [Forwarding findElement on session a0c3f7ab46bf3ba2ec9251d8a28170f0 to remote] execchain.MainClientExec 255 - Executing request POST /session/a0c3f7ab46bf3ba2ec9251d8a28170f0/element HTTP/1.1
08-31-2022 22:18:30 MainClientExec.java DEBUG [Forwarding findElement on session a0c3f7ab46bf3ba2ec9251d8a28170f0 to remote] execchain.MainClientExec 260 - Target auth state: UNCHALLENGED
08-31-2022 22:18:30 MainClientExec.java DEBUG [Forwarding findElement on session a0c3f7ab46bf3ba2ec9251d8a28170f0 to remote] execchain.MainClientExec 266 - Proxy auth state: UNCHALLENGED
08-31-2022 22:18:30 LoggingManagedHttpClientConnection.java DEBUG [Forwarding findElement on session a0c3f7ab46bf3ba2ec9251d8a28170f0 to remote] http.headers 135 - http-outgoing-1 >> POST /session/a0c3f7ab46bf3ba2ec9251d8a28170f0/element HTTP/1.1
08-31-2022 22:18:30 LoggingManagedHttpClientConnection.java DEBUG [Forwarding findElement on session a0c3f7ab46bf3ba2ec9251d8a28170f0 to remote] http.headers 138 - http-outgoing-1 >> Content-Type: application/json; charset=utf-8
08-31-2022 22:18:30 LoggingManagedHttpClientConnection.java DEBUG [Forwarding findElement on session a0c3f7ab46bf3ba2ec9251d8a28170f0 to remote] http.headers 138 - http-outgoing-1 >> Content-Length: 52
08-31-2022 22:18:30 LoggingManagedHttpClientConnection.java DEBUG [Forwarding findElement on session a0c3f7ab46bf3ba2ec9251d8a28170f0 to remote] http.headers 138 - http-outgoing-1 >> Host: localhost:10388
08-31-2022 22:18:30 LoggingManagedHttpClientConnection.java DEBUG [Forwarding findElement on session a0c3f7ab46bf3ba2ec9251d8a28170f0 to remote] http.headers 138 - http-outgoing-1 >> Connection: Keep-Alive
08-31-2022 22:18:30 LoggingManagedHttpClientConnection.java DEBUG [Forwarding findElement on session a0c3f7ab46bf3ba2ec9251d8a28170f0 to remote] http.headers 138 - http-outgoing-1 >> User-Agent: Apache-HttpClient/4.5.2 (Java/11.0.12)
08-31-2022 22:18:30 LoggingManagedHttpClientConnection.java DEBUG [Forwarding findElement on session a0c3f7ab46bf3ba2ec9251d8a28170f0 to remote] http.headers 138 - http-outgoing-1 >> Accept-Encoding: gzip,deflate
08-31-2022 22:18:30 Wire.java DEBUG [Forwarding findElement on session a0c3f7ab46bf3ba2ec9251d8a28170f0 to remote] http.wire 72 - http-outgoing-1 >> "POST /session/a0c3f7ab46bf3ba2ec9251d8a28170f0/element HTTP/1.1[\r][\n]"
08-31-2022 22:18:30 Wire.java DEBUG [Forwarding findElement on session a0c3f7ab46bf3ba2ec9251d8a28170f0 to remote] http.wire 72 - http-outgoing-1 >> "Content-Type: application/json; charset=utf-8[\r][\n]"
08-31-2022 22:18:30 Wire.java DEBUG [Forwarding findElement on session a0c3f7ab46bf3ba2ec9251d8a28170f0 to remote] http.wire 72 - http-outgoing-1 >> "Content-Length: 52[\r][\n]"
08-31-2022 22:18:30 Wire.java DEBUG [Forwarding findElement on session a0c3f7ab46bf3ba2ec9251d8a28170f0 to remote] http.wire 72 - http-outgoing-1 >> "Host: localhost:10388[\r][\n]"
08-31-2022 22:18:30 Wire.java DEBUG [Forwarding findElement on session a0c3f7ab46bf3ba2ec9251d8a28170f0 to remote] http.wire 72 - http-outgoing-1 >> "Connection: Keep-Alive[\r][\n]"
08-31-2022 22:18:30 Wire.java DEBUG [Forwarding findElement on session a0c3f7ab46bf3ba2ec9251d8a28170f0 to remote] http.wire 72 - http-outgoing-1 >> "User-Agent: Apache-HttpClient/4.5.2 (Java/11.0.12)[\r][\n]"
08-31-2022 22:18:30 Wire.java DEBUG [Forwarding findElement on session a0c3f7ab46bf3ba2ec9251d8a28170f0 to remote] http.wire 72 - http-outgoing-1 >> "Accept-Encoding: gzip,deflate[\r][\n]"
08-31-2022 22:18:30 Wire.java DEBUG [Forwarding findElement on session a0c3f7ab46bf3ba2ec9251d8a28170f0 to remote] http.wire 72 - http-outgoing-1 >> "[\r][\n]"
08-31-2022 22:18:30 Wire.java DEBUG [Forwarding findElement on session a0c3f7ab46bf3ba2ec9251d8a28170f0 to remote] http.wire 86 - http-outgoing-1 >> "{"using":"xpath","value":"//textarea[@name='addr']"}"
08-31-2022 22:18:30 Wire.java DEBUG [Forwarding findElement on session a0c3f7ab46bf3ba2ec9251d8a28170f0 to remote] http.wire 72 - http-outgoing-1 << "HTTP/1.1 200 OK[\r][\n]"
08-31-2022 22:18:30 Wire.java DEBUG [Forwarding findElement on session a0c3f7ab46bf3ba2ec9251d8a28170f0 to remote] http.wire 72 - http-outgoing-1 << "Content-Length:101[\r][\n]"
08-31-2022 22:18:30 Wire.java DEBUG [Forwarding findElement on session a0c3f7ab46bf3ba2ec9251d8a28170f0 to remote] http.wire 72 - http-outgoing-1 << "Content-Type:application/json; charset=utf-8[\r][\n]"
08-31-2022 22:18:30 Wire.java DEBUG [Forwarding findElement on session a0c3f7ab46bf3ba2ec9251d8a28170f0 to remote] http.wire 72 - http-outgoing-1 << "[\r][\n]"
08-31-2022 22:18:30 Wire.java DEBUG [Forwarding findElement on session a0c3f7ab46bf3ba2ec9251d8a28170f0 to remote] http.wire 86 - http-outgoing-1 << "{"sessionId":"a0c3f7ab46bf3ba2ec9251d8a28170f0","status":0,"value":{"ELEMENT":"0.163792990899144-5"}}"
08-31-2022 22:18:30 LoggingManagedHttpClientConnection.java DEBUG [Forwarding findElement on session a0c3f7ab46bf3ba2ec9251d8a28170f0 to remote] http.headers 124 - http-outgoing-1 << HTTP/1.1 200 OK
08-31-2022 22:18:30 LoggingManagedHttpClientConnection.java DEBUG [Forwarding findElement on session a0c3f7ab46bf3ba2ec9251d8a28170f0 to remote] http.headers 127 - http-outgoing-1 << Content-Length:101
08-31-2022 22:18:30 LoggingManagedHttpClientConnection.java DEBUG [Forwarding findElement on session a0c3f7ab46bf3ba2ec9251d8a28170f0 to remote] http.headers 127 - http-outgoing-1 << Content-Type:application/json; charset=utf-8
08-31-2022 22:18:30 MainClientExec.java DEBUG [Forwarding findElement on session a0c3f7ab46bf3ba2ec9251d8a28170f0 to remote] execchain.MainClientExec 284 - Connection can be kept alive indefinitely
08-31-2022 22:18:30 PoolingHttpClientConnectionManager.java DEBUG [Forwarding findElement on session a0c3f7ab46bf3ba2ec9251d8a28170f0 to remote] conn.PoolingHttpClientConnectionManager 314 - Connection [id: 1][route: {}->http://localhost:10388] can be kept alive indefinitely
08-31-2022 22:18:30 PoolingHttpClientConnectionManager.java DEBUG [Forwarding findElement on session a0c3f7ab46bf3ba2ec9251d8a28170f0 to remote] conn.PoolingHttpClientConnectionManager 320 - Connection released: [id: 1][route: {}->http://localhost:10388][total kept alive: 1; route allocated: 1 of 2000; total allocated: 1 of 2000]
08-31-2022 22:18:30 RequestAddCookies.java DEBUG [Forwarding sendKeysToElement on session a0c3f7ab46bf3ba2ec9251d8a28170f0 to remote] protocol.RequestAddCookies 122 - CookieSpec selected: default
08-31-2022 22:18:30 RequestAuthCache.java DEBUG [Forwarding sendKeysToElement on session a0c3f7ab46bf3ba2ec9251d8a28170f0 to remote] protocol.RequestAuthCache 76 - Auth cache not set in the context
08-31-2022 22:18:30 PoolingHttpClientConnectionManager.java DEBUG [Forwarding sendKeysToElement on session a0c3f7ab46bf3ba2ec9251d8a28170f0 to remote] conn.PoolingHttpClientConnectionManager 249 - Connection request: [route: {}->http://localhost:10388][total kept alive: 1; route allocated: 1 of 2000; total allocated: 1 of 2000]
08-31-2022 22:18:30 PoolingHttpClientConnectionManager.java DEBUG [Forwarding sendKeysToElement on session a0c3f7ab46bf3ba2ec9251d8a28170f0 to remote] conn.PoolingHttpClientConnectionManager 282 - Connection leased: [id: 1][route: {}->http://localhost:10388][total kept alive: 0; route allocated: 1 of 2000; total allocated: 1 of 2000]
08-31-2022 22:18:30 MainClientExec.java DEBUG [Forwarding sendKeysToElement on session a0c3f7ab46bf3ba2ec9251d8a28170f0 to remote] execchain.MainClientExec 207 - Stale connection check
08-31-2022 22:18:30 Wire.java DEBUG [Forwarding sendKeysToElement on session a0c3f7ab46bf3ba2ec9251d8a28170f0 to remote] http.wire 86 - http-outgoing-1 << "[read] I/O error: Read timed out"
08-31-2022 22:18:30 LoggingManagedHttpClientConnection.java DEBUG [Forwarding sendKeysToElement on session a0c3f7ab46bf3ba2ec9251d8a28170f0 to remote] conn.DefaultManagedHttpClientConnection 90 - http-outgoing-1: set socket timeout to 10800000
08-31-2022 22:18:30 MainClientExec.java DEBUG [Forwarding sendKeysToElement on session a0c3f7ab46bf3ba2ec9251d8a28170f0 to remote] execchain.MainClientExec 255 - Executing request POST /session/a0c3f7ab46bf3ba2ec9251d8a28170f0/element/0.163792990899144-5/value HTTP/1.1
08-31-2022 22:18:30 MainClientExec.java DEBUG [Forwarding sendKeysToElement on session a0c3f7ab46bf3ba2ec9251d8a28170f0 to remote] execchain.MainClientExec 260 - Target auth state: UNCHALLENGED
08-31-2022 22:18:30 MainClientExec.java DEBUG [Forwarding sendKeysToElement on session a0c3f7ab46bf3ba2ec9251d8a28170f0 to remote] execchain.MainClientExec 266 - Proxy auth state: UNCHALLENGED
08-31-2022 22:18:30 LoggingManagedHttpClientConnection.java DEBUG [Forwarding sendKeysToElement on session a0c3f7ab46bf3ba2ec9251d8a28170f0 to remote] http.headers 135 - http-outgoing-1 >> POST /session/a0c3f7ab46bf3ba2ec9251d8a28170f0/element/0.163792990899144-5/value HTTP/1.1
08-31-2022 22:18:30 LoggingManagedHttpClientConnection.java DEBUG [Forwarding sendKeysToElement on session a0c3f7ab46bf3ba2ec9251d8a28170f0 to remote] http.headers 138 - http-outgoing-1 >> Content-Type: application/json; charset=utf-8
08-31-2022 22:18:30 LoggingManagedHttpClientConnection.java DEBUG [Forwarding sendKeysToElement on session a0c3f7ab46bf3ba2ec9251d8a28170f0 to remote] http.headers 138 - http-outgoing-1 >> Content-Length: 50
08-31-2022 22:18:30 LoggingManagedHttpClientConnection.java DEBUG [Forwarding sendKeysToElement on session a0c3f7ab46bf3ba2ec9251d8a28170f0 to remote] http.headers 138 - http-outgoing-1 >> Host: localhost:10388
08-31-2022 22:18:30 LoggingManagedHttpClientConnection.java DEBUG [Forwarding sendKeysToElement on session a0c3f7ab46bf3ba2ec9251d8a28170f0 to remote] http.headers 138 - http-outgoing-1 >> Connection: Keep-Alive
08-31-2022 22:18:30 LoggingManagedHttpClientConnection.java DEBUG [Forwarding sendKeysToElement on session a0c3f7ab46bf3ba2ec9251d8a28170f0 to remote] http.headers 138 - http-outgoing-1 >> User-Agent: Apache-HttpClient/4.5.2 (Java/11.0.12)
08-31-2022 22:18:30 LoggingManagedHttpClientConnection.java DEBUG [Forwarding sendKeysToElement on session a0c3f7ab46bf3ba2ec9251d8a28170f0 to remote] http.headers 138 - http-outgoing-1 >> Accept-Encoding: gzip,deflate
08-31-2022 22:18:30 Wire.java DEBUG [Forwarding sendKeysToElement on session a0c3f7ab46bf3ba2ec9251d8a28170f0 to remote] http.wire 72 - http-outgoing-1 >> "POST /session/a0c3f7ab46bf3ba2ec9251d8a28170f0/element/0.163792990899144-5/value HTTP/1.1[\r][\n]"
08-31-2022 22:18:30 Wire.java DEBUG [Forwarding sendKeysToElement on session a0c3f7ab46bf3ba2ec9251d8a28170f0 to remote] http.wire 72 - http-outgoing-1 >> "Content-Type: application/json; charset=utf-8[\r][\n]"
08-31-2022 22:18:30 Wire.java DEBUG [Forwarding sendKeysToElement on session a0c3f7ab46bf3ba2ec9251d8a28170f0 to remote] http.wire 72 - http-outgoing-1 >> "Content-Length: 50[\r][\n]"
08-31-2022 22:18:30 Wire.java DEBUG [Forwarding sendKeysToElement on session a0c3f7ab46bf3ba2ec9251d8a28170f0 to remote] http.wire 72 - http-outgoing-1 >> "Host: localhost:10388[\r][\n]"
08-31-2022 22:18:30 Wire.java DEBUG [Forwarding sendKeysToElement on session a0c3f7ab46bf3ba2ec9251d8a28170f0 to remote] http.wire 72 - http-outgoing-1 >> "Connection: Keep-Alive[\r][\n]"
08-31-2022 22:18:30 Wire.java DEBUG [Forwarding sendKeysToElement on session a0c3f7ab46bf3ba2ec9251d8a28170f0 to remote] http.wire 72 - http-outgoing-1 >> "User-Agent: Apache-HttpClient/4.5.2 (Java/11.0.12)[\r][\n]"
08-31-2022 22:18:30 Wire.java DEBUG [Forwarding sendKeysToElement on session a0c3f7ab46bf3ba2ec9251d8a28170f0 to remote] http.wire 72 - http-outgoing-1 >> "Accept-Encoding: gzip,deflate[\r][\n]"
08-31-2022 22:18:30 Wire.java DEBUG [Forwarding sendKeysToElement on session a0c3f7ab46bf3ba2ec9251d8a28170f0 to remote] http.wire 72 - http-outgoing-1 >> "[\r][\n]"
08-31-2022 22:18:30 Wire.java DEBUG [Forwarding sendKeysToElement on session a0c3f7ab46bf3ba2ec9251d8a28170f0 to remote] http.wire 86 - http-outgoing-1 >> "{"id":"0.163792990899144-5","value":["ABC Drive"]}"
08-31-2022 22:18:31 Wire.java DEBUG [Forwarding sendKeysToElement on session a0c3f7ab46bf3ba2ec9251d8a28170f0 to remote] http.wire 72 - http-outgoing-1 << "HTTP/1.1 200 OK[\r][\n]"
08-31-2022 22:18:31 Wire.java DEBUG [Forwarding sendKeysToElement on session a0c3f7ab46bf3ba2ec9251d8a28170f0 to remote] http.wire 72 - http-outgoing-1 << "Content-Length:72[\r][\n]"
08-31-2022 22:18:31 Wire.java DEBUG [Forwarding sendKeysToElement on session a0c3f7ab46bf3ba2ec9251d8a28170f0 to remote] http.wire 72 - http-outgoing-1 << "Content-Type:application/json; charset=utf-8[\r][\n]"
08-31-2022 22:18:31 Wire.java DEBUG [Forwarding sendKeysToElement on session a0c3f7ab46bf3ba2ec9251d8a28170f0 to remote] http.wire 72 - http-outgoing-1 << "[\r][\n]"
08-31-2022 22:18:31 Wire.java DEBUG [Forwarding sendKeysToElement on session a0c3f7ab46bf3ba2ec9251d8a28170f0 to remote] http.wire 86 - http-outgoing-1 << "{"sessionId":"a0c3f7ab46bf3ba2ec9251d8a28170f0","status":0,"value":null}"
08-31-2022 22:18:31 LoggingManagedHttpClientConnection.java DEBUG [Forwarding sendKeysToElement on session a0c3f7ab46bf3ba2ec9251d8a28170f0 to remote] http.headers 124 - http-outgoing-1 << HTTP/1.1 200 OK
08-31-2022 22:18:31 LoggingManagedHttpClientConnection.java DEBUG [Forwarding sendKeysToElement on session a0c3f7ab46bf3ba2ec9251d8a28170f0 to remote] http.headers 127 - http-outgoing-1 << Content-Length:72
08-31-2022 22:18:31 LoggingManagedHttpClientConnection.java DEBUG [Forwarding sendKeysToElement on session a0c3f7ab46bf3ba2ec9251d8a28170f0 to remote] http.headers 127 - http-outgoing-1 << Content-Type:application/json; charset=utf-8
08-31-2022 22:18:31 MainClientExec.java DEBUG [Forwarding sendKeysToElement on session a0c3f7ab46bf3ba2ec9251d8a28170f0 to remote] execchain.MainClientExec 284 - Connection can be kept alive indefinitely
08-31-2022 22:18:31 PoolingHttpClientConnectionManager.java DEBUG [Forwarding sendKeysToElement on session a0c3f7ab46bf3ba2ec9251d8a28170f0 to remote] conn.PoolingHttpClientConnectionManager 314 - Connection [id: 1][route: {}->http://localhost:10388] can be kept alive indefinitely
08-31-2022 22:18:31 PoolingHttpClientConnectionManager.java DEBUG [Forwarding sendKeysToElement on session a0c3f7ab46bf3ba2ec9251d8a28170f0 to remote] conn.PoolingHttpClientConnectionManager 320 - Connection released: [id: 1][route: {}->http://localhost:10388][total kept alive: 1; route allocated: 1 of 2000; total allocated: 1 of 2000]
08-31-2022 22:18:31 RequestAddCookies.java DEBUG [Forwarding findElement on session a0c3f7ab46bf3ba2ec9251d8a28170f0 to remote] protocol.RequestAddCookies 122 - CookieSpec selected: default
08-31-2022 22:18:31 RequestAuthCache.java DEBUG [Forwarding findElement on session a0c3f7ab46bf3ba2ec9251d8a28170f0 to remote] protocol.RequestAuthCache 76 - Auth cache not set in the context
08-31-2022 22:18:31 PoolingHttpClientConnectionManager.java DEBUG [Forwarding findElement on session a0c3f7ab46bf3ba2ec9251d8a28170f0 to remote] conn.PoolingHttpClientConnectionManager 249 - Connection request: [route: {}->http://localhost:10388][total kept alive: 1; route allocated: 1 of 2000; total allocated: 1 of 2000]
08-31-2022 22:18:31 PoolingHttpClientConnectionManager.java DEBUG [Forwarding findElement on session a0c3f7ab46bf3ba2ec9251d8a28170f0 to remote] conn.PoolingHttpClientConnectionManager 282 - Connection leased: [id: 1][route: {}->http://localhost:10388][total kept alive: 0; route allocated: 1 of 2000; total allocated: 1 of 2000]
08-31-2022 22:18:31 MainClientExec.java DEBUG [Forwarding findElement on session a0c3f7ab46bf3ba2ec9251d8a28170f0 to remote] execchain.MainClientExec 207 - Stale connection check
08-31-2022 22:18:31 Wire.java DEBUG [Forwarding findElement on session a0c3f7ab46bf3ba2ec9251d8a28170f0 to remote] http.wire 86 - http-outgoing-1 << "[read] I/O error: Read timed out"
08-31-2022 22:18:31 LoggingManagedHttpClientConnection.java DEBUG [Forwarding findElement on session a0c3f7ab46bf3ba2ec9251d8a28170f0 to remote] conn.DefaultManagedHttpClientConnection 90 - http-outgoing-1: set socket timeout to 10800000
08-31-2022 22:18:31 MainClientExec.java DEBUG [Forwarding findElement on session a0c3f7ab46bf3ba2ec9251d8a28170f0 to remote] execchain.MainClientExec 255 - Executing request POST /session/a0c3f7ab46bf3ba2ec9251d8a28170f0/element HTTP/1.1
08-31-2022 22:18:31 MainClientExec.java DEBUG [Forwarding findElement on session a0c3f7ab46bf3ba2ec9251d8a28170f0 to remote] execchain.MainClientExec 260 - Target auth state: UNCHALLENGED
08-31-2022 22:18:31 MainClientExec.java DEBUG [Forwarding findElement on session a0c3f7ab46bf3ba2ec9251d8a28170f0 to remote] execchain.MainClientExec 266 - Proxy auth state: UNCHALLENGED
08-31-2022 22:18:31 LoggingManagedHttpClientConnection.java DEBUG [Forwarding findElement on session a0c3f7ab46bf3ba2ec9251d8a28170f0 to remote] http.headers 135 - http-outgoing-1 >> POST /session/a0c3f7ab46bf3ba2ec9251d8a28170f0/element HTTP/1.1
08-31-2022 22:18:31 LoggingManagedHttpClientConnection.java DEBUG [Forwarding findElement on session a0c3f7ab46bf3ba2ec9251d8a28170f0 to remote] http.headers 138 - http-outgoing-1 >> Content-Type: application/json; charset=utf-8
08-31-2022 22:18:31 LoggingManagedHttpClientConnection.java DEBUG [Forwarding findElement on session a0c3f7ab46bf3ba2ec9251d8a28170f0 to remote] http.headers 138 - http-outgoing-1 >> Content-Length: 49
08-31-2022 22:18:31 LoggingManagedHttpClientConnection.java DEBUG [Forwarding findElement on session a0c3f7ab46bf3ba2ec9251d8a28170f0 to remote] http.headers 138 - http-outgoing-1 >> Host: localhost:10388
08-31-2022 22:18:31 LoggingManagedHttpClientConnection.java DEBUG [Forwarding findElement on session a0c3f7ab46bf3ba2ec9251d8a28170f0 to remote] http.headers 138 - http-outgoing-1 >> Connection: Keep-Alive
08-31-2022 22:18:31 LoggingManagedHttpClientConnection.java DEBUG [Forwarding findElement on session a0c3f7ab46bf3ba2ec9251d8a28170f0 to remote] http.headers 138 - http-outgoing-1 >> User-Agent: Apache-HttpClient/4.5.2 (Java/11.0.12)
08-31-2022 22:18:31 LoggingManagedHttpClientConnection.java DEBUG [Forwarding findElement on session a0c3f7ab46bf3ba2ec9251d8a28170f0 to remote] http.headers 138 - http-outgoing-1 >> Accept-Encoding: gzip,deflate
08-31-2022 22:18:31 Wire.java DEBUG [Forwarding findElement on session a0c3f7ab46bf3ba2ec9251d8a28170f0 to remote] http.wire 72 - http-outgoing-1 >> "POST /session/a0c3f7ab46bf3ba2ec9251d8a28170f0/element HTTP/1.1[\r][\n]"
08-31-2022 22:18:31 Wire.java DEBUG [Forwarding findElement on session a0c3f7ab46bf3ba2ec9251d8a28170f0 to remote] http.wire 72 - http-outgoing-1 >> "Content-Type: application/json; charset=utf-8[\r][\n]"
08-31-2022 22:18:31 Wire.java DEBUG [Forwarding findElement on session a0c3f7ab46bf3ba2ec9251d8a28170f0 to remote] http.wire 72 - http-outgoing-1 >> "Content-Length: 49[\r][\n]"
08-31-2022 22:18:31 Wire.java DEBUG [Forwarding findElement on session a0c3f7ab46bf3ba2ec9251d8a28170f0 to remote] http.wire 72 - http-outgoing-1 >> "Host: localhost:10388[\r][\n]"
08-31-2022 22:18:31 Wire.java DEBUG [Forwarding findElement on session a0c3f7ab46bf3ba2ec9251d8a28170f0 to remote] http.wire 72 - http-outgoing-1 >> "Connection: Keep-Alive[\r][\n]"
08-31-2022 22:18:31 Wire.java DEBUG [Forwarding findElement on session a0c3f7ab46bf3ba2ec9251d8a28170f0 to remote] http.wire 72 - http-outgoing-1 >> "User-Agent: Apache-HttpClient/4.5.2 (Java/11.0.12)[\r][\n]"
08-31-2022 22:18:31 Wire.java DEBUG [Forwarding findElement on session a0c3f7ab46bf3ba2ec9251d8a28170f0 to remote] http.wire 72 - http-outgoing-1 >> "Accept-Encoding: gzip,deflate[\r][\n]"
08-31-2022 22:18:31 Wire.java DEBUG [Forwarding findElement on session a0c3f7ab46bf3ba2ec9251d8a28170f0 to remote] http.wire 72 - http-outgoing-1 >> "[\r][\n]"
08-31-2022 22:18:31 Wire.java DEBUG [Forwarding findElement on session a0c3f7ab46bf3ba2ec9251d8a28170f0 to remote] http.wire 86 - http-outgoing-1 >> "{"using":"xpath","value":"//input[@name='city']"}"
08-31-2022 22:18:31 Wire.java DEBUG [Forwarding findElement on session a0c3f7ab46bf3ba2ec9251d8a28170f0 to remote] http.wire 72 - http-outgoing-1 << "HTTP/1.1 200 OK[\r][\n]"
08-31-2022 22:18:31 Wire.java DEBUG [Forwarding findElement on session a0c3f7ab46bf3ba2ec9251d8a28170f0 to remote] http.wire 72 - http-outgoing-1 << "Content-Length:101[\r][\n]"
08-31-2022 22:18:31 Wire.java DEBUG [Forwarding findElement on session a0c3f7ab46bf3ba2ec9251d8a28170f0 to remote] http.wire 72 - http-outgoing-1 << "Content-Type:application/json; charset=utf-8[\r][\n]"
08-31-2022 22:18:31 Wire.java DEBUG [Forwarding findElement on session a0c3f7ab46bf3ba2ec9251d8a28170f0 to remote] http.wire 72 - http-outgoing-1 << "[\r][\n]"
08-31-2022 22:18:31 Wire.java DEBUG [Forwarding findElement on session a0c3f7ab46bf3ba2ec9251d8a28170f0 to remote] http.wire 86 - http-outgoing-1 << "{"sessionId":"a0c3f7ab46bf3ba2ec9251d8a28170f0","status":0,"value":{"ELEMENT":"0.163792990899144-6"}}"
08-31-2022 22:18:31 LoggingManagedHttpClientConnection.java DEBUG [Forwarding findElement on session a0c3f7ab46bf3ba2ec9251d8a28170f0 to remote] http.headers 124 - http-outgoing-1 << HTTP/1.1 200 OK
08-31-2022 22:18:31 LoggingManagedHttpClientConnection.java DEBUG [Forwarding findElement on session a0c3f7ab46bf3ba2ec9251d8a28170f0 to remote] http.headers 127 - http-outgoing-1 << Content-Length:101
08-31-2022 22:18:31 LoggingManagedHttpClientConnection.java DEBUG [Forwarding findElement on session a0c3f7ab46bf3ba2ec9251d8a28170f0 to remote] http.headers 127 - http-outgoing-1 << Content-Type:application/json; charset=utf-8
08-31-2022 22:18:31 MainClientExec.java DEBUG [Forwarding findElement on session a0c3f7ab46bf3ba2ec9251d8a28170f0 to remote] execchain.MainClientExec 284 - Connection can be kept alive indefinitely
08-31-2022 22:18:31 PoolingHttpClientConnectionManager.java DEBUG [Forwarding findElement on session a0c3f7ab46bf3ba2ec9251d8a28170f0 to remote] conn.PoolingHttpClientConnectionManager 314 - Connection [id: 1][route: {}->http://localhost:10388] can be kept alive indefinitely
08-31-2022 22:18:31 PoolingHttpClientConnectionManager.java DEBUG [Forwarding findElement on session a0c3f7ab46bf3ba2ec9251d8a28170f0 to remote] conn.PoolingHttpClientConnectionManager 320 - Connection released: [id: 1][route: {}->http://localhost:10388][total kept alive: 1; route allocated: 1 of 2000; total allocated: 1 of 2000]
08-31-2022 22:18:31 RequestAddCookies.java DEBUG [Forwarding sendKeysToElement on session a0c3f7ab46bf3ba2ec9251d8a28170f0 to remote] protocol.RequestAddCookies 122 - CookieSpec selected: default
08-31-2022 22:18:31 RequestAuthCache.java DEBUG [Forwarding sendKeysToElement on session a0c3f7ab46bf3ba2ec9251d8a28170f0 to remote] protocol.RequestAuthCache 76 - Auth cache not set in the context
08-31-2022 22:18:31 PoolingHttpClientConnectionManager.java DEBUG [Forwarding sendKeysToElement on session a0c3f7ab46bf3ba2ec9251d8a28170f0 to remote] conn.PoolingHttpClientConnectionManager 249 - Connection request: [route: {}->http://localhost:10388][total kept alive: 1; route allocated: 1 of 2000; total allocated: 1 of 2000]
08-31-2022 22:18:31 PoolingHttpClientConnectionManager.java DEBUG [Forwarding sendKeysToElement on session a0c3f7ab46bf3ba2ec9251d8a28170f0 to remote] conn.PoolingHttpClientConnectionManager 282 - Connection leased: [id: 1][route: {}->http://localhost:10388][total kept alive: 0; route allocated: 1 of 2000; total allocated: 1 of 2000]
08-31-2022 22:18:31 MainClientExec.java DEBUG [Forwarding sendKeysToElement on session a0c3f7ab46bf3ba2ec9251d8a28170f0 to remote] execchain.MainClientExec 207 - Stale connection check
08-31-2022 22:18:31 Wire.java DEBUG [Forwarding sendKeysToElement on session a0c3f7ab46bf3ba2ec9251d8a28170f0 to remote] http.wire 86 - http-outgoing-1 << "[read] I/O error: Read timed out"
08-31-2022 22:18:31 LoggingManagedHttpClientConnection.java DEBUG [Forwarding sendKeysToElement on session a0c3f7ab46bf3ba2ec9251d8a28170f0 to remote] conn.DefaultManagedHttpClientConnection 90 - http-outgoing-1: set socket timeout to 10800000
08-31-2022 22:18:31 MainClientExec.java DEBUG [Forwarding sendKeysToElement on session a0c3f7ab46bf3ba2ec9251d8a28170f0 to remote] execchain.MainClientExec 255 - Executing request POST /session/a0c3f7ab46bf3ba2ec9251d8a28170f0/element/0.163792990899144-6/value HTTP/1.1
08-31-2022 22:18:31 MainClientExec.java DEBUG [Forwarding sendKeysToElement on session a0c3f7ab46bf3ba2ec9251d8a28170f0 to remote] execchain.MainClientExec 260 - Target auth state: UNCHALLENGED
08-31-2022 22:18:31 MainClientExec.java DEBUG [Forwarding sendKeysToElement on session a0c3f7ab46bf3ba2ec9251d8a28170f0 to remote] execchain.MainClientExec 266 - Proxy auth state: UNCHALLENGED
08-31-2022 22:18:31 LoggingManagedHttpClientConnection.java DEBUG [Forwarding sendKeysToElement on session a0c3f7ab46bf3ba2ec9251d8a28170f0 to remote] http.headers 135 - http-outgoing-1 >> POST /session/a0c3f7ab46bf3ba2ec9251d8a28170f0/element/0.163792990899144-6/value HTTP/1.1
08-31-2022 22:18:31 LoggingManagedHttpClientConnection.java DEBUG [Forwarding sendKeysToElement on session a0c3f7ab46bf3ba2ec9251d8a28170f0 to remote] http.headers 138 - http-outgoing-1 >> Content-Type: application/json; charset=utf-8
08-31-2022 22:18:31 LoggingManagedHttpClientConnection.java DEBUG [Forwarding sendKeysToElement on session a0c3f7ab46bf3ba2ec9251d8a28170f0 to remote] http.headers 138 - http-outgoing-1 >> Content-Length: 44
08-31-2022 22:18:31 LoggingManagedHttpClientConnection.java DEBUG [Forwarding sendKeysToElement on session a0c3f7ab46bf3ba2ec9251d8a28170f0 to remote] http.headers 138 - http-outgoing-1 >> Host: localhost:10388
08-31-2022 22:18:31 LoggingManagedHttpClientConnection.java DEBUG [Forwarding sendKeysToElement on session a0c3f7ab46bf3ba2ec9251d8a28170f0 to remote] http.headers 138 - http-outgoing-1 >> Connection: Keep-Alive
08-31-2022 22:18:31 LoggingManagedHttpClientConnection.java DEBUG [Forwarding sendKeysToElement on session a0c3f7ab46bf3ba2ec9251d8a28170f0 to remote] http.headers 138 - http-outgoing-1 >> User-Agent: Apache-HttpClient/4.5.2 (Java/11.0.12)
08-31-2022 22:18:31 LoggingManagedHttpClientConnection.java DEBUG [Forwarding sendKeysToElement on session a0c3f7ab46bf3ba2ec9251d8a28170f0 to remote] http.headers 138 - http-outgoing-1 >> Accept-Encoding: gzip,deflate
08-31-2022 22:18:31 Wire.java DEBUG [Forwarding sendKeysToElement on session a0c3f7ab46bf3ba2ec9251d8a28170f0 to remote] http.wire 72 - http-outgoing-1 >> "POST /session/a0c3f7ab46bf3ba2ec9251d8a28170f0/element/0.163792990899144-6/value HTTP/1.1[\r][\n]"
08-31-2022 22:18:31 Wire.java DEBUG [Forwarding sendKeysToElement on session a0c3f7ab46bf3ba2ec9251d8a28170f0 to remote] http.wire 72 - http-outgoing-1 >> "Content-Type: application/json; charset=utf-8[\r][\n]"
08-31-2022 22:18:31 Wire.java DEBUG [Forwarding sendKeysToElement on session a0c3f7ab46bf3ba2ec9251d8a28170f0 to remote] http.wire 72 - http-outgoing-1 >> "Content-Length: 44[\r][\n]"
08-31-2022 22:18:31 Wire.java DEBUG [Forwarding sendKeysToElement on session a0c3f7ab46bf3ba2ec9251d8a28170f0 to remote] http.wire 72 - http-outgoing-1 >> "Host: localhost:10388[\r][\n]"
08-31-2022 22:18:31 Wire.java DEBUG [Forwarding sendKeysToElement on session a0c3f7ab46bf3ba2ec9251d8a28170f0 to remote] http.wire 72 - http-outgoing-1 >> "Connection: Keep-Alive[\r][\n]"
08-31-2022 22:18:31 Wire.java DEBUG [Forwarding sendKeysToElement on session a0c3f7ab46bf3ba2ec9251d8a28170f0 to remote] http.wire 72 - http-outgoing-1 >> "User-Agent: Apache-HttpClient/4.5.2 (Java/11.0.12)[\r][\n]"
08-31-2022 22:18:31 Wire.java DEBUG [Forwarding sendKeysToElement on session a0c3f7ab46bf3ba2ec9251d8a28170f0 to remote] http.wire 72 - http-outgoing-1 >> "Accept-Encoding: gzip,deflate[\r][\n]"
08-31-2022 22:18:31 Wire.java DEBUG [Forwarding sendKeysToElement on session a0c3f7ab46bf3ba2ec9251d8a28170f0 to remote] http.wire 72 - http-outgoing-1 >> "[\r][\n]"
08-31-2022 22:18:31 Wire.java DEBUG [Forwarding sendKeysToElement on session a0c3f7ab46bf3ba2ec9251d8a28170f0 to remote] http.wire 86 - http-outgoing-1 >> "{"id":"0.163792990899144-6","value":["DEF"]}"
08-31-2022 22:18:31 Wire.java DEBUG [Forwarding sendKeysToElement on session a0c3f7ab46bf3ba2ec9251d8a28170f0 to remote] http.wire 72 - http-outgoing-1 << "HTTP/1.1 200 OK[\r][\n]"
08-31-2022 22:18:31 Wire.java DEBUG [Forwarding sendKeysToElement on session a0c3f7ab46bf3ba2ec9251d8a28170f0 to remote] http.wire 72 - http-outgoing-1 << "Content-Length:72[\r][\n]"
08-31-2022 22:18:31 Wire.java DEBUG [Forwarding sendKeysToElement on session a0c3f7ab46bf3ba2ec9251d8a28170f0 to remote] http.wire 72 - http-outgoing-1 << "Content-Type:application/json; charset=utf-8[\r][\n]"
08-31-2022 22:18:31 Wire.java DEBUG [Forwarding sendKeysToElement on session a0c3f7ab46bf3ba2ec9251d8a28170f0 to remote] http.wire 72 - http-outgoing-1 << "[\r][\n]"
08-31-2022 22:18:31 Wire.java DEBUG [Forwarding sendKeysToElement on session a0c3f7ab46bf3ba2ec9251d8a28170f0 to remote] http.wire 86 - http-outgoing-1 << "{"sessionId":"a0c3f7ab46bf3ba2ec9251d8a28170f0","status":0,"value":null}"
08-31-2022 22:18:31 LoggingManagedHttpClientConnection.java DEBUG [Forwarding sendKeysToElement on session a0c3f7ab46bf3ba2ec9251d8a28170f0 to remote] http.headers 124 - http-outgoing-1 << HTTP/1.1 200 OK
08-31-2022 22:18:31 LoggingManagedHttpClientConnection.java DEBUG [Forwarding sendKeysToElement on session a0c3f7ab46bf3ba2ec9251d8a28170f0 to remote] http.headers 127 - http-outgoing-1 << Content-Length:72
08-31-2022 22:18:31 LoggingManagedHttpClientConnection.java DEBUG [Forwarding sendKeysToElement on session a0c3f7ab46bf3ba2ec9251d8a28170f0 to remote] http.headers 127 - http-outgoing-1 << Content-Type:application/json; charset=utf-8
08-31-2022 22:18:31 MainClientExec.java DEBUG [Forwarding sendKeysToElement on session a0c3f7ab46bf3ba2ec9251d8a28170f0 to remote] execchain.MainClientExec 284 - Connection can be kept alive indefinitely
08-31-2022 22:18:31 PoolingHttpClientConnectionManager.java DEBUG [Forwarding sendKeysToElement on session a0c3f7ab46bf3ba2ec9251d8a28170f0 to remote] conn.PoolingHttpClientConnectionManager 314 - Connection [id: 1][route: {}->http://localhost:10388] can be kept alive indefinitely
08-31-2022 22:18:31 PoolingHttpClientConnectionManager.java DEBUG [Forwarding sendKeysToElement on session a0c3f7ab46bf3ba2ec9251d8a28170f0 to remote] conn.PoolingHttpClientConnectionManager 320 - Connection released: [id: 1][route: {}->http://localhost:10388][total kept alive: 1; route allocated: 1 of 2000; total allocated: 1 of 2000]
08-31-2022 22:18:31 RequestAddCookies.java DEBUG [Forwarding findElement on session a0c3f7ab46bf3ba2ec9251d8a28170f0 to remote] protocol.RequestAddCookies 122 - CookieSpec selected: default
08-31-2022 22:18:31 RequestAuthCache.java DEBUG [Forwarding findElement on session a0c3f7ab46bf3ba2ec9251d8a28170f0 to remote] protocol.RequestAuthCache 76 - Auth cache not set in the context
08-31-2022 22:18:31 PoolingHttpClientConnectionManager.java DEBUG [Forwarding findElement on session a0c3f7ab46bf3ba2ec9251d8a28170f0 to remote] conn.PoolingHttpClientConnectionManager 249 - Connection request: [route: {}->http://localhost:10388][total kept alive: 1; route allocated: 1 of 2000; total allocated: 1 of 2000]
08-31-2022 22:18:31 PoolingHttpClientConnectionManager.java DEBUG [Forwarding findElement on session a0c3f7ab46bf3ba2ec9251d8a28170f0 to remote] conn.PoolingHttpClientConnectionManager 282 - Connection leased: [id: 1][route: {}->http://localhost:10388][total kept alive: 0; route allocated: 1 of 2000; total allocated: 1 of 2000]
08-31-2022 22:18:31 MainClientExec.java DEBUG [Forwarding findElement on session a0c3f7ab46bf3ba2ec9251d8a28170f0 to remote] execchain.MainClientExec 207 - Stale connection check
08-31-2022 22:18:31 Wire.java DEBUG [Forwarding findElement on session a0c3f7ab46bf3ba2ec9251d8a28170f0 to remote] http.wire 86 - http-outgoing-1 << "[read] I/O error: Read timed out"
08-31-2022 22:18:31 LoggingManagedHttpClientConnection.java DEBUG [Forwarding findElement on session a0c3f7ab46bf3ba2ec9251d8a28170f0 to remote] conn.DefaultManagedHttpClientConnection 90 - http-outgoing-1: set socket timeout to 10800000
08-31-2022 22:18:31 MainClientExec.java DEBUG [Forwarding findElement on session a0c3f7ab46bf3ba2ec9251d8a28170f0 to remote] execchain.MainClientExec 255 - Executing request POST /session/a0c3f7ab46bf3ba2ec9251d8a28170f0/element HTTP/1.1
08-31-2022 22:18:31 MainClientExec.java DEBUG [Forwarding findElement on session a0c3f7ab46bf3ba2ec9251d8a28170f0 to remote] execchain.MainClientExec 260 - Target auth state: UNCHALLENGED
08-31-2022 22:18:31 MainClientExec.java DEBUG [Forwarding findElement on session a0c3f7ab46bf3ba2ec9251d8a28170f0 to remote] execchain.MainClientExec 266 - Proxy auth state: UNCHALLENGED
08-31-2022 22:18:31 LoggingManagedHttpClientConnection.java DEBUG [Forwarding findElement on session a0c3f7ab46bf3ba2ec9251d8a28170f0 to remote] http.headers 135 - http-outgoing-1 >> POST /session/a0c3f7ab46bf3ba2ec9251d8a28170f0/element HTTP/1.1
08-31-2022 22:18:31 LoggingManagedHttpClientConnection.java DEBUG [Forwarding findElement on session a0c3f7ab46bf3ba2ec9251d8a28170f0 to remote] http.headers 138 - http-outgoing-1 >> Content-Type: application/json; charset=utf-8
08-31-2022 22:18:31 LoggingManagedHttpClientConnection.java DEBUG [Forwarding findElement on session a0c3f7ab46bf3ba2ec9251d8a28170f0 to remote] http.headers 138 - http-outgoing-1 >> Content-Length: 50
08-31-2022 22:18:31 LoggingManagedHttpClientConnection.java DEBUG [Forwarding findElement on session a0c3f7ab46bf3ba2ec9251d8a28170f0 to remote] http.headers 138 - http-outgoing-1 >> Host: localhost:10388
08-31-2022 22:18:31 LoggingManagedHttpClientConnection.java DEBUG [Forwarding findElement on session a0c3f7ab46bf3ba2ec9251d8a28170f0 to remote] http.headers 138 - http-outgoing-1 >> Connection: Keep-Alive
08-31-2022 22:18:31 LoggingManagedHttpClientConnection.java DEBUG [Forwarding findElement on session a0c3f7ab46bf3ba2ec9251d8a28170f0 to remote] http.headers 138 - http-outgoing-1 >> User-Agent: Apache-HttpClient/4.5.2 (Java/11.0.12)
08-31-2022 22:18:31 LoggingManagedHttpClientConnection.java DEBUG [Forwarding findElement on session a0c3f7ab46bf3ba2ec9251d8a28170f0 to remote] http.headers 138 - http-outgoing-1 >> Accept-Encoding: gzip,deflate
08-31-2022 22:18:31 Wire.java DEBUG [Forwarding findElement on session a0c3f7ab46bf3ba2ec9251d8a28170f0 to remote] http.wire 72 - http-outgoing-1 >> "POST /session/a0c3f7ab46bf3ba2ec9251d8a28170f0/element HTTP/1.1[\r][\n]"
08-31-2022 22:18:31 Wire.java DEBUG [Forwarding findElement on session a0c3f7ab46bf3ba2ec9251d8a28170f0 to remote] http.wire 72 - http-outgoing-1 >> "Content-Type: application/json; charset=utf-8[\r][\n]"
08-31-2022 22:18:31 Wire.java DEBUG [Forwarding findElement on session a0c3f7ab46bf3ba2ec9251d8a28170f0 to remote] http.wire 72 - http-outgoing-1 >> "Content-Length: 50[\r][\n]"
08-31-2022 22:18:31 Wire.java DEBUG [Forwarding findElement on session a0c3f7ab46bf3ba2ec9251d8a28170f0 to remote] http.wire 72 - http-outgoing-1 >> "Host: localhost:10388[\r][\n]"
08-31-2022 22:18:31 Wire.java DEBUG [Forwarding findElement on session a0c3f7ab46bf3ba2ec9251d8a28170f0 to remote] http.wire 72 - http-outgoing-1 >> "Connection: Keep-Alive[\r][\n]"
08-31-2022 22:18:31 Wire.java DEBUG [Forwarding findElement on session a0c3f7ab46bf3ba2ec9251d8a28170f0 to remote] http.wire 72 - http-outgoing-1 >> "User-Agent: Apache-HttpClient/4.5.2 (Java/11.0.12)[\r][\n]"
08-31-2022 22:18:31 Wire.java DEBUG [Forwarding findElement on session a0c3f7ab46bf3ba2ec9251d8a28170f0 to remote] http.wire 72 - http-outgoing-1 >> "Accept-Encoding: gzip,deflate[\r][\n]"
08-31-2022 22:18:31 Wire.java DEBUG [Forwarding findElement on session a0c3f7ab46bf3ba2ec9251d8a28170f0 to remote] http.wire 72 - http-outgoing-1 >> "[\r][\n]"
08-31-2022 22:18:31 Wire.java DEBUG [Forwarding findElement on session a0c3f7ab46bf3ba2ec9251d8a28170f0 to remote] http.wire 86 - http-outgoing-1 >> "{"using":"xpath","value":"//input[@name='state']"}"
08-31-2022 22:18:31 Wire.java DEBUG [Forwarding findElement on session a0c3f7ab46bf3ba2ec9251d8a28170f0 to remote] http.wire 72 - http-outgoing-1 << "HTTP/1.1 200 OK[\r][\n]"
08-31-2022 22:18:31 Wire.java DEBUG [Forwarding findElement on session a0c3f7ab46bf3ba2ec9251d8a28170f0 to remote] http.wire 72 - http-outgoing-1 << "Content-Length:101[\r][\n]"
08-31-2022 22:18:31 Wire.java DEBUG [Forwarding findElement on session a0c3f7ab46bf3ba2ec9251d8a28170f0 to remote] http.wire 72 - http-outgoing-1 << "Content-Type:application/json; charset=utf-8[\r][\n]"
08-31-2022 22:18:31 Wire.java DEBUG [Forwarding findElement on session a0c3f7ab46bf3ba2ec9251d8a28170f0 to remote] http.wire 72 - http-outgoing-1 << "[\r][\n]"
08-31-2022 22:18:31 Wire.java DEBUG [Forwarding findElement on session a0c3f7ab46bf3ba2ec9251d8a28170f0 to remote] http.wire 86 - http-outgoing-1 << "{"sessionId":"a0c3f7ab46bf3ba2ec9251d8a28170f0","status":0,"value":{"ELEMENT":"0.163792990899144-7"}}"
08-31-2022 22:18:31 LoggingManagedHttpClientConnection.java DEBUG [Forwarding findElement on session a0c3f7ab46bf3ba2ec9251d8a28170f0 to remote] http.headers 124 - http-outgoing-1 << HTTP/1.1 200 OK
08-31-2022 22:18:31 LoggingManagedHttpClientConnection.java DEBUG [Forwarding findElement on session a0c3f7ab46bf3ba2ec9251d8a28170f0 to remote] http.headers 127 - http-outgoing-1 << Content-Length:101
08-31-2022 22:18:31 LoggingManagedHttpClientConnection.java DEBUG [Forwarding findElement on session a0c3f7ab46bf3ba2ec9251d8a28170f0 to remote] http.headers 127 - http-outgoing-1 << Content-Type:application/json; charset=utf-8
08-31-2022 22:18:31 MainClientExec.java DEBUG [Forwarding findElement on session a0c3f7ab46bf3ba2ec9251d8a28170f0 to remote] execchain.MainClientExec 284 - Connection can be kept alive indefinitely
08-31-2022 22:18:31 PoolingHttpClientConnectionManager.java DEBUG [Forwarding findElement on session a0c3f7ab46bf3ba2ec9251d8a28170f0 to remote] conn.PoolingHttpClientConnectionManager 314 - Connection [id: 1][route: {}->http://localhost:10388] can be kept alive indefinitely
08-31-2022 22:18:31 PoolingHttpClientConnectionManager.java DEBUG [Forwarding findElement on session a0c3f7ab46bf3ba2ec9251d8a28170f0 to remote] conn.PoolingHttpClientConnectionManager 320 - Connection released: [id: 1][route: {}->http://localhost:10388][total kept alive: 1; route allocated: 1 of 2000; total allocated: 1 of 2000]
08-31-2022 22:18:31 RequestAddCookies.java DEBUG [Forwarding sendKeysToElement on session a0c3f7ab46bf3ba2ec9251d8a28170f0 to remote] protocol.RequestAddCookies 122 - CookieSpec selected: default
08-31-2022 22:18:31 RequestAuthCache.java DEBUG [Forwarding sendKeysToElement on session a0c3f7ab46bf3ba2ec9251d8a28170f0 to remote] protocol.RequestAuthCache 76 - Auth cache not set in the context
08-31-2022 22:18:31 PoolingHttpClientConnectionManager.java DEBUG [Forwarding sendKeysToElement on session a0c3f7ab46bf3ba2ec9251d8a28170f0 to remote] conn.PoolingHttpClientConnectionManager 249 - Connection request: [route: {}->http://localhost:10388][total kept alive: 1; route allocated: 1 of 2000; total allocated: 1 of 2000]
08-31-2022 22:18:31 PoolingHttpClientConnectionManager.java DEBUG [Forwarding sendKeysToElement on session a0c3f7ab46bf3ba2ec9251d8a28170f0 to remote] conn.PoolingHttpClientConnectionManager 282 - Connection leased: [id: 1][route: {}->http://localhost:10388][total kept alive: 0; route allocated: 1 of 2000; total allocated: 1 of 2000]
08-31-2022 22:18:31 MainClientExec.java DEBUG [Forwarding sendKeysToElement on session a0c3f7ab46bf3ba2ec9251d8a28170f0 to remote] execchain.MainClientExec 207 - Stale connection check
08-31-2022 22:18:31 Wire.java DEBUG [Forwarding sendKeysToElement on session a0c3f7ab46bf3ba2ec9251d8a28170f0 to remote] http.wire 86 - http-outgoing-1 << "[read] I/O error: Read timed out"
08-31-2022 22:18:31 LoggingManagedHttpClientConnection.java DEBUG [Forwarding sendKeysToElement on session a0c3f7ab46bf3ba2ec9251d8a28170f0 to remote] conn.DefaultManagedHttpClientConnection 90 - http-outgoing-1: set socket timeout to 10800000
08-31-2022 22:18:31 MainClientExec.java DEBUG [Forwarding sendKeysToElement on session a0c3f7ab46bf3ba2ec9251d8a28170f0 to remote] execchain.MainClientExec 255 - Executing request POST /session/a0c3f7ab46bf3ba2ec9251d8a28170f0/element/0.163792990899144-7/value HTTP/1.1
08-31-2022 22:18:31 MainClientExec.java DEBUG [Forwarding sendKeysToElement on session a0c3f7ab46bf3ba2ec9251d8a28170f0 to remote] execchain.MainClientExec 260 - Target auth state: UNCHALLENGED
08-31-2022 22:18:31 MainClientExec.java DEBUG [Forwarding sendKeysToElement on session a0c3f7ab46bf3ba2ec9251d8a28170f0 to remote] execchain.MainClientExec 266 - Proxy auth state: UNCHALLENGED
08-31-2022 22:18:31 LoggingManagedHttpClientConnection.java DEBUG [Forwarding sendKeysToElement on session a0c3f7ab46bf3ba2ec9251d8a28170f0 to remote] http.headers 135 - http-outgoing-1 >> POST /session/a0c3f7ab46bf3ba2ec9251d8a28170f0/element/0.163792990899144-7/value HTTP/1.1
08-31-2022 22:18:31 LoggingManagedHttpClientConnection.java DEBUG [Forwarding sendKeysToElement on session a0c3f7ab46bf3ba2ec9251d8a28170f0 to remote] http.headers 138 - http-outgoing-1 >> Content-Type: application/json; charset=utf-8
08-31-2022 22:18:31 LoggingManagedHttpClientConnection.java DEBUG [Forwarding sendKeysToElement on session a0c3f7ab46bf3ba2ec9251d8a28170f0 to remote] http.headers 138 - http-outgoing-1 >> Content-Length: 44
08-31-2022 22:18:31 LoggingManagedHttpClientConnection.java DEBUG [Forwarding sendKeysToElement on session a0c3f7ab46bf3ba2ec9251d8a28170f0 to remote] http.headers 138 - http-outgoing-1 >> Host: localhost:10388
08-31-2022 22:18:31 LoggingManagedHttpClientConnection.java DEBUG [Forwarding sendKeysToElement on session a0c3f7ab46bf3ba2ec9251d8a28170f0 to remote] http.headers 138 - http-outgoing-1 >> Connection: Keep-Alive
08-31-2022 22:18:31 LoggingManagedHttpClientConnection.java DEBUG [Forwarding sendKeysToElement on session a0c3f7ab46bf3ba2ec9251d8a28170f0 to remote] http.headers 138 - http-outgoing-1 >> User-Agent: Apache-HttpClient/4.5.2 (Java/11.0.12)
08-31-2022 22:18:31 LoggingManagedHttpClientConnection.java DEBUG [Forwarding sendKeysToElement on session a0c3f7ab46bf3ba2ec9251d8a28170f0 to remote] http.headers 138 - http-outgoing-1 >> Accept-Encoding: gzip,deflate
08-31-2022 22:18:31 Wire.java DEBUG [Forwarding sendKeysToElement on session a0c3f7ab46bf3ba2ec9251d8a28170f0 to remote] http.wire 72 - http-outgoing-1 >> "POST /session/a0c3f7ab46bf3ba2ec9251d8a28170f0/element/0.163792990899144-7/value HTTP/1.1[\r][\n]"
08-31-2022 22:18:31 Wire.java DEBUG [Forwarding sendKeysToElement on session a0c3f7ab46bf3ba2ec9251d8a28170f0 to remote] http.wire 72 - http-outgoing-1 >> "Content-Type: application/json; charset=utf-8[\r][\n]"
08-31-2022 22:18:31 Wire.java DEBUG [Forwarding sendKeysToElement on session a0c3f7ab46bf3ba2ec9251d8a28170f0 to remote] http.wire 72 - http-outgoing-1 >> "Content-Length: 44[\r][\n]"
08-31-2022 22:18:31 Wire.java DEBUG [Forwarding sendKeysToElement on session a0c3f7ab46bf3ba2ec9251d8a28170f0 to remote] http.wire 72 - http-outgoing-1 >> "Host: localhost:10388[\r][\n]"
08-31-2022 22:18:31 Wire.java DEBUG [Forwarding sendKeysToElement on session a0c3f7ab46bf3ba2ec9251d8a28170f0 to remote] http.wire 72 - http-outgoing-1 >> "Connection: Keep-Alive[\r][\n]"
08-31-2022 22:18:31 Wire.java DEBUG [Forwarding sendKeysToElement on session a0c3f7ab46bf3ba2ec9251d8a28170f0 to remote] http.wire 72 - http-outgoing-1 >> "User-Agent: Apache-HttpClient/4.5.2 (Java/11.0.12)[\r][\n]"
08-31-2022 22:18:31 Wire.java DEBUG [Forwarding sendKeysToElement on session a0c3f7ab46bf3ba2ec9251d8a28170f0 to remote] http.wire 72 - http-outgoing-1 >> "Accept-Encoding: gzip,deflate[\r][\n]"
08-31-2022 22:18:31 Wire.java DEBUG [Forwarding sendKeysToElement on session a0c3f7ab46bf3ba2ec9251d8a28170f0 to remote] http.wire 72 - http-outgoing-1 >> "[\r][\n]"
08-31-2022 22:18:31 Wire.java DEBUG [Forwarding sendKeysToElement on session a0c3f7ab46bf3ba2ec9251d8a28170f0 to remote] http.wire 86 - http-outgoing-1 >> "{"id":"0.163792990899144-7","value":["Guj"]}"
08-31-2022 22:18:31 Wire.java DEBUG [Forwarding sendKeysToElement on session a0c3f7ab46bf3ba2ec9251d8a28170f0 to remote] http.wire 72 - http-outgoing-1 << "HTTP/1.1 200 OK[\r][\n]"
08-31-2022 22:18:31 Wire.java DEBUG [Forwarding sendKeysToElement on session a0c3f7ab46bf3ba2ec9251d8a28170f0 to remote] http.wire 72 - http-outgoing-1 << "Content-Length:72[\r][\n]"
08-31-2022 22:18:31 Wire.java DEBUG [Forwarding sendKeysToElement on session a0c3f7ab46bf3ba2ec9251d8a28170f0 to remote] http.wire 72 - http-outgoing-1 << "Content-Type:application/json; charset=utf-8[\r][\n]"
08-31-2022 22:18:31 Wire.java DEBUG [Forwarding sendKeysToElement on session a0c3f7ab46bf3ba2ec9251d8a28170f0 to remote] http.wire 72 - http-outgoing-1 << "[\r][\n]"
08-31-2022 22:18:31 Wire.java DEBUG [Forwarding sendKeysToElement on session a0c3f7ab46bf3ba2ec9251d8a28170f0 to remote] http.wire 86 - http-outgoing-1 << "{"sessionId":"a0c3f7ab46bf3ba2ec9251d8a28170f0","status":0,"value":null}"
08-31-2022 22:18:31 LoggingManagedHttpClientConnection.java DEBUG [Forwarding sendKeysToElement on session a0c3f7ab46bf3ba2ec9251d8a28170f0 to remote] http.headers 124 - http-outgoing-1 << HTTP/1.1 200 OK
08-31-2022 22:18:31 LoggingManagedHttpClientConnection.java DEBUG [Forwarding sendKeysToElement on session a0c3f7ab46bf3ba2ec9251d8a28170f0 to remote] http.headers 127 - http-outgoing-1 << Content-Length:72
08-31-2022 22:18:31 LoggingManagedHttpClientConnection.java DEBUG [Forwarding sendKeysToElement on session a0c3f7ab46bf3ba2ec9251d8a28170f0 to remote] http.headers 127 - http-outgoing-1 << Content-Type:application/json; charset=utf-8
08-31-2022 22:18:31 MainClientExec.java DEBUG [Forwarding sendKeysToElement on session a0c3f7ab46bf3ba2ec9251d8a28170f0 to remote] execchain.MainClientExec 284 - Connection can be kept alive indefinitely
08-31-2022 22:18:31 PoolingHttpClientConnectionManager.java DEBUG [Forwarding sendKeysToElement on session a0c3f7ab46bf3ba2ec9251d8a28170f0 to remote] conn.PoolingHttpClientConnectionManager 314 - Connection [id: 1][route: {}->http://localhost:10388] can be kept alive indefinitely
08-31-2022 22:18:31 PoolingHttpClientConnectionManager.java DEBUG [Forwarding sendKeysToElement on session a0c3f7ab46bf3ba2ec9251d8a28170f0 to remote] conn.PoolingHttpClientConnectionManager 320 - Connection released: [id: 1][route: {}->http://localhost:10388][total kept alive: 1; route allocated: 1 of 2000; total allocated: 1 of 2000]
08-31-2022 22:18:31 RequestAddCookies.java DEBUG [Forwarding findElement on session a0c3f7ab46bf3ba2ec9251d8a28170f0 to remote] protocol.RequestAddCookies 122 - CookieSpec selected: default
08-31-2022 22:18:31 RequestAuthCache.java DEBUG [Forwarding findElement on session a0c3f7ab46bf3ba2ec9251d8a28170f0 to remote] protocol.RequestAuthCache 76 - Auth cache not set in the context
08-31-2022 22:18:31 PoolingHttpClientConnectionManager.java DEBUG [Forwarding findElement on session a0c3f7ab46bf3ba2ec9251d8a28170f0 to remote] conn.PoolingHttpClientConnectionManager 249 - Connection request: [route: {}->http://localhost:10388][total kept alive: 1; route allocated: 1 of 2000; total allocated: 1 of 2000]
08-31-2022 22:18:31 PoolingHttpClientConnectionManager.java DEBUG [Forwarding findElement on session a0c3f7ab46bf3ba2ec9251d8a28170f0 to remote] conn.PoolingHttpClientConnectionManager 282 - Connection leased: [id: 1][route: {}->http://localhost:10388][total kept alive: 0; route allocated: 1 of 2000; total allocated: 1 of 2000]
08-31-2022 22:18:31 MainClientExec.java DEBUG [Forwarding findElement on session a0c3f7ab46bf3ba2ec9251d8a28170f0 to remote] execchain.MainClientExec 207 - Stale connection check
08-31-2022 22:18:31 Wire.java DEBUG [Forwarding findElement on session a0c3f7ab46bf3ba2ec9251d8a28170f0 to remote] http.wire 86 - http-outgoing-1 << "[read] I/O error: Read timed out"
08-31-2022 22:18:31 LoggingManagedHttpClientConnection.java DEBUG [Forwarding findElement on session a0c3f7ab46bf3ba2ec9251d8a28170f0 to remote] conn.DefaultManagedHttpClientConnection 90 - http-outgoing-1: set socket timeout to 10800000
08-31-2022 22:18:31 MainClientExec.java DEBUG [Forwarding findElement on session a0c3f7ab46bf3ba2ec9251d8a28170f0 to remote] execchain.MainClientExec 255 - Executing request POST /session/a0c3f7ab46bf3ba2ec9251d8a28170f0/element HTTP/1.1
08-31-2022 22:18:31 MainClientExec.java DEBUG [Forwarding findElement on session a0c3f7ab46bf3ba2ec9251d8a28170f0 to remote] execchain.MainClientExec 260 - Target auth state: UNCHALLENGED
08-31-2022 22:18:31 MainClientExec.java DEBUG [Forwarding findElement on session a0c3f7ab46bf3ba2ec9251d8a28170f0 to remote] execchain.MainClientExec 266 - Proxy auth state: UNCHALLENGED
08-31-2022 22:18:31 LoggingManagedHttpClientConnection.java DEBUG [Forwarding findElement on session a0c3f7ab46bf3ba2ec9251d8a28170f0 to remote] http.headers 135 - http-outgoing-1 >> POST /session/a0c3f7ab46bf3ba2ec9251d8a28170f0/element HTTP/1.1
08-31-2022 22:18:31 LoggingManagedHttpClientConnection.java DEBUG [Forwarding findElement on session a0c3f7ab46bf3ba2ec9251d8a28170f0 to remote] http.headers 138 - http-outgoing-1 >> Content-Type: application/json; charset=utf-8
08-31-2022 22:18:31 LoggingManagedHttpClientConnection.java DEBUG [Forwarding findElement on session a0c3f7ab46bf3ba2ec9251d8a28170f0 to remote] http.headers 138 - http-outgoing-1 >> Content-Length: 50
08-31-2022 22:18:31 LoggingManagedHttpClientConnection.java DEBUG [Forwarding findElement on session a0c3f7ab46bf3ba2ec9251d8a28170f0 to remote] http.headers 138 - http-outgoing-1 >> Host: localhost:10388
08-31-2022 22:18:31 LoggingManagedHttpClientConnection.java DEBUG [Forwarding findElement on session a0c3f7ab46bf3ba2ec9251d8a28170f0 to remote] http.headers 138 - http-outgoing-1 >> Connection: Keep-Alive
08-31-2022 22:18:31 LoggingManagedHttpClientConnection.java DEBUG [Forwarding findElement on session a0c3f7ab46bf3ba2ec9251d8a28170f0 to remote] http.headers 138 - http-outgoing-1 >> User-Agent: Apache-HttpClient/4.5.2 (Java/11.0.12)
08-31-2022 22:18:31 LoggingManagedHttpClientConnection.java DEBUG [Forwarding findElement on session a0c3f7ab46bf3ba2ec9251d8a28170f0 to remote] http.headers 138 - http-outgoing-1 >> Accept-Encoding: gzip,deflate
08-31-2022 22:18:31 Wire.java DEBUG [Forwarding findElement on session a0c3f7ab46bf3ba2ec9251d8a28170f0 to remote] http.wire 72 - http-outgoing-1 >> "POST /session/a0c3f7ab46bf3ba2ec9251d8a28170f0/element HTTP/1.1[\r][\n]"
08-31-2022 22:18:31 Wire.java DEBUG [Forwarding findElement on session a0c3f7ab46bf3ba2ec9251d8a28170f0 to remote] http.wire 72 - http-outgoing-1 >> "Content-Type: application/json; charset=utf-8[\r][\n]"
08-31-2022 22:18:31 Wire.java DEBUG [Forwarding findElement on session a0c3f7ab46bf3ba2ec9251d8a28170f0 to remote] http.wire 72 - http-outgoing-1 >> "Content-Length: 50[\r][\n]"
08-31-2022 22:18:31 Wire.java DEBUG [Forwarding findElement on session a0c3f7ab46bf3ba2ec9251d8a28170f0 to remote] http.wire 72 - http-outgoing-1 >> "Host: localhost:10388[\r][\n]"
08-31-2022 22:18:31 Wire.java DEBUG [Forwarding findElement on session a0c3f7ab46bf3ba2ec9251d8a28170f0 to remote] http.wire 72 - http-outgoing-1 >> "Connection: Keep-Alive[\r][\n]"
08-31-2022 22:18:31 Wire.java DEBUG [Forwarding findElement on session a0c3f7ab46bf3ba2ec9251d8a28170f0 to remote] http.wire 72 - http-outgoing-1 >> "User-Agent: Apache-HttpClient/4.5.2 (Java/11.0.12)[\r][\n]"
08-31-2022 22:18:31 Wire.java DEBUG [Forwarding findElement on session a0c3f7ab46bf3ba2ec9251d8a28170f0 to remote] http.wire 72 - http-outgoing-1 >> "Accept-Encoding: gzip,deflate[\r][\n]"
08-31-2022 22:18:31 Wire.java DEBUG [Forwarding findElement on session a0c3f7ab46bf3ba2ec9251d8a28170f0 to remote] http.wire 72 - http-outgoing-1 >> "[\r][\n]"
08-31-2022 22:18:31 Wire.java DEBUG [Forwarding findElement on session a0c3f7ab46bf3ba2ec9251d8a28170f0 to remote] http.wire 86 - http-outgoing-1 >> "{"using":"xpath","value":"//input[@name='pinno']"}"
08-31-2022 22:18:31 Wire.java DEBUG [Forwarding findElement on session a0c3f7ab46bf3ba2ec9251d8a28170f0 to remote] http.wire 72 - http-outgoing-1 << "HTTP/1.1 200 OK[\r][\n]"
08-31-2022 22:18:31 Wire.java DEBUG [Forwarding findElement on session a0c3f7ab46bf3ba2ec9251d8a28170f0 to remote] http.wire 72 - http-outgoing-1 << "Content-Length:101[\r][\n]"
08-31-2022 22:18:31 Wire.java DEBUG [Forwarding findElement on session a0c3f7ab46bf3ba2ec9251d8a28170f0 to remote] http.wire 72 - http-outgoing-1 << "Content-Type:application/json; charset=utf-8[\r][\n]"
08-31-2022 22:18:31 Wire.java DEBUG [Forwarding findElement on session a0c3f7ab46bf3ba2ec9251d8a28170f0 to remote] http.wire 72 - http-outgoing-1 << "[\r][\n]"
08-31-2022 22:18:31 Wire.java DEBUG [Forwarding findElement on session a0c3f7ab46bf3ba2ec9251d8a28170f0 to remote] http.wire 86 - http-outgoing-1 << "{"sessionId":"a0c3f7ab46bf3ba2ec9251d8a28170f0","status":0,"value":{"ELEMENT":"0.163792990899144-8"}}"
08-31-2022 22:18:31 LoggingManagedHttpClientConnection.java DEBUG [Forwarding findElement on session a0c3f7ab46bf3ba2ec9251d8a28170f0 to remote] http.headers 124 - http-outgoing-1 << HTTP/1.1 200 OK
08-31-2022 22:18:31 LoggingManagedHttpClientConnection.java DEBUG [Forwarding findElement on session a0c3f7ab46bf3ba2ec9251d8a28170f0 to remote] http.headers 127 - http-outgoing-1 << Content-Length:101
08-31-2022 22:18:31 LoggingManagedHttpClientConnection.java DEBUG [Forwarding findElement on session a0c3f7ab46bf3ba2ec9251d8a28170f0 to remote] http.headers 127 - http-outgoing-1 << Content-Type:application/json; charset=utf-8
08-31-2022 22:18:31 MainClientExec.java DEBUG [Forwarding findElement on session a0c3f7ab46bf3ba2ec9251d8a28170f0 to remote] execchain.MainClientExec 284 - Connection can be kept alive indefinitely
08-31-2022 22:18:31 PoolingHttpClientConnectionManager.java DEBUG [Forwarding findElement on session a0c3f7ab46bf3ba2ec9251d8a28170f0 to remote] conn.PoolingHttpClientConnectionManager 314 - Connection [id: 1][route: {}->http://localhost:10388] can be kept alive indefinitely
08-31-2022 22:18:31 PoolingHttpClientConnectionManager.java DEBUG [Forwarding findElement on session a0c3f7ab46bf3ba2ec9251d8a28170f0 to remote] conn.PoolingHttpClientConnectionManager 320 - Connection released: [id: 1][route: {}->http://localhost:10388][total kept alive: 1; route allocated: 1 of 2000; total allocated: 1 of 2000]
08-31-2022 22:18:31 RequestAddCookies.java DEBUG [Forwarding sendKeysToElement on session a0c3f7ab46bf3ba2ec9251d8a28170f0 to remote] protocol.RequestAddCookies 122 - CookieSpec selected: default
08-31-2022 22:18:31 RequestAuthCache.java DEBUG [Forwarding sendKeysToElement on session a0c3f7ab46bf3ba2ec9251d8a28170f0 to remote] protocol.RequestAuthCache 76 - Auth cache not set in the context
08-31-2022 22:18:31 PoolingHttpClientConnectionManager.java DEBUG [Forwarding sendKeysToElement on session a0c3f7ab46bf3ba2ec9251d8a28170f0 to remote] conn.PoolingHttpClientConnectionManager 249 - Connection request: [route: {}->http://localhost:10388][total kept alive: 1; route allocated: 1 of 2000; total allocated: 1 of 2000]
08-31-2022 22:18:31 PoolingHttpClientConnectionManager.java DEBUG [Forwarding sendKeysToElement on session a0c3f7ab46bf3ba2ec9251d8a28170f0 to remote] conn.PoolingHttpClientConnectionManager 282 - Connection leased: [id: 1][route: {}->http://localhost:10388][total kept alive: 0; route allocated: 1 of 2000; total allocated: 1 of 2000]
08-31-2022 22:18:31 MainClientExec.java DEBUG [Forwarding sendKeysToElement on session a0c3f7ab46bf3ba2ec9251d8a28170f0 to remote] execchain.MainClientExec 207 - Stale connection check
08-31-2022 22:18:31 Wire.java DEBUG [Forwarding sendKeysToElement on session a0c3f7ab46bf3ba2ec9251d8a28170f0 to remote] http.wire 86 - http-outgoing-1 << "[read] I/O error: Read timed out"
08-31-2022 22:18:31 LoggingManagedHttpClientConnection.java DEBUG [Forwarding sendKeysToElement on session a0c3f7ab46bf3ba2ec9251d8a28170f0 to remote] conn.DefaultManagedHttpClientConnection 90 - http-outgoing-1: set socket timeout to 10800000
08-31-2022 22:18:31 MainClientExec.java DEBUG [Forwarding sendKeysToElement on session a0c3f7ab46bf3ba2ec9251d8a28170f0 to remote] execchain.MainClientExec 255 - Executing request POST /session/a0c3f7ab46bf3ba2ec9251d8a28170f0/element/0.163792990899144-8/value HTTP/1.1
08-31-2022 22:18:31 MainClientExec.java DEBUG [Forwarding sendKeysToElement on session a0c3f7ab46bf3ba2ec9251d8a28170f0 to remote] execchain.MainClientExec 260 - Target auth state: UNCHALLENGED
08-31-2022 22:18:31 MainClientExec.java DEBUG [Forwarding sendKeysToElement on session a0c3f7ab46bf3ba2ec9251d8a28170f0 to remote] execchain.MainClientExec 266 - Proxy auth state: UNCHALLENGED
08-31-2022 22:18:31 LoggingManagedHttpClientConnection.java DEBUG [Forwarding sendKeysToElement on session a0c3f7ab46bf3ba2ec9251d8a28170f0 to remote] http.headers 135 - http-outgoing-1 >> POST /session/a0c3f7ab46bf3ba2ec9251d8a28170f0/element/0.163792990899144-8/value HTTP/1.1
08-31-2022 22:18:31 LoggingManagedHttpClientConnection.java DEBUG [Forwarding sendKeysToElement on session a0c3f7ab46bf3ba2ec9251d8a28170f0 to remote] http.headers 138 - http-outgoing-1 >> Content-Type: application/json; charset=utf-8
08-31-2022 22:18:31 LoggingManagedHttpClientConnection.java DEBUG [Forwarding sendKeysToElement on session a0c3f7ab46bf3ba2ec9251d8a28170f0 to remote] http.headers 138 - http-outgoing-1 >> Content-Length: 47
08-31-2022 22:18:31 LoggingManagedHttpClientConnection.java DEBUG [Forwarding sendKeysToElement on session a0c3f7ab46bf3ba2ec9251d8a28170f0 to remote] http.headers 138 - http-outgoing-1 >> Host: localhost:10388
08-31-2022 22:18:31 LoggingManagedHttpClientConnection.java DEBUG [Forwarding sendKeysToElement on session a0c3f7ab46bf3ba2ec9251d8a28170f0 to remote] http.headers 138 - http-outgoing-1 >> Connection: Keep-Alive
08-31-2022 22:18:31 LoggingManagedHttpClientConnection.java DEBUG [Forwarding sendKeysToElement on session a0c3f7ab46bf3ba2ec9251d8a28170f0 to remote] http.headers 138 - http-outgoing-1 >> User-Agent: Apache-HttpClient/4.5.2 (Java/11.0.12)
08-31-2022 22:18:31 LoggingManagedHttpClientConnection.java DEBUG [Forwarding sendKeysToElement on session a0c3f7ab46bf3ba2ec9251d8a28170f0 to remote] http.headers 138 - http-outgoing-1 >> Accept-Encoding: gzip,deflate
08-31-2022 22:18:31 Wire.java DEBUG [Forwarding sendKeysToElement on session a0c3f7ab46bf3ba2ec9251d8a28170f0 to remote] http.wire 72 - http-outgoing-1 >> "POST /session/a0c3f7ab46bf3ba2ec9251d8a28170f0/element/0.163792990899144-8/value HTTP/1.1[\r][\n]"
08-31-2022 22:18:31 Wire.java DEBUG [Forwarding sendKeysToElement on session a0c3f7ab46bf3ba2ec9251d8a28170f0 to remote] http.wire 72 - http-outgoing-1 >> "Content-Type: application/json; charset=utf-8[\r][\n]"
08-31-2022 22:18:31 Wire.java DEBUG [Forwarding sendKeysToElement on session a0c3f7ab46bf3ba2ec9251d8a28170f0 to remote] http.wire 72 - http-outgoing-1 >> "Content-Length: 47[\r][\n]"
08-31-2022 22:18:31 Wire.java DEBUG [Forwarding sendKeysToElement on session a0c3f7ab46bf3ba2ec9251d8a28170f0 to remote] http.wire 72 - http-outgoing-1 >> "Host: localhost:10388[\r][\n]"
08-31-2022 22:18:31 Wire.java DEBUG [Forwarding sendKeysToElement on session a0c3f7ab46bf3ba2ec9251d8a28170f0 to remote] http.wire 72 - http-outgoing-1 >> "Connection: Keep-Alive[\r][\n]"
08-31-2022 22:18:31 Wire.java DEBUG [Forwarding sendKeysToElement on session a0c3f7ab46bf3ba2ec9251d8a28170f0 to remote] http.wire 72 - http-outgoing-1 >> "User-Agent: Apache-HttpClient/4.5.2 (Java/11.0.12)[\r][\n]"
08-31-2022 22:18:31 Wire.java DEBUG [Forwarding sendKeysToElement on session a0c3f7ab46bf3ba2ec9251d8a28170f0 to remote] http.wire 72 - http-outgoing-1 >> "Accept-Encoding: gzip,deflate[\r][\n]"
08-31-2022 22:18:31 Wire.java DEBUG [Forwarding sendKeysToElement on session a0c3f7ab46bf3ba2ec9251d8a28170f0 to remote] http.wire 72 - http-outgoing-1 >> "[\r][\n]"
08-31-2022 22:18:31 Wire.java DEBUG [Forwarding sendKeysToElement on session a0c3f7ab46bf3ba2ec9251d8a28170f0 to remote] http.wire 86 - http-outgoing-1 >> "{"id":"0.163792990899144-8","value":["123465"]}"
08-31-2022 22:18:31 Wire.java DEBUG [Forwarding sendKeysToElement on session a0c3f7ab46bf3ba2ec9251d8a28170f0 to remote] http.wire 72 - http-outgoing-1 << "HTTP/1.1 200 OK[\r][\n]"
08-31-2022 22:18:31 Wire.java DEBUG [Forwarding sendKeysToElement on session a0c3f7ab46bf3ba2ec9251d8a28170f0 to remote] http.wire 72 - http-outgoing-1 << "Content-Length:72[\r][\n]"
08-31-2022 22:18:31 Wire.java DEBUG [Forwarding sendKeysToElement on session a0c3f7ab46bf3ba2ec9251d8a28170f0 to remote] http.wire 72 - http-outgoing-1 << "Content-Type:application/json; charset=utf-8[\r][\n]"
08-31-2022 22:18:31 Wire.java DEBUG [Forwarding sendKeysToElement on session a0c3f7ab46bf3ba2ec9251d8a28170f0 to remote] http.wire 72 - http-outgoing-1 << "[\r][\n]"
08-31-2022 22:18:31 Wire.java DEBUG [Forwarding sendKeysToElement on session a0c3f7ab46bf3ba2ec9251d8a28170f0 to remote] http.wire 86 - http-outgoing-1 << "{"sessionId":"a0c3f7ab46bf3ba2ec9251d8a28170f0","status":0,"value":null}"
08-31-2022 22:18:31 LoggingManagedHttpClientConnection.java DEBUG [Forwarding sendKeysToElement on session a0c3f7ab46bf3ba2ec9251d8a28170f0 to remote] http.headers 124 - http-outgoing-1 << HTTP/1.1 200 OK
08-31-2022 22:18:31 LoggingManagedHttpClientConnection.java DEBUG [Forwarding sendKeysToElement on session a0c3f7ab46bf3ba2ec9251d8a28170f0 to remote] http.headers 127 - http-outgoing-1 << Content-Length:72
08-31-2022 22:18:31 LoggingManagedHttpClientConnection.java DEBUG [Forwarding sendKeysToElement on session a0c3f7ab46bf3ba2ec9251d8a28170f0 to remote] http.headers 127 - http-outgoing-1 << Content-Type:application/json; charset=utf-8
08-31-2022 22:18:31 MainClientExec.java DEBUG [Forwarding sendKeysToElement on session a0c3f7ab46bf3ba2ec9251d8a28170f0 to remote] execchain.MainClientExec 284 - Connection can be kept alive indefinitely
08-31-2022 22:18:31 PoolingHttpClientConnectionManager.java DEBUG [Forwarding sendKeysToElement on session a0c3f7ab46bf3ba2ec9251d8a28170f0 to remote] conn.PoolingHttpClientConnectionManager 314 - Connection [id: 1][route: {}->http://localhost:10388] can be kept alive indefinitely
08-31-2022 22:18:31 PoolingHttpClientConnectionManager.java DEBUG [Forwarding sendKeysToElement on session a0c3f7ab46bf3ba2ec9251d8a28170f0 to remote] conn.PoolingHttpClientConnectionManager 320 - Connection released: [id: 1][route: {}->http://localhost:10388][total kept alive: 1; route allocated: 1 of 2000; total allocated: 1 of 2000]
08-31-2022 22:18:31 RequestAddCookies.java DEBUG [Forwarding findElement on session a0c3f7ab46bf3ba2ec9251d8a28170f0 to remote] protocol.RequestAddCookies 122 - CookieSpec selected: default
08-31-2022 22:18:31 RequestAuthCache.java DEBUG [Forwarding findElement on session a0c3f7ab46bf3ba2ec9251d8a28170f0 to remote] protocol.RequestAuthCache 76 - Auth cache not set in the context
08-31-2022 22:18:31 PoolingHttpClientConnectionManager.java DEBUG [Forwarding findElement on session a0c3f7ab46bf3ba2ec9251d8a28170f0 to remote] conn.PoolingHttpClientConnectionManager 249 - Connection request: [route: {}->http://localhost:10388][total kept alive: 1; route allocated: 1 of 2000; total allocated: 1 of 2000]
08-31-2022 22:18:31 PoolingHttpClientConnectionManager.java DEBUG [Forwarding findElement on session a0c3f7ab46bf3ba2ec9251d8a28170f0 to remote] conn.PoolingHttpClientConnectionManager 282 - Connection leased: [id: 1][route: {}->http://localhost:10388][total kept alive: 0; route allocated: 1 of 2000; total allocated: 1 of 2000]
08-31-2022 22:18:31 MainClientExec.java DEBUG [Forwarding findElement on session a0c3f7ab46bf3ba2ec9251d8a28170f0 to remote] execchain.MainClientExec 207 - Stale connection check
08-31-2022 22:18:31 Wire.java DEBUG [Forwarding findElement on session a0c3f7ab46bf3ba2ec9251d8a28170f0 to remote] http.wire 86 - http-outgoing-1 << "[read] I/O error: Read timed out"
08-31-2022 22:18:31 LoggingManagedHttpClientConnection.java DEBUG [Forwarding findElement on session a0c3f7ab46bf3ba2ec9251d8a28170f0 to remote] conn.DefaultManagedHttpClientConnection 90 - http-outgoing-1: set socket timeout to 10800000
08-31-2022 22:18:31 MainClientExec.java DEBUG [Forwarding findElement on session a0c3f7ab46bf3ba2ec9251d8a28170f0 to remote] execchain.MainClientExec 255 - Executing request POST /session/a0c3f7ab46bf3ba2ec9251d8a28170f0/element HTTP/1.1
08-31-2022 22:18:31 MainClientExec.java DEBUG [Forwarding findElement on session a0c3f7ab46bf3ba2ec9251d8a28170f0 to remote] execchain.MainClientExec 260 - Target auth state: UNCHALLENGED
08-31-2022 22:18:31 MainClientExec.java DEBUG [Forwarding findElement on session a0c3f7ab46bf3ba2ec9251d8a28170f0 to remote] execchain.MainClientExec 266 - Proxy auth state: UNCHALLENGED
08-31-2022 22:18:31 LoggingManagedHttpClientConnection.java DEBUG [Forwarding findElement on session a0c3f7ab46bf3ba2ec9251d8a28170f0 to remote] http.headers 135 - http-outgoing-1 >> POST /session/a0c3f7ab46bf3ba2ec9251d8a28170f0/element HTTP/1.1
08-31-2022 22:18:31 LoggingManagedHttpClientConnection.java DEBUG [Forwarding findElement on session a0c3f7ab46bf3ba2ec9251d8a28170f0 to remote] http.headers 138 - http-outgoing-1 >> Content-Type: application/json; charset=utf-8
08-31-2022 22:18:31 LoggingManagedHttpClientConnection.java DEBUG [Forwarding findElement on session a0c3f7ab46bf3ba2ec9251d8a28170f0 to remote] http.headers 138 - http-outgoing-1 >> Content-Length: 56
08-31-2022 22:18:31 LoggingManagedHttpClientConnection.java DEBUG [Forwarding findElement on session a0c3f7ab46bf3ba2ec9251d8a28170f0 to remote] http.headers 138 - http-outgoing-1 >> Host: localhost:10388
08-31-2022 22:18:31 LoggingManagedHttpClientConnection.java DEBUG [Forwarding findElement on session a0c3f7ab46bf3ba2ec9251d8a28170f0 to remote] http.headers 138 - http-outgoing-1 >> Connection: Keep-Alive
08-31-2022 22:18:31 LoggingManagedHttpClientConnection.java DEBUG [Forwarding findElement on session a0c3f7ab46bf3ba2ec9251d8a28170f0 to remote] http.headers 138 - http-outgoing-1 >> User-Agent: Apache-HttpClient/4.5.2 (Java/11.0.12)
08-31-2022 22:18:31 LoggingManagedHttpClientConnection.java DEBUG [Forwarding findElement on session a0c3f7ab46bf3ba2ec9251d8a28170f0 to remote] http.headers 138 - http-outgoing-1 >> Accept-Encoding: gzip,deflate
08-31-2022 22:18:31 Wire.java DEBUG [Forwarding findElement on session a0c3f7ab46bf3ba2ec9251d8a28170f0 to remote] http.wire 72 - http-outgoing-1 >> "POST /session/a0c3f7ab46bf3ba2ec9251d8a28170f0/element HTTP/1.1[\r][\n]"
08-31-2022 22:18:31 Wire.java DEBUG [Forwarding findElement on session a0c3f7ab46bf3ba2ec9251d8a28170f0 to remote] http.wire 72 - http-outgoing-1 >> "Content-Type: application/json; charset=utf-8[\r][\n]"
08-31-2022 22:18:31 Wire.java DEBUG [Forwarding findElement on session a0c3f7ab46bf3ba2ec9251d8a28170f0 to remote] http.wire 72 - http-outgoing-1 >> "Content-Length: 56[\r][\n]"
08-31-2022 22:18:31 Wire.java DEBUG [Forwarding findElement on session a0c3f7ab46bf3ba2ec9251d8a28170f0 to remote] http.wire 72 - http-outgoing-1 >> "Host: localhost:10388[\r][\n]"
08-31-2022 22:18:31 Wire.java DEBUG [Forwarding findElement on session a0c3f7ab46bf3ba2ec9251d8a28170f0 to remote] http.wire 72 - http-outgoing-1 >> "Connection: Keep-Alive[\r][\n]"
08-31-2022 22:18:31 Wire.java DEBUG [Forwarding findElement on session a0c3f7ab46bf3ba2ec9251d8a28170f0 to remote] http.wire 72 - http-outgoing-1 >> "User-Agent: Apache-HttpClient/4.5.2 (Java/11.0.12)[\r][\n]"
08-31-2022 22:18:31 Wire.java DEBUG [Forwarding findElement on session a0c3f7ab46bf3ba2ec9251d8a28170f0 to remote] http.wire 72 - http-outgoing-1 >> "Accept-Encoding: gzip,deflate[\r][\n]"
08-31-2022 22:18:31 Wire.java DEBUG [Forwarding findElement on session a0c3f7ab46bf3ba2ec9251d8a28170f0 to remote] http.wire 72 - http-outgoing-1 >> "[\r][\n]"
08-31-2022 22:18:31 Wire.java DEBUG [Forwarding findElement on session a0c3f7ab46bf3ba2ec9251d8a28170f0 to remote] http.wire 86 - http-outgoing-1 >> "{"using":"xpath","value":"//input[@name='telephoneno']"}"
08-31-2022 22:18:31 Wire.java DEBUG [Forwarding findElement on session a0c3f7ab46bf3ba2ec9251d8a28170f0 to remote] http.wire 72 - http-outgoing-1 << "HTTP/1.1 200 OK[\r][\n]"
08-31-2022 22:18:31 Wire.java DEBUG [Forwarding findElement on session a0c3f7ab46bf3ba2ec9251d8a28170f0 to remote] http.wire 72 - http-outgoing-1 << "Content-Length:101[\r][\n]"
08-31-2022 22:18:31 Wire.java DEBUG [Forwarding findElement on session a0c3f7ab46bf3ba2ec9251d8a28170f0 to remote] http.wire 72 - http-outgoing-1 << "Content-Type:application/json; charset=utf-8[\r][\n]"
08-31-2022 22:18:31 Wire.java DEBUG [Forwarding findElement on session a0c3f7ab46bf3ba2ec9251d8a28170f0 to remote] http.wire 72 - http-outgoing-1 << "[\r][\n]"
08-31-2022 22:18:31 Wire.java DEBUG [Forwarding findElement on session a0c3f7ab46bf3ba2ec9251d8a28170f0 to remote] http.wire 86 - http-outgoing-1 << "{"sessionId":"a0c3f7ab46bf3ba2ec9251d8a28170f0","status":0,"value":{"ELEMENT":"0.163792990899144-9"}}"
08-31-2022 22:18:31 LoggingManagedHttpClientConnection.java DEBUG [Forwarding findElement on session a0c3f7ab46bf3ba2ec9251d8a28170f0 to remote] http.headers 124 - http-outgoing-1 << HTTP/1.1 200 OK
08-31-2022 22:18:31 LoggingManagedHttpClientConnection.java DEBUG [Forwarding findElement on session a0c3f7ab46bf3ba2ec9251d8a28170f0 to remote] http.headers 127 - http-outgoing-1 << Content-Length:101
08-31-2022 22:18:31 LoggingManagedHttpClientConnection.java DEBUG [Forwarding findElement on session a0c3f7ab46bf3ba2ec9251d8a28170f0 to remote] http.headers 127 - http-outgoing-1 << Content-Type:application/json; charset=utf-8
08-31-2022 22:18:31 MainClientExec.java DEBUG [Forwarding findElement on session a0c3f7ab46bf3ba2ec9251d8a28170f0 to remote] execchain.MainClientExec 284 - Connection can be kept alive indefinitely
08-31-2022 22:18:31 PoolingHttpClientConnectionManager.java DEBUG [Forwarding findElement on session a0c3f7ab46bf3ba2ec9251d8a28170f0 to remote] conn.PoolingHttpClientConnectionManager 314 - Connection [id: 1][route: {}->http://localhost:10388] can be kept alive indefinitely
08-31-2022 22:18:31 PoolingHttpClientConnectionManager.java DEBUG [Forwarding findElement on session a0c3f7ab46bf3ba2ec9251d8a28170f0 to remote] conn.PoolingHttpClientConnectionManager 320 - Connection released: [id: 1][route: {}->http://localhost:10388][total kept alive: 1; route allocated: 1 of 2000; total allocated: 1 of 2000]
08-31-2022 22:18:31 RequestAddCookies.java DEBUG [Forwarding sendKeysToElement on session a0c3f7ab46bf3ba2ec9251d8a28170f0 to remote] protocol.RequestAddCookies 122 - CookieSpec selected: default
08-31-2022 22:18:31 RequestAuthCache.java DEBUG [Forwarding sendKeysToElement on session a0c3f7ab46bf3ba2ec9251d8a28170f0 to remote] protocol.RequestAuthCache 76 - Auth cache not set in the context
08-31-2022 22:18:31 PoolingHttpClientConnectionManager.java DEBUG [Forwarding sendKeysToElement on session a0c3f7ab46bf3ba2ec9251d8a28170f0 to remote] conn.PoolingHttpClientConnectionManager 249 - Connection request: [route: {}->http://localhost:10388][total kept alive: 1; route allocated: 1 of 2000; total allocated: 1 of 2000]
08-31-2022 22:18:31 PoolingHttpClientConnectionManager.java DEBUG [Forwarding sendKeysToElement on session a0c3f7ab46bf3ba2ec9251d8a28170f0 to remote] conn.PoolingHttpClientConnectionManager 282 - Connection leased: [id: 1][route: {}->http://localhost:10388][total kept alive: 0; route allocated: 1 of 2000; total allocated: 1 of 2000]
08-31-2022 22:18:31 MainClientExec.java DEBUG [Forwarding sendKeysToElement on session a0c3f7ab46bf3ba2ec9251d8a28170f0 to remote] execchain.MainClientExec 207 - Stale connection check
08-31-2022 22:18:31 Wire.java DEBUG [Forwarding sendKeysToElement on session a0c3f7ab46bf3ba2ec9251d8a28170f0 to remote] http.wire 86 - http-outgoing-1 << "[read] I/O error: Read timed out"
08-31-2022 22:18:31 LoggingManagedHttpClientConnection.java DEBUG [Forwarding sendKeysToElement on session a0c3f7ab46bf3ba2ec9251d8a28170f0 to remote] conn.DefaultManagedHttpClientConnection 90 - http-outgoing-1: set socket timeout to 10800000
08-31-2022 22:18:31 MainClientExec.java DEBUG [Forwarding sendKeysToElement on session a0c3f7ab46bf3ba2ec9251d8a28170f0 to remote] execchain.MainClientExec 255 - Executing request POST /session/a0c3f7ab46bf3ba2ec9251d8a28170f0/element/0.163792990899144-9/value HTTP/1.1
08-31-2022 22:18:31 MainClientExec.java DEBUG [Forwarding sendKeysToElement on session a0c3f7ab46bf3ba2ec9251d8a28170f0 to remote] execchain.MainClientExec 260 - Target auth state: UNCHALLENGED
08-31-2022 22:18:31 MainClientExec.java DEBUG [Forwarding sendKeysToElement on session a0c3f7ab46bf3ba2ec9251d8a28170f0 to remote] execchain.MainClientExec 266 - Proxy auth state: UNCHALLENGED
08-31-2022 22:18:31 LoggingManagedHttpClientConnection.java DEBUG [Forwarding sendKeysToElement on session a0c3f7ab46bf3ba2ec9251d8a28170f0 to remote] http.headers 135 - http-outgoing-1 >> POST /session/a0c3f7ab46bf3ba2ec9251d8a28170f0/element/0.163792990899144-9/value HTTP/1.1
08-31-2022 22:18:31 LoggingManagedHttpClientConnection.java DEBUG [Forwarding sendKeysToElement on session a0c3f7ab46bf3ba2ec9251d8a28170f0 to remote] http.headers 138 - http-outgoing-1 >> Content-Type: application/json; charset=utf-8
08-31-2022 22:18:31 LoggingManagedHttpClientConnection.java DEBUG [Forwarding sendKeysToElement on session a0c3f7ab46bf3ba2ec9251d8a28170f0 to remote] http.headers 138 - http-outgoing-1 >> Content-Length: 51
08-31-2022 22:18:31 LoggingManagedHttpClientConnection.java DEBUG [Forwarding sendKeysToElement on session a0c3f7ab46bf3ba2ec9251d8a28170f0 to remote] http.headers 138 - http-outgoing-1 >> Host: localhost:10388
08-31-2022 22:18:31 LoggingManagedHttpClientConnection.java DEBUG [Forwarding sendKeysToElement on session a0c3f7ab46bf3ba2ec9251d8a28170f0 to remote] http.headers 138 - http-outgoing-1 >> Connection: Keep-Alive
08-31-2022 22:18:31 LoggingManagedHttpClientConnection.java DEBUG [Forwarding sendKeysToElement on session a0c3f7ab46bf3ba2ec9251d8a28170f0 to remote] http.headers 138 - http-outgoing-1 >> User-Agent: Apache-HttpClient/4.5.2 (Java/11.0.12)
08-31-2022 22:18:31 LoggingManagedHttpClientConnection.java DEBUG [Forwarding sendKeysToElement on session a0c3f7ab46bf3ba2ec9251d8a28170f0 to remote] http.headers 138 - http-outgoing-1 >> Accept-Encoding: gzip,deflate
08-31-2022 22:18:31 Wire.java DEBUG [Forwarding sendKeysToElement on session a0c3f7ab46bf3ba2ec9251d8a28170f0 to remote] http.wire 72 - http-outgoing-1 >> "POST /session/a0c3f7ab46bf3ba2ec9251d8a28170f0/element/0.163792990899144-9/value HTTP/1.1[\r][\n]"
08-31-2022 22:18:31 Wire.java DEBUG [Forwarding sendKeysToElement on session a0c3f7ab46bf3ba2ec9251d8a28170f0 to remote] http.wire 72 - http-outgoing-1 >> "Content-Type: application/json; charset=utf-8[\r][\n]"
08-31-2022 22:18:31 Wire.java DEBUG [Forwarding sendKeysToElement on session a0c3f7ab46bf3ba2ec9251d8a28170f0 to remote] http.wire 72 - http-outgoing-1 >> "Content-Length: 51[\r][\n]"
08-31-2022 22:18:31 Wire.java DEBUG [Forwarding sendKeysToElement on session a0c3f7ab46bf3ba2ec9251d8a28170f0 to remote] http.wire 72 - http-outgoing-1 >> "Host: localhost:10388[\r][\n]"
08-31-2022 22:18:31 Wire.java DEBUG [Forwarding sendKeysToElement on session a0c3f7ab46bf3ba2ec9251d8a28170f0 to remote] http.wire 72 - http-outgoing-1 >> "Connection: Keep-Alive[\r][\n]"
08-31-2022 22:18:31 Wire.java DEBUG [Forwarding sendKeysToElement on session a0c3f7ab46bf3ba2ec9251d8a28170f0 to remote] http.wire 72 - http-outgoing-1 >> "User-Agent: Apache-HttpClient/4.5.2 (Java/11.0.12)[\r][\n]"
08-31-2022 22:18:31 Wire.java DEBUG [Forwarding sendKeysToElement on session a0c3f7ab46bf3ba2ec9251d8a28170f0 to remote] http.wire 72 - http-outgoing-1 >> "Accept-Encoding: gzip,deflate[\r][\n]"
08-31-2022 22:18:31 Wire.java DEBUG [Forwarding sendKeysToElement on session a0c3f7ab46bf3ba2ec9251d8a28170f0 to remote] http.wire 72 - http-outgoing-1 >> "[\r][\n]"
08-31-2022 22:18:31 Wire.java DEBUG [Forwarding sendKeysToElement on session a0c3f7ab46bf3ba2ec9251d8a28170f0 to remote] http.wire 86 - http-outgoing-1 >> "{"id":"0.163792990899144-9","value":["1234567894"]}"
08-31-2022 22:18:31 Wire.java DEBUG [Forwarding sendKeysToElement on session a0c3f7ab46bf3ba2ec9251d8a28170f0 to remote] http.wire 72 - http-outgoing-1 << "HTTP/1.1 200 OK[\r][\n]"
08-31-2022 22:18:31 Wire.java DEBUG [Forwarding sendKeysToElement on session a0c3f7ab46bf3ba2ec9251d8a28170f0 to remote] http.wire 72 - http-outgoing-1 << "Content-Length:72[\r][\n]"
08-31-2022 22:18:31 Wire.java DEBUG [Forwarding sendKeysToElement on session a0c3f7ab46bf3ba2ec9251d8a28170f0 to remote] http.wire 72 - http-outgoing-1 << "Content-Type:application/json; charset=utf-8[\r][\n]"
08-31-2022 22:18:31 Wire.java DEBUG [Forwarding sendKeysToElement on session a0c3f7ab46bf3ba2ec9251d8a28170f0 to remote] http.wire 72 - http-outgoing-1 << "[\r][\n]"
08-31-2022 22:18:31 Wire.java DEBUG [Forwarding sendKeysToElement on session a0c3f7ab46bf3ba2ec9251d8a28170f0 to remote] http.wire 86 - http-outgoing-1 << "{"sessionId":"a0c3f7ab46bf3ba2ec9251d8a28170f0","status":0,"value":null}"
08-31-2022 22:18:31 LoggingManagedHttpClientConnection.java DEBUG [Forwarding sendKeysToElement on session a0c3f7ab46bf3ba2ec9251d8a28170f0 to remote] http.headers 124 - http-outgoing-1 << HTTP/1.1 200 OK
08-31-2022 22:18:31 LoggingManagedHttpClientConnection.java DEBUG [Forwarding sendKeysToElement on session a0c3f7ab46bf3ba2ec9251d8a28170f0 to remote] http.headers 127 - http-outgoing-1 << Content-Length:72
08-31-2022 22:18:31 LoggingManagedHttpClientConnection.java DEBUG [Forwarding sendKeysToElement on session a0c3f7ab46bf3ba2ec9251d8a28170f0 to remote] http.headers 127 - http-outgoing-1 << Content-Type:application/json; charset=utf-8
08-31-2022 22:18:31 MainClientExec.java DEBUG [Forwarding sendKeysToElement on session a0c3f7ab46bf3ba2ec9251d8a28170f0 to remote] execchain.MainClientExec 284 - Connection can be kept alive indefinitely
08-31-2022 22:18:31 PoolingHttpClientConnectionManager.java DEBUG [Forwarding sendKeysToElement on session a0c3f7ab46bf3ba2ec9251d8a28170f0 to remote] conn.PoolingHttpClientConnectionManager 314 - Connection [id: 1][route: {}->http://localhost:10388] can be kept alive indefinitely
08-31-2022 22:18:31 PoolingHttpClientConnectionManager.java DEBUG [Forwarding sendKeysToElement on session a0c3f7ab46bf3ba2ec9251d8a28170f0 to remote] conn.PoolingHttpClientConnectionManager 320 - Connection released: [id: 1][route: {}->http://localhost:10388][total kept alive: 1; route allocated: 1 of 2000; total allocated: 1 of 2000]
08-31-2022 22:18:31 RequestAddCookies.java DEBUG [Forwarding findElement on session a0c3f7ab46bf3ba2ec9251d8a28170f0 to remote] protocol.RequestAddCookies 122 - CookieSpec selected: default
08-31-2022 22:18:31 RequestAuthCache.java DEBUG [Forwarding findElement on session a0c3f7ab46bf3ba2ec9251d8a28170f0 to remote] protocol.RequestAuthCache 76 - Auth cache not set in the context
08-31-2022 22:18:31 PoolingHttpClientConnectionManager.java DEBUG [Forwarding findElement on session a0c3f7ab46bf3ba2ec9251d8a28170f0 to remote] conn.PoolingHttpClientConnectionManager 249 - Connection request: [route: {}->http://localhost:10388][total kept alive: 1; route allocated: 1 of 2000; total allocated: 1 of 2000]
08-31-2022 22:18:31 PoolingHttpClientConnectionManager.java DEBUG [Forwarding findElement on session a0c3f7ab46bf3ba2ec9251d8a28170f0 to remote] conn.PoolingHttpClientConnectionManager 282 - Connection leased: [id: 1][route: {}->http://localhost:10388][total kept alive: 0; route allocated: 1 of 2000; total allocated: 1 of 2000]
08-31-2022 22:18:31 MainClientExec.java DEBUG [Forwarding findElement on session a0c3f7ab46bf3ba2ec9251d8a28170f0 to remote] execchain.MainClientExec 207 - Stale connection check
08-31-2022 22:18:31 Wire.java DEBUG [Forwarding findElement on session a0c3f7ab46bf3ba2ec9251d8a28170f0 to remote] http.wire 86 - http-outgoing-1 << "[read] I/O error: Read timed out"
08-31-2022 22:18:31 LoggingManagedHttpClientConnection.java DEBUG [Forwarding findElement on session a0c3f7ab46bf3ba2ec9251d8a28170f0 to remote] conn.DefaultManagedHttpClientConnection 90 - http-outgoing-1: set socket timeout to 10800000
08-31-2022 22:18:31 MainClientExec.java DEBUG [Forwarding findElement on session a0c3f7ab46bf3ba2ec9251d8a28170f0 to remote] execchain.MainClientExec 255 - Executing request POST /session/a0c3f7ab46bf3ba2ec9251d8a28170f0/element HTTP/1.1
08-31-2022 22:18:31 MainClientExec.java DEBUG [Forwarding findElement on session a0c3f7ab46bf3ba2ec9251d8a28170f0 to remote] execchain.MainClientExec 260 - Target auth state: UNCHALLENGED
08-31-2022 22:18:31 MainClientExec.java DEBUG [Forwarding findElement on session a0c3f7ab46bf3ba2ec9251d8a28170f0 to remote] execchain.MainClientExec 266 - Proxy auth state: UNCHALLENGED
08-31-2022 22:18:31 LoggingManagedHttpClientConnection.java DEBUG [Forwarding findElement on session a0c3f7ab46bf3ba2ec9251d8a28170f0 to remote] http.headers 135 - http-outgoing-1 >> POST /session/a0c3f7ab46bf3ba2ec9251d8a28170f0/element HTTP/1.1
08-31-2022 22:18:31 LoggingManagedHttpClientConnection.java DEBUG [Forwarding findElement on session a0c3f7ab46bf3ba2ec9251d8a28170f0 to remote] http.headers 138 - http-outgoing-1 >> Content-Type: application/json; charset=utf-8
08-31-2022 22:18:31 LoggingManagedHttpClientConnection.java DEBUG [Forwarding findElement on session a0c3f7ab46bf3ba2ec9251d8a28170f0 to remote] http.headers 138 - http-outgoing-1 >> Content-Length: 52
08-31-2022 22:18:31 LoggingManagedHttpClientConnection.java DEBUG [Forwarding findElement on session a0c3f7ab46bf3ba2ec9251d8a28170f0 to remote] http.headers 138 - http-outgoing-1 >> Host: localhost:10388
08-31-2022 22:18:31 LoggingManagedHttpClientConnection.java DEBUG [Forwarding findElement on session a0c3f7ab46bf3ba2ec9251d8a28170f0 to remote] http.headers 138 - http-outgoing-1 >> Connection: Keep-Alive
08-31-2022 22:18:31 LoggingManagedHttpClientConnection.java DEBUG [Forwarding findElement on session a0c3f7ab46bf3ba2ec9251d8a28170f0 to remote] http.headers 138 - http-outgoing-1 >> User-Agent: Apache-HttpClient/4.5.2 (Java/11.0.12)
08-31-2022 22:18:31 LoggingManagedHttpClientConnection.java DEBUG [Forwarding findElement on session a0c3f7ab46bf3ba2ec9251d8a28170f0 to remote] http.headers 138 - http-outgoing-1 >> Accept-Encoding: gzip,deflate
08-31-2022 22:18:31 Wire.java DEBUG [Forwarding findElement on session a0c3f7ab46bf3ba2ec9251d8a28170f0 to remote] http.wire 72 - http-outgoing-1 >> "POST /session/a0c3f7ab46bf3ba2ec9251d8a28170f0/element HTTP/1.1[\r][\n]"
08-31-2022 22:18:31 Wire.java DEBUG [Forwarding findElement on session a0c3f7ab46bf3ba2ec9251d8a28170f0 to remote] http.wire 72 - http-outgoing-1 >> "Content-Type: application/json; charset=utf-8[\r][\n]"
08-31-2022 22:18:31 Wire.java DEBUG [Forwarding findElement on session a0c3f7ab46bf3ba2ec9251d8a28170f0 to remote] http.wire 72 - http-outgoing-1 >> "Content-Length: 52[\r][\n]"
08-31-2022 22:18:31 Wire.java DEBUG [Forwarding findElement on session a0c3f7ab46bf3ba2ec9251d8a28170f0 to remote] http.wire 72 - http-outgoing-1 >> "Host: localhost:10388[\r][\n]"
08-31-2022 22:18:31 Wire.java DEBUG [Forwarding findElement on session a0c3f7ab46bf3ba2ec9251d8a28170f0 to remote] http.wire 72 - http-outgoing-1 >> "Connection: Keep-Alive[\r][\n]"
08-31-2022 22:18:31 Wire.java DEBUG [Forwarding findElement on session a0c3f7ab46bf3ba2ec9251d8a28170f0 to remote] http.wire 72 - http-outgoing-1 >> "User-Agent: Apache-HttpClient/4.5.2 (Java/11.0.12)[\r][\n]"
08-31-2022 22:18:31 Wire.java DEBUG [Forwarding findElement on session a0c3f7ab46bf3ba2ec9251d8a28170f0 to remote] http.wire 72 - http-outgoing-1 >> "Accept-Encoding: gzip,deflate[\r][\n]"
08-31-2022 22:18:31 Wire.java DEBUG [Forwarding findElement on session a0c3f7ab46bf3ba2ec9251d8a28170f0 to remote] http.wire 72 - http-outgoing-1 >> "[\r][\n]"
08-31-2022 22:18:31 Wire.java DEBUG [Forwarding findElement on session a0c3f7ab46bf3ba2ec9251d8a28170f0 to remote] http.wire 86 - http-outgoing-1 >> "{"using":"xpath","value":"//input[@name='emailid']"}"
08-31-2022 22:18:31 Wire.java DEBUG [Forwarding findElement on session a0c3f7ab46bf3ba2ec9251d8a28170f0 to remote] http.wire 72 - http-outgoing-1 << "HTTP/1.1 200 OK[\r][\n]"
08-31-2022 22:18:31 Wire.java DEBUG [Forwarding findElement on session a0c3f7ab46bf3ba2ec9251d8a28170f0 to remote] http.wire 72 - http-outgoing-1 << "Content-Length:102[\r][\n]"
08-31-2022 22:18:31 Wire.java DEBUG [Forwarding findElement on session a0c3f7ab46bf3ba2ec9251d8a28170f0 to remote] http.wire 72 - http-outgoing-1 << "Content-Type:application/json; charset=utf-8[\r][\n]"
08-31-2022 22:18:31 Wire.java DEBUG [Forwarding findElement on session a0c3f7ab46bf3ba2ec9251d8a28170f0 to remote] http.wire 72 - http-outgoing-1 << "[\r][\n]"
08-31-2022 22:18:31 Wire.java DEBUG [Forwarding findElement on session a0c3f7ab46bf3ba2ec9251d8a28170f0 to remote] http.wire 86 - http-outgoing-1 << "{"sessionId":"a0c3f7ab46bf3ba2ec9251d8a28170f0","status":0,"value":{"ELEMENT":"0.163792990899144-10"}}"
08-31-2022 22:18:31 LoggingManagedHttpClientConnection.java DEBUG [Forwarding findElement on session a0c3f7ab46bf3ba2ec9251d8a28170f0 to remote] http.headers 124 - http-outgoing-1 << HTTP/1.1 200 OK
08-31-2022 22:18:31 LoggingManagedHttpClientConnection.java DEBUG [Forwarding findElement on session a0c3f7ab46bf3ba2ec9251d8a28170f0 to remote] http.headers 127 - http-outgoing-1 << Content-Length:102
08-31-2022 22:18:31 LoggingManagedHttpClientConnection.java DEBUG [Forwarding findElement on session a0c3f7ab46bf3ba2ec9251d8a28170f0 to remote] http.headers 127 - http-outgoing-1 << Content-Type:application/json; charset=utf-8
08-31-2022 22:18:31 MainClientExec.java DEBUG [Forwarding findElement on session a0c3f7ab46bf3ba2ec9251d8a28170f0 to remote] execchain.MainClientExec 284 - Connection can be kept alive indefinitely
08-31-2022 22:18:31 PoolingHttpClientConnectionManager.java DEBUG [Forwarding findElement on session a0c3f7ab46bf3ba2ec9251d8a28170f0 to remote] conn.PoolingHttpClientConnectionManager 314 - Connection [id: 1][route: {}->http://localhost:10388] can be kept alive indefinitely
08-31-2022 22:18:31 PoolingHttpClientConnectionManager.java DEBUG [Forwarding findElement on session a0c3f7ab46bf3ba2ec9251d8a28170f0 to remote] conn.PoolingHttpClientConnectionManager 320 - Connection released: [id: 1][route: {}->http://localhost:10388][total kept alive: 1; route allocated: 1 of 2000; total allocated: 1 of 2000]
08-31-2022 22:18:31 RequestAddCookies.java DEBUG [Forwarding sendKeysToElement on session a0c3f7ab46bf3ba2ec9251d8a28170f0 to remote] protocol.RequestAddCookies 122 - CookieSpec selected: default
08-31-2022 22:18:31 RequestAuthCache.java DEBUG [Forwarding sendKeysToElement on session a0c3f7ab46bf3ba2ec9251d8a28170f0 to remote] protocol.RequestAuthCache 76 - Auth cache not set in the context
08-31-2022 22:18:31 PoolingHttpClientConnectionManager.java DEBUG [Forwarding sendKeysToElement on session a0c3f7ab46bf3ba2ec9251d8a28170f0 to remote] conn.PoolingHttpClientConnectionManager 249 - Connection request: [route: {}->http://localhost:10388][total kept alive: 1; route allocated: 1 of 2000; total allocated: 1 of 2000]
08-31-2022 22:18:31 PoolingHttpClientConnectionManager.java DEBUG [Forwarding sendKeysToElement on session a0c3f7ab46bf3ba2ec9251d8a28170f0 to remote] conn.PoolingHttpClientConnectionManager 282 - Connection leased: [id: 1][route: {}->http://localhost:10388][total kept alive: 0; route allocated: 1 of 2000; total allocated: 1 of 2000]
08-31-2022 22:18:31 MainClientExec.java DEBUG [Forwarding sendKeysToElement on session a0c3f7ab46bf3ba2ec9251d8a28170f0 to remote] execchain.MainClientExec 207 - Stale connection check
08-31-2022 22:18:31 Wire.java DEBUG [Forwarding sendKeysToElement on session a0c3f7ab46bf3ba2ec9251d8a28170f0 to remote] http.wire 86 - http-outgoing-1 << "[read] I/O error: Read timed out"
08-31-2022 22:18:31 LoggingManagedHttpClientConnection.java DEBUG [Forwarding sendKeysToElement on session a0c3f7ab46bf3ba2ec9251d8a28170f0 to remote] conn.DefaultManagedHttpClientConnection 90 - http-outgoing-1: set socket timeout to 10800000
08-31-2022 22:18:31 MainClientExec.java DEBUG [Forwarding sendKeysToElement on session a0c3f7ab46bf3ba2ec9251d8a28170f0 to remote] execchain.MainClientExec 255 - Executing request POST /session/a0c3f7ab46bf3ba2ec9251d8a28170f0/element/0.163792990899144-10/value HTTP/1.1
08-31-2022 22:18:31 MainClientExec.java DEBUG [Forwarding sendKeysToElement on session a0c3f7ab46bf3ba2ec9251d8a28170f0 to remote] execchain.MainClientExec 260 - Target auth state: UNCHALLENGED
08-31-2022 22:18:31 MainClientExec.java DEBUG [Forwarding sendKeysToElement on session a0c3f7ab46bf3ba2ec9251d8a28170f0 to remote] execchain.MainClientExec 266 - Proxy auth state: UNCHALLENGED
08-31-2022 22:18:31 LoggingManagedHttpClientConnection.java DEBUG [Forwarding sendKeysToElement on session a0c3f7ab46bf3ba2ec9251d8a28170f0 to remote] http.headers 135 - http-outgoing-1 >> POST /session/a0c3f7ab46bf3ba2ec9251d8a28170f0/element/0.163792990899144-10/value HTTP/1.1
08-31-2022 22:18:31 LoggingManagedHttpClientConnection.java DEBUG [Forwarding sendKeysToElement on session a0c3f7ab46bf3ba2ec9251d8a28170f0 to remote] http.headers 138 - http-outgoing-1 >> Content-Type: application/json; charset=utf-8
08-31-2022 22:18:31 LoggingManagedHttpClientConnection.java DEBUG [Forwarding sendKeysToElement on session a0c3f7ab46bf3ba2ec9251d8a28170f0 to remote] http.headers 138 - http-outgoing-1 >> Content-Length: 57
08-31-2022 22:18:31 LoggingManagedHttpClientConnection.java DEBUG [Forwarding sendKeysToElement on session a0c3f7ab46bf3ba2ec9251d8a28170f0 to remote] http.headers 138 - http-outgoing-1 >> Host: localhost:10388
08-31-2022 22:18:31 LoggingManagedHttpClientConnection.java DEBUG [Forwarding sendKeysToElement on session a0c3f7ab46bf3ba2ec9251d8a28170f0 to remote] http.headers 138 - http-outgoing-1 >> Connection: Keep-Alive
08-31-2022 22:18:31 LoggingManagedHttpClientConnection.java DEBUG [Forwarding sendKeysToElement on session a0c3f7ab46bf3ba2ec9251d8a28170f0 to remote] http.headers 138 - http-outgoing-1 >> User-Agent: Apache-HttpClient/4.5.2 (Java/11.0.12)
08-31-2022 22:18:31 LoggingManagedHttpClientConnection.java DEBUG [Forwarding sendKeysToElement on session a0c3f7ab46bf3ba2ec9251d8a28170f0 to remote] http.headers 138 - http-outgoing-1 >> Accept-Encoding: gzip,deflate
08-31-2022 22:18:31 Wire.java DEBUG [Forwarding sendKeysToElement on session a0c3f7ab46bf3ba2ec9251d8a28170f0 to remote] http.wire 72 - http-outgoing-1 >> "POST /session/a0c3f7ab46bf3ba2ec9251d8a28170f0/element/0.163792990899144-10/value HTTP/1.1[\r][\n]"
08-31-2022 22:18:31 Wire.java DEBUG [Forwarding sendKeysToElement on session a0c3f7ab46bf3ba2ec9251d8a28170f0 to remote] http.wire 72 - http-outgoing-1 >> "Content-Type: application/json; charset=utf-8[\r][\n]"
08-31-2022 22:18:31 Wire.java DEBUG [Forwarding sendKeysToElement on session a0c3f7ab46bf3ba2ec9251d8a28170f0 to remote] http.wire 72 - http-outgoing-1 >> "Content-Length: 57[\r][\n]"
08-31-2022 22:18:31 Wire.java DEBUG [Forwarding sendKeysToElement on session a0c3f7ab46bf3ba2ec9251d8a28170f0 to remote] http.wire 72 - http-outgoing-1 >> "Host: localhost:10388[\r][\n]"
08-31-2022 22:18:31 Wire.java DEBUG [Forwarding sendKeysToElement on session a0c3f7ab46bf3ba2ec9251d8a28170f0 to remote] http.wire 72 - http-outgoing-1 >> "Connection: Keep-Alive[\r][\n]"
08-31-2022 22:18:31 Wire.java DEBUG [Forwarding sendKeysToElement on session a0c3f7ab46bf3ba2ec9251d8a28170f0 to remote] http.wire 72 - http-outgoing-1 >> "User-Agent: Apache-HttpClient/4.5.2 (Java/11.0.12)[\r][\n]"
08-31-2022 22:18:31 Wire.java DEBUG [Forwarding sendKeysToElement on session a0c3f7ab46bf3ba2ec9251d8a28170f0 to remote] http.wire 72 - http-outgoing-1 >> "Accept-Encoding: gzip,deflate[\r][\n]"
08-31-2022 22:18:31 Wire.java DEBUG [Forwarding sendKeysToElement on session a0c3f7ab46bf3ba2ec9251d8a28170f0 to remote] http.wire 72 - http-outgoing-1 >> "[\r][\n]"
08-31-2022 22:18:31 Wire.java DEBUG [Forwarding sendKeysToElement on session a0c3f7ab46bf3ba2ec9251d8a28170f0 to remote] http.wire 86 - http-outgoing-1 >> "{"id":"0.163792990899144-10","value":["hoKDL@gmail.com"]}"
08-31-2022 22:18:31 Wire.java DEBUG [Forwarding sendKeysToElement on session a0c3f7ab46bf3ba2ec9251d8a28170f0 to remote] http.wire 72 - http-outgoing-1 << "HTTP/1.1 200 OK[\r][\n]"
08-31-2022 22:18:31 Wire.java DEBUG [Forwarding sendKeysToElement on session a0c3f7ab46bf3ba2ec9251d8a28170f0 to remote] http.wire 72 - http-outgoing-1 << "Content-Length:72[\r][\n]"
08-31-2022 22:18:31 Wire.java DEBUG [Forwarding sendKeysToElement on session a0c3f7ab46bf3ba2ec9251d8a28170f0 to remote] http.wire 72 - http-outgoing-1 << "Content-Type:application/json; charset=utf-8[\r][\n]"
08-31-2022 22:18:31 Wire.java DEBUG [Forwarding sendKeysToElement on session a0c3f7ab46bf3ba2ec9251d8a28170f0 to remote] http.wire 72 - http-outgoing-1 << "[\r][\n]"
08-31-2022 22:18:31 Wire.java DEBUG [Forwarding sendKeysToElement on session a0c3f7ab46bf3ba2ec9251d8a28170f0 to remote] http.wire 86 - http-outgoing-1 << "{"sessionId":"a0c3f7ab46bf3ba2ec9251d8a28170f0","status":0,"value":null}"
08-31-2022 22:18:31 LoggingManagedHttpClientConnection.java DEBUG [Forwarding sendKeysToElement on session a0c3f7ab46bf3ba2ec9251d8a28170f0 to remote] http.headers 124 - http-outgoing-1 << HTTP/1.1 200 OK
08-31-2022 22:18:31 LoggingManagedHttpClientConnection.java DEBUG [Forwarding sendKeysToElement on session a0c3f7ab46bf3ba2ec9251d8a28170f0 to remote] http.headers 127 - http-outgoing-1 << Content-Length:72
08-31-2022 22:18:31 LoggingManagedHttpClientConnection.java DEBUG [Forwarding sendKeysToElement on session a0c3f7ab46bf3ba2ec9251d8a28170f0 to remote] http.headers 127 - http-outgoing-1 << Content-Type:application/json; charset=utf-8
08-31-2022 22:18:31 MainClientExec.java DEBUG [Forwarding sendKeysToElement on session a0c3f7ab46bf3ba2ec9251d8a28170f0 to remote] execchain.MainClientExec 284 - Connection can be kept alive indefinitely
08-31-2022 22:18:31 PoolingHttpClientConnectionManager.java DEBUG [Forwarding sendKeysToElement on session a0c3f7ab46bf3ba2ec9251d8a28170f0 to remote] conn.PoolingHttpClientConnectionManager 314 - Connection [id: 1][route: {}->http://localhost:10388] can be kept alive indefinitely
08-31-2022 22:18:31 PoolingHttpClientConnectionManager.java DEBUG [Forwarding sendKeysToElement on session a0c3f7ab46bf3ba2ec9251d8a28170f0 to remote] conn.PoolingHttpClientConnectionManager 320 - Connection released: [id: 1][route: {}->http://localhost:10388][total kept alive: 1; route allocated: 1 of 2000; total allocated: 1 of 2000]
08-31-2022 22:18:31 RequestAddCookies.java DEBUG [Forwarding findElement on session a0c3f7ab46bf3ba2ec9251d8a28170f0 to remote] protocol.RequestAddCookies 122 - CookieSpec selected: default
08-31-2022 22:18:31 RequestAuthCache.java DEBUG [Forwarding findElement on session a0c3f7ab46bf3ba2ec9251d8a28170f0 to remote] protocol.RequestAuthCache 76 - Auth cache not set in the context
08-31-2022 22:18:31 PoolingHttpClientConnectionManager.java DEBUG [Forwarding findElement on session a0c3f7ab46bf3ba2ec9251d8a28170f0 to remote] conn.PoolingHttpClientConnectionManager 249 - Connection request: [route: {}->http://localhost:10388][total kept alive: 1; route allocated: 1 of 2000; total allocated: 1 of 2000]
08-31-2022 22:18:31 PoolingHttpClientConnectionManager.java DEBUG [Forwarding findElement on session a0c3f7ab46bf3ba2ec9251d8a28170f0 to remote] conn.PoolingHttpClientConnectionManager 282 - Connection leased: [id: 1][route: {}->http://localhost:10388][total kept alive: 0; route allocated: 1 of 2000; total allocated: 1 of 2000]
08-31-2022 22:18:31 MainClientExec.java DEBUG [Forwarding findElement on session a0c3f7ab46bf3ba2ec9251d8a28170f0 to remote] execchain.MainClientExec 207 - Stale connection check
08-31-2022 22:18:31 Wire.java DEBUG [Forwarding findElement on session a0c3f7ab46bf3ba2ec9251d8a28170f0 to remote] http.wire 86 - http-outgoing-1 << "[read] I/O error: Read timed out"
08-31-2022 22:18:31 LoggingManagedHttpClientConnection.java DEBUG [Forwarding findElement on session a0c3f7ab46bf3ba2ec9251d8a28170f0 to remote] conn.DefaultManagedHttpClientConnection 90 - http-outgoing-1: set socket timeout to 10800000
08-31-2022 22:18:31 MainClientExec.java DEBUG [Forwarding findElement on session a0c3f7ab46bf3ba2ec9251d8a28170f0 to remote] execchain.MainClientExec 255 - Executing request POST /session/a0c3f7ab46bf3ba2ec9251d8a28170f0/element HTTP/1.1
08-31-2022 22:18:31 MainClientExec.java DEBUG [Forwarding findElement on session a0c3f7ab46bf3ba2ec9251d8a28170f0 to remote] execchain.MainClientExec 260 - Target auth state: UNCHALLENGED
08-31-2022 22:18:31 MainClientExec.java DEBUG [Forwarding findElement on session a0c3f7ab46bf3ba2ec9251d8a28170f0 to remote] execchain.MainClientExec 266 - Proxy auth state: UNCHALLENGED
08-31-2022 22:18:31 LoggingManagedHttpClientConnection.java DEBUG [Forwarding findElement on session a0c3f7ab46bf3ba2ec9251d8a28170f0 to remote] http.headers 135 - http-outgoing-1 >> POST /session/a0c3f7ab46bf3ba2ec9251d8a28170f0/element HTTP/1.1
08-31-2022 22:18:31 LoggingManagedHttpClientConnection.java DEBUG [Forwarding findElement on session a0c3f7ab46bf3ba2ec9251d8a28170f0 to remote] http.headers 138 - http-outgoing-1 >> Content-Type: application/json; charset=utf-8
08-31-2022 22:18:31 LoggingManagedHttpClientConnection.java DEBUG [Forwarding findElement on session a0c3f7ab46bf3ba2ec9251d8a28170f0 to remote] http.headers 138 - http-outgoing-1 >> Content-Length: 53
08-31-2022 22:18:31 LoggingManagedHttpClientConnection.java DEBUG [Forwarding findElement on session a0c3f7ab46bf3ba2ec9251d8a28170f0 to remote] http.headers 138 - http-outgoing-1 >> Host: localhost:10388
08-31-2022 22:18:31 LoggingManagedHttpClientConnection.java DEBUG [Forwarding findElement on session a0c3f7ab46bf3ba2ec9251d8a28170f0 to remote] http.headers 138 - http-outgoing-1 >> Connection: Keep-Alive
08-31-2022 22:18:31 LoggingManagedHttpClientConnection.java DEBUG [Forwarding findElement on session a0c3f7ab46bf3ba2ec9251d8a28170f0 to remote] http.headers 138 - http-outgoing-1 >> User-Agent: Apache-HttpClient/4.5.2 (Java/11.0.12)
08-31-2022 22:18:31 LoggingManagedHttpClientConnection.java DEBUG [Forwarding findElement on session a0c3f7ab46bf3ba2ec9251d8a28170f0 to remote] http.headers 138 - http-outgoing-1 >> Accept-Encoding: gzip,deflate
08-31-2022 22:18:31 Wire.java DEBUG [Forwarding findElement on session a0c3f7ab46bf3ba2ec9251d8a28170f0 to remote] http.wire 72 - http-outgoing-1 >> "POST /session/a0c3f7ab46bf3ba2ec9251d8a28170f0/element HTTP/1.1[\r][\n]"
08-31-2022 22:18:31 Wire.java DEBUG [Forwarding findElement on session a0c3f7ab46bf3ba2ec9251d8a28170f0 to remote] http.wire 72 - http-outgoing-1 >> "Content-Type: application/json; charset=utf-8[\r][\n]"
08-31-2022 22:18:31 Wire.java DEBUG [Forwarding findElement on session a0c3f7ab46bf3ba2ec9251d8a28170f0 to remote] http.wire 72 - http-outgoing-1 >> "Content-Length: 53[\r][\n]"
08-31-2022 22:18:31 Wire.java DEBUG [Forwarding findElement on session a0c3f7ab46bf3ba2ec9251d8a28170f0 to remote] http.wire 72 - http-outgoing-1 >> "Host: localhost:10388[\r][\n]"
08-31-2022 22:18:31 Wire.java DEBUG [Forwarding findElement on session a0c3f7ab46bf3ba2ec9251d8a28170f0 to remote] http.wire 72 - http-outgoing-1 >> "Connection: Keep-Alive[\r][\n]"
08-31-2022 22:18:31 Wire.java DEBUG [Forwarding findElement on session a0c3f7ab46bf3ba2ec9251d8a28170f0 to remote] http.wire 72 - http-outgoing-1 >> "User-Agent: Apache-HttpClient/4.5.2 (Java/11.0.12)[\r][\n]"
08-31-2022 22:18:31 Wire.java DEBUG [Forwarding findElement on session a0c3f7ab46bf3ba2ec9251d8a28170f0 to remote] http.wire 72 - http-outgoing-1 >> "Accept-Encoding: gzip,deflate[\r][\n]"
08-31-2022 22:18:31 Wire.java DEBUG [Forwarding findElement on session a0c3f7ab46bf3ba2ec9251d8a28170f0 to remote] http.wire 72 - http-outgoing-1 >> "[\r][\n]"
08-31-2022 22:18:31 Wire.java DEBUG [Forwarding findElement on session a0c3f7ab46bf3ba2ec9251d8a28170f0 to remote] http.wire 86 - http-outgoing-1 >> "{"using":"xpath","value":"//input[@name='password']"}"
08-31-2022 22:18:31 Wire.java DEBUG [Forwarding findElement on session a0c3f7ab46bf3ba2ec9251d8a28170f0 to remote] http.wire 72 - http-outgoing-1 << "HTTP/1.1 200 OK[\r][\n]"
08-31-2022 22:18:31 Wire.java DEBUG [Forwarding findElement on session a0c3f7ab46bf3ba2ec9251d8a28170f0 to remote] http.wire 72 - http-outgoing-1 << "Content-Length:102[\r][\n]"
08-31-2022 22:18:31 Wire.java DEBUG [Forwarding findElement on session a0c3f7ab46bf3ba2ec9251d8a28170f0 to remote] http.wire 72 - http-outgoing-1 << "Content-Type:application/json; charset=utf-8[\r][\n]"
08-31-2022 22:18:31 Wire.java DEBUG [Forwarding findElement on session a0c3f7ab46bf3ba2ec9251d8a28170f0 to remote] http.wire 72 - http-outgoing-1 << "[\r][\n]"
08-31-2022 22:18:31 Wire.java DEBUG [Forwarding findElement on session a0c3f7ab46bf3ba2ec9251d8a28170f0 to remote] http.wire 86 - http-outgoing-1 << "{"sessionId":"a0c3f7ab46bf3ba2ec9251d8a28170f0","status":0,"value":{"ELEMENT":"0.163792990899144-11"}}"
08-31-2022 22:18:31 LoggingManagedHttpClientConnection.java DEBUG [Forwarding findElement on session a0c3f7ab46bf3ba2ec9251d8a28170f0 to remote] http.headers 124 - http-outgoing-1 << HTTP/1.1 200 OK
08-31-2022 22:18:31 LoggingManagedHttpClientConnection.java DEBUG [Forwarding findElement on session a0c3f7ab46bf3ba2ec9251d8a28170f0 to remote] http.headers 127 - http-outgoing-1 << Content-Length:102
08-31-2022 22:18:31 LoggingManagedHttpClientConnection.java DEBUG [Forwarding findElement on session a0c3f7ab46bf3ba2ec9251d8a28170f0 to remote] http.headers 127 - http-outgoing-1 << Content-Type:application/json; charset=utf-8
08-31-2022 22:18:31 MainClientExec.java DEBUG [Forwarding findElement on session a0c3f7ab46bf3ba2ec9251d8a28170f0 to remote] execchain.MainClientExec 284 - Connection can be kept alive indefinitely
08-31-2022 22:18:31 PoolingHttpClientConnectionManager.java DEBUG [Forwarding findElement on session a0c3f7ab46bf3ba2ec9251d8a28170f0 to remote] conn.PoolingHttpClientConnectionManager 314 - Connection [id: 1][route: {}->http://localhost:10388] can be kept alive indefinitely
08-31-2022 22:18:31 PoolingHttpClientConnectionManager.java DEBUG [Forwarding findElement on session a0c3f7ab46bf3ba2ec9251d8a28170f0 to remote] conn.PoolingHttpClientConnectionManager 320 - Connection released: [id: 1][route: {}->http://localhost:10388][total kept alive: 1; route allocated: 1 of 2000; total allocated: 1 of 2000]
08-31-2022 22:18:31 RequestAddCookies.java DEBUG [Forwarding sendKeysToElement on session a0c3f7ab46bf3ba2ec9251d8a28170f0 to remote] protocol.RequestAddCookies 122 - CookieSpec selected: default
08-31-2022 22:18:31 RequestAuthCache.java DEBUG [Forwarding sendKeysToElement on session a0c3f7ab46bf3ba2ec9251d8a28170f0 to remote] protocol.RequestAuthCache 76 - Auth cache not set in the context
08-31-2022 22:18:31 PoolingHttpClientConnectionManager.java DEBUG [Forwarding sendKeysToElement on session a0c3f7ab46bf3ba2ec9251d8a28170f0 to remote] conn.PoolingHttpClientConnectionManager 249 - Connection request: [route: {}->http://localhost:10388][total kept alive: 1; route allocated: 1 of 2000; total allocated: 1 of 2000]
08-31-2022 22:18:31 PoolingHttpClientConnectionManager.java DEBUG [Forwarding sendKeysToElement on session a0c3f7ab46bf3ba2ec9251d8a28170f0 to remote] conn.PoolingHttpClientConnectionManager 282 - Connection leased: [id: 1][route: {}->http://localhost:10388][total kept alive: 0; route allocated: 1 of 2000; total allocated: 1 of 2000]
08-31-2022 22:18:31 MainClientExec.java DEBUG [Forwarding sendKeysToElement on session a0c3f7ab46bf3ba2ec9251d8a28170f0 to remote] execchain.MainClientExec 207 - Stale connection check
08-31-2022 22:18:31 Wire.java DEBUG [Forwarding sendKeysToElement on session a0c3f7ab46bf3ba2ec9251d8a28170f0 to remote] http.wire 86 - http-outgoing-1 << "[read] I/O error: Read timed out"
08-31-2022 22:18:31 LoggingManagedHttpClientConnection.java DEBUG [Forwarding sendKeysToElement on session a0c3f7ab46bf3ba2ec9251d8a28170f0 to remote] conn.DefaultManagedHttpClientConnection 90 - http-outgoing-1: set socket timeout to 10800000
08-31-2022 22:18:31 MainClientExec.java DEBUG [Forwarding sendKeysToElement on session a0c3f7ab46bf3ba2ec9251d8a28170f0 to remote] execchain.MainClientExec 255 - Executing request POST /session/a0c3f7ab46bf3ba2ec9251d8a28170f0/element/0.163792990899144-11/value HTTP/1.1
08-31-2022 22:18:31 MainClientExec.java DEBUG [Forwarding sendKeysToElement on session a0c3f7ab46bf3ba2ec9251d8a28170f0 to remote] execchain.MainClientExec 260 - Target auth state: UNCHALLENGED
08-31-2022 22:18:31 MainClientExec.java DEBUG [Forwarding sendKeysToElement on session a0c3f7ab46bf3ba2ec9251d8a28170f0 to remote] execchain.MainClientExec 266 - Proxy auth state: UNCHALLENGED
08-31-2022 22:18:31 LoggingManagedHttpClientConnection.java DEBUG [Forwarding sendKeysToElement on session a0c3f7ab46bf3ba2ec9251d8a28170f0 to remote] http.headers 135 - http-outgoing-1 >> POST /session/a0c3f7ab46bf3ba2ec9251d8a28170f0/element/0.163792990899144-11/value HTTP/1.1
08-31-2022 22:18:31 LoggingManagedHttpClientConnection.java DEBUG [Forwarding sendKeysToElement on session a0c3f7ab46bf3ba2ec9251d8a28170f0 to remote] http.headers 138 - http-outgoing-1 >> Content-Type: application/json; charset=utf-8
08-31-2022 22:18:31 LoggingManagedHttpClientConnection.java DEBUG [Forwarding sendKeysToElement on session a0c3f7ab46bf3ba2ec9251d8a28170f0 to remote] http.headers 138 - http-outgoing-1 >> Content-Length: 48
08-31-2022 22:18:31 LoggingManagedHttpClientConnection.java DEBUG [Forwarding sendKeysToElement on session a0c3f7ab46bf3ba2ec9251d8a28170f0 to remote] http.headers 138 - http-outgoing-1 >> Host: localhost:10388
08-31-2022 22:18:31 LoggingManagedHttpClientConnection.java DEBUG [Forwarding sendKeysToElement on session a0c3f7ab46bf3ba2ec9251d8a28170f0 to remote] http.headers 138 - http-outgoing-1 >> Connection: Keep-Alive
08-31-2022 22:18:31 LoggingManagedHttpClientConnection.java DEBUG [Forwarding sendKeysToElement on session a0c3f7ab46bf3ba2ec9251d8a28170f0 to remote] http.headers 138 - http-outgoing-1 >> User-Agent: Apache-HttpClient/4.5.2 (Java/11.0.12)
08-31-2022 22:18:31 LoggingManagedHttpClientConnection.java DEBUG [Forwarding sendKeysToElement on session a0c3f7ab46bf3ba2ec9251d8a28170f0 to remote] http.headers 138 - http-outgoing-1 >> Accept-Encoding: gzip,deflate
08-31-2022 22:18:31 Wire.java DEBUG [Forwarding sendKeysToElement on session a0c3f7ab46bf3ba2ec9251d8a28170f0 to remote] http.wire 72 - http-outgoing-1 >> "POST /session/a0c3f7ab46bf3ba2ec9251d8a28170f0/element/0.163792990899144-11/value HTTP/1.1[\r][\n]"
08-31-2022 22:18:31 Wire.java DEBUG [Forwarding sendKeysToElement on session a0c3f7ab46bf3ba2ec9251d8a28170f0 to remote] http.wire 72 - http-outgoing-1 >> "Content-Type: application/json; charset=utf-8[\r][\n]"
08-31-2022 22:18:31 Wire.java DEBUG [Forwarding sendKeysToElement on session a0c3f7ab46bf3ba2ec9251d8a28170f0 to remote] http.wire 72 - http-outgoing-1 >> "Content-Length: 48[\r][\n]"
08-31-2022 22:18:31 Wire.java DEBUG [Forwarding sendKeysToElement on session a0c3f7ab46bf3ba2ec9251d8a28170f0 to remote] http.wire 72 - http-outgoing-1 >> "Host: localhost:10388[\r][\n]"
08-31-2022 22:18:31 Wire.java DEBUG [Forwarding sendKeysToElement on session a0c3f7ab46bf3ba2ec9251d8a28170f0 to remote] http.wire 72 - http-outgoing-1 >> "Connection: Keep-Alive[\r][\n]"
08-31-2022 22:18:31 Wire.java DEBUG [Forwarding sendKeysToElement on session a0c3f7ab46bf3ba2ec9251d8a28170f0 to remote] http.wire 72 - http-outgoing-1 >> "User-Agent: Apache-HttpClient/4.5.2 (Java/11.0.12)[\r][\n]"
08-31-2022 22:18:31 Wire.java DEBUG [Forwarding sendKeysToElement on session a0c3f7ab46bf3ba2ec9251d8a28170f0 to remote] http.wire 72 - http-outgoing-1 >> "Accept-Encoding: gzip,deflate[\r][\n]"
08-31-2022 22:18:31 Wire.java DEBUG [Forwarding sendKeysToElement on session a0c3f7ab46bf3ba2ec9251d8a28170f0 to remote] http.wire 72 - http-outgoing-1 >> "[\r][\n]"
08-31-2022 22:18:31 Wire.java DEBUG [Forwarding sendKeysToElement on session a0c3f7ab46bf3ba2ec9251d8a28170f0 to remote] http.wire 86 - http-outgoing-1 >> "{"id":"0.163792990899144-11","value":["465asd"]}"
08-31-2022 22:18:31 Wire.java DEBUG [Forwarding sendKeysToElement on session a0c3f7ab46bf3ba2ec9251d8a28170f0 to remote] http.wire 72 - http-outgoing-1 << "HTTP/1.1 200 OK[\r][\n]"
08-31-2022 22:18:31 Wire.java DEBUG [Forwarding sendKeysToElement on session a0c3f7ab46bf3ba2ec9251d8a28170f0 to remote] http.wire 72 - http-outgoing-1 << "Content-Length:72[\r][\n]"
08-31-2022 22:18:31 Wire.java DEBUG [Forwarding sendKeysToElement on session a0c3f7ab46bf3ba2ec9251d8a28170f0 to remote] http.wire 72 - http-outgoing-1 << "Content-Type:application/json; charset=utf-8[\r][\n]"
08-31-2022 22:18:31 Wire.java DEBUG [Forwarding sendKeysToElement on session a0c3f7ab46bf3ba2ec9251d8a28170f0 to remote] http.wire 72 - http-outgoing-1 << "[\r][\n]"
08-31-2022 22:18:31 Wire.java DEBUG [Forwarding sendKeysToElement on session a0c3f7ab46bf3ba2ec9251d8a28170f0 to remote] http.wire 86 - http-outgoing-1 << "{"sessionId":"a0c3f7ab46bf3ba2ec9251d8a28170f0","status":0,"value":null}"
08-31-2022 22:18:31 LoggingManagedHttpClientConnection.java DEBUG [Forwarding sendKeysToElement on session a0c3f7ab46bf3ba2ec9251d8a28170f0 to remote] http.headers 124 - http-outgoing-1 << HTTP/1.1 200 OK
08-31-2022 22:18:31 LoggingManagedHttpClientConnection.java DEBUG [Forwarding sendKeysToElement on session a0c3f7ab46bf3ba2ec9251d8a28170f0 to remote] http.headers 127 - http-outgoing-1 << Content-Length:72
08-31-2022 22:18:31 LoggingManagedHttpClientConnection.java DEBUG [Forwarding sendKeysToElement on session a0c3f7ab46bf3ba2ec9251d8a28170f0 to remote] http.headers 127 - http-outgoing-1 << Content-Type:application/json; charset=utf-8
08-31-2022 22:18:31 MainClientExec.java DEBUG [Forwarding sendKeysToElement on session a0c3f7ab46bf3ba2ec9251d8a28170f0 to remote] execchain.MainClientExec 284 - Connection can be kept alive indefinitely
08-31-2022 22:18:31 PoolingHttpClientConnectionManager.java DEBUG [Forwarding sendKeysToElement on session a0c3f7ab46bf3ba2ec9251d8a28170f0 to remote] conn.PoolingHttpClientConnectionManager 314 - Connection [id: 1][route: {}->http://localhost:10388] can be kept alive indefinitely
08-31-2022 22:18:31 PoolingHttpClientConnectionManager.java DEBUG [Forwarding sendKeysToElement on session a0c3f7ab46bf3ba2ec9251d8a28170f0 to remote] conn.PoolingHttpClientConnectionManager 320 - Connection released: [id: 1][route: {}->http://localhost:10388][total kept alive: 1; route allocated: 1 of 2000; total allocated: 1 of 2000]
08-31-2022 22:18:31 RequestAddCookies.java DEBUG [Forwarding findElement on session a0c3f7ab46bf3ba2ec9251d8a28170f0 to remote] protocol.RequestAddCookies 122 - CookieSpec selected: default
08-31-2022 22:18:31 RequestAuthCache.java DEBUG [Forwarding findElement on session a0c3f7ab46bf3ba2ec9251d8a28170f0 to remote] protocol.RequestAuthCache 76 - Auth cache not set in the context
08-31-2022 22:18:31 PoolingHttpClientConnectionManager.java DEBUG [Forwarding findElement on session a0c3f7ab46bf3ba2ec9251d8a28170f0 to remote] conn.PoolingHttpClientConnectionManager 249 - Connection request: [route: {}->http://localhost:10388][total kept alive: 1; route allocated: 1 of 2000; total allocated: 1 of 2000]
08-31-2022 22:18:31 PoolingHttpClientConnectionManager.java DEBUG [Forwarding findElement on session a0c3f7ab46bf3ba2ec9251d8a28170f0 to remote] conn.PoolingHttpClientConnectionManager 282 - Connection leased: [id: 1][route: {}->http://localhost:10388][total kept alive: 0; route allocated: 1 of 2000; total allocated: 1 of 2000]
08-31-2022 22:18:31 MainClientExec.java DEBUG [Forwarding findElement on session a0c3f7ab46bf3ba2ec9251d8a28170f0 to remote] execchain.MainClientExec 207 - Stale connection check
08-31-2022 22:18:31 Wire.java DEBUG [Forwarding findElement on session a0c3f7ab46bf3ba2ec9251d8a28170f0 to remote] http.wire 86 - http-outgoing-1 << "[read] I/O error: Read timed out"
08-31-2022 22:18:31 LoggingManagedHttpClientConnection.java DEBUG [Forwarding findElement on session a0c3f7ab46bf3ba2ec9251d8a28170f0 to remote] conn.DefaultManagedHttpClientConnection 90 - http-outgoing-1: set socket timeout to 10800000
08-31-2022 22:18:31 MainClientExec.java DEBUG [Forwarding findElement on session a0c3f7ab46bf3ba2ec9251d8a28170f0 to remote] execchain.MainClientExec 255 - Executing request POST /session/a0c3f7ab46bf3ba2ec9251d8a28170f0/element HTTP/1.1
08-31-2022 22:18:31 MainClientExec.java DEBUG [Forwarding findElement on session a0c3f7ab46bf3ba2ec9251d8a28170f0 to remote] execchain.MainClientExec 260 - Target auth state: UNCHALLENGED
08-31-2022 22:18:31 MainClientExec.java DEBUG [Forwarding findElement on session a0c3f7ab46bf3ba2ec9251d8a28170f0 to remote] execchain.MainClientExec 266 - Proxy auth state: UNCHALLENGED
08-31-2022 22:18:31 LoggingManagedHttpClientConnection.java DEBUG [Forwarding findElement on session a0c3f7ab46bf3ba2ec9251d8a28170f0 to remote] http.headers 135 - http-outgoing-1 >> POST /session/a0c3f7ab46bf3ba2ec9251d8a28170f0/element HTTP/1.1
08-31-2022 22:18:31 LoggingManagedHttpClientConnection.java DEBUG [Forwarding findElement on session a0c3f7ab46bf3ba2ec9251d8a28170f0 to remote] http.headers 138 - http-outgoing-1 >> Content-Type: application/json; charset=utf-8
08-31-2022 22:18:31 LoggingManagedHttpClientConnection.java DEBUG [Forwarding findElement on session a0c3f7ab46bf3ba2ec9251d8a28170f0 to remote] http.headers 138 - http-outgoing-1 >> Content-Length: 48
08-31-2022 22:18:31 LoggingManagedHttpClientConnection.java DEBUG [Forwarding findElement on session a0c3f7ab46bf3ba2ec9251d8a28170f0 to remote] http.headers 138 - http-outgoing-1 >> Host: localhost:10388
08-31-2022 22:18:31 LoggingManagedHttpClientConnection.java DEBUG [Forwarding findElement on session a0c3f7ab46bf3ba2ec9251d8a28170f0 to remote] http.headers 138 - http-outgoing-1 >> Connection: Keep-Alive
08-31-2022 22:18:31 LoggingManagedHttpClientConnection.java DEBUG [Forwarding findElement on session a0c3f7ab46bf3ba2ec9251d8a28170f0 to remote] http.headers 138 - http-outgoing-1 >> User-Agent: Apache-HttpClient/4.5.2 (Java/11.0.12)
08-31-2022 22:18:31 LoggingManagedHttpClientConnection.java DEBUG [Forwarding findElement on session a0c3f7ab46bf3ba2ec9251d8a28170f0 to remote] http.headers 138 - http-outgoing-1 >> Accept-Encoding: gzip,deflate
08-31-2022 22:18:31 Wire.java DEBUG [Forwarding findElement on session a0c3f7ab46bf3ba2ec9251d8a28170f0 to remote] http.wire 72 - http-outgoing-1 >> "POST /session/a0c3f7ab46bf3ba2ec9251d8a28170f0/element HTTP/1.1[\r][\n]"
08-31-2022 22:18:31 Wire.java DEBUG [Forwarding findElement on session a0c3f7ab46bf3ba2ec9251d8a28170f0 to remote] http.wire 72 - http-outgoing-1 >> "Content-Type: application/json; charset=utf-8[\r][\n]"
08-31-2022 22:18:31 Wire.java DEBUG [Forwarding findElement on session a0c3f7ab46bf3ba2ec9251d8a28170f0 to remote] http.wire 72 - http-outgoing-1 >> "Content-Length: 48[\r][\n]"
08-31-2022 22:18:31 Wire.java DEBUG [Forwarding findElement on session a0c3f7ab46bf3ba2ec9251d8a28170f0 to remote] http.wire 72 - http-outgoing-1 >> "Host: localhost:10388[\r][\n]"
08-31-2022 22:18:31 Wire.java DEBUG [Forwarding findElement on session a0c3f7ab46bf3ba2ec9251d8a28170f0 to remote] http.wire 72 - http-outgoing-1 >> "Connection: Keep-Alive[\r][\n]"
08-31-2022 22:18:31 Wire.java DEBUG [Forwarding findElement on session a0c3f7ab46bf3ba2ec9251d8a28170f0 to remote] http.wire 72 - http-outgoing-1 >> "User-Agent: Apache-HttpClient/4.5.2 (Java/11.0.12)[\r][\n]"
08-31-2022 22:18:31 Wire.java DEBUG [Forwarding findElement on session a0c3f7ab46bf3ba2ec9251d8a28170f0 to remote] http.wire 72 - http-outgoing-1 >> "Accept-Encoding: gzip,deflate[\r][\n]"
08-31-2022 22:18:31 Wire.java DEBUG [Forwarding findElement on session a0c3f7ab46bf3ba2ec9251d8a28170f0 to remote] http.wire 72 - http-outgoing-1 >> "[\r][\n]"
08-31-2022 22:18:31 Wire.java DEBUG [Forwarding findElement on session a0c3f7ab46bf3ba2ec9251d8a28170f0 to remote] http.wire 86 - http-outgoing-1 >> "{"using":"xpath","value":"//input[@name='sub']"}"
08-31-2022 22:18:31 Wire.java DEBUG [Forwarding findElement on session a0c3f7ab46bf3ba2ec9251d8a28170f0 to remote] http.wire 72 - http-outgoing-1 << "HTTP/1.1 200 OK[\r][\n]"
08-31-2022 22:18:31 Wire.java DEBUG [Forwarding findElement on session a0c3f7ab46bf3ba2ec9251d8a28170f0 to remote] http.wire 72 - http-outgoing-1 << "Content-Length:102[\r][\n]"
08-31-2022 22:18:31 Wire.java DEBUG [Forwarding findElement on session a0c3f7ab46bf3ba2ec9251d8a28170f0 to remote] http.wire 72 - http-outgoing-1 << "Content-Type:application/json; charset=utf-8[\r][\n]"
08-31-2022 22:18:31 Wire.java DEBUG [Forwarding findElement on session a0c3f7ab46bf3ba2ec9251d8a28170f0 to remote] http.wire 72 - http-outgoing-1 << "[\r][\n]"
08-31-2022 22:18:31 Wire.java DEBUG [Forwarding findElement on session a0c3f7ab46bf3ba2ec9251d8a28170f0 to remote] http.wire 86 - http-outgoing-1 << "{"sessionId":"a0c3f7ab46bf3ba2ec9251d8a28170f0","status":0,"value":{"ELEMENT":"0.163792990899144-12"}}"
08-31-2022 22:18:31 LoggingManagedHttpClientConnection.java DEBUG [Forwarding findElement on session a0c3f7ab46bf3ba2ec9251d8a28170f0 to remote] http.headers 124 - http-outgoing-1 << HTTP/1.1 200 OK
08-31-2022 22:18:31 LoggingManagedHttpClientConnection.java DEBUG [Forwarding findElement on session a0c3f7ab46bf3ba2ec9251d8a28170f0 to remote] http.headers 127 - http-outgoing-1 << Content-Length:102
08-31-2022 22:18:31 LoggingManagedHttpClientConnection.java DEBUG [Forwarding findElement on session a0c3f7ab46bf3ba2ec9251d8a28170f0 to remote] http.headers 127 - http-outgoing-1 << Content-Type:application/json; charset=utf-8
08-31-2022 22:18:31 MainClientExec.java DEBUG [Forwarding findElement on session a0c3f7ab46bf3ba2ec9251d8a28170f0 to remote] execchain.MainClientExec 284 - Connection can be kept alive indefinitely
08-31-2022 22:18:31 PoolingHttpClientConnectionManager.java DEBUG [Forwarding findElement on session a0c3f7ab46bf3ba2ec9251d8a28170f0 to remote] conn.PoolingHttpClientConnectionManager 314 - Connection [id: 1][route: {}->http://localhost:10388] can be kept alive indefinitely
08-31-2022 22:18:31 PoolingHttpClientConnectionManager.java DEBUG [Forwarding findElement on session a0c3f7ab46bf3ba2ec9251d8a28170f0 to remote] conn.PoolingHttpClientConnectionManager 320 - Connection released: [id: 1][route: {}->http://localhost:10388][total kept alive: 1; route allocated: 1 of 2000; total allocated: 1 of 2000]
08-31-2022 22:18:31 RequestAddCookies.java DEBUG [Forwarding clickElement on session a0c3f7ab46bf3ba2ec9251d8a28170f0 to remote] protocol.RequestAddCookies 122 - CookieSpec selected: default
08-31-2022 22:18:31 RequestAuthCache.java DEBUG [Forwarding clickElement on session a0c3f7ab46bf3ba2ec9251d8a28170f0 to remote] protocol.RequestAuthCache 76 - Auth cache not set in the context
08-31-2022 22:18:31 PoolingHttpClientConnectionManager.java DEBUG [Forwarding clickElement on session a0c3f7ab46bf3ba2ec9251d8a28170f0 to remote] conn.PoolingHttpClientConnectionManager 249 - Connection request: [route: {}->http://localhost:10388][total kept alive: 1; route allocated: 1 of 2000; total allocated: 1 of 2000]
08-31-2022 22:18:31 PoolingHttpClientConnectionManager.java DEBUG [Forwarding clickElement on session a0c3f7ab46bf3ba2ec9251d8a28170f0 to remote] conn.PoolingHttpClientConnectionManager 282 - Connection leased: [id: 1][route: {}->http://localhost:10388][total kept alive: 0; route allocated: 1 of 2000; total allocated: 1 of 2000]
08-31-2022 22:18:31 MainClientExec.java DEBUG [Forwarding clickElement on session a0c3f7ab46bf3ba2ec9251d8a28170f0 to remote] execchain.MainClientExec 207 - Stale connection check
08-31-2022 22:18:31 Wire.java DEBUG [Forwarding clickElement on session a0c3f7ab46bf3ba2ec9251d8a28170f0 to remote] http.wire 86 - http-outgoing-1 << "[read] I/O error: Read timed out"
08-31-2022 22:18:31 LoggingManagedHttpClientConnection.java DEBUG [Forwarding clickElement on session a0c3f7ab46bf3ba2ec9251d8a28170f0 to remote] conn.DefaultManagedHttpClientConnection 90 - http-outgoing-1: set socket timeout to 10800000
08-31-2022 22:18:31 MainClientExec.java DEBUG [Forwarding clickElement on session a0c3f7ab46bf3ba2ec9251d8a28170f0 to remote] execchain.MainClientExec 255 - Executing request POST /session/a0c3f7ab46bf3ba2ec9251d8a28170f0/element/0.163792990899144-12/click HTTP/1.1
08-31-2022 22:18:31 MainClientExec.java DEBUG [Forwarding clickElement on session a0c3f7ab46bf3ba2ec9251d8a28170f0 to remote] execchain.MainClientExec 260 - Target auth state: UNCHALLENGED
08-31-2022 22:18:31 MainClientExec.java DEBUG [Forwarding clickElement on session a0c3f7ab46bf3ba2ec9251d8a28170f0 to remote] execchain.MainClientExec 266 - Proxy auth state: UNCHALLENGED
08-31-2022 22:18:31 LoggingManagedHttpClientConnection.java DEBUG [Forwarding clickElement on session a0c3f7ab46bf3ba2ec9251d8a28170f0 to remote] http.headers 135 - http-outgoing-1 >> POST /session/a0c3f7ab46bf3ba2ec9251d8a28170f0/element/0.163792990899144-12/click HTTP/1.1
08-31-2022 22:18:31 LoggingManagedHttpClientConnection.java DEBUG [Forwarding clickElement on session a0c3f7ab46bf3ba2ec9251d8a28170f0 to remote] http.headers 138 - http-outgoing-1 >> Content-Type: application/json; charset=utf-8
08-31-2022 22:18:31 LoggingManagedHttpClientConnection.java DEBUG [Forwarding clickElement on session a0c3f7ab46bf3ba2ec9251d8a28170f0 to remote] http.headers 138 - http-outgoing-1 >> Content-Length: 29
08-31-2022 22:18:31 LoggingManagedHttpClientConnection.java DEBUG [Forwarding clickElement on session a0c3f7ab46bf3ba2ec9251d8a28170f0 to remote] http.headers 138 - http-outgoing-1 >> Host: localhost:10388
08-31-2022 22:18:31 LoggingManagedHttpClientConnection.java DEBUG [Forwarding clickElement on session a0c3f7ab46bf3ba2ec9251d8a28170f0 to remote] http.headers 138 - http-outgoing-1 >> Connection: Keep-Alive
08-31-2022 22:18:31 LoggingManagedHttpClientConnection.java DEBUG [Forwarding clickElement on session a0c3f7ab46bf3ba2ec9251d8a28170f0 to remote] http.headers 138 - http-outgoing-1 >> User-Agent: Apache-HttpClient/4.5.2 (Java/11.0.12)
08-31-2022 22:18:31 LoggingManagedHttpClientConnection.java DEBUG [Forwarding clickElement on session a0c3f7ab46bf3ba2ec9251d8a28170f0 to remote] http.headers 138 - http-outgoing-1 >> Accept-Encoding: gzip,deflate
08-31-2022 22:18:31 Wire.java DEBUG [Forwarding clickElement on session a0c3f7ab46bf3ba2ec9251d8a28170f0 to remote] http.wire 72 - http-outgoing-1 >> "POST /session/a0c3f7ab46bf3ba2ec9251d8a28170f0/element/0.163792990899144-12/click HTTP/1.1[\r][\n]"
08-31-2022 22:18:31 Wire.java DEBUG [Forwarding clickElement on session a0c3f7ab46bf3ba2ec9251d8a28170f0 to remote] http.wire 72 - http-outgoing-1 >> "Content-Type: application/json; charset=utf-8[\r][\n]"
08-31-2022 22:18:31 Wire.java DEBUG [Forwarding clickElement on session a0c3f7ab46bf3ba2ec9251d8a28170f0 to remote] http.wire 72 - http-outgoing-1 >> "Content-Length: 29[\r][\n]"
08-31-2022 22:18:31 Wire.java DEBUG [Forwarding clickElement on session a0c3f7ab46bf3ba2ec9251d8a28170f0 to remote] http.wire 72 - http-outgoing-1 >> "Host: localhost:10388[\r][\n]"
08-31-2022 22:18:31 Wire.java DEBUG [Forwarding clickElement on session a0c3f7ab46bf3ba2ec9251d8a28170f0 to remote] http.wire 72 - http-outgoing-1 >> "Connection: Keep-Alive[\r][\n]"
08-31-2022 22:18:31 Wire.java DEBUG [Forwarding clickElement on session a0c3f7ab46bf3ba2ec9251d8a28170f0 to remote] http.wire 72 - http-outgoing-1 >> "User-Agent: Apache-HttpClient/4.5.2 (Java/11.0.12)[\r][\n]"
08-31-2022 22:18:31 Wire.java DEBUG [Forwarding clickElement on session a0c3f7ab46bf3ba2ec9251d8a28170f0 to remote] http.wire 72 - http-outgoing-1 >> "Accept-Encoding: gzip,deflate[\r][\n]"
08-31-2022 22:18:31 Wire.java DEBUG [Forwarding clickElement on session a0c3f7ab46bf3ba2ec9251d8a28170f0 to remote] http.wire 72 - http-outgoing-1 >> "[\r][\n]"
08-31-2022 22:18:31 Wire.java DEBUG [Forwarding clickElement on session a0c3f7ab46bf3ba2ec9251d8a28170f0 to remote] http.wire 86 - http-outgoing-1 >> "{"id":"0.163792990899144-12"}"
08-31-2022 22:18:31 Wire.java DEBUG [Forwarding clickElement on session a0c3f7ab46bf3ba2ec9251d8a28170f0 to remote] http.wire 72 - http-outgoing-1 << "HTTP/1.1 200 OK[\r][\n]"
08-31-2022 22:18:31 Wire.java DEBUG [Forwarding clickElement on session a0c3f7ab46bf3ba2ec9251d8a28170f0 to remote] http.wire 72 - http-outgoing-1 << "Content-Length:72[\r][\n]"
08-31-2022 22:18:31 Wire.java DEBUG [Forwarding clickElement on session a0c3f7ab46bf3ba2ec9251d8a28170f0 to remote] http.wire 72 - http-outgoing-1 << "Content-Type:application/json; charset=utf-8[\r][\n]"
08-31-2022 22:18:31 Wire.java DEBUG [Forwarding clickElement on session a0c3f7ab46bf3ba2ec9251d8a28170f0 to remote] http.wire 72 - http-outgoing-1 << "[\r][\n]"
08-31-2022 22:18:31 Wire.java DEBUG [Forwarding clickElement on session a0c3f7ab46bf3ba2ec9251d8a28170f0 to remote] http.wire 86 - http-outgoing-1 << "{"sessionId":"a0c3f7ab46bf3ba2ec9251d8a28170f0","status":0,"value":null}"
08-31-2022 22:18:31 LoggingManagedHttpClientConnection.java DEBUG [Forwarding clickElement on session a0c3f7ab46bf3ba2ec9251d8a28170f0 to remote] http.headers 124 - http-outgoing-1 << HTTP/1.1 200 OK
08-31-2022 22:18:31 LoggingManagedHttpClientConnection.java DEBUG [Forwarding clickElement on session a0c3f7ab46bf3ba2ec9251d8a28170f0 to remote] http.headers 127 - http-outgoing-1 << Content-Length:72
08-31-2022 22:18:31 LoggingManagedHttpClientConnection.java DEBUG [Forwarding clickElement on session a0c3f7ab46bf3ba2ec9251d8a28170f0 to remote] http.headers 127 - http-outgoing-1 << Content-Type:application/json; charset=utf-8
08-31-2022 22:18:31 MainClientExec.java DEBUG [Forwarding clickElement on session a0c3f7ab46bf3ba2ec9251d8a28170f0 to remote] execchain.MainClientExec 284 - Connection can be kept alive indefinitely
08-31-2022 22:18:31 PoolingHttpClientConnectionManager.java DEBUG [Forwarding clickElement on session a0c3f7ab46bf3ba2ec9251d8a28170f0 to remote] conn.PoolingHttpClientConnectionManager 314 - Connection [id: 1][route: {}->http://localhost:10388] can be kept alive indefinitely
08-31-2022 22:18:31 PoolingHttpClientConnectionManager.java DEBUG [Forwarding clickElement on session a0c3f7ab46bf3ba2ec9251d8a28170f0 to remote] conn.PoolingHttpClientConnectionManager 320 - Connection released: [id: 1][route: {}->http://localhost:10388][total kept alive: 1; route allocated: 1 of 2000; total allocated: 1 of 2000]
]]></system-out>
    <system-err><![CDATA[Starting ChromeDriver 104.0.5112.79 (3cf3e8c8a07d104b9e1260c910efb8f383285dc5-refs/branch-heads/5112@{#1307}) on port 10388
Only local connections are allowed.
Please see https://chromedriver.chromium.org/security-considerations for suggestions on keeping ChromeDriver safe.
ChromeDriver was started successfully.
Aug. 31, 2022 10:18:15 P.M. org.openqa.selenium.remote.ProtocolHandshake createSession
INFO: Attempting bi-dialect session, assuming Postel's Law holds true on the remote end
Aug. 31, 2022 10:18:15 P.M. org.openqa.selenium.remote.ProtocolHandshake createSession
INFO: Falling back to original OSS JSON Wire Protocol.
Aug. 31, 2022 10:18:16 P.M. org.openqa.selenium.remote.ProtocolHandshake createSession
INFO: Detected dialect: OSS
]]></system-err>
  </testcase>
</testsuite>